1.2256 	WARNING 	pyo audio lib was requested but not loaded: No module named pyo
10.8364 	INFO 	Loaded monitor calibration from ['2017_05_17 09:51']
10.8381 	WARNING 	User requested fullscreen with size [1024  768], but screen is actually [1366, 768]. Using actual size
11.4713 	EXP 	Created window1 = Window(allowGUI=False, allowStencil=False, autoLog=True, bitsMode=UNKNOWN, blendMode='avg', color=array([ 0.7,  0.7,  0.7]), colorSpace='rgb', fullscr=UNKNOWN, gamma=None, lms=UNKNOWN, monitor=<psychopy.monitors.calibTools.Monitor object at 0xa684b2ec>, name='window1', pos=[0, 0], screen=0, size=array([1366,  768]), stereo=False, units=u'norm', useFBO=True, useRetina=False, viewOri=0.0, viewPos=None, viewScale=None, waitBlanking=True, winType='pyglet')
11.4714 	EXP 	window1: recordFrameIntervals = False
11.6352 	EXP 	window1: recordFrameIntervals = True
11.8185 	EXP 	window1: recordFrameIntervals = False
12.0127 	EXP 	Created instructions_text = TextStim(alignHoriz='center', alignVert='center', antialias=True, autoLog=True, bold=False, color='black', colorSpace='named', contrast=1.0, depth=0.0, flipHoriz=False, flipVert=False, font='Arial', fontFiles=[], height=0.075, italic=False, name='instructions_text', opacity=1.0, ori=0, pos=array([ 0.,  0.]), rgb=array([ 0.,  0.,  0.]), text=unicode(...), units=u'norm', win=Window(...), wrapWidth=1)
12.0187 	EXP 	Created dummy_text = TextStim(alignHoriz='center', alignVert='center', antialias=True, autoLog=True, bold=False, color='black', colorSpace='named', contrast=1.0, depth=0.0, flipHoriz=False, flipVert=False, font='Arial', fontFiles=[], height=0.3, italic=False, name='dummy_text', opacity=1.0, ori=0, pos=array([ 0.,  0.]), rgb=array([ 0.,  0.,  0.]), text=u'+', units=u'norm', win=Window(...), wrapWidth=1)
12.0268 	EXP 	Created prime_text = TextStim(alignHoriz='center', alignVert='center', antialias=True, autoLog=True, bold=False, color='black', colorSpace='named', contrast=1.0, depth=-3.0, flipHoriz=False, flipVert=False, font='Arial', fontFiles=[], height=0.15, italic=False, name='prime_text', opacity=1.0, ori=0, pos=array([ 0. ,  0.2]), rgb=array([ 0.,  0.,  0.]), text=u'default text', units=u'norm', win=Window(...), wrapWidth=1)
12.0313 	EXP 	Created target_text = TextStim(alignHoriz='center', alignVert='center', antialias=True, autoLog=True, bold=False, color='black', colorSpace='named', contrast=1.0, depth=-4.0, flipHoriz=False, flipVert=False, font='Arial', fontFiles=[], height=0.15, italic=False, name='target_text', opacity=1.0, ori=0, pos=array([ 0.,  0.]), rgb=array([ 0.,  0.,  0.]), text=u'default text', units=u'norm', win=Window(...), wrapWidth=1)
12.0357 	EXP 	Created dist1_text = TextStim(alignHoriz='center', alignVert='center', antialias=True, autoLog=True, bold=False, color='black', colorSpace='named', contrast=1.0, depth=-5.0, flipHoriz=False, flipVert=False, font='Arial', fontFiles=[], height=0.15, italic=False, name='dist1_text', opacity=1.0, ori=0, pos=array([ 0.,  0.]), rgb=array([ 0.,  0.,  0.]), text=u'default text', units=u'norm', win=Window(...), wrapWidth=1)
12.0404 	EXP 	Created dist2_text = TextStim(alignHoriz='center', alignVert='center', antialias=True, autoLog=True, bold=False, color='black', colorSpace='named', contrast=1.0, depth=-6.0, flipHoriz=False, flipVert=False, font='Arial', fontFiles=[], height=0.15, italic=False, name='dist2_text', opacity=1.0, ori=0, pos=array([ 0.,  0.]), rgb=array([ 0.,  0.,  0.]), text=u'default text', units=u'norm', win=Window(...), wrapWidth=1)
12.0430 	EXP 	Created fixation_text = TextStim(alignHoriz='center', alignVert='center', antialias=True, autoLog=True, bold=False, color='black', colorSpace='named', contrast=1.0, depth=-1.0, flipHoriz=False, flipVert=False, font='Arial', fontFiles=[], height=0.3, italic=False, name='fixation_text', opacity=1.0, ori=0, pos=array([ 0.,  0.]), rgb=array([ 0.,  0.,  0.]), text=u'+', units=u'norm', win=Window(...), wrapWidth=1)
12.0541 	EXP 	Created thankyou_text = TextStim(alignHoriz='center', alignVert='center', antialias=True, autoLog=True, bold=False, color='black', colorSpace='named', contrast=1.0, depth=0.0, flipHoriz=False, flipVert=False, font='Arial', fontFiles=[], height=0.1, italic=False, name='thankyou_text', opacity=1.0, ori=0, pos=array([ 0.,  0.]), rgb=array([ 0.,  0.,  0.]), text=u'End of experiment.\n\nThank you.', units=u'norm', win=Window(...), wrapWidth=1)
12.0584 	EXP 	instructions_text: autoDraw = True
14.5125 	DATA 	Keypress: 1
14.5128 	EXP 	launchScan: vol: 1500  TR: 0.585s  skip: 0  sync: '5'
14.5577 	EXP 	window1: mouseVisible = False
14.5783 	EXP 	instructions_text: autoDraw = False
15.5877 	DATA 	Keypress: 5
15.5877 	EXP 	launchScan: start of scan
15.6069 	EXP 	dummy_text: autoDraw = True
21.6047 	EXP 	Imported conds/Semantic_ListA.csv as conditions, 100 conditions, 8 params
21.6062 	EXP 	Created sequence: random, trialTypes=100, nReps=1, seed=None
21.6072 	EXP 	New trial (rep=0, index=0): {u'trial_number': 30, u'prime': u'puzzle', u'target': u'piece', u'semstr_category': 1, u'semstr': 0.01, u'dist1': u'biscuit', u'dist2': u'siren', u'list_AB': u'A'}
21.6413 	EXP 	dummy_text: autoDraw = False
21.6413 	EXP 	dummy_text: autoDraw = False
21.6413 	EXP 	prime_text: text = u'puzzle'
21.6413 	EXP 	target_text: text = u'piece'
21.6413 	EXP 	target_text: pos = array([-0.5, -0.2])
21.6413 	EXP 	dist1_text: text = u'biscuit'
21.6413 	EXP 	dist1_text: pos = array([ 0.5, -0.2])
21.6413 	EXP 	dist2_text: text = u'siren'
21.6413 	EXP 	dist2_text: pos = array([ 0. , -0.2])
21.6413 	EXP 	prime_text: autoDraw = True
21.6413 	EXP 	target_text: autoDraw = True
21.6413 	EXP 	dist1_text: autoDraw = True
21.6413 	EXP 	dist2_text: autoDraw = True
25.6193 	EXP 	prime_text: autoDraw = False
25.6193 	EXP 	target_text: autoDraw = False
25.6193 	EXP 	dist1_text: autoDraw = False
25.6193 	EXP 	dist2_text: autoDraw = False
25.6193 	EXP 	fixation_text: autoDraw = True
28.0982 	EXP 	New trial (rep=0, index=1): {u'trial_number': 7, u'prime': u'castle', u'target': u'throne', u'semstr_category': 1, u'semstr': 0.02, u'dist1': u'van', u'dist2': u'flute', u'list_AB': u'A'}
28.1326 	EXP 	fixation_text: autoDraw = False
28.1326 	EXP 	fixation_text: autoDraw = False
28.1326 	EXP 	prime_text: text = u'castle'
28.1326 	EXP 	target_text: text = u'throne'
28.1326 	EXP 	target_text: pos = array([-0.5, -0.2])
28.1326 	EXP 	dist1_text: text = u'van'
28.1326 	EXP 	dist1_text: pos = array([ 0. , -0.2])
28.1326 	EXP 	dist2_text: text = u'flute'
28.1326 	EXP 	dist2_text: pos = array([ 0.5, -0.2])
28.1326 	EXP 	prime_text: autoDraw = True
28.1326 	EXP 	target_text: autoDraw = True
28.1326 	EXP 	dist1_text: autoDraw = True
28.1326 	EXP 	dist2_text: autoDraw = True
32.1044 	EXP 	prime_text: autoDraw = False
32.1044 	EXP 	target_text: autoDraw = False
32.1044 	EXP 	dist1_text: autoDraw = False
32.1044 	EXP 	dist2_text: autoDraw = False
32.1044 	EXP 	prime_text: autoDraw = False
32.1044 	EXP 	target_text: autoDraw = False
32.1044 	EXP 	dist1_text: autoDraw = False
32.1044 	EXP 	dist2_text: autoDraw = False
32.1044 	EXP 	fixation_text: autoDraw = True
33.5856 	EXP 	New trial (rep=0, index=2): {u'trial_number': 16, u'prime': u'insect', u'target': u'maggot', u'semstr_category': 1, u'semstr': 0.050000000000000003, u'dist1': u'shears', u'dist2': u'syringe', u'list_AB': u'A'}
33.6233 	EXP 	fixation_text: autoDraw = False
33.6233 	EXP 	fixation_text: autoDraw = False
33.6233 	EXP 	prime_text: text = u'insect'
33.6233 	EXP 	target_text: text = u'maggot'
33.6233 	EXP 	target_text: pos = array([ 0. , -0.2])
33.6233 	EXP 	dist1_text: text = u'shears'
33.6233 	EXP 	dist1_text: pos = array([-0.5, -0.2])
33.6233 	EXP 	dist2_text: text = u'syringe'
33.6233 	EXP 	dist2_text: pos = array([ 0.5, -0.2])
33.6233 	EXP 	prime_text: autoDraw = True
33.6233 	EXP 	target_text: autoDraw = True
33.6233 	EXP 	dist1_text: autoDraw = True
33.6233 	EXP 	dist2_text: autoDraw = True
37.5916 	EXP 	prime_text: autoDraw = False
37.5916 	EXP 	target_text: autoDraw = False
37.5916 	EXP 	dist1_text: autoDraw = False
37.5916 	EXP 	dist2_text: autoDraw = False
37.5916 	EXP 	prime_text: autoDraw = False
37.5916 	EXP 	target_text: autoDraw = False
37.5916 	EXP 	dist1_text: autoDraw = False
37.5916 	EXP 	dist2_text: autoDraw = False
37.5916 	EXP 	fixation_text: autoDraw = True
41.0681 	EXP 	New trial (rep=0, index=3): {u'trial_number': 84, u'prime': u'xxxx', u'target': u'xxxx', u'semstr_category': 0, u'semstr': 0.0, u'dist1': u'xxxx', u'dist2': u'xxxx', u'list_AB': u'A'}
41.1010 	EXP 	fixation_text: autoDraw = False
41.1010 	EXP 	fixation_text: autoDraw = False
41.1010 	EXP 	prime_text: text = u'xxxx'
41.1010 	EXP 	target_text: text = u'xxxx'
41.1010 	EXP 	target_text: pos = array([ 0. , -0.2])
41.1010 	EXP 	dist1_text: text = u'xxxx'
41.1010 	EXP 	dist1_text: pos = array([ 0.5, -0.2])
41.1010 	EXP 	dist2_text: text = u'xxxx'
41.1010 	EXP 	dist2_text: pos = array([-0.5, -0.2])
41.1010 	EXP 	prime_text: autoDraw = True
41.1010 	EXP 	target_text: autoDraw = True
41.1010 	EXP 	dist1_text: autoDraw = True
41.1010 	EXP 	dist2_text: autoDraw = True
44.2933 	DATA 	Keypress: q
45.0744 	EXP 	prime_text: autoDraw = False
45.0744 	EXP 	target_text: autoDraw = False
45.0744 	EXP 	dist1_text: autoDraw = False
45.0744 	EXP 	dist2_text: autoDraw = False
45.0744 	EXP 	prime_text: autoDraw = False
45.0744 	EXP 	target_text: autoDraw = False
45.0744 	EXP 	dist1_text: autoDraw = False
45.0744 	EXP 	dist2_text: autoDraw = False
45.0744 	EXP 	fixation_text: autoDraw = True
45.2742 	DATA 	Keypress: q
45.6736 	DATA 	Keypress: escape
