1.2261 	WARNING 	pyo audio lib was requested but not loaded: No module named pyo
5.6273 	INFO 	Loaded monitor calibration from ['2017_05_17 09:51']
5.6296 	WARNING 	User requested fullscreen with size [1024  768], but screen is actually [1366, 768]. Using actual size
6.2888 	EXP 	Created window1 = Window(allowGUI=False, allowStencil=False, autoLog=True, bitsMode=UNKNOWN, blendMode='avg', color=array([ 0.7,  0.7,  0.7]), colorSpace='rgb', fullscr=UNKNOWN, gamma=None, lms=UNKNOWN, monitor=<psychopy.monitors.calibTools.Monitor object at 0xa67f756c>, name='window1', pos=[0, 0], screen=0, size=array([1366,  768]), stereo=False, units=u'norm', useFBO=True, useRetina=False, viewOri=0.0, viewPos=None, viewScale=None, waitBlanking=True, winType='pyglet')
6.2889 	EXP 	window1: recordFrameIntervals = False
6.4531 	EXP 	window1: recordFrameIntervals = True
6.6364 	EXP 	window1: recordFrameIntervals = False
6.8570 	EXP 	Created instructions_text = TextStim(alignHoriz='center', alignVert='center', antialias=True, autoLog=True, bold=False, color='black', colorSpace='named', contrast=1.0, depth=0.0, flipHoriz=False, flipVert=False, font='Arial', fontFiles=[], height=0.075, italic=False, name='instructions_text', opacity=1.0, ori=0, pos=array([ 0.,  0.]), rgb=array([ 0.,  0.,  0.]), text=unicode(...), units=u'norm', win=Window(...), wrapWidth=1)
6.8630 	EXP 	Created dummy_text = TextStim(alignHoriz='center', alignVert='center', antialias=True, autoLog=True, bold=False, color='black', colorSpace='named', contrast=1.0, depth=0.0, flipHoriz=False, flipVert=False, font='Arial', fontFiles=[], height=0.3, italic=False, name='dummy_text', opacity=1.0, ori=0, pos=array([ 0.,  0.]), rgb=array([ 0.,  0.,  0.]), text=u'+', units=u'norm', win=Window(...), wrapWidth=1)
6.8714 	EXP 	Created prime_text = TextStim(alignHoriz='center', alignVert='center', antialias=True, autoLog=True, bold=False, color='black', colorSpace='named', contrast=1.0, depth=-3.0, flipHoriz=False, flipVert=False, font='Arial', fontFiles=[], height=0.15, italic=False, name='prime_text', opacity=1.0, ori=0, pos=array([ 0. ,  0.2]), rgb=array([ 0.,  0.,  0.]), text=u'default text', units=u'norm', win=Window(...), wrapWidth=1)
6.8760 	EXP 	Created target_text = TextStim(alignHoriz='center', alignVert='center', antialias=True, autoLog=True, bold=False, color='black', colorSpace='named', contrast=1.0, depth=-4.0, flipHoriz=False, flipVert=False, font='Arial', fontFiles=[], height=0.15, italic=False, name='target_text', opacity=1.0, ori=0, pos=array([ 0.,  0.]), rgb=array([ 0.,  0.,  0.]), text=u'default text', units=u'norm', win=Window(...), wrapWidth=1)
6.8805 	EXP 	Created dist1_text = TextStim(alignHoriz='center', alignVert='center', antialias=True, autoLog=True, bold=False, color='black', colorSpace='named', contrast=1.0, depth=-5.0, flipHoriz=False, flipVert=False, font='Arial', fontFiles=[], height=0.15, italic=False, name='dist1_text', opacity=1.0, ori=0, pos=array([ 0.,  0.]), rgb=array([ 0.,  0.,  0.]), text=u'default text', units=u'norm', win=Window(...), wrapWidth=1)
6.8853 	EXP 	Created dist2_text = TextStim(alignHoriz='center', alignVert='center', antialias=True, autoLog=True, bold=False, color='black', colorSpace='named', contrast=1.0, depth=-6.0, flipHoriz=False, flipVert=False, font='Arial', fontFiles=[], height=0.15, italic=False, name='dist2_text', opacity=1.0, ori=0, pos=array([ 0.,  0.]), rgb=array([ 0.,  0.,  0.]), text=u'default text', units=u'norm', win=Window(...), wrapWidth=1)
6.8879 	EXP 	Created fixation_text = TextStim(alignHoriz='center', alignVert='center', antialias=True, autoLog=True, bold=False, color='black', colorSpace='named', contrast=1.0, depth=-1.0, flipHoriz=False, flipVert=False, font='Arial', fontFiles=[], height=0.3, italic=False, name='fixation_text', opacity=1.0, ori=0, pos=array([ 0.,  0.]), rgb=array([ 0.,  0.,  0.]), text=u'+', units=u'norm', win=Window(...), wrapWidth=1)
6.8993 	EXP 	Created thankyou_text = TextStim(alignHoriz='center', alignVert='center', antialias=True, autoLog=True, bold=False, color='black', colorSpace='named', contrast=1.0, depth=0.0, flipHoriz=False, flipVert=False, font='Arial', fontFiles=[], height=0.1, italic=False, name='thankyou_text', opacity=1.0, ori=0, pos=array([ 0.,  0.]), rgb=array([ 0.,  0.,  0.]), text=u'End of experiment.\n\nThank you.', units=u'norm', win=Window(...), wrapWidth=1)
6.9043 	EXP 	instructions_text: autoDraw = True
14.6684 	DATA 	Keypress: 2
14.6686 	EXP 	launchScan: vol: 1500  TR: 0.585s  skip: 0  sync: '5'
14.7093 	EXP 	window1: mouseVisible = False
14.7268 	EXP 	instructions_text: autoDraw = False
15.5067 	DATA 	Keypress: 5
15.5068 	EXP 	launchScan: start of scan
15.5140 	EXP 	dummy_text: autoDraw = True
21.5111 	EXP 	Imported conds/Semantic_ListA.csv as conditions, 100 conditions, 8 params
21.5118 	EXP 	Created sequence: random, trialTypes=100, nReps=1, seed=None
21.5123 	EXP 	New trial (rep=0, index=0): {u'trial_number': 90, u'prime': u'xxxx', u'target': u'xxxx', u'semstr_category': 0, u'semstr': 0.0, u'dist1': u'xxxx', u'dist2': u'xxxx', u'list_AB': u'A'}
21.5311 	EXP 	dummy_text: autoDraw = False
21.5311 	EXP 	dummy_text: autoDraw = False
21.5311 	EXP 	prime_text: text = u'xxxx'
21.5311 	EXP 	target_text: text = u'xxxx'
21.5311 	EXP 	target_text: pos = array([ 0.5, -0.2])
21.5311 	EXP 	dist1_text: text = u'xxxx'
21.5311 	EXP 	dist1_text: pos = array([ 0. , -0.2])
21.5311 	EXP 	dist2_text: text = u'xxxx'
21.5311 	EXP 	dist2_text: pos = array([-0.5, -0.2])
21.5311 	EXP 	prime_text: autoDraw = True
21.5311 	EXP 	target_text: autoDraw = True
21.5311 	EXP 	dist1_text: autoDraw = True
21.5311 	EXP 	dist2_text: autoDraw = True
25.5258 	EXP 	prime_text: autoDraw = False
25.5258 	EXP 	target_text: autoDraw = False
25.5258 	EXP 	dist1_text: autoDraw = False
25.5258 	EXP 	dist2_text: autoDraw = False
25.5258 	EXP 	prime_text: autoDraw = False
25.5258 	EXP 	target_text: autoDraw = False
25.5258 	EXP 	dist1_text: autoDraw = False
25.5258 	EXP 	dist2_text: autoDraw = False
25.5258 	EXP 	fixation_text: autoDraw = True
28.0043 	EXP 	New trial (rep=0, index=1): {u'trial_number': 72, u'prime': u'sleep', u'target': u'nap', u'semstr_category': 2, u'semstr': 0.52000000000000002, u'dist1': u'page', u'dist2': u'butcher', u'list_AB': u'A'}
28.0372 	EXP 	fixation_text: autoDraw = False
28.0372 	EXP 	fixation_text: autoDraw = False
28.0372 	EXP 	prime_text: text = u'sleep'
28.0372 	EXP 	target_text: text = u'nap'
28.0372 	EXP 	target_text: pos = array([ 0. , -0.2])
28.0372 	EXP 	dist1_text: text = u'page'
28.0372 	EXP 	dist1_text: pos = array([-0.5, -0.2])
28.0372 	EXP 	dist2_text: text = u'butcher'
28.0372 	EXP 	dist2_text: pos = array([ 0.5, -0.2])
28.0372 	EXP 	prime_text: autoDraw = True
28.0372 	EXP 	target_text: autoDraw = True
28.0372 	EXP 	dist1_text: autoDraw = True
28.0372 	EXP 	dist2_text: autoDraw = True
30.1984 	DATA 	Keypress: escape
