1.2126 	WARNING 	pyo audio lib was requested but not loaded: No module named pyo
2.3006 	INFO 	Loaded monitor calibration from ['2017_05_17 09:51']
2.3035 	WARNING 	User requested fullscreen with size [1024  768], but screen is actually [1366, 768]. Using actual size
2.9521 	EXP 	Created window1 = Window(allowGUI=False, allowStencil=False, autoLog=True, bitsMode=UNKNOWN, blendMode='avg', color=array([ 0.7,  0.7,  0.7]), colorSpace='rgb', fullscr=UNKNOWN, gamma=None, lms=UNKNOWN, monitor=<psychopy.monitors.calibTools.Monitor object at 0xa67a156c>, name='window1', pos=[0, 0], screen=0, size=array([1366,  768]), stereo=False, units=u'norm', useFBO=True, useRetina=False, viewOri=0.0, viewPos=None, viewScale=None, waitBlanking=True, winType='pyglet')
2.9522 	EXP 	window1: recordFrameIntervals = False
3.1172 	EXP 	window1: recordFrameIntervals = True
3.3006 	EXP 	window1: recordFrameIntervals = False
3.4667 	EXP 	Created instructions_text = TextStim(alignHoriz='center', alignVert='center', antialias=True, autoLog=True, bold=False, color='black', colorSpace='named', contrast=1.0, depth=0.0, flipHoriz=False, flipVert=False, font='Arial', fontFiles=[], height=0.075, italic=False, name='instructions_text', opacity=1.0, ori=0, pos=array([ 0.,  0.]), rgb=array([ 0.,  0.,  0.]), text=unicode(...), units=u'norm', win=Window(...), wrapWidth=1)
3.4727 	EXP 	Created dummy_text = TextStim(alignHoriz='center', alignVert='center', antialias=True, autoLog=True, bold=False, color='black', colorSpace='named', contrast=1.0, depth=0.0, flipHoriz=False, flipVert=False, font='Arial', fontFiles=[], height=0.3, italic=False, name='dummy_text', opacity=1.0, ori=0, pos=array([ 0.,  0.]), rgb=array([ 0.,  0.,  0.]), text=u'+', units=u'norm', win=Window(...), wrapWidth=1)
3.4809 	EXP 	Created prime_text = TextStim(alignHoriz='center', alignVert='center', antialias=True, autoLog=True, bold=False, color='black', colorSpace='named', contrast=1.0, depth=-3.0, flipHoriz=False, flipVert=False, font='Arial', fontFiles=[], height=0.15, italic=False, name='prime_text', opacity=1.0, ori=0, pos=array([ 0. ,  0.2]), rgb=array([ 0.,  0.,  0.]), text=u'default text', units=u'norm', win=Window(...), wrapWidth=1)
3.4853 	EXP 	Created target_text = TextStim(alignHoriz='center', alignVert='center', antialias=True, autoLog=True, bold=False, color='black', colorSpace='named', contrast=1.0, depth=-4.0, flipHoriz=False, flipVert=False, font='Arial', fontFiles=[], height=0.15, italic=False, name='target_text', opacity=1.0, ori=0, pos=array([ 0.,  0.]), rgb=array([ 0.,  0.,  0.]), text=u'default text', units=u'norm', win=Window(...), wrapWidth=1)
3.4898 	EXP 	Created dist1_text = TextStim(alignHoriz='center', alignVert='center', antialias=True, autoLog=True, bold=False, color='black', colorSpace='named', contrast=1.0, depth=-5.0, flipHoriz=False, flipVert=False, font='Arial', fontFiles=[], height=0.15, italic=False, name='dist1_text', opacity=1.0, ori=0, pos=array([ 0.,  0.]), rgb=array([ 0.,  0.,  0.]), text=u'default text', units=u'norm', win=Window(...), wrapWidth=1)
3.4943 	EXP 	Created dist2_text = TextStim(alignHoriz='center', alignVert='center', antialias=True, autoLog=True, bold=False, color='black', colorSpace='named', contrast=1.0, depth=-6.0, flipHoriz=False, flipVert=False, font='Arial', fontFiles=[], height=0.15, italic=False, name='dist2_text', opacity=1.0, ori=0, pos=array([ 0.,  0.]), rgb=array([ 0.,  0.,  0.]), text=u'default text', units=u'norm', win=Window(...), wrapWidth=1)
3.4969 	EXP 	Created fixation_text = TextStim(alignHoriz='center', alignVert='center', antialias=True, autoLog=True, bold=False, color='black', colorSpace='named', contrast=1.0, depth=-1.0, flipHoriz=False, flipVert=False, font='Arial', fontFiles=[], height=0.3, italic=False, name='fixation_text', opacity=1.0, ori=0, pos=array([ 0.,  0.]), rgb=array([ 0.,  0.,  0.]), text=u'+', units=u'norm', win=Window(...), wrapWidth=1)
3.5080 	EXP 	Created thankyou_text = TextStim(alignHoriz='center', alignVert='center', antialias=True, autoLog=True, bold=False, color='black', colorSpace='named', contrast=1.0, depth=0.0, flipHoriz=False, flipVert=False, font='Arial', fontFiles=[], height=0.1, italic=False, name='thankyou_text', opacity=1.0, ori=0, pos=array([ 0.,  0.]), rgb=array([ 0.,  0.,  0.]), text=u'End of experiment.\n\nThank you.', units=u'norm', win=Window(...), wrapWidth=1)
3.5161 	EXP 	instructions_text: autoDraw = True
5.4791 	DATA 	Keypress: 4
5.4793 	EXP 	launchScan: vol: 1500  TR: 0.585s  skip: 0  sync: '5'
5.5267 	EXP 	window1: mouseVisible = False
5.5490 	EXP 	instructions_text: autoDraw = False
6.5349 	DATA 	Keypress: 5
6.5349 	EXP 	launchScan: start of scan
6.5425 	EXP 	dummy_text: autoDraw = True
12.5516 	EXP 	Imported conds/Semantic_ListA.csv as conditions, 100 conditions, 8 params
12.5532 	EXP 	Created sequence: random, trialTypes=100, nReps=1, seed=None
12.5543 	EXP 	New trial (rep=0, index=0): {u'trial_number': 57, u'prime': u'milk', u'target': u'cow', u'semstr_category': 2, u'semstr': 0.34999999999999998, u'dist1': u'wasp', u'dist2': u'salt', u'list_AB': u'A'}
12.5875 	EXP 	dummy_text: autoDraw = False
12.5875 	EXP 	dummy_text: autoDraw = False
12.5875 	EXP 	prime_text: text = u'milk'
12.5875 	EXP 	target_text: text = u'cow'
12.5875 	EXP 	target_text: pos = array([-0.5, -0.2])
12.5875 	EXP 	dist1_text: text = u'wasp'
12.5875 	EXP 	dist1_text: pos = array([ 0. , -0.2])
12.5875 	EXP 	dist2_text: text = u'salt'
12.5875 	EXP 	dist2_text: pos = array([ 0.5, -0.2])
12.5875 	EXP 	prime_text: autoDraw = True
12.5875 	EXP 	target_text: autoDraw = True
12.5875 	EXP 	dist1_text: autoDraw = True
12.5875 	EXP 	dist2_text: autoDraw = True
16.5693 	EXP 	prime_text: autoDraw = False
16.5693 	EXP 	target_text: autoDraw = False
16.5693 	EXP 	dist1_text: autoDraw = False
16.5693 	EXP 	dist2_text: autoDraw = False
16.5693 	EXP 	fixation_text: autoDraw = True
17.9333 	DATA 	Keypress: escape
