1.2480 	WARNING 	pyo audio lib was requested but not loaded: No module named pyo
3.6010 	INFO 	Loaded monitor calibration from ['2017_05_17 09:51']
3.6022 	WARNING 	User requested fullscreen with size [1024  768], but screen is actually [1366, 768]. Using actual size
4.2260 	EXP 	Created window1 = Window(allowGUI=False, allowStencil=False, autoLog=True, bitsMode=UNKNOWN, blendMode='avg', color=array([ 0.7,  0.7,  0.7]), colorSpace='rgb', fullscr=UNKNOWN, gamma=None, lms=UNKNOWN, monitor=<psychopy.monitors.calibTools.Monitor object at 0xa683354c>, name='window1', pos=[0, 0], screen=0, size=array([1366,  768]), stereo=False, units=u'norm', useFBO=True, useRetina=False, viewOri=0.0, viewPos=None, viewScale=None, waitBlanking=True, winType='pyglet')
4.2261 	EXP 	window1: recordFrameIntervals = False
4.3899 	EXP 	window1: recordFrameIntervals = True
4.5735 	EXP 	window1: recordFrameIntervals = False
4.7783 	EXP 	Created instructions_text = TextStim(alignHoriz='center', alignVert='center', antialias=True, autoLog=True, bold=False, color='black', colorSpace='named', contrast=1.0, depth=0.0, flipHoriz=False, flipVert=False, font='Arial', fontFiles=[], height=0.075, italic=False, name='instructions_text', opacity=1.0, ori=0, pos=array([ 0.,  0.]), rgb=array([ 0.,  0.,  0.]), text=unicode(...), units=u'norm', win=Window(...), wrapWidth=1)
4.7842 	EXP 	Created dummy_text = TextStim(alignHoriz='center', alignVert='center', antialias=True, autoLog=True, bold=False, color='black', colorSpace='named', contrast=1.0, depth=0.0, flipHoriz=False, flipVert=False, font='Arial', fontFiles=[], height=0.3, italic=False, name='dummy_text', opacity=1.0, ori=0, pos=array([ 0.,  0.]), rgb=array([ 0.,  0.,  0.]), text=u'+', units=u'norm', win=Window(...), wrapWidth=1)
4.7925 	EXP 	Created prime_text = TextStim(alignHoriz='center', alignVert='center', antialias=True, autoLog=True, bold=False, color='black', colorSpace='named', contrast=1.0, depth=-3.0, flipHoriz=False, flipVert=False, font='Arial', fontFiles=[], height=0.15, italic=False, name='prime_text', opacity=1.0, ori=0, pos=array([ 0. ,  0.2]), rgb=array([ 0.,  0.,  0.]), text=u'default text', units=u'norm', win=Window(...), wrapWidth=1)
4.7970 	EXP 	Created target_text = TextStim(alignHoriz='center', alignVert='center', antialias=True, autoLog=True, bold=False, color='black', colorSpace='named', contrast=1.0, depth=-4.0, flipHoriz=False, flipVert=False, font='Arial', fontFiles=[], height=0.15, italic=False, name='target_text', opacity=1.0, ori=0, pos=array([ 0.,  0.]), rgb=array([ 0.,  0.,  0.]), text=u'default text', units=u'norm', win=Window(...), wrapWidth=1)
4.8014 	EXP 	Created dist1_text = TextStim(alignHoriz='center', alignVert='center', antialias=True, autoLog=True, bold=False, color='black', colorSpace='named', contrast=1.0, depth=-5.0, flipHoriz=False, flipVert=False, font='Arial', fontFiles=[], height=0.15, italic=False, name='dist1_text', opacity=1.0, ori=0, pos=array([ 0.,  0.]), rgb=array([ 0.,  0.,  0.]), text=u'default text', units=u'norm', win=Window(...), wrapWidth=1)
4.8060 	EXP 	Created dist2_text = TextStim(alignHoriz='center', alignVert='center', antialias=True, autoLog=True, bold=False, color='black', colorSpace='named', contrast=1.0, depth=-6.0, flipHoriz=False, flipVert=False, font='Arial', fontFiles=[], height=0.15, italic=False, name='dist2_text', opacity=1.0, ori=0, pos=array([ 0.,  0.]), rgb=array([ 0.,  0.,  0.]), text=u'default text', units=u'norm', win=Window(...), wrapWidth=1)
4.8086 	EXP 	Created fixation_text = TextStim(alignHoriz='center', alignVert='center', antialias=True, autoLog=True, bold=False, color='black', colorSpace='named', contrast=1.0, depth=-1.0, flipHoriz=False, flipVert=False, font='Arial', fontFiles=[], height=0.3, italic=False, name='fixation_text', opacity=1.0, ori=0, pos=array([ 0.,  0.]), rgb=array([ 0.,  0.,  0.]), text=u'+', units=u'norm', win=Window(...), wrapWidth=1)
4.8198 	EXP 	Created thankyou_text = TextStim(alignHoriz='center', alignVert='center', antialias=True, autoLog=True, bold=False, color='black', colorSpace='named', contrast=1.0, depth=0.0, flipHoriz=False, flipVert=False, font='Arial', fontFiles=[], height=0.1, italic=False, name='thankyou_text', opacity=1.0, ori=0, pos=array([ 0.,  0.]), rgb=array([ 0.,  0.,  0.]), text=u'End of experiment.\n\nThank you.', units=u'norm', win=Window(...), wrapWidth=1)
4.8264 	EXP 	instructions_text: autoDraw = True
8.1487 	DATA 	Keypress: 2
8.1490 	EXP 	launchScan: vol: 1500  TR: 0.585s  skip: 0  sync: '5'
8.1979 	EXP 	window1: mouseVisible = False
8.2193 	EXP 	instructions_text: autoDraw = False
9.4268 	DATA 	Keypress: 5
9.4269 	EXP 	launchScan: start of scan
9.4432 	EXP 	dummy_text: autoDraw = True
15.4490 	EXP 	Imported conds/Semantic_ListA.csv as conditions, 100 conditions, 8 params
15.4504 	EXP 	Created sequence: random, trialTypes=100, nReps=1, seed=None
15.4513 	EXP 	New trial (rep=0, index=0): {u'trial_number': 5, u'prime': u'blouse', u'target': u'sleeve', u'semstr_category': 1, u'semstr': 0.01, u'dist1': u'towel', u'dist2': u'patio', u'list_AB': u'A'}
15.4793 	EXP 	dummy_text: autoDraw = False
15.4793 	EXP 	prime_text: text = u'blouse'
15.4793 	EXP 	target_text: text = u'sleeve'
15.4793 	EXP 	target_text: pos = array([ 0. , -0.2])
15.4793 	EXP 	dist1_text: text = u'towel'
15.4793 	EXP 	dist1_text: pos = array([ 0.5, -0.2])
15.4793 	EXP 	dist2_text: text = u'patio'
15.4793 	EXP 	dist2_text: pos = array([-0.5, -0.2])
15.4793 	EXP 	prime_text: autoDraw = True
15.4793 	EXP 	target_text: autoDraw = True
15.4793 	EXP 	dist1_text: autoDraw = True
15.4793 	EXP 	dist2_text: autoDraw = True
19.4551 	EXP 	prime_text: autoDraw = False
19.4551 	EXP 	target_text: autoDraw = False
19.4551 	EXP 	dist1_text: autoDraw = False
19.4551 	EXP 	dist2_text: autoDraw = False
19.4551 	EXP 	fixation_text: autoDraw = True
21.4347 	EXP 	New trial (rep=0, index=1): {u'trial_number': 41, u'prime': u'armour', u'target': u'shield', u'semstr_category': 2, u'semstr': 0.22, u'dist1': u'pear', u'dist2': u'film', u'list_AB': u'A'}
21.4650 	EXP 	fixation_text: autoDraw = False
21.4650 	EXP 	fixation_text: autoDraw = False
21.4650 	EXP 	prime_text: text = u'armour'
21.4650 	EXP 	target_text: text = u'shield'
21.4650 	EXP 	target_text: pos = array([ 0.5, -0.2])
21.4650 	EXP 	dist1_text: text = u'pear'
21.4650 	EXP 	dist1_text: pos = array([-0.5, -0.2])
21.4650 	EXP 	dist2_text: text = u'film'
21.4650 	EXP 	dist2_text: pos = array([ 0. , -0.2])
21.4650 	EXP 	prime_text: autoDraw = True
21.4650 	EXP 	target_text: autoDraw = True
21.4650 	EXP 	dist1_text: autoDraw = True
21.4650 	EXP 	dist2_text: autoDraw = True
25.4412 	EXP 	prime_text: autoDraw = False
25.4412 	EXP 	target_text: autoDraw = False
25.4412 	EXP 	dist1_text: autoDraw = False
25.4412 	EXP 	dist2_text: autoDraw = False
25.4412 	EXP 	prime_text: autoDraw = False
25.4412 	EXP 	target_text: autoDraw = False
25.4412 	EXP 	dist1_text: autoDraw = False
25.4412 	EXP 	dist2_text: autoDraw = False
25.4412 	EXP 	fixation_text: autoDraw = True
28.4187 	EXP 	New trial (rep=0, index=2): {u'trial_number': 93, u'prime': u'xxxx', u'target': u'xxxx', u'semstr_category': 0, u'semstr': 0.0, u'dist1': u'xxxx', u'dist2': u'xxxx', u'list_AB': u'A'}
28.4488 	EXP 	fixation_text: autoDraw = False
28.4488 	EXP 	fixation_text: autoDraw = False
28.4488 	EXP 	prime_text: text = u'xxxx'
28.4488 	EXP 	target_text: text = u'xxxx'
28.4488 	EXP 	target_text: pos = array([-0.5, -0.2])
28.4488 	EXP 	dist1_text: text = u'xxxx'
28.4488 	EXP 	dist1_text: pos = array([ 0.5, -0.2])
28.4488 	EXP 	dist2_text: text = u'xxxx'
28.4488 	EXP 	dist2_text: pos = array([ 0. , -0.2])
28.4488 	EXP 	prime_text: autoDraw = True
28.4488 	EXP 	target_text: autoDraw = True
28.4488 	EXP 	dist1_text: autoDraw = True
28.4488 	EXP 	dist2_text: autoDraw = True
29.6486 	DATA 	Keypress: escape
