1.1970 	WARNING 	pyo audio lib was requested but not loaded: No module named pyo
4.6639 	INFO 	Loaded monitor calibration from ['2017_05_17 09:51']
4.6664 	WARNING 	User requested fullscreen with size [1024  768], but screen is actually [1366, 768]. Using actual size
5.3199 	EXP 	Created window1 = Window(allowGUI=False, allowStencil=False, autoLog=True, bitsMode=UNKNOWN, blendMode='avg', color=array([ 0.7,  0.7,  0.7]), colorSpace='rgb', fullscr=UNKNOWN, gamma=None, lms=UNKNOWN, monitor=<psychopy.monitors.calibTools.Monitor object at 0xa683d52c>, name='window1', pos=[0, 0], screen=0, size=array([1366,  768]), stereo=False, units=u'norm', useFBO=True, useRetina=False, viewOri=0.0, viewPos=None, viewScale=None, waitBlanking=True, winType='pyglet')
5.3200 	EXP 	window1: recordFrameIntervals = False
5.4841 	EXP 	window1: recordFrameIntervals = True
5.6675 	EXP 	window1: recordFrameIntervals = False
5.8794 	EXP 	Created instructions_text = TextStim(alignHoriz='center', alignVert='center', antialias=True, autoLog=True, bold=False, color='black', colorSpace='named', contrast=1.0, depth=0.0, flipHoriz=False, flipVert=False, font='Arial', fontFiles=[], height=0.075, italic=False, name='instructions_text', opacity=1.0, ori=0, pos=array([ 0.,  0.]), rgb=array([ 0.,  0.,  0.]), text=unicode(...), units=u'norm', win=Window(...), wrapWidth=1)
5.8856 	EXP 	Created dummy_text = TextStim(alignHoriz='center', alignVert='center', antialias=True, autoLog=True, bold=False, color='black', colorSpace='named', contrast=1.0, depth=0.0, flipHoriz=False, flipVert=False, font='Arial', fontFiles=[], height=0.3, italic=False, name='dummy_text', opacity=1.0, ori=0, pos=array([ 0.,  0.]), rgb=array([ 0.,  0.,  0.]), text=u'+', units=u'norm', win=Window(...), wrapWidth=1)
5.8938 	EXP 	Created prime_text = TextStim(alignHoriz='center', alignVert='center', antialias=True, autoLog=True, bold=False, color='black', colorSpace='named', contrast=1.0, depth=-3.0, flipHoriz=False, flipVert=False, font='Arial', fontFiles=[], height=0.15, italic=False, name='prime_text', opacity=1.0, ori=0, pos=array([ 0. ,  0.2]), rgb=array([ 0.,  0.,  0.]), text=u'default text', units=u'norm', win=Window(...), wrapWidth=1)
5.8983 	EXP 	Created target_text = TextStim(alignHoriz='center', alignVert='center', antialias=True, autoLog=True, bold=False, color='black', colorSpace='named', contrast=1.0, depth=-4.0, flipHoriz=False, flipVert=False, font='Arial', fontFiles=[], height=0.15, italic=False, name='target_text', opacity=1.0, ori=0, pos=array([ 0.,  0.]), rgb=array([ 0.,  0.,  0.]), text=u'default text', units=u'norm', win=Window(...), wrapWidth=1)
5.9028 	EXP 	Created dist1_text = TextStim(alignHoriz='center', alignVert='center', antialias=True, autoLog=True, bold=False, color='black', colorSpace='named', contrast=1.0, depth=-5.0, flipHoriz=False, flipVert=False, font='Arial', fontFiles=[], height=0.15, italic=False, name='dist1_text', opacity=1.0, ori=0, pos=array([ 0.,  0.]), rgb=array([ 0.,  0.,  0.]), text=u'default text', units=u'norm', win=Window(...), wrapWidth=1)
5.9074 	EXP 	Created dist2_text = TextStim(alignHoriz='center', alignVert='center', antialias=True, autoLog=True, bold=False, color='black', colorSpace='named', contrast=1.0, depth=-6.0, flipHoriz=False, flipVert=False, font='Arial', fontFiles=[], height=0.15, italic=False, name='dist2_text', opacity=1.0, ori=0, pos=array([ 0.,  0.]), rgb=array([ 0.,  0.,  0.]), text=u'default text', units=u'norm', win=Window(...), wrapWidth=1)
5.9100 	EXP 	Created fixation_text = TextStim(alignHoriz='center', alignVert='center', antialias=True, autoLog=True, bold=False, color='black', colorSpace='named', contrast=1.0, depth=-1.0, flipHoriz=False, flipVert=False, font='Arial', fontFiles=[], height=0.3, italic=False, name='fixation_text', opacity=1.0, ori=0, pos=array([ 0.,  0.]), rgb=array([ 0.,  0.,  0.]), text=u'+', units=u'norm', win=Window(...), wrapWidth=1)
5.9211 	EXP 	Created thankyou_text = TextStim(alignHoriz='center', alignVert='center', antialias=True, autoLog=True, bold=False, color='black', colorSpace='named', contrast=1.0, depth=0.0, flipHoriz=False, flipVert=False, font='Arial', fontFiles=[], height=0.1, italic=False, name='thankyou_text', opacity=1.0, ori=0, pos=array([ 0.,  0.]), rgb=array([ 0.,  0.,  0.]), text=u'End of experiment.\n\nThank you.', units=u'norm', win=Window(...), wrapWidth=1)
5.9253 	EXP 	instructions_text: autoDraw = True
23.3269 	DATA 	Keypress: f
24.9739 	DATA 	Keypress: space
26.4195 	DATA 	Keypress: 5
27.3173 	DATA 	Keypress: 2
27.3175 	EXP 	launchScan: vol: 1500  TR: 0.585s  skip: 0  sync: '5'
27.3636 	EXP 	window1: mouseVisible = False
27.3825 	EXP 	instructions_text: autoDraw = False
28.7267 	DATA 	Keypress: 5
28.7267 	EXP 	launchScan: start of scan
28.7456 	EXP 	dummy_text: autoDraw = True
34.7608 	EXP 	Imported conds/Semantic_ListA.csv as conditions, 100 conditions, 8 params
34.7629 	EXP 	Created sequence: random, trialTypes=100, nReps=1, seed=None
34.7639 	EXP 	New trial (rep=0, index=0): {u'trial_number': 34, u'prime': u'saw', u'target': u'axe', u'semstr_category': 1, u'semstr': 0.02, u'dist1': u'cabin', u'dist2': u'giraffe', u'list_AB': u'A'}
34.7960 	EXP 	dummy_text: autoDraw = False
34.7960 	EXP 	prime_text: text = u'saw'
34.7960 	EXP 	target_text: text = u'axe'
34.7960 	EXP 	target_text: pos = array([ 0. , -0.2])
34.7960 	EXP 	dist1_text: text = u'cabin'
34.7960 	EXP 	dist1_text: pos = array([-0.5, -0.2])
34.7960 	EXP 	dist2_text: text = u'giraffe'
34.7960 	EXP 	dist2_text: pos = array([ 0.5, -0.2])
34.7960 	EXP 	prime_text: autoDraw = True
34.7960 	EXP 	target_text: autoDraw = True
34.7960 	EXP 	dist1_text: autoDraw = True
34.7960 	EXP 	dist2_text: autoDraw = True
38.7572 	EXP 	prime_text: autoDraw = False
38.7572 	EXP 	target_text: autoDraw = False
38.7572 	EXP 	dist1_text: autoDraw = False
38.7572 	EXP 	dist2_text: autoDraw = False
38.7572 	EXP 	fixation_text: autoDraw = True
41.2360 	EXP 	New trial (rep=0, index=1): {u'trial_number': 9, u'prime': u'chocolate', u'target': u'mint', u'semstr_category': 1, u'semstr': 0.050000000000000003, u'dist1': u'noodles', u'dist2': u'shape', u'list_AB': u'A'}
41.2730 	EXP 	fixation_text: autoDraw = False
41.2730 	EXP 	fixation_text: autoDraw = False
41.2730 	EXP 	prime_text: text = u'chocolate'
41.2730 	EXP 	target_text: text = u'mint'
41.2730 	EXP 	target_text: pos = array([-0.5, -0.2])
41.2730 	EXP 	dist1_text: text = u'noodles'
41.2730 	EXP 	dist1_text: pos = array([ 0. , -0.2])
41.2730 	EXP 	dist2_text: text = u'shape'
41.2730 	EXP 	dist2_text: pos = array([ 0.5, -0.2])
41.2730 	EXP 	prime_text: autoDraw = True
41.2730 	EXP 	target_text: autoDraw = True
41.2730 	EXP 	dist1_text: autoDraw = True
41.2730 	EXP 	dist2_text: autoDraw = True
45.2423 	EXP 	prime_text: autoDraw = False
45.2423 	EXP 	target_text: autoDraw = False
45.2423 	EXP 	dist1_text: autoDraw = False
45.2423 	EXP 	dist2_text: autoDraw = False
45.2423 	EXP 	prime_text: autoDraw = False
45.2423 	EXP 	target_text: autoDraw = False
45.2423 	EXP 	dist1_text: autoDraw = False
45.2423 	EXP 	dist2_text: autoDraw = False
45.2423 	EXP 	fixation_text: autoDraw = True
47.7211 	EXP 	New trial (rep=0, index=2): {u'trial_number': 36, u'prime': u'sting', u'target': u'mosquito', u'semstr_category': 1, u'semstr': 0.01, u'dist1': u'tune', u'dist2': u'harvest', u'list_AB': u'A'}
47.7586 	EXP 	fixation_text: autoDraw = False
47.7586 	EXP 	fixation_text: autoDraw = False
47.7586 	EXP 	prime_text: text = u'sting'
47.7586 	EXP 	target_text: text = u'mosquito'
47.7586 	EXP 	target_text: pos = array([-0.5, -0.2])
47.7586 	EXP 	dist1_text: text = u'tune'
47.7586 	EXP 	dist1_text: pos = array([ 0.5, -0.2])
47.7586 	EXP 	dist2_text: text = u'harvest'
47.7586 	EXP 	dist2_text: pos = array([ 0. , -0.2])
47.7586 	EXP 	prime_text: autoDraw = True
47.7586 	EXP 	target_text: autoDraw = True
47.7586 	EXP 	dist1_text: autoDraw = True
47.7586 	EXP 	dist2_text: autoDraw = True
51.7273 	EXP 	prime_text: autoDraw = False
51.7273 	EXP 	target_text: autoDraw = False
51.7273 	EXP 	dist1_text: autoDraw = False
51.7273 	EXP 	dist2_text: autoDraw = False
51.7273 	EXP 	prime_text: autoDraw = False
51.7273 	EXP 	target_text: autoDraw = False
51.7273 	EXP 	dist1_text: autoDraw = False
51.7273 	EXP 	dist2_text: autoDraw = False
51.7273 	EXP 	fixation_text: autoDraw = True
53.2083 	EXP 	New trial (rep=0, index=3): {u'trial_number': 100, u'prime': u'xxxx', u'target': u'xxxx', u'semstr_category': 0, u'semstr': 0.0, u'dist1': u'xxxx', u'dist2': u'xxxx', u'list_AB': u'A'}
53.2391 	EXP 	fixation_text: autoDraw = False
53.2391 	EXP 	fixation_text: autoDraw = False
53.2391 	EXP 	prime_text: text = u'xxxx'
53.2391 	EXP 	target_text: text = u'xxxx'
53.2391 	EXP 	target_text: pos = array([-0.5, -0.2])
53.2391 	EXP 	dist1_text: text = u'xxxx'
53.2391 	EXP 	dist1_text: pos = array([ 0.5, -0.2])
53.2391 	EXP 	dist2_text: text = u'xxxx'
53.2391 	EXP 	dist2_text: pos = array([ 0. , -0.2])
53.2391 	EXP 	prime_text: autoDraw = True
53.2391 	EXP 	target_text: autoDraw = True
53.2391 	EXP 	dist1_text: autoDraw = True
53.2391 	EXP 	dist2_text: autoDraw = True
57.2147 	EXP 	prime_text: autoDraw = False
57.2147 	EXP 	target_text: autoDraw = False
57.2147 	EXP 	dist1_text: autoDraw = False
57.2147 	EXP 	dist2_text: autoDraw = False
57.2147 	EXP 	prime_text: autoDraw = False
57.2147 	EXP 	target_text: autoDraw = False
57.2147 	EXP 	dist1_text: autoDraw = False
57.2147 	EXP 	dist2_text: autoDraw = False
57.2147 	EXP 	fixation_text: autoDraw = True
59.6930 	EXP 	New trial (rep=0, index=4): {u'trial_number': 26, u'prime': u'past', u'target': u'legend', u'semstr_category': 1, u'semstr': 0.01, u'dist1': u'topping', u'dist2': u'claw ', u'list_AB': u'A'}
59.7227 	EXP 	fixation_text: autoDraw = False
59.7227 	EXP 	fixation_text: autoDraw = False
59.7227 	EXP 	prime_text: text = u'past'
59.7227 	EXP 	target_text: text = u'legend'
59.7227 	EXP 	target_text: pos = array([-0.5, -0.2])
59.7227 	EXP 	dist1_text: text = u'topping'
59.7227 	EXP 	dist1_text: pos = array([ 0. , -0.2])
59.7227 	EXP 	dist2_text: text = u'claw '
59.7227 	EXP 	dist2_text: pos = array([ 0.5, -0.2])
59.7227 	EXP 	prime_text: autoDraw = True
59.7227 	EXP 	target_text: autoDraw = True
59.7227 	EXP 	dist1_text: autoDraw = True
59.7227 	EXP 	dist2_text: autoDraw = True
63.6997 	EXP 	prime_text: autoDraw = False
63.6997 	EXP 	target_text: autoDraw = False
63.6997 	EXP 	dist1_text: autoDraw = False
63.6997 	EXP 	dist2_text: autoDraw = False
63.6997 	EXP 	prime_text: autoDraw = False
63.6997 	EXP 	target_text: autoDraw = False
63.6997 	EXP 	dist1_text: autoDraw = False
63.6997 	EXP 	dist2_text: autoDraw = False
63.6997 	EXP 	fixation_text: autoDraw = True
65.1805 	EXP 	New trial (rep=0, index=5): {u'trial_number': 15, u'prime': u'horse', u'target': u'whip', u'semstr_category': 1, u'semstr': 0.029999999999999999, u'dist1': u'apron', u'dist2': u'moat', u'list_AB': u'A'}
65.2225 	EXP 	fixation_text: autoDraw = False
65.2225 	EXP 	fixation_text: autoDraw = False
65.2225 	EXP 	prime_text: text = u'horse'
65.2225 	EXP 	target_text: text = u'whip'
65.2225 	EXP 	target_text: pos = array([-0.5, -0.2])
65.2225 	EXP 	dist1_text: text = u'apron'
65.2225 	EXP 	dist1_text: pos = array([ 0. , -0.2])
65.2225 	EXP 	dist2_text: text = u'moat'
65.2225 	EXP 	dist2_text: pos = array([ 0.5, -0.2])
65.2225 	EXP 	prime_text: autoDraw = True
65.2225 	EXP 	target_text: autoDraw = True
65.2225 	EXP 	dist1_text: autoDraw = True
65.2225 	EXP 	dist2_text: autoDraw = True
69.1870 	EXP 	prime_text: autoDraw = False
69.1870 	EXP 	target_text: autoDraw = False
69.1870 	EXP 	dist1_text: autoDraw = False
69.1870 	EXP 	dist2_text: autoDraw = False
69.1870 	EXP 	prime_text: autoDraw = False
69.1870 	EXP 	target_text: autoDraw = False
69.1870 	EXP 	dist1_text: autoDraw = False
69.1870 	EXP 	dist2_text: autoDraw = False
69.1870 	EXP 	fixation_text: autoDraw = True
72.6634 	EXP 	New trial (rep=0, index=6): {u'trial_number': 8, u'prime': u'chair', u'target': u'swing', u'semstr_category': 1, u'semstr': 0.029999999999999999, u'dist1': u'tomato', u'dist2': u'litre', u'list_AB': u'A'}
72.6988 	EXP 	fixation_text: autoDraw = False
72.6988 	EXP 	fixation_text: autoDraw = False
72.6988 	EXP 	prime_text: text = u'chair'
72.6988 	EXP 	target_text: text = u'swing'
72.6988 	EXP 	target_text: pos = array([ 0.5, -0.2])
72.6988 	EXP 	dist1_text: text = u'tomato'
72.6988 	EXP 	dist1_text: pos = array([-0.5, -0.2])
72.6988 	EXP 	dist2_text: text = u'litre'
72.6988 	EXP 	dist2_text: pos = array([ 0. , -0.2])
72.6988 	EXP 	prime_text: autoDraw = True
72.6988 	EXP 	target_text: autoDraw = True
72.6988 	EXP 	dist1_text: autoDraw = True
72.6988 	EXP 	dist2_text: autoDraw = True
76.6696 	EXP 	prime_text: autoDraw = False
76.6696 	EXP 	target_text: autoDraw = False
76.6696 	EXP 	dist1_text: autoDraw = False
76.6696 	EXP 	dist2_text: autoDraw = False
76.6696 	EXP 	prime_text: autoDraw = False
76.6696 	EXP 	target_text: autoDraw = False
76.6696 	EXP 	dist1_text: autoDraw = False
76.6696 	EXP 	dist2_text: autoDraw = False
76.6696 	EXP 	fixation_text: autoDraw = True
78.1509 	EXP 	New trial (rep=0, index=7): {u'trial_number': 73, u'prime': u'soap', u'target': u'suds', u'semstr_category': 2, u'semstr': 0.59999999999999998, u'dist1': u'chair', u'dist2': u'atom', u'list_AB': u'A'}
78.1815 	EXP 	fixation_text: autoDraw = False
78.1815 	EXP 	fixation_text: autoDraw = False
78.1815 	EXP 	prime_text: text = u'soap'
78.1815 	EXP 	target_text: text = u'suds'
78.1815 	EXP 	target_text: pos = array([ 0. , -0.2])
78.1815 	EXP 	dist1_text: text = u'chair'
78.1815 	EXP 	dist1_text: pos = array([ 0.5, -0.2])
78.1815 	EXP 	dist2_text: text = u'atom'
78.1815 	EXP 	dist2_text: pos = array([-0.5, -0.2])
78.1815 	EXP 	prime_text: autoDraw = True
78.1815 	EXP 	target_text: autoDraw = True
78.1815 	EXP 	dist1_text: autoDraw = True
78.1815 	EXP 	dist2_text: autoDraw = True
82.1569 	EXP 	prime_text: autoDraw = False
82.1569 	EXP 	target_text: autoDraw = False
82.1569 	EXP 	dist1_text: autoDraw = False
82.1569 	EXP 	dist2_text: autoDraw = False
82.1569 	EXP 	prime_text: autoDraw = False
82.1569 	EXP 	target_text: autoDraw = False
82.1569 	EXP 	dist1_text: autoDraw = False
82.1569 	EXP 	dist2_text: autoDraw = False
82.1569 	EXP 	fixation_text: autoDraw = True
84.1372 	EXP 	New trial (rep=0, index=8): {u'trial_number': 37, u'prime': u'stone', u'target': u'kidney', u'semstr_category': 1, u'semstr': 0.050000000000000003, u'dist1': u'morning', u'dist2': u'bench', u'list_AB': u'A'}
84.1775 	EXP 	fixation_text: autoDraw = False
84.1775 	EXP 	fixation_text: autoDraw = False
84.1775 	EXP 	prime_text: text = u'stone'
84.1775 	EXP 	target_text: text = u'kidney'
84.1775 	EXP 	target_text: pos = array([ 0. , -0.2])
84.1775 	EXP 	dist1_text: text = u'morning'
84.1775 	EXP 	dist1_text: pos = array([ 0.5, -0.2])
84.1775 	EXP 	dist2_text: text = u'bench'
84.1775 	EXP 	dist2_text: pos = array([-0.5, -0.2])
84.1775 	EXP 	prime_text: autoDraw = True
84.1775 	EXP 	target_text: autoDraw = True
84.1775 	EXP 	dist1_text: autoDraw = True
84.1775 	EXP 	dist2_text: autoDraw = True
88.1431 	EXP 	prime_text: autoDraw = False
88.1431 	EXP 	target_text: autoDraw = False
88.1431 	EXP 	dist1_text: autoDraw = False
88.1431 	EXP 	dist2_text: autoDraw = False
88.1431 	EXP 	prime_text: autoDraw = False
88.1431 	EXP 	target_text: autoDraw = False
88.1431 	EXP 	dist1_text: autoDraw = False
88.1431 	EXP 	dist2_text: autoDraw = False
88.1431 	EXP 	fixation_text: autoDraw = True
91.1209 	EXP 	New trial (rep=0, index=9): {u'trial_number': 25, u'prime': u'paper', u'target': u'trash', u'semstr_category': 1, u'semstr': 0.01, u'dist1': u'hare', u'dist2': u'ant', u'list_AB': u'A'}
91.1523 	EXP 	fixation_text: autoDraw = False
91.1523 	EXP 	fixation_text: autoDraw = False
91.1523 	EXP 	prime_text: text = u'paper'
91.1523 	EXP 	target_text: text = u'trash'
91.1523 	EXP 	target_text: pos = array([-0.5, -0.2])
91.1523 	EXP 	dist1_text: text = u'hare'
91.1523 	EXP 	dist1_text: pos = array([ 0. , -0.2])
91.1523 	EXP 	dist2_text: text = u'ant'
91.1523 	EXP 	dist2_text: pos = array([ 0.5, -0.2])
91.1523 	EXP 	prime_text: autoDraw = True
91.1523 	EXP 	target_text: autoDraw = True
91.1523 	EXP 	dist1_text: autoDraw = True
91.1523 	EXP 	dist2_text: autoDraw = True
95.1271 	EXP 	prime_text: autoDraw = False
95.1271 	EXP 	target_text: autoDraw = False
95.1271 	EXP 	dist1_text: autoDraw = False
95.1271 	EXP 	dist2_text: autoDraw = False
95.1271 	EXP 	prime_text: autoDraw = False
95.1271 	EXP 	target_text: autoDraw = False
95.1271 	EXP 	dist1_text: autoDraw = False
95.1271 	EXP 	dist2_text: autoDraw = False
95.1271 	EXP 	fixation_text: autoDraw = True
96.6081 	EXP 	New trial (rep=0, index=10): {u'trial_number': 40, u'prime': u'wax', u'target': u'polish', u'semstr_category': 1, u'semstr': 0.14000000000000001, u'dist1': u'ranch', u'dist2': u'cabin', u'list_AB': u'A'}
96.6381 	EXP 	fixation_text: autoDraw = False
96.6381 	EXP 	fixation_text: autoDraw = False
96.6381 	EXP 	prime_text: text = u'wax'
96.6381 	EXP 	target_text: text = u'polish'
96.6381 	EXP 	target_text: pos = array([ 0.5, -0.2])
96.6381 	EXP 	dist1_text: text = u'ranch'
96.6381 	EXP 	dist1_text: pos = array([-0.5, -0.2])
96.6381 	EXP 	dist2_text: text = u'cabin'
96.6381 	EXP 	dist2_text: pos = array([ 0. , -0.2])
96.6381 	EXP 	prime_text: autoDraw = True
96.6381 	EXP 	target_text: autoDraw = True
96.6381 	EXP 	dist1_text: autoDraw = True
96.6381 	EXP 	dist2_text: autoDraw = True
100.6145 	EXP 	prime_text: autoDraw = False
100.6145 	EXP 	target_text: autoDraw = False
100.6145 	EXP 	dist1_text: autoDraw = False
100.6145 	EXP 	dist2_text: autoDraw = False
100.6145 	EXP 	prime_text: autoDraw = False
100.6145 	EXP 	target_text: autoDraw = False
100.6145 	EXP 	dist1_text: autoDraw = False
100.6145 	EXP 	dist2_text: autoDraw = False
100.6145 	EXP 	fixation_text: autoDraw = True
103.0933 	EXP 	New trial (rep=0, index=11): {u'trial_number': 27, u'prime': u'pill', u'target': u'protein', u'semstr_category': 1, u'semstr': 0.02, u'dist1': u'gown', u'dist2': u'tomato', u'list_AB': u'A'}
103.1290 	EXP 	fixation_text: autoDraw = False
103.1290 	EXP 	fixation_text: autoDraw = False
103.1290 	EXP 	prime_text: text = u'pill'
103.1290 	EXP 	target_text: text = u'protein'
103.1290 	EXP 	target_text: pos = array([ 0.5, -0.2])
103.1290 	EXP 	dist1_text: text = u'gown'
103.1290 	EXP 	dist1_text: pos = array([ 0. , -0.2])
103.1290 	EXP 	dist2_text: text = u'tomato'
103.1290 	EXP 	dist2_text: pos = array([-0.5, -0.2])
103.1290 	EXP 	prime_text: autoDraw = True
103.1290 	EXP 	target_text: autoDraw = True
103.1290 	EXP 	dist1_text: autoDraw = True
103.1290 	EXP 	dist2_text: autoDraw = True
107.0995 	EXP 	prime_text: autoDraw = False
107.0995 	EXP 	target_text: autoDraw = False
107.0995 	EXP 	dist1_text: autoDraw = False
107.0995 	EXP 	dist2_text: autoDraw = False
107.0995 	EXP 	prime_text: autoDraw = False
107.0995 	EXP 	target_text: autoDraw = False
107.0995 	EXP 	dist1_text: autoDraw = False
107.0995 	EXP 	dist2_text: autoDraw = False
107.0995 	EXP 	fixation_text: autoDraw = True
110.0769 	EXP 	New trial (rep=0, index=12): {u'trial_number': 89, u'prime': u'xxxx', u'target': u'xxxx', u'semstr_category': 0, u'semstr': 0.0, u'dist1': u'xxxx', u'dist2': u'xxxx', u'list_AB': u'A'}
110.1072 	EXP 	fixation_text: autoDraw = False
110.1072 	EXP 	fixation_text: autoDraw = False
110.1072 	EXP 	prime_text: text = u'xxxx'
110.1072 	EXP 	target_text: text = u'xxxx'
110.1072 	EXP 	target_text: pos = array([ 0.5, -0.2])
110.1072 	EXP 	dist1_text: text = u'xxxx'
110.1072 	EXP 	dist1_text: pos = array([ 0. , -0.2])
110.1072 	EXP 	dist2_text: text = u'xxxx'
110.1072 	EXP 	dist2_text: pos = array([-0.5, -0.2])
110.1072 	EXP 	prime_text: autoDraw = True
110.1072 	EXP 	target_text: autoDraw = True
110.1072 	EXP 	dist1_text: autoDraw = True
110.1072 	EXP 	dist2_text: autoDraw = True
111.5898 	DATA 	Keypress: 5
112.7201 	DATA 	Keypress: 2
113.3355 	DATA 	Keypress: 3
113.9341 	DATA 	Keypress: 4
114.0834 	EXP 	prime_text: autoDraw = False
114.0834 	EXP 	target_text: autoDraw = False
114.0834 	EXP 	dist1_text: autoDraw = False
114.0834 	EXP 	dist2_text: autoDraw = False
114.0834 	EXP 	prime_text: autoDraw = False
114.0834 	EXP 	target_text: autoDraw = False
114.0834 	EXP 	dist1_text: autoDraw = False
114.0834 	EXP 	dist2_text: autoDraw = False
114.0834 	EXP 	fixation_text: autoDraw = True
114.1515 	DATA 	Keypress: 1
115.0150 	DATA 	Keypress: 5
115.7131 	DATA 	Keypress: f
116.5619 	EXP 	New trial (rep=0, index=13): {u'trial_number': 95, u'prime': u'xxxx', u'target': u'xxxx', u'semstr_category': 0, u'semstr': 0.0, u'dist1': u'xxxx', u'dist2': u'xxxx', u'list_AB': u'A'}
116.5775 	EXP 	fixation_text: autoDraw = False
116.5775 	EXP 	fixation_text: autoDraw = False
116.5775 	EXP 	prime_text: text = u'xxxx'
116.5775 	EXP 	target_text: text = u'xxxx'
116.5775 	EXP 	target_text: pos = array([ 0.5, -0.2])
116.5775 	EXP 	dist1_text: text = u'xxxx'
116.5775 	EXP 	dist1_text: pos = array([ 0. , -0.2])
116.5775 	EXP 	dist2_text: text = u'xxxx'
116.5775 	EXP 	dist2_text: pos = array([-0.5, -0.2])
116.5775 	EXP 	prime_text: autoDraw = True
116.5775 	EXP 	target_text: autoDraw = True
116.5775 	EXP 	dist1_text: autoDraw = True
116.5775 	EXP 	dist2_text: autoDraw = True
117.5578 	DATA 	Keypress: q
119.9677 	DATA 	Keypress: q
120.5683 	EXP 	prime_text: autoDraw = False
120.5683 	EXP 	target_text: autoDraw = False
120.5683 	EXP 	dist1_text: autoDraw = False
120.5683 	EXP 	dist2_text: autoDraw = False
120.5683 	EXP 	prime_text: autoDraw = False
120.5683 	EXP 	target_text: autoDraw = False
120.5683 	EXP 	dist1_text: autoDraw = False
120.5683 	EXP 	dist2_text: autoDraw = False
120.5683 	EXP 	fixation_text: autoDraw = True
120.5853 	DATA 	Keypress: q
120.7684 	DATA 	Keypress: q
121.4833 	DATA 	Keypress: q
121.7328 	DATA 	Keypress: q
122.0498 	EXP 	New trial (rep=0, index=14): {u'trial_number': 77, u'prime': u'table', u'target': u'chair', u'semstr_category': 2, u'semstr': 0.31, u'dist1': u'web', u'dist2': u'chain', u'list_AB': u'A'}
122.0867 	EXP 	fixation_text: autoDraw = False
122.0867 	EXP 	fixation_text: autoDraw = False
122.0867 	EXP 	prime_text: text = u'table'
122.0867 	EXP 	target_text: text = u'chair'
122.0867 	EXP 	target_text: pos = array([-0.5, -0.2])
122.0867 	EXP 	dist1_text: text = u'web'
122.0867 	EXP 	dist1_text: pos = array([ 0.5, -0.2])
122.0867 	EXP 	dist2_text: text = u'chain'
122.0867 	EXP 	dist2_text: pos = array([ 0. , -0.2])
122.0867 	EXP 	prime_text: autoDraw = True
122.0867 	EXP 	target_text: autoDraw = True
122.0867 	EXP 	dist1_text: autoDraw = True
122.0867 	EXP 	dist2_text: autoDraw = True
122.9801 	DATA 	Keypress: q
123.1627 	DATA 	Keypress: q
123.3788 	DATA 	Keypress: q
124.3932 	DATA 	Keypress: q
124.5594 	DATA 	Keypress: q
126.0557 	EXP 	prime_text: autoDraw = False
126.0557 	EXP 	target_text: autoDraw = False
126.0557 	EXP 	dist1_text: autoDraw = False
126.0557 	EXP 	dist2_text: autoDraw = False
126.0557 	EXP 	prime_text: autoDraw = False
126.0557 	EXP 	target_text: autoDraw = False
126.0557 	EXP 	dist1_text: autoDraw = False
126.0557 	EXP 	dist2_text: autoDraw = False
126.0557 	EXP 	fixation_text: autoDraw = True
128.0515 	DATA 	Keypress: space
129.1988 	DATA 	Keypress: escape
