1.2078 	WARNING 	pyo audio lib was requested but not loaded: No module named pyo
11.7414 	INFO 	Loaded monitor calibration from ['2017_05_17 09:51']
11.7435 	WARNING 	User requested fullscreen with size [1024  768], but screen is actually [1366, 768]. Using actual size
12.3826 	EXP 	Created window1 = Window(allowGUI=False, allowStencil=False, autoLog=True, bitsMode=UNKNOWN, blendMode='avg', color=array([ 0.7,  0.7,  0.7]), colorSpace='rgb', fullscr=UNKNOWN, gamma=None, lms=UNKNOWN, monitor=<psychopy.monitors.calibTools.Monitor object at 0xa685156c>, name='window1', pos=[0, 0], screen=0, size=array([1366,  768]), stereo=False, units=u'norm', useFBO=True, useRetina=False, viewOri=0.0, viewPos=None, viewScale=None, waitBlanking=True, winType='pyglet')
12.3827 	EXP 	window1: recordFrameIntervals = False
12.5471 	EXP 	window1: recordFrameIntervals = True
12.7303 	EXP 	window1: recordFrameIntervals = False
12.9109 	EXP 	Created instructions_text = TextStim(alignHoriz='center', alignVert='center', antialias=True, autoLog=True, bold=False, color='black', colorSpace='named', contrast=1.0, depth=0.0, flipHoriz=False, flipVert=False, font='Arial', fontFiles=[], height=0.075, italic=False, name='instructions_text', opacity=1.0, ori=0, pos=array([ 0.,  0.]), rgb=array([ 0.,  0.,  0.]), text=unicode(...), units=u'norm', win=Window(...), wrapWidth=1)
12.9168 	EXP 	Created dummy_text = TextStim(alignHoriz='center', alignVert='center', antialias=True, autoLog=True, bold=False, color='black', colorSpace='named', contrast=1.0, depth=0.0, flipHoriz=False, flipVert=False, font='Arial', fontFiles=[], height=0.3, italic=False, name='dummy_text', opacity=1.0, ori=0, pos=array([ 0.,  0.]), rgb=array([ 0.,  0.,  0.]), text=u'+', units=u'norm', win=Window(...), wrapWidth=1)
12.9251 	EXP 	Created prime_text = TextStim(alignHoriz='center', alignVert='center', antialias=True, autoLog=True, bold=False, color='black', colorSpace='named', contrast=1.0, depth=-3.0, flipHoriz=False, flipVert=False, font='Arial', fontFiles=[], height=0.15, italic=False, name='prime_text', opacity=1.0, ori=0, pos=array([ 0. ,  0.2]), rgb=array([ 0.,  0.,  0.]), text=u'default text', units=u'norm', win=Window(...), wrapWidth=1)
12.9295 	EXP 	Created target_text = TextStim(alignHoriz='center', alignVert='center', antialias=True, autoLog=True, bold=False, color='black', colorSpace='named', contrast=1.0, depth=-4.0, flipHoriz=False, flipVert=False, font='Arial', fontFiles=[], height=0.15, italic=False, name='target_text', opacity=1.0, ori=0, pos=array([ 0.,  0.]), rgb=array([ 0.,  0.,  0.]), text=u'default text', units=u'norm', win=Window(...), wrapWidth=1)
12.9339 	EXP 	Created dist1_text = TextStim(alignHoriz='center', alignVert='center', antialias=True, autoLog=True, bold=False, color='black', colorSpace='named', contrast=1.0, depth=-5.0, flipHoriz=False, flipVert=False, font='Arial', fontFiles=[], height=0.15, italic=False, name='dist1_text', opacity=1.0, ori=0, pos=array([ 0.,  0.]), rgb=array([ 0.,  0.,  0.]), text=u'default text', units=u'norm', win=Window(...), wrapWidth=1)
12.9384 	EXP 	Created dist2_text = TextStim(alignHoriz='center', alignVert='center', antialias=True, autoLog=True, bold=False, color='black', colorSpace='named', contrast=1.0, depth=-6.0, flipHoriz=False, flipVert=False, font='Arial', fontFiles=[], height=0.15, italic=False, name='dist2_text', opacity=1.0, ori=0, pos=array([ 0.,  0.]), rgb=array([ 0.,  0.,  0.]), text=u'default text', units=u'norm', win=Window(...), wrapWidth=1)
12.9410 	EXP 	Created fixation_text = TextStim(alignHoriz='center', alignVert='center', antialias=True, autoLog=True, bold=False, color='black', colorSpace='named', contrast=1.0, depth=-1.0, flipHoriz=False, flipVert=False, font='Arial', fontFiles=[], height=0.3, italic=False, name='fixation_text', opacity=1.0, ori=0, pos=array([ 0.,  0.]), rgb=array([ 0.,  0.,  0.]), text=u'+', units=u'norm', win=Window(...), wrapWidth=1)
12.9521 	EXP 	Created thankyou_text = TextStim(alignHoriz='center', alignVert='center', antialias=True, autoLog=True, bold=False, color='black', colorSpace='named', contrast=1.0, depth=0.0, flipHoriz=False, flipVert=False, font='Arial', fontFiles=[], height=0.1, italic=False, name='thankyou_text', opacity=1.0, ori=0, pos=array([ 0.,  0.]), rgb=array([ 0.,  0.,  0.]), text=u'End of experiment.\n\nThank you.', units=u'norm', win=Window(...), wrapWidth=1)
12.9600 	EXP 	instructions_text: autoDraw = True
49.9614 	DATA 	Keypress: 1
49.9616 	EXP 	launchScan: vol: 1500  TR: 0.585s  skip: 0  sync: '5'
50.0017 	EXP 	window1: mouseVisible = False
50.0209 	EXP 	instructions_text: autoDraw = False
51.3540 	DATA 	Keypress: 5
51.3540 	EXP 	launchScan: start of scan
51.3719 	EXP 	dummy_text: autoDraw = True
57.3925 	EXP 	Imported conds/Semantic_ListA.csv as conditions, 100 conditions, 8 params
57.3944 	EXP 	Created sequence: random, trialTypes=100, nReps=1, seed=None
57.3957 	EXP 	New trial (rep=0, index=0): {u'trial_number': 37, u'prime': u'stone', u'target': u'kidney', u'semstr_category': 1, u'semstr': 0.050000000000000003, u'dist1': u'morning', u'dist2': u'bench', u'list_AB': u'A'}
57.4388 	EXP 	dummy_text: autoDraw = False
57.4388 	EXP 	prime_text: text = u'stone'
57.4388 	EXP 	target_text: text = u'kidney'
57.4388 	EXP 	target_text: pos = array([-0.5, -0.2])
57.4388 	EXP 	dist1_text: text = u'morning'
57.4388 	EXP 	dist1_text: pos = array([ 0. , -0.2])
57.4388 	EXP 	dist2_text: text = u'bench'
57.4388 	EXP 	dist2_text: pos = array([ 0.5, -0.2])
57.4388 	EXP 	prime_text: autoDraw = True
57.4388 	EXP 	target_text: autoDraw = True
57.4388 	EXP 	dist1_text: autoDraw = True
57.4388 	EXP 	dist2_text: autoDraw = True
59.7220 	DATA 	Keypress: right
61.3843 	EXP 	prime_text: autoDraw = False
61.3843 	EXP 	target_text: autoDraw = False
61.3843 	EXP 	dist1_text: autoDraw = False
61.3843 	EXP 	dist2_text: autoDraw = False
61.3843 	EXP 	fixation_text: autoDraw = True
62.8656 	EXP 	New trial (rep=0, index=1): {u'trial_number': 67, u'prime': u'rain', u'target': u'umbrella', u'semstr_category': 2, u'semstr': 0.69999999999999996, u'dist1': u'gorilla', u'dist2': u'stamp', u'list_AB': u'A'}
62.9059 	EXP 	fixation_text: autoDraw = False
62.9059 	EXP 	fixation_text: autoDraw = False
62.9059 	EXP 	prime_text: text = u'rain'
62.9059 	EXP 	target_text: text = u'umbrella'
62.9059 	EXP 	target_text: pos = array([ 0. , -0.2])
62.9059 	EXP 	dist1_text: text = u'gorilla'
62.9059 	EXP 	dist1_text: pos = array([ 0.5, -0.2])
62.9059 	EXP 	dist2_text: text = u'stamp'
62.9059 	EXP 	dist2_text: pos = array([-0.5, -0.2])
62.9059 	EXP 	prime_text: autoDraw = True
62.9059 	EXP 	target_text: autoDraw = True
62.9059 	EXP 	dist1_text: autoDraw = True
62.9059 	EXP 	dist2_text: autoDraw = True
64.3610 	DATA 	Keypress: down
66.8716 	EXP 	prime_text: autoDraw = False
66.8716 	EXP 	target_text: autoDraw = False
66.8716 	EXP 	dist1_text: autoDraw = False
66.8716 	EXP 	dist2_text: autoDraw = False
66.8716 	EXP 	prime_text: autoDraw = False
66.8716 	EXP 	target_text: autoDraw = False
66.8716 	EXP 	dist1_text: autoDraw = False
66.8716 	EXP 	dist2_text: autoDraw = False
66.8716 	EXP 	fixation_text: autoDraw = True
69.3505 	EXP 	New trial (rep=0, index=2): {u'trial_number': 44, u'prime': u'cheddar', u'target': u'cheese', u'semstr_category': 2, u'semstr': 0.92000000000000004, u'dist1': u'puppet', u'dist2': u'astronaut', u'list_AB': u'A'}
69.3910 	EXP 	fixation_text: autoDraw = False
69.3910 	EXP 	fixation_text: autoDraw = False
69.3910 	EXP 	prime_text: text = u'cheddar'
69.3910 	EXP 	target_text: text = u'cheese'
69.3910 	EXP 	target_text: pos = array([ 0.5, -0.2])
69.3910 	EXP 	dist1_text: text = u'puppet'
69.3910 	EXP 	dist1_text: pos = array([ 0. , -0.2])
69.3910 	EXP 	dist2_text: text = u'astronaut'
69.3910 	EXP 	dist2_text: pos = array([-0.5, -0.2])
69.3910 	EXP 	prime_text: autoDraw = True
69.3910 	EXP 	target_text: autoDraw = True
69.3910 	EXP 	dist1_text: autoDraw = True
69.3910 	EXP 	dist2_text: autoDraw = True
71.2287 	DATA 	Keypress: right
73.3567 	EXP 	prime_text: autoDraw = False
73.3567 	EXP 	target_text: autoDraw = False
73.3567 	EXP 	dist1_text: autoDraw = False
73.3567 	EXP 	dist2_text: autoDraw = False
73.3567 	EXP 	prime_text: autoDraw = False
73.3567 	EXP 	target_text: autoDraw = False
73.3567 	EXP 	dist1_text: autoDraw = False
73.3567 	EXP 	dist2_text: autoDraw = False
73.3567 	EXP 	fixation_text: autoDraw = True
76.8329 	EXP 	New trial (rep=0, index=3): {u'trial_number': 27, u'prime': u'pill', u'target': u'protein', u'semstr_category': 1, u'semstr': 0.02, u'dist1': u'gown', u'dist2': u'tomato', u'list_AB': u'A'}
76.8635 	EXP 	fixation_text: autoDraw = False
76.8635 	EXP 	fixation_text: autoDraw = False
76.8635 	EXP 	prime_text: text = u'pill'
76.8635 	EXP 	target_text: text = u'protein'
76.8635 	EXP 	target_text: pos = array([ 0. , -0.2])
76.8635 	EXP 	dist1_text: text = u'gown'
76.8635 	EXP 	dist1_text: pos = array([-0.5, -0.2])
76.8635 	EXP 	dist2_text: text = u'tomato'
76.8635 	EXP 	dist2_text: pos = array([ 0.5, -0.2])
76.8635 	EXP 	prime_text: autoDraw = True
76.8635 	EXP 	target_text: autoDraw = True
76.8635 	EXP 	dist1_text: autoDraw = True
76.8635 	EXP 	dist2_text: autoDraw = True
79.8260 	DATA 	Keypress: down
80.8394 	EXP 	prime_text: autoDraw = False
80.8394 	EXP 	target_text: autoDraw = False
80.8394 	EXP 	dist1_text: autoDraw = False
80.8394 	EXP 	dist2_text: autoDraw = False
80.8394 	EXP 	prime_text: autoDraw = False
80.8394 	EXP 	target_text: autoDraw = False
80.8394 	EXP 	dist1_text: autoDraw = False
80.8394 	EXP 	dist2_text: autoDraw = False
80.8394 	EXP 	fixation_text: autoDraw = True
84.3160 	EXP 	New trial (rep=0, index=4): {u'trial_number': 22, u'prime': u'light', u'target': u'wick', u'semstr_category': 1, u'semstr': 0.01, u'dist1': u'sharpener', u'dist2': u'cuff', u'list_AB': u'A'}
84.3517 	EXP 	fixation_text: autoDraw = False
84.3517 	EXP 	fixation_text: autoDraw = False
84.3517 	EXP 	prime_text: text = u'light'
84.3517 	EXP 	target_text: text = u'wick'
84.3517 	EXP 	target_text: pos = array([ 0.5, -0.2])
84.3517 	EXP 	dist1_text: text = u'sharpener'
84.3517 	EXP 	dist1_text: pos = array([ 0. , -0.2])
84.3517 	EXP 	dist2_text: text = u'cuff'
84.3517 	EXP 	dist2_text: pos = array([-0.5, -0.2])
84.3517 	EXP 	prime_text: autoDraw = True
84.3517 	EXP 	target_text: autoDraw = True
84.3517 	EXP 	dist1_text: autoDraw = True
84.3517 	EXP 	dist2_text: autoDraw = True
88.3222 	EXP 	prime_text: autoDraw = False
88.3222 	EXP 	target_text: autoDraw = False
88.3222 	EXP 	dist1_text: autoDraw = False
88.3222 	EXP 	dist2_text: autoDraw = False
88.3222 	EXP 	prime_text: autoDraw = False
88.3222 	EXP 	target_text: autoDraw = False
88.3222 	EXP 	dist1_text: autoDraw = False
88.3222 	EXP 	dist2_text: autoDraw = False
88.3222 	EXP 	fixation_text: autoDraw = True
91.2997 	EXP 	New trial (rep=0, index=5): {u'trial_number': 42, u'prime': u'car', u'target': u'bumper', u'semstr_category': 2, u'semstr': 0.65000000000000002, u'dist1': u'weed', u'dist2': u'saucer', u'list_AB': u'A'}
91.3351 	EXP 	fixation_text: autoDraw = False
91.3351 	EXP 	fixation_text: autoDraw = False
91.3351 	EXP 	prime_text: text = u'car'
91.3351 	EXP 	target_text: text = u'bumper'
91.3351 	EXP 	target_text: pos = array([ 0. , -0.2])
91.3351 	EXP 	dist1_text: text = u'weed'
91.3351 	EXP 	dist1_text: pos = array([-0.5, -0.2])
91.3351 	EXP 	dist2_text: text = u'saucer'
91.3351 	EXP 	dist2_text: pos = array([ 0.5, -0.2])
91.3351 	EXP 	prime_text: autoDraw = True
91.3351 	EXP 	target_text: autoDraw = True
91.3351 	EXP 	dist1_text: autoDraw = True
91.3351 	EXP 	dist2_text: autoDraw = True
92.9284 	DATA 	Keypress: down
95.3060 	EXP 	prime_text: autoDraw = False
95.3060 	EXP 	target_text: autoDraw = False
95.3060 	EXP 	dist1_text: autoDraw = False
95.3060 	EXP 	dist2_text: autoDraw = False
95.3060 	EXP 	prime_text: autoDraw = False
95.3060 	EXP 	target_text: autoDraw = False
95.3060 	EXP 	dist1_text: autoDraw = False
95.3060 	EXP 	dist2_text: autoDraw = False
95.3060 	EXP 	fixation_text: autoDraw = True
98.2838 	EXP 	New trial (rep=0, index=6): {u'trial_number': 94, u'prime': u'xxxx', u'target': u'xxxx', u'semstr_category': 0, u'semstr': 0.0, u'dist1': u'xxxx', u'dist2': u'xxxx', u'list_AB': u'A'}
98.3170 	EXP 	fixation_text: autoDraw = False
98.3170 	EXP 	fixation_text: autoDraw = False
98.3170 	EXP 	prime_text: text = u'xxxx'
98.3170 	EXP 	target_text: text = u'xxxx'
98.3170 	EXP 	target_text: pos = array([ 0. , -0.2])
98.3170 	EXP 	dist1_text: text = u'xxxx'
98.3170 	EXP 	dist1_text: pos = array([ 0.5, -0.2])
98.3170 	EXP 	dist2_text: text = u'xxxx'
98.3170 	EXP 	dist2_text: pos = array([-0.5, -0.2])
98.3170 	EXP 	prime_text: autoDraw = True
98.3170 	EXP 	target_text: autoDraw = True
98.3170 	EXP 	dist1_text: autoDraw = True
98.3170 	EXP 	dist2_text: autoDraw = True
102.2898 	EXP 	prime_text: autoDraw = False
102.2898 	EXP 	target_text: autoDraw = False
102.2898 	EXP 	dist1_text: autoDraw = False
102.2898 	EXP 	dist2_text: autoDraw = False
102.2898 	EXP 	prime_text: autoDraw = False
102.2898 	EXP 	target_text: autoDraw = False
102.2898 	EXP 	dist1_text: autoDraw = False
102.2898 	EXP 	dist2_text: autoDraw = False
102.2898 	EXP 	fixation_text: autoDraw = True
105.2677 	EXP 	New trial (rep=0, index=7): {u'trial_number': 62, u'prime': u'note', u'target': u'message', u'semstr_category': 2, u'semstr': 0.26000000000000001, u'dist1': u'rodent', u'dist2': u'dagger', u'list_AB': u'A'}
105.3039 	EXP 	fixation_text: autoDraw = False
105.3039 	EXP 	fixation_text: autoDraw = False
105.3039 	EXP 	prime_text: text = u'note'
105.3039 	EXP 	target_text: text = u'message'
105.3039 	EXP 	target_text: pos = array([ 0.5, -0.2])
105.3039 	EXP 	dist1_text: text = u'rodent'
105.3039 	EXP 	dist1_text: pos = array([ 0. , -0.2])
105.3039 	EXP 	dist2_text: text = u'dagger'
105.3039 	EXP 	dist2_text: pos = array([-0.5, -0.2])
105.3039 	EXP 	prime_text: autoDraw = True
105.3039 	EXP 	target_text: autoDraw = True
105.3039 	EXP 	dist1_text: autoDraw = True
105.3039 	EXP 	dist2_text: autoDraw = True
106.9630 	DATA 	Keypress: right
109.2737 	EXP 	prime_text: autoDraw = False
109.2737 	EXP 	target_text: autoDraw = False
109.2737 	EXP 	dist1_text: autoDraw = False
109.2737 	EXP 	dist2_text: autoDraw = False
109.2737 	EXP 	prime_text: autoDraw = False
109.2737 	EXP 	target_text: autoDraw = False
109.2737 	EXP 	dist1_text: autoDraw = False
109.2737 	EXP 	dist2_text: autoDraw = False
109.2737 	EXP 	fixation_text: autoDraw = True
111.7519 	EXP 	New trial (rep=0, index=8): {u'trial_number': 2, u'prime': u'ball', u'target': u'glove', u'semstr_category': 1, u'semstr': 0.01, u'dist1': u'ant', u'dist2': u'mailbox', u'list_AB': u'A'}
111.7834 	EXP 	fixation_text: autoDraw = False
111.7834 	EXP 	fixation_text: autoDraw = False
111.7834 	EXP 	prime_text: text = u'ball'
111.7834 	EXP 	target_text: text = u'glove'
111.7834 	EXP 	target_text: pos = array([-0.5, -0.2])
111.7834 	EXP 	dist1_text: text = u'ant'
111.7834 	EXP 	dist1_text: pos = array([ 0. , -0.2])
111.7834 	EXP 	dist2_text: text = u'mailbox'
111.7834 	EXP 	dist2_text: pos = array([ 0.5, -0.2])
111.7834 	EXP 	prime_text: autoDraw = True
111.7834 	EXP 	target_text: autoDraw = True
111.7834 	EXP 	dist1_text: autoDraw = True
111.7834 	EXP 	dist2_text: autoDraw = True
115.6097 	DATA 	Keypress: left
115.7590 	EXP 	prime_text: autoDraw = False
115.7590 	EXP 	target_text: autoDraw = False
115.7590 	EXP 	dist1_text: autoDraw = False
115.7590 	EXP 	dist2_text: autoDraw = False
115.7590 	EXP 	prime_text: autoDraw = False
115.7590 	EXP 	target_text: autoDraw = False
115.7590 	EXP 	dist1_text: autoDraw = False
115.7590 	EXP 	dist2_text: autoDraw = False
115.7590 	EXP 	fixation_text: autoDraw = True
118.2378 	EXP 	New trial (rep=0, index=9): {u'trial_number': 30, u'prime': u'puzzle', u'target': u'piece', u'semstr_category': 1, u'semstr': 0.01, u'dist1': u'biscuit', u'dist2': u'siren', u'list_AB': u'A'}
118.2720 	EXP 	fixation_text: autoDraw = False
118.2720 	EXP 	fixation_text: autoDraw = False
118.2720 	EXP 	prime_text: text = u'puzzle'
118.2720 	EXP 	target_text: text = u'piece'
118.2720 	EXP 	target_text: pos = array([ 0.5, -0.2])
118.2720 	EXP 	dist1_text: text = u'biscuit'
118.2720 	EXP 	dist1_text: pos = array([-0.5, -0.2])
118.2720 	EXP 	dist2_text: text = u'siren'
118.2720 	EXP 	dist2_text: pos = array([ 0. , -0.2])
118.2720 	EXP 	prime_text: autoDraw = True
118.2720 	EXP 	target_text: autoDraw = True
118.2720 	EXP 	dist1_text: autoDraw = True
118.2720 	EXP 	dist2_text: autoDraw = True
121.2301 	DATA 	Keypress: right
122.2439 	EXP 	prime_text: autoDraw = False
122.2439 	EXP 	target_text: autoDraw = False
122.2439 	EXP 	dist1_text: autoDraw = False
122.2439 	EXP 	dist2_text: autoDraw = False
122.2439 	EXP 	prime_text: autoDraw = False
122.2439 	EXP 	target_text: autoDraw = False
122.2439 	EXP 	dist1_text: autoDraw = False
122.2439 	EXP 	dist2_text: autoDraw = False
122.2439 	EXP 	fixation_text: autoDraw = True
124.7228 	EXP 	New trial (rep=0, index=10): {u'trial_number': 29, u'prime': u'plate', u'target': u'napkin', u'semstr_category': 1, u'semstr': 0.029999999999999999, u'dist1': u'sea', u'dist2': u'mitten', u'list_AB': u'A'}
124.7581 	EXP 	fixation_text: autoDraw = False
124.7581 	EXP 	fixation_text: autoDraw = False
124.7581 	EXP 	prime_text: text = u'plate'
124.7581 	EXP 	target_text: text = u'napkin'
124.7581 	EXP 	target_text: pos = array([-0.5, -0.2])
124.7581 	EXP 	dist1_text: text = u'sea'
124.7581 	EXP 	dist1_text: pos = array([ 0.5, -0.2])
124.7581 	EXP 	dist2_text: text = u'mitten'
124.7581 	EXP 	dist2_text: pos = array([ 0. , -0.2])
124.7581 	EXP 	prime_text: autoDraw = True
124.7581 	EXP 	target_text: autoDraw = True
124.7581 	EXP 	dist1_text: autoDraw = True
124.7581 	EXP 	dist2_text: autoDraw = True
127.1331 	DATA 	Keypress: left
128.7290 	EXP 	prime_text: autoDraw = False
128.7290 	EXP 	target_text: autoDraw = False
128.7290 	EXP 	dist1_text: autoDraw = False
128.7290 	EXP 	dist2_text: autoDraw = False
128.7290 	EXP 	prime_text: autoDraw = False
128.7290 	EXP 	target_text: autoDraw = False
128.7290 	EXP 	dist1_text: autoDraw = False
128.7290 	EXP 	dist2_text: autoDraw = False
128.7290 	EXP 	fixation_text: autoDraw = True
130.2103 	EXP 	New trial (rep=0, index=11): {u'trial_number': 46, u'prime': u'date', u'target': u'calendar', u'semstr_category': 2, u'semstr': 0.23000000000000001, u'dist1': u'cane', u'dist2': u'signature', u'list_AB': u'A'}
130.2491 	EXP 	fixation_text: autoDraw = False
130.2491 	EXP 	fixation_text: autoDraw = False
130.2491 	EXP 	prime_text: text = u'date'
130.2491 	EXP 	target_text: text = u'calendar'
130.2491 	EXP 	target_text: pos = array([ 0.5, -0.2])
130.2491 	EXP 	dist1_text: text = u'cane'
130.2491 	EXP 	dist1_text: pos = array([-0.5, -0.2])
130.2491 	EXP 	dist2_text: text = u'signature'
130.2491 	EXP 	dist2_text: pos = array([ 0. , -0.2])
130.2491 	EXP 	prime_text: autoDraw = True
130.2491 	EXP 	target_text: autoDraw = True
130.2491 	EXP 	dist1_text: autoDraw = True
130.2491 	EXP 	dist2_text: autoDraw = True
132.8059 	DATA 	Keypress: right
134.2163 	EXP 	prime_text: autoDraw = False
134.2163 	EXP 	target_text: autoDraw = False
134.2163 	EXP 	dist1_text: autoDraw = False
134.2163 	EXP 	dist2_text: autoDraw = False
134.2163 	EXP 	prime_text: autoDraw = False
134.2163 	EXP 	target_text: autoDraw = False
134.2163 	EXP 	dist1_text: autoDraw = False
134.2163 	EXP 	dist2_text: autoDraw = False
134.2163 	EXP 	fixation_text: autoDraw = True
137.6925 	EXP 	New trial (rep=0, index=12): {u'trial_number': 55, u'prime': u'ladder', u'target': u'rung', u'semstr_category': 2, u'semstr': 0.26000000000000001, u'dist1': u'sirloin', u'dist2': u'mask', u'list_AB': u'A'}
137.7211 	EXP 	fixation_text: autoDraw = False
137.7211 	EXP 	fixation_text: autoDraw = False
137.7211 	EXP 	prime_text: text = u'ladder'
137.7211 	EXP 	target_text: text = u'rung'
137.7211 	EXP 	target_text: pos = array([-0.5, -0.2])
137.7211 	EXP 	dist1_text: text = u'sirloin'
137.7211 	EXP 	dist1_text: pos = array([ 0.5, -0.2])
137.7211 	EXP 	dist2_text: text = u'mask'
137.7211 	EXP 	dist2_text: pos = array([ 0. , -0.2])
137.7211 	EXP 	prime_text: autoDraw = True
137.7211 	EXP 	target_text: autoDraw = True
137.7211 	EXP 	dist1_text: autoDraw = True
137.7211 	EXP 	dist2_text: autoDraw = True
141.5329 	DATA 	Keypress: left
141.6991 	EXP 	prime_text: autoDraw = False
141.6991 	EXP 	target_text: autoDraw = False
141.6991 	EXP 	dist1_text: autoDraw = False
141.6991 	EXP 	dist2_text: autoDraw = False
141.6991 	EXP 	prime_text: autoDraw = False
141.6991 	EXP 	target_text: autoDraw = False
141.6991 	EXP 	dist1_text: autoDraw = False
141.6991 	EXP 	dist2_text: autoDraw = False
141.6991 	EXP 	fixation_text: autoDraw = True
145.1756 	EXP 	New trial (rep=0, index=13): {u'trial_number': 41, u'prime': u'armour', u'target': u'shield', u'semstr_category': 2, u'semstr': 0.22, u'dist1': u'pear', u'dist2': u'film', u'list_AB': u'A'}
145.2110 	EXP 	fixation_text: autoDraw = False
145.2110 	EXP 	fixation_text: autoDraw = False
145.2110 	EXP 	prime_text: text = u'armour'
145.2110 	EXP 	target_text: text = u'shield'
145.2110 	EXP 	target_text: pos = array([ 0.5, -0.2])
145.2110 	EXP 	dist1_text: text = u'pear'
145.2110 	EXP 	dist1_text: pos = array([ 0. , -0.2])
145.2110 	EXP 	dist2_text: text = u'film'
145.2110 	EXP 	dist2_text: pos = array([-0.5, -0.2])
145.2110 	EXP 	prime_text: autoDraw = True
145.2110 	EXP 	target_text: autoDraw = True
145.2110 	EXP 	dist1_text: autoDraw = True
145.2110 	EXP 	dist2_text: autoDraw = True
147.4532 	DATA 	Keypress: right
149.1818 	EXP 	prime_text: autoDraw = False
149.1818 	EXP 	target_text: autoDraw = False
149.1818 	EXP 	dist1_text: autoDraw = False
149.1818 	EXP 	dist2_text: autoDraw = False
149.1818 	EXP 	prime_text: autoDraw = False
149.1818 	EXP 	target_text: autoDraw = False
149.1818 	EXP 	dist1_text: autoDraw = False
149.1818 	EXP 	dist2_text: autoDraw = False
149.1818 	EXP 	fixation_text: autoDraw = True
151.1618 	EXP 	New trial (rep=0, index=14): {u'trial_number': 45, u'prime': u'circus', u'target': u'juggler', u'semstr_category': 2, u'semstr': 0.35999999999999999, u'dist1': u'hog', u'dist2': u'tortoise', u'list_AB': u'A'}
151.1958 	EXP 	fixation_text: autoDraw = False
151.1958 	EXP 	fixation_text: autoDraw = False
151.1958 	EXP 	prime_text: text = u'circus'
151.1958 	EXP 	target_text: text = u'juggler'
151.1958 	EXP 	target_text: pos = array([ 0. , -0.2])
151.1958 	EXP 	dist1_text: text = u'hog'
151.1958 	EXP 	dist1_text: pos = array([ 0.5, -0.2])
151.1958 	EXP 	dist2_text: text = u'tortoise'
151.1958 	EXP 	dist2_text: pos = array([-0.5, -0.2])
151.1958 	EXP 	prime_text: autoDraw = True
151.1958 	EXP 	target_text: autoDraw = True
151.1958 	EXP 	dist1_text: autoDraw = True
151.1958 	EXP 	dist2_text: autoDraw = True
153.1731 	DATA 	Keypress: down
155.1679 	EXP 	prime_text: autoDraw = False
155.1679 	EXP 	target_text: autoDraw = False
155.1679 	EXP 	dist1_text: autoDraw = False
155.1679 	EXP 	dist2_text: autoDraw = False
155.1679 	EXP 	prime_text: autoDraw = False
155.1679 	EXP 	target_text: autoDraw = False
155.1679 	EXP 	dist1_text: autoDraw = False
155.1679 	EXP 	dist2_text: autoDraw = False
155.1679 	EXP 	fixation_text: autoDraw = True
157.6467 	EXP 	New trial (rep=0, index=15): {u'trial_number': 8, u'prime': u'chair', u'target': u'swing', u'semstr_category': 1, u'semstr': 0.029999999999999999, u'dist1': u'tomato', u'dist2': u'litre', u'list_AB': u'A'}
157.6804 	EXP 	fixation_text: autoDraw = False
157.6804 	EXP 	fixation_text: autoDraw = False
157.6804 	EXP 	prime_text: text = u'chair'
157.6804 	EXP 	target_text: text = u'swing'
157.6804 	EXP 	target_text: pos = array([-0.5, -0.2])
157.6804 	EXP 	dist1_text: text = u'tomato'
157.6804 	EXP 	dist1_text: pos = array([ 0. , -0.2])
157.6804 	EXP 	dist2_text: text = u'litre'
157.6804 	EXP 	dist2_text: pos = array([ 0.5, -0.2])
157.6804 	EXP 	prime_text: autoDraw = True
157.6804 	EXP 	target_text: autoDraw = True
157.6804 	EXP 	dist1_text: autoDraw = True
157.6804 	EXP 	dist2_text: autoDraw = True
159.2088 	DATA 	Keypress: left
161.6530 	EXP 	prime_text: autoDraw = False
161.6530 	EXP 	target_text: autoDraw = False
161.6530 	EXP 	dist1_text: autoDraw = False
161.6530 	EXP 	dist2_text: autoDraw = False
161.6530 	EXP 	prime_text: autoDraw = False
161.6530 	EXP 	target_text: autoDraw = False
161.6530 	EXP 	dist1_text: autoDraw = False
161.6530 	EXP 	dist2_text: autoDraw = False
161.6530 	EXP 	fixation_text: autoDraw = True
165.1294 	EXP 	New trial (rep=0, index=16): {u'trial_number': 97, u'prime': u'xxxx', u'target': u'xxxx', u'semstr_category': 0, u'semstr': 0.0, u'dist1': u'xxxx', u'dist2': u'xxxx', u'list_AB': u'A'}
165.1634 	EXP 	fixation_text: autoDraw = False
165.1634 	EXP 	fixation_text: autoDraw = False
165.1634 	EXP 	prime_text: text = u'xxxx'
165.1634 	EXP 	target_text: text = u'xxxx'
165.1634 	EXP 	target_text: pos = array([ 0.5, -0.2])
165.1634 	EXP 	dist1_text: text = u'xxxx'
165.1634 	EXP 	dist1_text: pos = array([-0.5, -0.2])
165.1634 	EXP 	dist2_text: text = u'xxxx'
165.1634 	EXP 	dist2_text: pos = array([ 0. , -0.2])
165.1634 	EXP 	prime_text: autoDraw = True
165.1634 	EXP 	target_text: autoDraw = True
165.1634 	EXP 	dist1_text: autoDraw = True
165.1634 	EXP 	dist2_text: autoDraw = True
169.1358 	EXP 	prime_text: autoDraw = False
169.1358 	EXP 	target_text: autoDraw = False
169.1358 	EXP 	dist1_text: autoDraw = False
169.1358 	EXP 	dist2_text: autoDraw = False
169.1358 	EXP 	prime_text: autoDraw = False
169.1358 	EXP 	target_text: autoDraw = False
169.1358 	EXP 	dist1_text: autoDraw = False
169.1358 	EXP 	dist2_text: autoDraw = False
169.1358 	EXP 	fixation_text: autoDraw = True
171.1155 	EXP 	New trial (rep=0, index=17): {u'trial_number': 75, u'prime': u'stereo', u'target': u'radio', u'semstr_category': 2, u'semstr': 0.20000000000000001, u'dist1': u'cookie', u'dist2': u'arrow', u'list_AB': u'A'}
171.1476 	EXP 	fixation_text: autoDraw = False
171.1476 	EXP 	fixation_text: autoDraw = False
171.1476 	EXP 	prime_text: text = u'stereo'
171.1476 	EXP 	target_text: text = u'radio'
171.1476 	EXP 	target_text: pos = array([-0.5, -0.2])
171.1476 	EXP 	dist1_text: text = u'cookie'
171.1476 	EXP 	dist1_text: pos = array([ 0. , -0.2])
171.1476 	EXP 	dist2_text: text = u'arrow'
171.1476 	EXP 	dist2_text: pos = array([ 0.5, -0.2])
171.1476 	EXP 	prime_text: autoDraw = True
171.1476 	EXP 	target_text: autoDraw = True
171.1476 	EXP 	dist1_text: autoDraw = True
171.1476 	EXP 	dist2_text: autoDraw = True
172.2786 	DATA 	Keypress: left
175.1221 	EXP 	prime_text: autoDraw = False
175.1221 	EXP 	target_text: autoDraw = False
175.1221 	EXP 	dist1_text: autoDraw = False
175.1221 	EXP 	dist2_text: autoDraw = False
175.1221 	EXP 	prime_text: autoDraw = False
175.1221 	EXP 	target_text: autoDraw = False
175.1221 	EXP 	dist1_text: autoDraw = False
175.1221 	EXP 	dist2_text: autoDraw = False
175.1221 	EXP 	fixation_text: autoDraw = True
177.6010 	EXP 	New trial (rep=0, index=18): {u'trial_number': 82, u'prime': u'xxxx', u'target': u'xxxx', u'semstr_category': 0, u'semstr': 0.0, u'dist1': u'xxxx', u'dist2': u'xxxx', u'list_AB': u'A'}
177.6374 	EXP 	fixation_text: autoDraw = False
177.6374 	EXP 	fixation_text: autoDraw = False
177.6374 	EXP 	prime_text: text = u'xxxx'
177.6374 	EXP 	target_text: text = u'xxxx'
177.6374 	EXP 	target_text: pos = array([-0.5, -0.2])
177.6374 	EXP 	dist1_text: text = u'xxxx'
177.6374 	EXP 	dist1_text: pos = array([ 0. , -0.2])
177.6374 	EXP 	dist2_text: text = u'xxxx'
177.6374 	EXP 	dist2_text: pos = array([ 0.5, -0.2])
177.6374 	EXP 	prime_text: autoDraw = True
177.6374 	EXP 	target_text: autoDraw = True
177.6374 	EXP 	dist1_text: autoDraw = True
177.6374 	EXP 	dist2_text: autoDraw = True
181.6071 	EXP 	prime_text: autoDraw = False
181.6071 	EXP 	target_text: autoDraw = False
181.6071 	EXP 	dist1_text: autoDraw = False
181.6071 	EXP 	dist2_text: autoDraw = False
181.6071 	EXP 	prime_text: autoDraw = False
181.6071 	EXP 	target_text: autoDraw = False
181.6071 	EXP 	dist1_text: autoDraw = False
181.6071 	EXP 	dist2_text: autoDraw = False
181.6071 	EXP 	fixation_text: autoDraw = True
184.0857 	EXP 	New trial (rep=0, index=19): {u'trial_number': 15, u'prime': u'horse', u'target': u'whip', u'semstr_category': 1, u'semstr': 0.029999999999999999, u'dist1': u'apron', u'dist2': u'moat', u'list_AB': u'A'}
184.1297 	EXP 	fixation_text: autoDraw = False
184.1297 	EXP 	fixation_text: autoDraw = False
184.1297 	EXP 	prime_text: text = u'horse'
184.1297 	EXP 	target_text: text = u'whip'
184.1297 	EXP 	target_text: pos = array([ 0. , -0.2])
184.1297 	EXP 	dist1_text: text = u'apron'
184.1297 	EXP 	dist1_text: pos = array([ 0.5, -0.2])
184.1297 	EXP 	dist2_text: text = u'moat'
184.1297 	EXP 	dist2_text: pos = array([-0.5, -0.2])
184.1297 	EXP 	prime_text: autoDraw = True
184.1297 	EXP 	target_text: autoDraw = True
184.1297 	EXP 	dist1_text: autoDraw = True
184.1297 	EXP 	dist2_text: autoDraw = True
186.4629 	DATA 	Keypress: down
188.0919 	EXP 	prime_text: autoDraw = False
188.0919 	EXP 	target_text: autoDraw = False
188.0919 	EXP 	dist1_text: autoDraw = False
188.0919 	EXP 	dist2_text: autoDraw = False
188.0919 	EXP 	prime_text: autoDraw = False
188.0919 	EXP 	target_text: autoDraw = False
188.0919 	EXP 	dist1_text: autoDraw = False
188.0919 	EXP 	dist2_text: autoDraw = False
188.0919 	EXP 	fixation_text: autoDraw = True
191.5685 	EXP 	New trial (rep=0, index=20): {u'trial_number': 91, u'prime': u'xxxx', u'target': u'xxxx', u'semstr_category': 0, u'semstr': 0.0, u'dist1': u'xxxx', u'dist2': u'xxxx', u'list_AB': u'A'}
191.6021 	EXP 	fixation_text: autoDraw = False
191.6021 	EXP 	fixation_text: autoDraw = False
191.6021 	EXP 	prime_text: text = u'xxxx'
191.6021 	EXP 	target_text: text = u'xxxx'
191.6021 	EXP 	target_text: pos = array([ 0. , -0.2])
191.6021 	EXP 	dist1_text: text = u'xxxx'
191.6021 	EXP 	dist1_text: pos = array([-0.5, -0.2])
191.6021 	EXP 	dist2_text: text = u'xxxx'
191.6021 	EXP 	dist2_text: pos = array([ 0.5, -0.2])
191.6021 	EXP 	prime_text: autoDraw = True
191.6021 	EXP 	target_text: autoDraw = True
191.6021 	EXP 	dist1_text: autoDraw = True
191.6021 	EXP 	dist2_text: autoDraw = True
195.5746 	EXP 	prime_text: autoDraw = False
195.5746 	EXP 	target_text: autoDraw = False
195.5746 	EXP 	dist1_text: autoDraw = False
195.5746 	EXP 	dist2_text: autoDraw = False
195.5746 	EXP 	prime_text: autoDraw = False
195.5746 	EXP 	target_text: autoDraw = False
195.5746 	EXP 	dist1_text: autoDraw = False
195.5746 	EXP 	dist2_text: autoDraw = False
195.5746 	EXP 	fixation_text: autoDraw = True
199.0512 	EXP 	New trial (rep=0, index=21): {u'trial_number': 89, u'prime': u'xxxx', u'target': u'xxxx', u'semstr_category': 0, u'semstr': 0.0, u'dist1': u'xxxx', u'dist2': u'xxxx', u'list_AB': u'A'}
199.0666 	EXP 	fixation_text: autoDraw = False
199.0666 	EXP 	fixation_text: autoDraw = False
199.0666 	EXP 	prime_text: text = u'xxxx'
199.0666 	EXP 	target_text: text = u'xxxx'
199.0666 	EXP 	target_text: pos = array([ 0.5, -0.2])
199.0666 	EXP 	dist1_text: text = u'xxxx'
199.0666 	EXP 	dist1_text: pos = array([-0.5, -0.2])
199.0666 	EXP 	dist2_text: text = u'xxxx'
199.0666 	EXP 	dist2_text: pos = array([ 0. , -0.2])
199.0666 	EXP 	prime_text: autoDraw = True
199.0666 	EXP 	target_text: autoDraw = True
199.0666 	EXP 	dist1_text: autoDraw = True
199.0666 	EXP 	dist2_text: autoDraw = True
203.0575 	EXP 	prime_text: autoDraw = False
203.0575 	EXP 	target_text: autoDraw = False
203.0575 	EXP 	dist1_text: autoDraw = False
203.0575 	EXP 	dist2_text: autoDraw = False
203.0575 	EXP 	prime_text: autoDraw = False
203.0575 	EXP 	target_text: autoDraw = False
203.0575 	EXP 	dist1_text: autoDraw = False
203.0575 	EXP 	dist2_text: autoDraw = False
203.0575 	EXP 	fixation_text: autoDraw = True
206.0352 	EXP 	New trial (rep=0, index=22): {u'trial_number': 66, u'prime': u'pond', u'target': u'duck', u'semstr_category': 2, u'semstr': 0.23999999999999999, u'dist1': u'almond', u'dist2': u'hurt', u'list_AB': u'A'}
206.0697 	EXP 	fixation_text: autoDraw = False
206.0697 	EXP 	fixation_text: autoDraw = False
206.0697 	EXP 	prime_text: text = u'pond'
206.0697 	EXP 	target_text: text = u'duck'
206.0697 	EXP 	target_text: pos = array([ 0. , -0.2])
206.0697 	EXP 	dist1_text: text = u'almond'
206.0697 	EXP 	dist1_text: pos = array([-0.5, -0.2])
206.0697 	EXP 	dist2_text: text = u'hurt'
206.0697 	EXP 	dist2_text: pos = array([ 0.5, -0.2])
206.0697 	EXP 	prime_text: autoDraw = True
206.0697 	EXP 	target_text: autoDraw = True
206.0697 	EXP 	dist1_text: autoDraw = True
206.0697 	EXP 	dist2_text: autoDraw = True
208.8448 	DATA 	Keypress: down
210.0414 	EXP 	prime_text: autoDraw = False
210.0414 	EXP 	target_text: autoDraw = False
210.0414 	EXP 	dist1_text: autoDraw = False
210.0414 	EXP 	dist2_text: autoDraw = False
210.0414 	EXP 	prime_text: autoDraw = False
210.0414 	EXP 	target_text: autoDraw = False
210.0414 	EXP 	dist1_text: autoDraw = False
210.0414 	EXP 	dist2_text: autoDraw = False
210.0414 	EXP 	fixation_text: autoDraw = True
211.5223 	EXP 	New trial (rep=0, index=23): {u'trial_number': 36, u'prime': u'sting', u'target': u'mosquito', u'semstr_category': 1, u'semstr': 0.01, u'dist1': u'tune', u'dist2': u'harvest', u'list_AB': u'A'}
211.5594 	EXP 	fixation_text: autoDraw = False
211.5594 	EXP 	fixation_text: autoDraw = False
211.5594 	EXP 	prime_text: text = u'sting'
211.5594 	EXP 	target_text: text = u'mosquito'
211.5594 	EXP 	target_text: pos = array([ 0.5, -0.2])
211.5594 	EXP 	dist1_text: text = u'tune'
211.5594 	EXP 	dist1_text: pos = array([-0.5, -0.2])
211.5594 	EXP 	dist2_text: text = u'harvest'
211.5594 	EXP 	dist2_text: pos = array([ 0. , -0.2])
211.5594 	EXP 	prime_text: autoDraw = True
211.5594 	EXP 	target_text: autoDraw = True
211.5594 	EXP 	dist1_text: autoDraw = True
211.5594 	EXP 	dist2_text: autoDraw = True
214.2324 	DATA 	Keypress: right
215.5286 	EXP 	prime_text: autoDraw = False
215.5286 	EXP 	target_text: autoDraw = False
215.5286 	EXP 	dist1_text: autoDraw = False
215.5286 	EXP 	dist2_text: autoDraw = False
215.5286 	EXP 	prime_text: autoDraw = False
215.5286 	EXP 	target_text: autoDraw = False
215.5286 	EXP 	dist1_text: autoDraw = False
215.5286 	EXP 	dist2_text: autoDraw = False
215.5286 	EXP 	fixation_text: autoDraw = True
219.0054 	EXP 	New trial (rep=0, index=24): {u'trial_number': 61, u'prime': u'night', u'target': u'owl', u'semstr_category': 2, u'semstr': 0.31, u'dist1': u'almond', u'dist2': u'tea', u'list_AB': u'A'}
219.0402 	EXP 	fixation_text: autoDraw = False
219.0402 	EXP 	fixation_text: autoDraw = False
219.0402 	EXP 	prime_text: text = u'night'
219.0402 	EXP 	target_text: text = u'owl'
219.0402 	EXP 	target_text: pos = array([-0.5, -0.2])
219.0402 	EXP 	dist1_text: text = u'almond'
219.0402 	EXP 	dist1_text: pos = array([ 0.5, -0.2])
219.0402 	EXP 	dist2_text: text = u'tea'
219.0402 	EXP 	dist2_text: pos = array([ 0. , -0.2])
219.0402 	EXP 	prime_text: autoDraw = True
219.0402 	EXP 	target_text: autoDraw = True
219.0402 	EXP 	dist1_text: autoDraw = True
219.0402 	EXP 	dist2_text: autoDraw = True
221.0996 	DATA 	Keypress: left
223.0113 	EXP 	prime_text: autoDraw = False
223.0113 	EXP 	target_text: autoDraw = False
223.0113 	EXP 	dist1_text: autoDraw = False
223.0113 	EXP 	dist2_text: autoDraw = False
223.0113 	EXP 	prime_text: autoDraw = False
223.0113 	EXP 	target_text: autoDraw = False
223.0113 	EXP 	dist1_text: autoDraw = False
223.0113 	EXP 	dist2_text: autoDraw = False
223.0113 	EXP 	fixation_text: autoDraw = True
226.4876 	EXP 	New trial (rep=0, index=25): {u'trial_number': 71, u'prime': u'shrimp', u'target': u'seafood', u'semstr_category': 2, u'semstr': 0.25, u'dist1': u'gravy', u'dist2': u'mattress', u'list_AB': u'A'}
226.5190 	EXP 	fixation_text: autoDraw = False
226.5190 	EXP 	fixation_text: autoDraw = False
226.5190 	EXP 	prime_text: text = u'shrimp'
226.5190 	EXP 	target_text: text = u'seafood'
226.5190 	EXP 	target_text: pos = array([ 0. , -0.2])
226.5190 	EXP 	dist1_text: text = u'gravy'
226.5190 	EXP 	dist1_text: pos = array([ 0.5, -0.2])
226.5190 	EXP 	dist2_text: text = u'mattress'
226.5190 	EXP 	dist2_text: pos = array([-0.5, -0.2])
226.5190 	EXP 	prime_text: autoDraw = True
226.5190 	EXP 	target_text: autoDraw = True
226.5190 	EXP 	dist1_text: autoDraw = True
226.5190 	EXP 	dist2_text: autoDraw = True
228.3660 	DATA 	Keypress: down
230.4941 	EXP 	prime_text: autoDraw = False
230.4941 	EXP 	target_text: autoDraw = False
230.4941 	EXP 	dist1_text: autoDraw = False
230.4941 	EXP 	dist2_text: autoDraw = False
230.4941 	EXP 	prime_text: autoDraw = False
230.4941 	EXP 	target_text: autoDraw = False
230.4941 	EXP 	dist1_text: autoDraw = False
230.4941 	EXP 	dist2_text: autoDraw = False
230.4941 	EXP 	fixation_text: autoDraw = True
233.4714 	EXP 	New trial (rep=0, index=26): {u'trial_number': 65, u'prime': u'planet', u'target': u'jupiter', u'semstr_category': 2, u'semstr': 0.46999999999999997, u'dist1': u'chisel', u'dist2': u'wagon', u'list_AB': u'A'}
233.5074 	EXP 	fixation_text: autoDraw = False
233.5074 	EXP 	fixation_text: autoDraw = False
233.5074 	EXP 	prime_text: text = u'planet'
233.5074 	EXP 	target_text: text = u'jupiter'
233.5074 	EXP 	target_text: pos = array([ 0. , -0.2])
233.5074 	EXP 	dist1_text: text = u'chisel'
233.5074 	EXP 	dist1_text: pos = array([-0.5, -0.2])
233.5074 	EXP 	dist2_text: text = u'wagon'
233.5074 	EXP 	dist2_text: pos = array([ 0.5, -0.2])
233.5074 	EXP 	prime_text: autoDraw = True
233.5074 	EXP 	target_text: autoDraw = True
233.5074 	EXP 	dist1_text: autoDraw = True
233.5074 	EXP 	dist2_text: autoDraw = True
235.7157 	DATA 	Keypress: down
237.4780 	EXP 	prime_text: autoDraw = False
237.4780 	EXP 	target_text: autoDraw = False
237.4780 	EXP 	dist1_text: autoDraw = False
237.4780 	EXP 	dist2_text: autoDraw = False
237.4780 	EXP 	prime_text: autoDraw = False
237.4780 	EXP 	target_text: autoDraw = False
237.4780 	EXP 	dist1_text: autoDraw = False
237.4780 	EXP 	dist2_text: autoDraw = False
237.4780 	EXP 	fixation_text: autoDraw = True
240.4555 	EXP 	New trial (rep=0, index=27): {u'trial_number': 80, u'prime': u'wool', u'target': u'sheep', u'semstr_category': 2, u'semstr': 0.28999999999999998, u'dist1': u'pane', u'dist2': u'snot', u'list_AB': u'A'}
240.4841 	EXP 	fixation_text: autoDraw = False
240.4841 	EXP 	fixation_text: autoDraw = False
240.4841 	EXP 	prime_text: text = u'wool'
240.4841 	EXP 	target_text: text = u'sheep'
240.4841 	EXP 	target_text: pos = array([-0.5, -0.2])
240.4841 	EXP 	dist1_text: text = u'pane'
240.4841 	EXP 	dist1_text: pos = array([ 0. , -0.2])
240.4841 	EXP 	dist2_text: text = u'snot'
240.4841 	EXP 	dist2_text: pos = array([ 0.5, -0.2])
240.4841 	EXP 	prime_text: autoDraw = True
240.4841 	EXP 	target_text: autoDraw = True
240.4841 	EXP 	dist1_text: autoDraw = True
240.4841 	EXP 	dist2_text: autoDraw = True
241.5855 	DATA 	Keypress: down
242.0845 	DATA 	Keypress: left
244.4620 	EXP 	prime_text: autoDraw = False
244.4620 	EXP 	target_text: autoDraw = False
244.4620 	EXP 	dist1_text: autoDraw = False
244.4620 	EXP 	dist2_text: autoDraw = False
244.4620 	EXP 	prime_text: autoDraw = False
244.4620 	EXP 	target_text: autoDraw = False
244.4620 	EXP 	dist1_text: autoDraw = False
244.4620 	EXP 	dist2_text: autoDraw = False
244.4620 	EXP 	fixation_text: autoDraw = True
245.9431 	EXP 	New trial (rep=0, index=28): {u'trial_number': 5, u'prime': u'blouse', u'target': u'sleeve', u'semstr_category': 1, u'semstr': 0.01, u'dist1': u'towel', u'dist2': u'patio', u'list_AB': u'A'}
245.9796 	EXP 	fixation_text: autoDraw = False
245.9796 	EXP 	fixation_text: autoDraw = False
245.9796 	EXP 	prime_text: text = u'blouse'
245.9796 	EXP 	target_text: text = u'sleeve'
245.9796 	EXP 	target_text: pos = array([-0.5, -0.2])
245.9796 	EXP 	dist1_text: text = u'towel'
245.9796 	EXP 	dist1_text: pos = array([ 0.5, -0.2])
245.9796 	EXP 	dist2_text: text = u'patio'
245.9796 	EXP 	dist2_text: pos = array([ 0. , -0.2])
245.9796 	EXP 	prime_text: autoDraw = True
245.9796 	EXP 	target_text: autoDraw = True
245.9796 	EXP 	dist1_text: autoDraw = True
245.9796 	EXP 	dist2_text: autoDraw = True
249.6670 	DATA 	Keypress: left
249.9494 	EXP 	prime_text: autoDraw = False
249.9494 	EXP 	target_text: autoDraw = False
249.9494 	EXP 	dist1_text: autoDraw = False
249.9494 	EXP 	dist2_text: autoDraw = False
249.9494 	EXP 	prime_text: autoDraw = False
249.9494 	EXP 	target_text: autoDraw = False
249.9494 	EXP 	dist1_text: autoDraw = False
249.9494 	EXP 	dist2_text: autoDraw = False
249.9494 	EXP 	fixation_text: autoDraw = True
251.9291 	EXP 	New trial (rep=0, index=29): {u'trial_number': 52, u'prime': u'hound', u'target': u'fox', u'semstr_category': 2, u'semstr': 0.20999999999999999, u'dist1': u'keg', u'dist2': u'sharpener', u'list_AB': u'A'}
251.9603 	EXP 	fixation_text: autoDraw = False
251.9603 	EXP 	fixation_text: autoDraw = False
251.9603 	EXP 	prime_text: text = u'hound'
251.9603 	EXP 	target_text: text = u'fox'
251.9603 	EXP 	target_text: pos = array([ 0. , -0.2])
251.9603 	EXP 	dist1_text: text = u'keg'
251.9603 	EXP 	dist1_text: pos = array([ 0.5, -0.2])
251.9603 	EXP 	dist2_text: text = u'sharpener'
251.9603 	EXP 	dist2_text: pos = array([-0.5, -0.2])
251.9603 	EXP 	prime_text: autoDraw = True
251.9603 	EXP 	target_text: autoDraw = True
251.9603 	EXP 	dist1_text: autoDraw = True
251.9603 	EXP 	dist2_text: autoDraw = True
253.7575 	DATA 	Keypress: down
255.9355 	EXP 	prime_text: autoDraw = False
255.9355 	EXP 	target_text: autoDraw = False
255.9355 	EXP 	dist1_text: autoDraw = False
255.9355 	EXP 	dist2_text: autoDraw = False
255.9355 	EXP 	prime_text: autoDraw = False
255.9355 	EXP 	target_text: autoDraw = False
255.9355 	EXP 	dist1_text: autoDraw = False
255.9355 	EXP 	dist2_text: autoDraw = False
255.9355 	EXP 	fixation_text: autoDraw = True
257.9152 	EXP 	New trial (rep=0, index=30): {u'trial_number': 98, u'prime': u'xxxx', u'target': u'xxxx', u'semstr_category': 0, u'semstr': 0.0, u'dist1': u'xxxx', u'dist2': u'xxxx', u'list_AB': u'A'}
257.9450 	EXP 	fixation_text: autoDraw = False
257.9450 	EXP 	fixation_text: autoDraw = False
257.9450 	EXP 	prime_text: text = u'xxxx'
257.9450 	EXP 	target_text: text = u'xxxx'
257.9450 	EXP 	target_text: pos = array([-0.5, -0.2])
257.9450 	EXP 	dist1_text: text = u'xxxx'
257.9450 	EXP 	dist1_text: pos = array([ 0. , -0.2])
257.9450 	EXP 	dist2_text: text = u'xxxx'
257.9450 	EXP 	dist2_text: pos = array([ 0.5, -0.2])
257.9450 	EXP 	prime_text: autoDraw = True
257.9450 	EXP 	target_text: autoDraw = True
257.9450 	EXP 	dist1_text: autoDraw = True
257.9450 	EXP 	dist2_text: autoDraw = True
259.8271 	DATA 	Keypress: left
261.9217 	EXP 	prime_text: autoDraw = False
261.9217 	EXP 	target_text: autoDraw = False
261.9217 	EXP 	dist1_text: autoDraw = False
261.9217 	EXP 	dist2_text: autoDraw = False
261.9217 	EXP 	prime_text: autoDraw = False
261.9217 	EXP 	target_text: autoDraw = False
261.9217 	EXP 	dist1_text: autoDraw = False
261.9217 	EXP 	dist2_text: autoDraw = False
261.9217 	EXP 	fixation_text: autoDraw = True
263.9013 	EXP 	New trial (rep=0, index=31): {u'trial_number': 78, u'prime': u'travel', u'target': u'luggage', u'semstr_category': 2, u'semstr': 0.20999999999999999, u'dist1': u'thorn', u'dist2': u'telescope', u'list_AB': u'A'}
263.9327 	EXP 	fixation_text: autoDraw = False
263.9327 	EXP 	fixation_text: autoDraw = False
263.9327 	EXP 	prime_text: text = u'travel'
263.9327 	EXP 	target_text: text = u'luggage'
263.9327 	EXP 	target_text: pos = array([ 0.5, -0.2])
263.9327 	EXP 	dist1_text: text = u'thorn'
263.9327 	EXP 	dist1_text: pos = array([-0.5, -0.2])
263.9327 	EXP 	dist2_text: text = u'telescope'
263.9327 	EXP 	dist2_text: pos = array([ 0. , -0.2])
263.9327 	EXP 	prime_text: autoDraw = True
263.9327 	EXP 	target_text: autoDraw = True
263.9327 	EXP 	dist1_text: autoDraw = True
263.9327 	EXP 	dist2_text: autoDraw = True
266.2121 	DATA 	Keypress: right
267.9078 	EXP 	prime_text: autoDraw = False
267.9078 	EXP 	target_text: autoDraw = False
267.9078 	EXP 	dist1_text: autoDraw = False
267.9078 	EXP 	dist2_text: autoDraw = False
267.9078 	EXP 	prime_text: autoDraw = False
267.9078 	EXP 	target_text: autoDraw = False
267.9078 	EXP 	dist1_text: autoDraw = False
267.9078 	EXP 	dist2_text: autoDraw = False
267.9078 	EXP 	fixation_text: autoDraw = True
270.8852 	EXP 	New trial (rep=0, index=32): {u'trial_number': 34, u'prime': u'saw', u'target': u'axe', u'semstr_category': 1, u'semstr': 0.02, u'dist1': u'cabin', u'dist2': u'giraffe', u'list_AB': u'A'}
270.9164 	EXP 	fixation_text: autoDraw = False
270.9164 	EXP 	fixation_text: autoDraw = False
270.9164 	EXP 	prime_text: text = u'saw'
270.9164 	EXP 	target_text: text = u'axe'
270.9164 	EXP 	target_text: pos = array([ 0.5, -0.2])
270.9164 	EXP 	dist1_text: text = u'cabin'
270.9164 	EXP 	dist1_text: pos = array([-0.5, -0.2])
270.9164 	EXP 	dist2_text: text = u'giraffe'
270.9164 	EXP 	dist2_text: pos = array([ 0. , -0.2])
270.9164 	EXP 	prime_text: autoDraw = True
270.9164 	EXP 	target_text: autoDraw = True
270.9164 	EXP 	dist1_text: autoDraw = True
270.9164 	EXP 	dist2_text: autoDraw = True
272.7640 	DATA 	Keypress: right
274.8917 	EXP 	prime_text: autoDraw = False
274.8917 	EXP 	target_text: autoDraw = False
274.8917 	EXP 	dist1_text: autoDraw = False
274.8917 	EXP 	dist2_text: autoDraw = False
274.8917 	EXP 	prime_text: autoDraw = False
274.8917 	EXP 	target_text: autoDraw = False
274.8917 	EXP 	dist1_text: autoDraw = False
274.8917 	EXP 	dist2_text: autoDraw = False
274.8917 	EXP 	fixation_text: autoDraw = True
277.3704 	EXP 	New trial (rep=0, index=33): {u'trial_number': 58, u'prime': u'mountain', u'target': u'hill', u'semstr_category': 2, u'semstr': 0.42999999999999999, u'dist1': u'church', u'dist2': u'update', u'list_AB': u'A'}
277.4038 	EXP 	fixation_text: autoDraw = False
277.4038 	EXP 	fixation_text: autoDraw = False
277.4038 	EXP 	prime_text: text = u'mountain'
277.4038 	EXP 	target_text: text = u'hill'
277.4038 	EXP 	target_text: pos = array([-0.5, -0.2])
277.4038 	EXP 	dist1_text: text = u'church'
277.4038 	EXP 	dist1_text: pos = array([ 0. , -0.2])
277.4038 	EXP 	dist2_text: text = u'update'
277.4038 	EXP 	dist2_text: pos = array([ 0.5, -0.2])
277.4038 	EXP 	prime_text: autoDraw = True
277.4038 	EXP 	target_text: autoDraw = True
277.4038 	EXP 	dist1_text: autoDraw = True
277.4038 	EXP 	dist2_text: autoDraw = True
278.8664 	DATA 	Keypress: left
281.3768 	EXP 	prime_text: autoDraw = False
281.3768 	EXP 	target_text: autoDraw = False
281.3768 	EXP 	dist1_text: autoDraw = False
281.3768 	EXP 	dist2_text: autoDraw = False
281.3768 	EXP 	prime_text: autoDraw = False
281.3768 	EXP 	target_text: autoDraw = False
281.3768 	EXP 	dist1_text: autoDraw = False
281.3768 	EXP 	dist2_text: autoDraw = False
281.3768 	EXP 	fixation_text: autoDraw = True
283.3566 	EXP 	New trial (rep=0, index=34): {u'trial_number': 49, u'prime': u'fork', u'target': u'knife', u'semstr_category': 2, u'semstr': 0.33000000000000002, u'dist1': u'acorn', u'dist2': u'grape', u'list_AB': u'A'}
283.3883 	EXP 	fixation_text: autoDraw = False
283.3883 	EXP 	fixation_text: autoDraw = False
283.3883 	EXP 	prime_text: text = u'fork'
283.3883 	EXP 	target_text: text = u'knife'
283.3883 	EXP 	target_text: pos = array([ 0.5, -0.2])
283.3883 	EXP 	dist1_text: text = u'acorn'
283.3883 	EXP 	dist1_text: pos = array([ 0. , -0.2])
283.3883 	EXP 	dist2_text: text = u'grape'
283.3883 	EXP 	dist2_text: pos = array([-0.5, -0.2])
283.3883 	EXP 	prime_text: autoDraw = True
283.3883 	EXP 	target_text: autoDraw = True
283.3883 	EXP 	dist1_text: autoDraw = True
283.3883 	EXP 	dist2_text: autoDraw = True
284.9716 	DATA 	Keypress: right
287.3631 	EXP 	prime_text: autoDraw = False
287.3631 	EXP 	target_text: autoDraw = False
287.3631 	EXP 	dist1_text: autoDraw = False
287.3631 	EXP 	dist2_text: autoDraw = False
287.3631 	EXP 	prime_text: autoDraw = False
287.3631 	EXP 	target_text: autoDraw = False
287.3631 	EXP 	dist1_text: autoDraw = False
287.3631 	EXP 	dist2_text: autoDraw = False
287.3631 	EXP 	fixation_text: autoDraw = True
290.3402 	EXP 	New trial (rep=0, index=35): {u'trial_number': 28, u'prime': u'plan', u'target': u'mission', u'semstr_category': 1, u'semstr': 0.01, u'dist1': u'suit', u'dist2': u'coffin', u'list_AB': u'A'}
290.3685 	EXP 	fixation_text: autoDraw = False
290.3685 	EXP 	fixation_text: autoDraw = False
290.3685 	EXP 	prime_text: text = u'plan'
290.3685 	EXP 	target_text: text = u'mission'
290.3685 	EXP 	target_text: pos = array([-0.5, -0.2])
290.3685 	EXP 	dist1_text: text = u'suit'
290.3685 	EXP 	dist1_text: pos = array([ 0.5, -0.2])
290.3685 	EXP 	dist2_text: text = u'coffin'
290.3685 	EXP 	dist2_text: pos = array([ 0. , -0.2])
290.3685 	EXP 	prime_text: autoDraw = True
290.3685 	EXP 	target_text: autoDraw = True
290.3685 	EXP 	dist1_text: autoDraw = True
290.3685 	EXP 	dist2_text: autoDraw = True
292.8009 	DATA 	Keypress: left
294.3469 	EXP 	prime_text: autoDraw = False
294.3469 	EXP 	target_text: autoDraw = False
294.3469 	EXP 	dist1_text: autoDraw = False
294.3469 	EXP 	dist2_text: autoDraw = False
294.3469 	EXP 	prime_text: autoDraw = False
294.3469 	EXP 	target_text: autoDraw = False
294.3469 	EXP 	dist1_text: autoDraw = False
294.3469 	EXP 	dist2_text: autoDraw = False
294.3469 	EXP 	fixation_text: autoDraw = True
296.3267 	EXP 	New trial (rep=0, index=36): {u'trial_number': 53, u'prime': u'ice', u'target': u'igloo', u'semstr_category': 2, u'semstr': 0.28999999999999998, u'dist1': u'cigar', u'dist2': u'cork', u'list_AB': u'A'}
296.3591 	EXP 	fixation_text: autoDraw = False
296.3591 	EXP 	fixation_text: autoDraw = False
296.3591 	EXP 	prime_text: text = u'ice'
296.3591 	EXP 	target_text: text = u'igloo'
296.3591 	EXP 	target_text: pos = array([-0.5, -0.2])
296.3591 	EXP 	dist1_text: text = u'cigar'
296.3591 	EXP 	dist1_text: pos = array([ 0. , -0.2])
296.3591 	EXP 	dist2_text: text = u'cork'
296.3591 	EXP 	dist2_text: pos = array([ 0.5, -0.2])
296.3591 	EXP 	prime_text: autoDraw = True
296.3591 	EXP 	target_text: autoDraw = True
296.3591 	EXP 	dist1_text: autoDraw = True
296.3591 	EXP 	dist2_text: autoDraw = True
297.7560 	DATA 	Keypress: left
300.3332 	EXP 	prime_text: autoDraw = False
300.3332 	EXP 	target_text: autoDraw = False
300.3332 	EXP 	dist1_text: autoDraw = False
300.3332 	EXP 	dist2_text: autoDraw = False
300.3332 	EXP 	prime_text: autoDraw = False
300.3332 	EXP 	target_text: autoDraw = False
300.3332 	EXP 	dist1_text: autoDraw = False
300.3332 	EXP 	dist2_text: autoDraw = False
300.3332 	EXP 	fixation_text: autoDraw = True
301.8134 	EXP 	New trial (rep=0, index=37): {u'trial_number': 76, u'prime': u'sugar', u'target': u'cane', u'semstr_category': 2, u'semstr': 0.27000000000000002, u'dist1': u'tone', u'dist2': u'vein', u'list_AB': u'A'}
301.8413 	EXP 	fixation_text: autoDraw = False
301.8413 	EXP 	fixation_text: autoDraw = False
301.8413 	EXP 	prime_text: text = u'sugar'
301.8413 	EXP 	target_text: text = u'cane'
301.8413 	EXP 	target_text: pos = array([ 0.5, -0.2])
301.8413 	EXP 	dist1_text: text = u'tone'
301.8413 	EXP 	dist1_text: pos = array([ 0. , -0.2])
301.8413 	EXP 	dist2_text: text = u'vein'
301.8413 	EXP 	dist2_text: pos = array([-0.5, -0.2])
301.8413 	EXP 	prime_text: autoDraw = True
301.8413 	EXP 	target_text: autoDraw = True
301.8413 	EXP 	dist1_text: autoDraw = True
301.8413 	EXP 	dist2_text: autoDraw = True
303.3763 	DATA 	Keypress: right
305.8206 	EXP 	prime_text: autoDraw = False
305.8206 	EXP 	target_text: autoDraw = False
305.8206 	EXP 	dist1_text: autoDraw = False
305.8206 	EXP 	dist2_text: autoDraw = False
305.8206 	EXP 	prime_text: autoDraw = False
305.8206 	EXP 	target_text: autoDraw = False
305.8206 	EXP 	dist1_text: autoDraw = False
305.8206 	EXP 	dist2_text: autoDraw = False
305.8206 	EXP 	fixation_text: autoDraw = True
309.2967 	EXP 	New trial (rep=0, index=38): {u'trial_number': 12, u'prime': u'god', u'target': u'temple', u'semstr_category': 1, u'semstr': 0.059999999999999998, u'dist1': u'lamb', u'dist2': u'knocker', u'list_AB': u'A'}
309.3262 	EXP 	fixation_text: autoDraw = False
309.3262 	EXP 	fixation_text: autoDraw = False
309.3262 	EXP 	prime_text: text = u'god'
309.3262 	EXP 	target_text: text = u'temple'
309.3262 	EXP 	target_text: pos = array([ 0. , -0.2])
309.3262 	EXP 	dist1_text: text = u'lamb'
309.3262 	EXP 	dist1_text: pos = array([ 0.5, -0.2])
309.3262 	EXP 	dist2_text: text = u'knocker'
309.3262 	EXP 	dist2_text: pos = array([-0.5, -0.2])
309.3262 	EXP 	prime_text: autoDraw = True
309.3262 	EXP 	target_text: autoDraw = True
309.3262 	EXP 	dist1_text: autoDraw = True
309.3262 	EXP 	dist2_text: autoDraw = True
311.2082 	DATA 	Keypress: down
313.3032 	EXP 	prime_text: autoDraw = False
313.3032 	EXP 	target_text: autoDraw = False
313.3032 	EXP 	dist1_text: autoDraw = False
313.3032 	EXP 	dist2_text: autoDraw = False
313.3032 	EXP 	prime_text: autoDraw = False
313.3032 	EXP 	target_text: autoDraw = False
313.3032 	EXP 	dist1_text: autoDraw = False
313.3032 	EXP 	dist2_text: autoDraw = False
313.3032 	EXP 	fixation_text: autoDraw = True
316.2807 	EXP 	New trial (rep=0, index=39): {u'trial_number': 57, u'prime': u'milk', u'target': u'cow', u'semstr_category': 2, u'semstr': 0.34999999999999998, u'dist1': u'wasp', u'dist2': u'salt', u'list_AB': u'A'}
316.3124 	EXP 	fixation_text: autoDraw = False
316.3124 	EXP 	fixation_text: autoDraw = False
316.3124 	EXP 	prime_text: text = u'milk'
316.3124 	EXP 	target_text: text = u'cow'
316.3124 	EXP 	target_text: pos = array([-0.5, -0.2])
316.3124 	EXP 	dist1_text: text = u'wasp'
316.3124 	EXP 	dist1_text: pos = array([ 0. , -0.2])
316.3124 	EXP 	dist2_text: text = u'salt'
316.3124 	EXP 	dist2_text: pos = array([ 0.5, -0.2])
316.3124 	EXP 	prime_text: autoDraw = True
316.3124 	EXP 	target_text: autoDraw = True
316.3124 	EXP 	dist1_text: autoDraw = True
316.3124 	EXP 	dist2_text: autoDraw = True
318.0616 	DATA 	Keypress: left
320.2872 	EXP 	prime_text: autoDraw = False
320.2872 	EXP 	target_text: autoDraw = False
320.2872 	EXP 	dist1_text: autoDraw = False
320.2872 	EXP 	dist2_text: autoDraw = False
320.2872 	EXP 	prime_text: autoDraw = False
320.2872 	EXP 	target_text: autoDraw = False
320.2872 	EXP 	dist1_text: autoDraw = False
320.2872 	EXP 	dist2_text: autoDraw = False
320.2872 	EXP 	fixation_text: autoDraw = True
321.7682 	EXP 	New trial (rep=0, index=40): {u'trial_number': 6, u'prime': u'bomb', u'target': u'timer', u'semstr_category': 1, u'semstr': 0.01, u'dist1': u'bracelet', u'dist2': u'honey', u'list_AB': u'A'}
321.8034 	EXP 	fixation_text: autoDraw = False
321.8034 	EXP 	fixation_text: autoDraw = False
321.8034 	EXP 	prime_text: text = u'bomb'
321.8034 	EXP 	target_text: text = u'timer'
321.8034 	EXP 	target_text: pos = array([ 0.5, -0.2])
321.8034 	EXP 	dist1_text: text = u'bracelet'
321.8034 	EXP 	dist1_text: pos = array([-0.5, -0.2])
321.8034 	EXP 	dist2_text: text = u'honey'
321.8034 	EXP 	dist2_text: pos = array([ 0. , -0.2])
321.8034 	EXP 	prime_text: autoDraw = True
321.8034 	EXP 	target_text: autoDraw = True
321.8034 	EXP 	dist1_text: autoDraw = True
321.8034 	EXP 	dist2_text: autoDraw = True
323.6131 	DATA 	Keypress: right
325.7743 	EXP 	prime_text: autoDraw = False
325.7743 	EXP 	target_text: autoDraw = False
325.7743 	EXP 	dist1_text: autoDraw = False
325.7743 	EXP 	dist2_text: autoDraw = False
325.7743 	EXP 	prime_text: autoDraw = False
325.7743 	EXP 	target_text: autoDraw = False
325.7743 	EXP 	dist1_text: autoDraw = False
325.7743 	EXP 	dist2_text: autoDraw = False
325.7743 	EXP 	fixation_text: autoDraw = True
329.2507 	EXP 	New trial (rep=0, index=41): {u'trial_number': 87, u'prime': u'xxxx', u'target': u'xxxx', u'semstr_category': 0, u'semstr': 0.0, u'dist1': u'xxxx', u'dist2': u'xxxx', u'list_AB': u'A'}
329.2820 	EXP 	fixation_text: autoDraw = False
329.2820 	EXP 	fixation_text: autoDraw = False
329.2820 	EXP 	prime_text: text = u'xxxx'
329.2820 	EXP 	target_text: text = u'xxxx'
329.2820 	EXP 	target_text: pos = array([ 0.5, -0.2])
329.2820 	EXP 	dist1_text: text = u'xxxx'
329.2820 	EXP 	dist1_text: pos = array([-0.5, -0.2])
329.2820 	EXP 	dist2_text: text = u'xxxx'
329.2820 	EXP 	dist2_text: pos = array([ 0. , -0.2])
329.2820 	EXP 	prime_text: autoDraw = True
329.2820 	EXP 	target_text: autoDraw = True
329.2820 	EXP 	dist1_text: autoDraw = True
329.2820 	EXP 	dist2_text: autoDraw = True
333.2570 	EXP 	prime_text: autoDraw = False
333.2570 	EXP 	target_text: autoDraw = False
333.2570 	EXP 	dist1_text: autoDraw = False
333.2570 	EXP 	dist2_text: autoDraw = False
333.2570 	EXP 	prime_text: autoDraw = False
333.2570 	EXP 	target_text: autoDraw = False
333.2570 	EXP 	dist1_text: autoDraw = False
333.2570 	EXP 	dist2_text: autoDraw = False
333.2570 	EXP 	fixation_text: autoDraw = True
336.2346 	EXP 	New trial (rep=0, index=42): {u'trial_number': 40, u'prime': u'wax', u'target': u'polish', u'semstr_category': 1, u'semstr': 0.14000000000000001, u'dist1': u'ranch', u'dist2': u'cabin', u'list_AB': u'A'}
336.2674 	EXP 	fixation_text: autoDraw = False
336.2674 	EXP 	fixation_text: autoDraw = False
336.2674 	EXP 	prime_text: text = u'wax'
336.2674 	EXP 	target_text: text = u'polish'
336.2674 	EXP 	target_text: pos = array([ 0.5, -0.2])
336.2674 	EXP 	dist1_text: text = u'ranch'
336.2674 	EXP 	dist1_text: pos = array([-0.5, -0.2])
336.2674 	EXP 	dist2_text: text = u'cabin'
336.2674 	EXP 	dist2_text: pos = array([ 0. , -0.2])
336.2674 	EXP 	prime_text: autoDraw = True
336.2674 	EXP 	target_text: autoDraw = True
336.2674 	EXP 	dist1_text: autoDraw = True
336.2674 	EXP 	dist2_text: autoDraw = True
338.1629 	DATA 	Keypress: right
340.2409 	EXP 	prime_text: autoDraw = False
340.2409 	EXP 	target_text: autoDraw = False
340.2409 	EXP 	dist1_text: autoDraw = False
340.2409 	EXP 	dist2_text: autoDraw = False
340.2409 	EXP 	prime_text: autoDraw = False
340.2409 	EXP 	target_text: autoDraw = False
340.2409 	EXP 	dist1_text: autoDraw = False
340.2409 	EXP 	dist2_text: autoDraw = False
340.2409 	EXP 	fixation_text: autoDraw = True
343.2185 	EXP 	New trial (rep=0, index=43): {u'trial_number': 38, u'prime': u'string', u'target': u'bow', u'semstr_category': 1, u'semstr': 0.050000000000000003, u'dist1': u'wheat', u'dist2': u'trash', u'list_AB': u'A'}
343.2501 	EXP 	fixation_text: autoDraw = False
343.2501 	EXP 	fixation_text: autoDraw = False
343.2501 	EXP 	prime_text: text = u'string'
343.2501 	EXP 	target_text: text = u'bow'
343.2501 	EXP 	target_text: pos = array([-0.5, -0.2])
343.2501 	EXP 	dist1_text: text = u'wheat'
343.2501 	EXP 	dist1_text: pos = array([ 0.5, -0.2])
343.2501 	EXP 	dist2_text: text = u'trash'
343.2501 	EXP 	dist2_text: pos = array([ 0. , -0.2])
343.2501 	EXP 	prime_text: autoDraw = True
343.2501 	EXP 	target_text: autoDraw = True
343.2501 	EXP 	dist1_text: autoDraw = True
343.2501 	EXP 	dist2_text: autoDraw = True
346.2110 	DATA 	Keypress: left
347.2249 	EXP 	prime_text: autoDraw = False
347.2249 	EXP 	target_text: autoDraw = False
347.2249 	EXP 	dist1_text: autoDraw = False
347.2249 	EXP 	dist2_text: autoDraw = False
347.2249 	EXP 	prime_text: autoDraw = False
347.2249 	EXP 	target_text: autoDraw = False
347.2249 	EXP 	dist1_text: autoDraw = False
347.2249 	EXP 	dist2_text: autoDraw = False
347.2249 	EXP 	fixation_text: autoDraw = True
350.7015 	EXP 	New trial (rep=0, index=44): {u'trial_number': 88, u'prime': u'xxxx', u'target': u'xxxx', u'semstr_category': 0, u'semstr': 0.0, u'dist1': u'xxxx', u'dist2': u'xxxx', u'list_AB': u'A'}
350.7371 	EXP 	fixation_text: autoDraw = False
350.7371 	EXP 	fixation_text: autoDraw = False
350.7371 	EXP 	prime_text: text = u'xxxx'
350.7371 	EXP 	target_text: text = u'xxxx'
350.7371 	EXP 	target_text: pos = array([ 0.5, -0.2])
350.7371 	EXP 	dist1_text: text = u'xxxx'
350.7371 	EXP 	dist1_text: pos = array([-0.5, -0.2])
350.7371 	EXP 	dist2_text: text = u'xxxx'
350.7371 	EXP 	dist2_text: pos = array([ 0. , -0.2])
350.7371 	EXP 	prime_text: autoDraw = True
350.7371 	EXP 	target_text: autoDraw = True
350.7371 	EXP 	dist1_text: autoDraw = True
350.7371 	EXP 	dist2_text: autoDraw = True
354.7077 	EXP 	prime_text: autoDraw = False
354.7077 	EXP 	target_text: autoDraw = False
354.7077 	EXP 	dist1_text: autoDraw = False
354.7077 	EXP 	dist2_text: autoDraw = False
354.7077 	EXP 	prime_text: autoDraw = False
354.7077 	EXP 	target_text: autoDraw = False
354.7077 	EXP 	dist1_text: autoDraw = False
354.7077 	EXP 	dist2_text: autoDraw = False
354.7077 	EXP 	fixation_text: autoDraw = True
357.1864 	EXP 	New trial (rep=0, index=45): {u'trial_number': 16, u'prime': u'insect', u'target': u'maggot', u'semstr_category': 1, u'semstr': 0.050000000000000003, u'dist1': u'shears', u'dist2': u'syringe', u'list_AB': u'A'}
357.2230 	EXP 	fixation_text: autoDraw = False
357.2230 	EXP 	fixation_text: autoDraw = False
357.2230 	EXP 	prime_text: text = u'insect'
357.2230 	EXP 	target_text: text = u'maggot'
357.2230 	EXP 	target_text: pos = array([ 0. , -0.2])
357.2230 	EXP 	dist1_text: text = u'shears'
357.2230 	EXP 	dist1_text: pos = array([-0.5, -0.2])
357.2230 	EXP 	dist2_text: text = u'syringe'
357.2230 	EXP 	dist2_text: pos = array([ 0.5, -0.2])
357.2230 	EXP 	prime_text: autoDraw = True
357.2230 	EXP 	target_text: autoDraw = True
357.2230 	EXP 	dist1_text: autoDraw = True
357.2230 	EXP 	dist2_text: autoDraw = True
359.5802 	DATA 	Keypress: down
361.1927 	EXP 	prime_text: autoDraw = False
361.1927 	EXP 	target_text: autoDraw = False
361.1927 	EXP 	dist1_text: autoDraw = False
361.1927 	EXP 	dist2_text: autoDraw = False
361.1927 	EXP 	prime_text: autoDraw = False
361.1927 	EXP 	target_text: autoDraw = False
361.1927 	EXP 	dist1_text: autoDraw = False
361.1927 	EXP 	dist2_text: autoDraw = False
361.1927 	EXP 	fixation_text: autoDraw = True
362.6737 	EXP 	New trial (rep=0, index=46): {u'trial_number': 56, u'prime': u'lock', u'target': u'key', u'semstr_category': 2, u'semstr': 0.26000000000000001, u'dist1': u'jigsaw', u'dist2': u'oar', u'list_AB': u'A'}
362.7057 	EXP 	fixation_text: autoDraw = False
362.7057 	EXP 	fixation_text: autoDraw = False
362.7057 	EXP 	prime_text: text = u'lock'
362.7057 	EXP 	target_text: text = u'key'
362.7057 	EXP 	target_text: pos = array([ 0. , -0.2])
362.7057 	EXP 	dist1_text: text = u'jigsaw'
362.7057 	EXP 	dist1_text: pos = array([ 0.5, -0.2])
362.7057 	EXP 	dist2_text: text = u'oar'
362.7057 	EXP 	dist2_text: pos = array([-0.5, -0.2])
362.7057 	EXP 	prime_text: autoDraw = True
362.7057 	EXP 	target_text: autoDraw = True
362.7057 	EXP 	dist1_text: autoDraw = True
362.7057 	EXP 	dist2_text: autoDraw = True
364.7018 	DATA 	Keypress: down
366.6800 	EXP 	prime_text: autoDraw = False
366.6800 	EXP 	target_text: autoDraw = False
366.6800 	EXP 	dist1_text: autoDraw = False
366.6800 	EXP 	dist2_text: autoDraw = False
366.6800 	EXP 	prime_text: autoDraw = False
366.6800 	EXP 	target_text: autoDraw = False
366.6800 	EXP 	dist1_text: autoDraw = False
366.6800 	EXP 	dist2_text: autoDraw = False
366.6800 	EXP 	fixation_text: autoDraw = True
368.6600 	EXP 	New trial (rep=0, index=47): {u'trial_number': 11, u'prime': u'door', u'target': u'gate', u'semstr_category': 1, u'semstr': 0.080000000000000002, u'dist1': u'sphinx', u'dist2': u'morning', u'list_AB': u'A'}
368.6944 	EXP 	fixation_text: autoDraw = False
368.6944 	EXP 	fixation_text: autoDraw = False
368.6944 	EXP 	prime_text: text = u'door'
368.6944 	EXP 	target_text: text = u'gate'
368.6944 	EXP 	target_text: pos = array([-0.5, -0.2])
368.6944 	EXP 	dist1_text: text = u'sphinx'
368.6944 	EXP 	dist1_text: pos = array([ 0.5, -0.2])
368.6944 	EXP 	dist2_text: text = u'morning'
368.6944 	EXP 	dist2_text: pos = array([ 0. , -0.2])
368.6944 	EXP 	prime_text: autoDraw = True
368.6944 	EXP 	target_text: autoDraw = True
368.6944 	EXP 	dist1_text: autoDraw = True
368.6944 	EXP 	dist2_text: autoDraw = True
369.9396 	DATA 	Keypress: left
372.6662 	EXP 	prime_text: autoDraw = False
372.6662 	EXP 	target_text: autoDraw = False
372.6662 	EXP 	dist1_text: autoDraw = False
372.6662 	EXP 	dist2_text: autoDraw = False
372.6662 	EXP 	prime_text: autoDraw = False
372.6662 	EXP 	target_text: autoDraw = False
372.6662 	EXP 	dist1_text: autoDraw = False
372.6662 	EXP 	dist2_text: autoDraw = False
372.6662 	EXP 	fixation_text: autoDraw = True
374.6459 	EXP 	New trial (rep=0, index=48): {u'trial_number': 60, u'prime': u'mud', u'target': u'puddle', u'semstr_category': 2, u'semstr': 0.20000000000000001, u'dist1': u'tablet', u'dist2': u'bug', u'list_AB': u'A'}
374.6791 	EXP 	fixation_text: autoDraw = False
374.6791 	EXP 	fixation_text: autoDraw = False
374.6791 	EXP 	prime_text: text = u'mud'
374.6791 	EXP 	target_text: text = u'puddle'
374.6791 	EXP 	target_text: pos = array([ 0.5, -0.2])
374.6791 	EXP 	dist1_text: text = u'tablet'
374.6791 	EXP 	dist1_text: pos = array([-0.5, -0.2])
374.6791 	EXP 	dist2_text: text = u'bug'
374.6791 	EXP 	dist2_text: pos = array([ 0. , -0.2])
374.6791 	EXP 	prime_text: autoDraw = True
374.6791 	EXP 	target_text: autoDraw = True
374.6791 	EXP 	dist1_text: autoDraw = True
374.6791 	EXP 	dist2_text: autoDraw = True
377.1550 	DATA 	Keypress: right
378.6524 	EXP 	prime_text: autoDraw = False
378.6524 	EXP 	target_text: autoDraw = False
378.6524 	EXP 	dist1_text: autoDraw = False
378.6524 	EXP 	dist2_text: autoDraw = False
378.6524 	EXP 	prime_text: autoDraw = False
378.6524 	EXP 	target_text: autoDraw = False
378.6524 	EXP 	dist1_text: autoDraw = False
378.6524 	EXP 	dist2_text: autoDraw = False
378.6524 	EXP 	fixation_text: autoDraw = True
381.6301 	EXP 	New trial (rep=0, index=49): {u'trial_number': 10, u'prime': u'doll', u'target': u'toy', u'semstr_category': 1, u'semstr': 0.089999999999999997, u'dist1': u'bagel', u'dist2': u'protein', u'list_AB': u'A'}
381.6672 	EXP 	fixation_text: autoDraw = False
381.6672 	EXP 	fixation_text: autoDraw = False
381.6672 	EXP 	prime_text: text = u'doll'
381.6672 	EXP 	target_text: text = u'toy'
381.6672 	EXP 	target_text: pos = array([-0.5, -0.2])
381.6672 	EXP 	dist1_text: text = u'bagel'
381.6672 	EXP 	dist1_text: pos = array([ 0. , -0.2])
381.6672 	EXP 	dist2_text: text = u'protein'
381.6672 	EXP 	dist2_text: pos = array([ 0.5, -0.2])
381.6672 	EXP 	prime_text: autoDraw = True
381.6672 	EXP 	target_text: autoDraw = True
381.6672 	EXP 	dist1_text: autoDraw = True
381.6672 	EXP 	dist2_text: autoDraw = True
382.7603 	DATA 	Keypress: left
385.6361 	EXP 	prime_text: autoDraw = False
385.6361 	EXP 	target_text: autoDraw = False
385.6361 	EXP 	dist1_text: autoDraw = False
385.6361 	EXP 	dist2_text: autoDraw = False
385.6361 	EXP 	prime_text: autoDraw = False
385.6361 	EXP 	target_text: autoDraw = False
385.6361 	EXP 	dist1_text: autoDraw = False
385.6361 	EXP 	dist2_text: autoDraw = False
385.6361 	EXP 	fixation_text: autoDraw = True
388.1150 	EXP 	New trial (rep=0, index=50): {u'trial_number': 39, u'prime': u'wallet', u'target': u'pouch', u'semstr_category': 1, u'semstr': 0.01, u'dist1': u'appliance', u'dist2': u'kite', u'list_AB': u'A'}
388.1486 	EXP 	fixation_text: autoDraw = False
388.1486 	EXP 	fixation_text: autoDraw = False
388.1486 	EXP 	prime_text: text = u'wallet'
388.1486 	EXP 	target_text: text = u'pouch'
388.1486 	EXP 	target_text: pos = array([ 0. , -0.2])
388.1486 	EXP 	dist1_text: text = u'appliance'
388.1486 	EXP 	dist1_text: pos = array([ 0.5, -0.2])
388.1486 	EXP 	dist2_text: text = u'kite'
388.1486 	EXP 	dist2_text: pos = array([-0.5, -0.2])
388.1486 	EXP 	prime_text: autoDraw = True
388.1486 	EXP 	target_text: autoDraw = True
388.1486 	EXP 	dist1_text: autoDraw = True
388.1486 	EXP 	dist2_text: autoDraw = True
391.4566 	DATA 	Keypress: down
392.1213 	EXP 	prime_text: autoDraw = False
392.1213 	EXP 	target_text: autoDraw = False
392.1213 	EXP 	dist1_text: autoDraw = False
392.1213 	EXP 	dist2_text: autoDraw = False
392.1213 	EXP 	prime_text: autoDraw = False
392.1213 	EXP 	target_text: autoDraw = False
392.1213 	EXP 	dist1_text: autoDraw = False
392.1213 	EXP 	dist2_text: autoDraw = False
392.1213 	EXP 	fixation_text: autoDraw = True
394.6002 	EXP 	New trial (rep=0, index=51): {u'trial_number': 20, u'prime': u'lemon', u'target': u'slice', u'semstr_category': 1, u'semstr': 0.01, u'dist1': u'knocker', u'dist2': u'cubicle', u'list_AB': u'A'}
394.6365 	EXP 	fixation_text: autoDraw = False
394.6365 	EXP 	fixation_text: autoDraw = False
394.6365 	EXP 	prime_text: text = u'lemon'
394.6365 	EXP 	target_text: text = u'slice'
394.6365 	EXP 	target_text: pos = array([ 0. , -0.2])
394.6365 	EXP 	dist1_text: text = u'knocker'
394.6365 	EXP 	dist1_text: pos = array([ 0.5, -0.2])
394.6365 	EXP 	dist2_text: text = u'cubicle'
394.6365 	EXP 	dist2_text: pos = array([-0.5, -0.2])
394.6365 	EXP 	prime_text: autoDraw = True
394.6365 	EXP 	target_text: autoDraw = True
394.6365 	EXP 	dist1_text: autoDraw = True
394.6365 	EXP 	dist2_text: autoDraw = True
397.9583 	DATA 	Keypress: down
398.6063 	EXP 	prime_text: autoDraw = False
398.6063 	EXP 	target_text: autoDraw = False
398.6063 	EXP 	dist1_text: autoDraw = False
398.6063 	EXP 	dist2_text: autoDraw = False
398.6063 	EXP 	prime_text: autoDraw = False
398.6063 	EXP 	target_text: autoDraw = False
398.6063 	EXP 	dist1_text: autoDraw = False
398.6063 	EXP 	dist2_text: autoDraw = False
398.6063 	EXP 	fixation_text: autoDraw = True
400.5865 	EXP 	New trial (rep=0, index=52): {u'trial_number': 7, u'prime': u'castle', u'target': u'throne', u'semstr_category': 1, u'semstr': 0.02, u'dist1': u'van', u'dist2': u'flute', u'list_AB': u'A'}
400.6238 	EXP 	fixation_text: autoDraw = False
400.6238 	EXP 	fixation_text: autoDraw = False
400.6238 	EXP 	prime_text: text = u'castle'
400.6238 	EXP 	target_text: text = u'throne'
400.6238 	EXP 	target_text: pos = array([-0.5, -0.2])
400.6238 	EXP 	dist1_text: text = u'van'
400.6238 	EXP 	dist1_text: pos = array([ 0. , -0.2])
400.6238 	EXP 	dist2_text: text = u'flute'
400.6238 	EXP 	dist2_text: pos = array([ 0.5, -0.2])
400.6238 	EXP 	prime_text: autoDraw = True
400.6238 	EXP 	target_text: autoDraw = True
400.6238 	EXP 	dist1_text: autoDraw = True
400.6238 	EXP 	dist2_text: autoDraw = True
402.8470 	DATA 	Keypress: left
404.5925 	EXP 	prime_text: autoDraw = False
404.5925 	EXP 	target_text: autoDraw = False
404.5925 	EXP 	dist1_text: autoDraw = False
404.5925 	EXP 	dist2_text: autoDraw = False
404.5925 	EXP 	prime_text: autoDraw = False
404.5925 	EXP 	target_text: autoDraw = False
404.5925 	EXP 	dist1_text: autoDraw = False
404.5925 	EXP 	dist2_text: autoDraw = False
404.5925 	EXP 	fixation_text: autoDraw = True
406.5725 	EXP 	New trial (rep=0, index=53): {u'trial_number': 90, u'prime': u'xxxx', u'target': u'xxxx', u'semstr_category': 0, u'semstr': 0.0, u'dist1': u'xxxx', u'dist2': u'xxxx', u'list_AB': u'A'}
406.6062 	EXP 	fixation_text: autoDraw = False
406.6062 	EXP 	fixation_text: autoDraw = False
406.6062 	EXP 	prime_text: text = u'xxxx'
406.6062 	EXP 	target_text: text = u'xxxx'
406.6062 	EXP 	target_text: pos = array([ 0. , -0.2])
406.6062 	EXP 	dist1_text: text = u'xxxx'
406.6062 	EXP 	dist1_text: pos = array([-0.5, -0.2])
406.6062 	EXP 	dist2_text: text = u'xxxx'
406.6062 	EXP 	dist2_text: pos = array([ 0.5, -0.2])
406.6062 	EXP 	prime_text: autoDraw = True
406.6062 	EXP 	target_text: autoDraw = True
406.6062 	EXP 	dist1_text: autoDraw = True
406.6062 	EXP 	dist2_text: autoDraw = True
410.5786 	EXP 	prime_text: autoDraw = False
410.5786 	EXP 	target_text: autoDraw = False
410.5786 	EXP 	dist1_text: autoDraw = False
410.5786 	EXP 	dist2_text: autoDraw = False
410.5786 	EXP 	prime_text: autoDraw = False
410.5786 	EXP 	target_text: autoDraw = False
410.5786 	EXP 	dist1_text: autoDraw = False
410.5786 	EXP 	dist2_text: autoDraw = False
410.5786 	EXP 	fixation_text: autoDraw = True
412.0595 	EXP 	New trial (rep=0, index=54): {u'trial_number': 63, u'prime': u'nut', u'target': u'almond', u'semstr_category': 2, u'semstr': 0.34000000000000002, u'dist1': u'feathers', u'dist2': u'mask', u'list_AB': u'A'}
412.0875 	EXP 	fixation_text: autoDraw = False
412.0875 	EXP 	fixation_text: autoDraw = False
412.0875 	EXP 	prime_text: text = u'nut'
412.0875 	EXP 	target_text: text = u'almond'
412.0875 	EXP 	target_text: pos = array([ 0.5, -0.2])
412.0875 	EXP 	dist1_text: text = u'feathers'
412.0875 	EXP 	dist1_text: pos = array([-0.5, -0.2])
412.0875 	EXP 	dist2_text: text = u'mask'
412.0875 	EXP 	dist2_text: pos = array([ 0. , -0.2])
412.0875 	EXP 	prime_text: autoDraw = True
412.0875 	EXP 	target_text: autoDraw = True
412.0875 	EXP 	dist1_text: autoDraw = True
412.0875 	EXP 	dist2_text: autoDraw = True
414.5534 	DATA 	Keypress: down
414.8857 	DATA 	Keypress: right
416.0661 	EXP 	prime_text: autoDraw = False
416.0661 	EXP 	target_text: autoDraw = False
416.0661 	EXP 	dist1_text: autoDraw = False
416.0661 	EXP 	dist2_text: autoDraw = False
416.0661 	EXP 	prime_text: autoDraw = False
416.0661 	EXP 	target_text: autoDraw = False
416.0661 	EXP 	dist1_text: autoDraw = False
416.0661 	EXP 	dist2_text: autoDraw = False
416.0661 	EXP 	fixation_text: autoDraw = True
417.4135 	DATA 	Keypress: escape
