1.2073 	WARNING 	pyo audio lib was requested but not loaded: No module named pyo
6.6722 	INFO 	Loaded monitor calibration from ['2017_05_17 09:51']
6.6748 	WARNING 	User requested fullscreen with size [1024  768], but screen is actually [1366, 768]. Using actual size
7.3030 	EXP 	Created window1 = Window(allowGUI=False, allowStencil=False, autoLog=True, bitsMode=UNKNOWN, blendMode='avg', color=array([ 0.7,  0.7,  0.7]), colorSpace='rgb', fullscr=UNKNOWN, gamma=None, lms=UNKNOWN, monitor=<psychopy.monitors.calibTools.Monitor object at 0xa67f556c>, name='window1', pos=[0, 0], screen=0, size=array([1366,  768]), stereo=False, units=u'norm', useFBO=True, useRetina=False, viewOri=0.0, viewPos=None, viewScale=None, waitBlanking=True, winType='pyglet')
7.3031 	EXP 	window1: recordFrameIntervals = False
7.4667 	EXP 	window1: recordFrameIntervals = True
7.6501 	EXP 	window1: recordFrameIntervals = False
7.8348 	EXP 	Created instructions_text = TextStim(alignHoriz='center', alignVert='center', antialias=True, autoLog=True, bold=False, color='black', colorSpace='named', contrast=1.0, depth=0.0, flipHoriz=False, flipVert=False, font='Arial', fontFiles=[], height=0.075, italic=False, name='instructions_text', opacity=1.0, ori=0, pos=array([ 0.,  0.]), rgb=array([ 0.,  0.,  0.]), text=unicode(...), units=u'norm', win=Window(...), wrapWidth=1)
7.8407 	EXP 	Created dummy_text = TextStim(alignHoriz='center', alignVert='center', antialias=True, autoLog=True, bold=False, color='black', colorSpace='named', contrast=1.0, depth=0.0, flipHoriz=False, flipVert=False, font='Arial', fontFiles=[], height=0.3, italic=False, name='dummy_text', opacity=1.0, ori=0, pos=array([ 0.,  0.]), rgb=array([ 0.,  0.,  0.]), text=u'+', units=u'norm', win=Window(...), wrapWidth=1)
7.8489 	EXP 	Created prime_text = TextStim(alignHoriz='center', alignVert='center', antialias=True, autoLog=True, bold=False, color='black', colorSpace='named', contrast=1.0, depth=-3.0, flipHoriz=False, flipVert=False, font='Arial', fontFiles=[], height=0.15, italic=False, name='prime_text', opacity=1.0, ori=0, pos=array([ 0. ,  0.2]), rgb=array([ 0.,  0.,  0.]), text=u'default text', units=u'norm', win=Window(...), wrapWidth=1)
7.8534 	EXP 	Created target_text = TextStim(alignHoriz='center', alignVert='center', antialias=True, autoLog=True, bold=False, color='black', colorSpace='named', contrast=1.0, depth=-4.0, flipHoriz=False, flipVert=False, font='Arial', fontFiles=[], height=0.15, italic=False, name='target_text', opacity=1.0, ori=0, pos=array([ 0.,  0.]), rgb=array([ 0.,  0.,  0.]), text=u'default text', units=u'norm', win=Window(...), wrapWidth=1)
7.8579 	EXP 	Created dist1_text = TextStim(alignHoriz='center', alignVert='center', antialias=True, autoLog=True, bold=False, color='black', colorSpace='named', contrast=1.0, depth=-5.0, flipHoriz=False, flipVert=False, font='Arial', fontFiles=[], height=0.15, italic=False, name='dist1_text', opacity=1.0, ori=0, pos=array([ 0.,  0.]), rgb=array([ 0.,  0.,  0.]), text=u'default text', units=u'norm', win=Window(...), wrapWidth=1)
7.8625 	EXP 	Created dist2_text = TextStim(alignHoriz='center', alignVert='center', antialias=True, autoLog=True, bold=False, color='black', colorSpace='named', contrast=1.0, depth=-6.0, flipHoriz=False, flipVert=False, font='Arial', fontFiles=[], height=0.15, italic=False, name='dist2_text', opacity=1.0, ori=0, pos=array([ 0.,  0.]), rgb=array([ 0.,  0.,  0.]), text=u'default text', units=u'norm', win=Window(...), wrapWidth=1)
7.8651 	EXP 	Created fixation_text = TextStim(alignHoriz='center', alignVert='center', antialias=True, autoLog=True, bold=False, color='black', colorSpace='named', contrast=1.0, depth=-1.0, flipHoriz=False, flipVert=False, font='Arial', fontFiles=[], height=0.3, italic=False, name='fixation_text', opacity=1.0, ori=0, pos=array([ 0.,  0.]), rgb=array([ 0.,  0.,  0.]), text=u'+', units=u'norm', win=Window(...), wrapWidth=1)
7.8763 	EXP 	Created thankyou_text = TextStim(alignHoriz='center', alignVert='center', antialias=True, autoLog=True, bold=False, color='black', colorSpace='named', contrast=1.0, depth=0.0, flipHoriz=False, flipVert=False, font='Arial', fontFiles=[], height=0.1, italic=False, name='thankyou_text', opacity=1.0, ori=0, pos=array([ 0.,  0.]), rgb=array([ 0.,  0.,  0.]), text=u'End of experiment.\n\nThank you.', units=u'norm', win=Window(...), wrapWidth=1)
7.8841 	EXP 	instructions_text: autoDraw = True
21.2523 	DATA 	Keypress: 3
21.2525 	EXP 	launchScan: vol: 1500  TR: 0.585s  skip: 0  sync: '5'
21.2924 	EXP 	window1: mouseVisible = False
21.3102 	EXP 	instructions_text: autoDraw = False
21.9530 	DATA 	Keypress: 5
21.9531 	EXP 	launchScan: start of scan
21.9664 	EXP 	dummy_text: autoDraw = True
27.9848 	EXP 	Imported conds/Semantic_ListA.csv as conditions, 100 conditions, 8 params
27.9868 	EXP 	Created sequence: random, trialTypes=100, nReps=1, seed=None
27.9880 	EXP 	New trial (rep=0, index=0): {u'trial_number': 46, u'prime': u'date', u'target': u'calendar', u'semstr_category': 2, u'semstr': 0.23000000000000001, u'dist1': u'cane', u'dist2': u'signature', u'list_AB': u'A'}
28.0284 	EXP 	dummy_text: autoDraw = False
28.0284 	EXP 	dummy_text: autoDraw = False
28.0284 	EXP 	prime_text: text = u'date'
28.0284 	EXP 	target_text: text = u'calendar'
28.0284 	EXP 	target_text: pos = array([ 0. , -0.2])
28.0284 	EXP 	dist1_text: text = u'cane'
28.0284 	EXP 	dist1_text: pos = array([ 0.5, -0.2])
28.0284 	EXP 	dist2_text: text = u'signature'
28.0284 	EXP 	dist2_text: pos = array([-0.5, -0.2])
28.0284 	EXP 	prime_text: autoDraw = True
28.0284 	EXP 	target_text: autoDraw = True
28.0284 	EXP 	dist1_text: autoDraw = True
28.0284 	EXP 	dist2_text: autoDraw = True
31.9766 	EXP 	prime_text: autoDraw = False
31.9766 	EXP 	target_text: autoDraw = False
31.9766 	EXP 	dist1_text: autoDraw = False
31.9766 	EXP 	dist2_text: autoDraw = False
31.9766 	EXP 	fixation_text: autoDraw = True
34.4555 	EXP 	New trial (rep=0, index=1): {u'trial_number': 37, u'prime': u'stone', u'target': u'kidney', u'semstr_category': 1, u'semstr': 0.050000000000000003, u'dist1': u'morning', u'dist2': u'bench', u'list_AB': u'A'}
34.4960 	EXP 	fixation_text: autoDraw = False
34.4960 	EXP 	fixation_text: autoDraw = False
34.4960 	EXP 	prime_text: text = u'stone'
34.4960 	EXP 	target_text: text = u'kidney'
34.4960 	EXP 	target_text: pos = array([-0.5, -0.2])
34.4960 	EXP 	dist1_text: text = u'morning'
34.4960 	EXP 	dist1_text: pos = array([ 0.5, -0.2])
34.4960 	EXP 	dist2_text: text = u'bench'
34.4960 	EXP 	dist2_text: pos = array([ 0. , -0.2])
34.4960 	EXP 	prime_text: autoDraw = True
34.4960 	EXP 	target_text: autoDraw = True
34.4960 	EXP 	dist1_text: autoDraw = True
34.4960 	EXP 	dist2_text: autoDraw = True
38.4616 	EXP 	prime_text: autoDraw = False
38.4616 	EXP 	target_text: autoDraw = False
38.4616 	EXP 	dist1_text: autoDraw = False
38.4616 	EXP 	dist2_text: autoDraw = False
38.4616 	EXP 	prime_text: autoDraw = False
38.4616 	EXP 	target_text: autoDraw = False
38.4616 	EXP 	dist1_text: autoDraw = False
38.4616 	EXP 	dist2_text: autoDraw = False
38.4616 	EXP 	fixation_text: autoDraw = True
41.9380 	EXP 	New trial (rep=0, index=2): {u'trial_number': 49, u'prime': u'fork', u'target': u'knife', u'semstr_category': 2, u'semstr': 0.33000000000000002, u'dist1': u'acorn', u'dist2': u'grape', u'list_AB': u'A'}
41.9680 	EXP 	fixation_text: autoDraw = False
41.9680 	EXP 	fixation_text: autoDraw = False
41.9680 	EXP 	prime_text: text = u'fork'
41.9680 	EXP 	target_text: text = u'knife'
41.9680 	EXP 	target_text: pos = array([-0.5, -0.2])
41.9680 	EXP 	dist1_text: text = u'acorn'
41.9680 	EXP 	dist1_text: pos = array([ 0. , -0.2])
41.9680 	EXP 	dist2_text: text = u'grape'
41.9680 	EXP 	dist2_text: pos = array([ 0.5, -0.2])
41.9680 	EXP 	prime_text: autoDraw = True
41.9680 	EXP 	target_text: autoDraw = True
41.9680 	EXP 	dist1_text: autoDraw = True
41.9680 	EXP 	dist2_text: autoDraw = True
45.9443 	EXP 	prime_text: autoDraw = False
45.9443 	EXP 	target_text: autoDraw = False
45.9443 	EXP 	dist1_text: autoDraw = False
45.9443 	EXP 	dist2_text: autoDraw = False
45.9443 	EXP 	prime_text: autoDraw = False
45.9443 	EXP 	target_text: autoDraw = False
45.9443 	EXP 	dist1_text: autoDraw = False
45.9443 	EXP 	dist2_text: autoDraw = False
45.9443 	EXP 	fixation_text: autoDraw = True
49.4208 	EXP 	New trial (rep=0, index=3): {u'trial_number': 43, u'prime': u'carpet', u'target': u'rug', u'semstr_category': 2, u'semstr': 0.46999999999999997, u'dist1': u'mule', u'dist2': u'hinge', u'list_AB': u'A'}
49.4532 	EXP 	fixation_text: autoDraw = False
49.4532 	EXP 	fixation_text: autoDraw = False
49.4532 	EXP 	prime_text: text = u'carpet'
49.4532 	EXP 	target_text: text = u'rug'
49.4532 	EXP 	target_text: pos = array([-0.5, -0.2])
49.4532 	EXP 	dist1_text: text = u'mule'
49.4532 	EXP 	dist1_text: pos = array([ 0. , -0.2])
49.4532 	EXP 	dist2_text: text = u'hinge'
49.4532 	EXP 	dist2_text: pos = array([ 0.5, -0.2])
49.4532 	EXP 	prime_text: autoDraw = True
49.4532 	EXP 	target_text: autoDraw = True
49.4532 	EXP 	dist1_text: autoDraw = True
49.4532 	EXP 	dist2_text: autoDraw = True
53.4270 	EXP 	prime_text: autoDraw = False
53.4270 	EXP 	target_text: autoDraw = False
53.4270 	EXP 	dist1_text: autoDraw = False
53.4270 	EXP 	dist2_text: autoDraw = False
53.4270 	EXP 	prime_text: autoDraw = False
53.4270 	EXP 	target_text: autoDraw = False
53.4270 	EXP 	dist1_text: autoDraw = False
53.4270 	EXP 	dist2_text: autoDraw = False
53.4270 	EXP 	fixation_text: autoDraw = True
55.9056 	EXP 	New trial (rep=0, index=4): {u'trial_number': 40, u'prime': u'wax', u'target': u'polish', u'semstr_category': 1, u'semstr': 0.14000000000000001, u'dist1': u'ranch', u'dist2': u'cabin', u'list_AB': u'A'}
55.9362 	EXP 	fixation_text: autoDraw = False
55.9362 	EXP 	fixation_text: autoDraw = False
55.9362 	EXP 	prime_text: text = u'wax'
55.9362 	EXP 	target_text: text = u'polish'
55.9362 	EXP 	target_text: pos = array([-0.5, -0.2])
55.9362 	EXP 	dist1_text: text = u'ranch'
55.9362 	EXP 	dist1_text: pos = array([ 0.5, -0.2])
55.9362 	EXP 	dist2_text: text = u'cabin'
55.9362 	EXP 	dist2_text: pos = array([ 0. , -0.2])
55.9362 	EXP 	prime_text: autoDraw = True
55.9362 	EXP 	target_text: autoDraw = True
55.9362 	EXP 	dist1_text: autoDraw = True
55.9362 	EXP 	dist2_text: autoDraw = True
59.9120 	EXP 	prime_text: autoDraw = False
59.9120 	EXP 	target_text: autoDraw = False
59.9120 	EXP 	dist1_text: autoDraw = False
59.9120 	EXP 	dist2_text: autoDraw = False
59.9120 	EXP 	prime_text: autoDraw = False
59.9120 	EXP 	target_text: autoDraw = False
59.9120 	EXP 	dist1_text: autoDraw = False
59.9120 	EXP 	dist2_text: autoDraw = False
59.9120 	EXP 	fixation_text: autoDraw = True
62.3907 	EXP 	New trial (rep=0, index=5): {u'trial_number': 91, u'prime': u'xxxx', u'target': u'xxxx', u'semstr_category': 0, u'semstr': 0.0, u'dist1': u'xxxx', u'dist2': u'xxxx', u'list_AB': u'A'}
62.4213 	EXP 	fixation_text: autoDraw = False
62.4213 	EXP 	fixation_text: autoDraw = False
62.4213 	EXP 	prime_text: text = u'xxxx'
62.4213 	EXP 	target_text: text = u'xxxx'
62.4213 	EXP 	target_text: pos = array([-0.5, -0.2])
62.4213 	EXP 	dist1_text: text = u'xxxx'
62.4213 	EXP 	dist1_text: pos = array([ 0. , -0.2])
62.4213 	EXP 	dist2_text: text = u'xxxx'
62.4213 	EXP 	dist2_text: pos = array([ 0.5, -0.2])
62.4213 	EXP 	prime_text: autoDraw = True
62.4213 	EXP 	target_text: autoDraw = True
62.4213 	EXP 	dist1_text: autoDraw = True
62.4213 	EXP 	dist2_text: autoDraw = True
66.3971 	EXP 	prime_text: autoDraw = False
66.3971 	EXP 	target_text: autoDraw = False
66.3971 	EXP 	dist1_text: autoDraw = False
66.3971 	EXP 	dist2_text: autoDraw = False
66.3971 	EXP 	prime_text: autoDraw = False
66.3971 	EXP 	target_text: autoDraw = False
66.3971 	EXP 	dist1_text: autoDraw = False
66.3971 	EXP 	dist2_text: autoDraw = False
66.3971 	EXP 	fixation_text: autoDraw = True
68.3770 	EXP 	New trial (rep=0, index=6): {u'trial_number': 19, u'prime': u'leaves', u'target': u'ivy', u'semstr_category': 1, u'semstr': 0.01, u'dist1': u'bass', u'dist2': u'toy', u'list_AB': u'A'}
68.4091 	EXP 	fixation_text: autoDraw = False
68.4091 	EXP 	fixation_text: autoDraw = False
68.4091 	EXP 	prime_text: text = u'leaves'
68.4091 	EXP 	target_text: text = u'ivy'
68.4091 	EXP 	target_text: pos = array([-0.5, -0.2])
68.4091 	EXP 	dist1_text: text = u'bass'
68.4091 	EXP 	dist1_text: pos = array([ 0.5, -0.2])
68.4091 	EXP 	dist2_text: text = u'toy'
68.4091 	EXP 	dist2_text: pos = array([ 0. , -0.2])
68.4091 	EXP 	prime_text: autoDraw = True
68.4091 	EXP 	target_text: autoDraw = True
68.4091 	EXP 	dist1_text: autoDraw = True
68.4091 	EXP 	dist2_text: autoDraw = True
72.3833 	EXP 	prime_text: autoDraw = False
72.3833 	EXP 	target_text: autoDraw = False
72.3833 	EXP 	dist1_text: autoDraw = False
72.3833 	EXP 	dist2_text: autoDraw = False
72.3833 	EXP 	prime_text: autoDraw = False
72.3833 	EXP 	target_text: autoDraw = False
72.3833 	EXP 	dist1_text: autoDraw = False
72.3833 	EXP 	dist2_text: autoDraw = False
72.3833 	EXP 	fixation_text: autoDraw = True
75.3607 	EXP 	New trial (rep=0, index=7): {u'trial_number': 26, u'prime': u'past', u'target': u'legend', u'semstr_category': 1, u'semstr': 0.01, u'dist1': u'topping', u'dist2': u'claw ', u'list_AB': u'A'}
75.3914 	EXP 	fixation_text: autoDraw = False
75.3914 	EXP 	fixation_text: autoDraw = False
75.3914 	EXP 	prime_text: text = u'past'
75.3914 	EXP 	target_text: text = u'legend'
75.3914 	EXP 	target_text: pos = array([ 0. , -0.2])
75.3914 	EXP 	dist1_text: text = u'topping'
75.3914 	EXP 	dist1_text: pos = array([ 0.5, -0.2])
75.3914 	EXP 	dist2_text: text = u'claw '
75.3914 	EXP 	dist2_text: pos = array([-0.5, -0.2])
75.3914 	EXP 	prime_text: autoDraw = True
75.3914 	EXP 	target_text: autoDraw = True
75.3914 	EXP 	dist1_text: autoDraw = True
75.3914 	EXP 	dist2_text: autoDraw = True
79.3671 	EXP 	prime_text: autoDraw = False
79.3671 	EXP 	target_text: autoDraw = False
79.3671 	EXP 	dist1_text: autoDraw = False
79.3671 	EXP 	dist2_text: autoDraw = False
79.3671 	EXP 	prime_text: autoDraw = False
79.3671 	EXP 	target_text: autoDraw = False
79.3671 	EXP 	dist1_text: autoDraw = False
79.3671 	EXP 	dist2_text: autoDraw = False
79.3671 	EXP 	fixation_text: autoDraw = True
80.8480 	EXP 	New trial (rep=0, index=8): {u'trial_number': 88, u'prime': u'xxxx', u'target': u'xxxx', u'semstr_category': 0, u'semstr': 0.0, u'dist1': u'xxxx', u'dist2': u'xxxx', u'list_AB': u'A'}
80.8762 	EXP 	fixation_text: autoDraw = False
80.8762 	EXP 	fixation_text: autoDraw = False
80.8762 	EXP 	prime_text: text = u'xxxx'
80.8762 	EXP 	target_text: text = u'xxxx'
80.8762 	EXP 	target_text: pos = array([-0.5, -0.2])
80.8762 	EXP 	dist1_text: text = u'xxxx'
80.8762 	EXP 	dist1_text: pos = array([ 0. , -0.2])
80.8762 	EXP 	dist2_text: text = u'xxxx'
80.8762 	EXP 	dist2_text: pos = array([ 0.5, -0.2])
80.8762 	EXP 	prime_text: autoDraw = True
80.8762 	EXP 	target_text: autoDraw = True
80.8762 	EXP 	dist1_text: autoDraw = True
80.8762 	EXP 	dist2_text: autoDraw = True
84.8545 	EXP 	prime_text: autoDraw = False
84.8545 	EXP 	target_text: autoDraw = False
84.8545 	EXP 	dist1_text: autoDraw = False
84.8545 	EXP 	dist2_text: autoDraw = False
84.8545 	EXP 	prime_text: autoDraw = False
84.8545 	EXP 	target_text: autoDraw = False
84.8545 	EXP 	dist1_text: autoDraw = False
84.8545 	EXP 	dist2_text: autoDraw = False
84.8545 	EXP 	fixation_text: autoDraw = True
88.3306 	EXP 	New trial (rep=0, index=9): {u'trial_number': 84, u'prime': u'xxxx', u'target': u'xxxx', u'semstr_category': 0, u'semstr': 0.0, u'dist1': u'xxxx', u'dist2': u'xxxx', u'list_AB': u'A'}
88.3462 	EXP 	fixation_text: autoDraw = False
88.3462 	EXP 	fixation_text: autoDraw = False
88.3462 	EXP 	prime_text: text = u'xxxx'
88.3462 	EXP 	target_text: text = u'xxxx'
88.3462 	EXP 	target_text: pos = array([ 0. , -0.2])
88.3462 	EXP 	dist1_text: text = u'xxxx'
88.3462 	EXP 	dist1_text: pos = array([-0.5, -0.2])
88.3462 	EXP 	dist2_text: text = u'xxxx'
88.3462 	EXP 	dist2_text: pos = array([ 0.5, -0.2])
88.3462 	EXP 	prime_text: autoDraw = True
88.3462 	EXP 	target_text: autoDraw = True
88.3462 	EXP 	dist1_text: autoDraw = True
88.3462 	EXP 	dist2_text: autoDraw = True
92.3372 	EXP 	prime_text: autoDraw = False
92.3372 	EXP 	target_text: autoDraw = False
92.3372 	EXP 	dist1_text: autoDraw = False
92.3372 	EXP 	dist2_text: autoDraw = False
92.3372 	EXP 	prime_text: autoDraw = False
92.3372 	EXP 	target_text: autoDraw = False
92.3372 	EXP 	dist1_text: autoDraw = False
92.3372 	EXP 	dist2_text: autoDraw = False
92.3372 	EXP 	fixation_text: autoDraw = True
93.8181 	EXP 	New trial (rep=0, index=10): {u'trial_number': 99, u'prime': u'xxxx', u'target': u'xxxx', u'semstr_category': 0, u'semstr': 0.0, u'dist1': u'xxxx', u'dist2': u'xxxx', u'list_AB': u'A'}
93.8338 	EXP 	fixation_text: autoDraw = False
93.8338 	EXP 	fixation_text: autoDraw = False
93.8338 	EXP 	prime_text: text = u'xxxx'
93.8338 	EXP 	target_text: text = u'xxxx'
93.8338 	EXP 	target_text: pos = array([-0.5, -0.2])
93.8338 	EXP 	dist1_text: text = u'xxxx'
93.8338 	EXP 	dist1_text: pos = array([ 0.5, -0.2])
93.8338 	EXP 	dist2_text: text = u'xxxx'
93.8338 	EXP 	dist2_text: pos = array([ 0. , -0.2])
93.8338 	EXP 	prime_text: autoDraw = True
93.8338 	EXP 	target_text: autoDraw = True
93.8338 	EXP 	dist1_text: autoDraw = True
93.8338 	EXP 	dist2_text: autoDraw = True
97.8245 	EXP 	prime_text: autoDraw = False
97.8245 	EXP 	target_text: autoDraw = False
97.8245 	EXP 	dist1_text: autoDraw = False
97.8245 	EXP 	dist2_text: autoDraw = False
97.8245 	EXP 	prime_text: autoDraw = False
97.8245 	EXP 	target_text: autoDraw = False
97.8245 	EXP 	dist1_text: autoDraw = False
97.8245 	EXP 	dist2_text: autoDraw = False
97.8245 	EXP 	fixation_text: autoDraw = True
99.8043 	EXP 	New trial (rep=0, index=11): {u'trial_number': 71, u'prime': u'shrimp', u'target': u'seafood', u'semstr_category': 2, u'semstr': 0.25, u'dist1': u'gravy', u'dist2': u'mattress', u'list_AB': u'A'}
99.8362 	EXP 	fixation_text: autoDraw = False
99.8362 	EXP 	fixation_text: autoDraw = False
99.8362 	EXP 	prime_text: text = u'shrimp'
99.8362 	EXP 	target_text: text = u'seafood'
99.8362 	EXP 	target_text: pos = array([ 0. , -0.2])
99.8362 	EXP 	dist1_text: text = u'gravy'
99.8362 	EXP 	dist1_text: pos = array([-0.5, -0.2])
99.8362 	EXP 	dist2_text: text = u'mattress'
99.8362 	EXP 	dist2_text: pos = array([ 0.5, -0.2])
99.8362 	EXP 	prime_text: autoDraw = True
99.8362 	EXP 	target_text: autoDraw = True
99.8362 	EXP 	dist1_text: autoDraw = True
99.8362 	EXP 	dist2_text: autoDraw = True
103.8107 	EXP 	prime_text: autoDraw = False
103.8107 	EXP 	target_text: autoDraw = False
103.8107 	EXP 	dist1_text: autoDraw = False
103.8107 	EXP 	dist2_text: autoDraw = False
103.8107 	EXP 	prime_text: autoDraw = False
103.8107 	EXP 	target_text: autoDraw = False
103.8107 	EXP 	dist1_text: autoDraw = False
103.8107 	EXP 	dist2_text: autoDraw = False
103.8107 	EXP 	fixation_text: autoDraw = True
107.2871 	EXP 	New trial (rep=0, index=12): {u'trial_number': 10, u'prime': u'doll', u'target': u'toy', u'semstr_category': 1, u'semstr': 0.089999999999999997, u'dist1': u'bagel', u'dist2': u'protein', u'list_AB': u'A'}
107.3186 	EXP 	fixation_text: autoDraw = False
107.3186 	EXP 	fixation_text: autoDraw = False
107.3186 	EXP 	prime_text: text = u'doll'
107.3186 	EXP 	target_text: text = u'toy'
107.3186 	EXP 	target_text: pos = array([ 0. , -0.2])
107.3186 	EXP 	dist1_text: text = u'bagel'
107.3186 	EXP 	dist1_text: pos = array([ 0.5, -0.2])
107.3186 	EXP 	dist2_text: text = u'protein'
107.3186 	EXP 	dist2_text: pos = array([-0.5, -0.2])
107.3186 	EXP 	prime_text: autoDraw = True
107.3186 	EXP 	target_text: autoDraw = True
107.3186 	EXP 	dist1_text: autoDraw = True
107.3186 	EXP 	dist2_text: autoDraw = True
111.2935 	EXP 	prime_text: autoDraw = False
111.2935 	EXP 	target_text: autoDraw = False
111.2935 	EXP 	dist1_text: autoDraw = False
111.2935 	EXP 	dist2_text: autoDraw = False
111.2935 	EXP 	prime_text: autoDraw = False
111.2935 	EXP 	target_text: autoDraw = False
111.2935 	EXP 	dist1_text: autoDraw = False
111.2935 	EXP 	dist2_text: autoDraw = False
111.2935 	EXP 	fixation_text: autoDraw = True
113.2731 	EXP 	New trial (rep=0, index=13): {u'trial_number': 8, u'prime': u'chair', u'target': u'swing', u'semstr_category': 1, u'semstr': 0.029999999999999999, u'dist1': u'tomato', u'dist2': u'litre', u'list_AB': u'A'}
113.3040 	EXP 	fixation_text: autoDraw = False
113.3040 	EXP 	fixation_text: autoDraw = False
113.3040 	EXP 	prime_text: text = u'chair'
113.3040 	EXP 	target_text: text = u'swing'
113.3040 	EXP 	target_text: pos = array([ 0.5, -0.2])
113.3040 	EXP 	dist1_text: text = u'tomato'
113.3040 	EXP 	dist1_text: pos = array([-0.5, -0.2])
113.3040 	EXP 	dist2_text: text = u'litre'
113.3040 	EXP 	dist2_text: pos = array([ 0. , -0.2])
113.3040 	EXP 	prime_text: autoDraw = True
113.3040 	EXP 	target_text: autoDraw = True
113.3040 	EXP 	dist1_text: autoDraw = True
113.3040 	EXP 	dist2_text: autoDraw = True
116.2659 	DATA 	Keypress: escape
