1.1492 	WARNING 	pyo audio lib was requested but not loaded: No module named pyo
2.5313 	INFO 	Loaded monitor calibration from ['2017_05_17 09:51']
2.5337 	WARNING 	User requested fullscreen with size [1920 1080], but screen is actually [1366, 768]. Using actual size
3.1759 	EXP 	Created window1 = Window(allowGUI=False, allowStencil=False, autoLog=True, bitsMode=UNKNOWN, blendMode='avg', color=array([ 1.,  1.,  1.]), colorSpace='rgb', fullscr=UNKNOWN, gamma=None, lms=UNKNOWN, monitor=<psychopy.monitors.calibTools.Monitor object at 0xa67903cc>, name='window1', pos=[0, 0], screen=0, size=array([1366,  768]), stereo=False, units=u'norm', useFBO=True, useRetina=False, viewOri=0.0, viewPos=None, viewScale=None, waitBlanking=True, winType='pyglet')
3.1761 	EXP 	window1: recordFrameIntervals = False
3.3390 	EXP 	window1: recordFrameIntervals = True
3.5226 	EXP 	window1: recordFrameIntervals = False
3.6524 	EXP 	Created instructions_text = TextStim(alignHoriz='center', alignVert='center', antialias=True, autoLog=True, bold=False, color='black', colorSpace='named', contrast=1.0, depth=0.0, flipHoriz=False, flipVert=False, font='Arial', fontFiles=[], height=0.075, italic=False, name='instructions_text', opacity=1.0, ori=0, pos=array([ 0.,  0.]), rgb=array([ 0.,  0.,  0.]), text=unicode(...), units=u'norm', win=Window(...), wrapWidth=1)
3.6582 	EXP 	Created dummy_text = TextStim(alignHoriz='center', alignVert='center', antialias=True, autoLog=True, bold=False, color='black', colorSpace='named', contrast=1.0, depth=0.0, flipHoriz=False, flipVert=False, font='Arial', fontFiles=[], height=0.3, italic=False, name='dummy_text', opacity=1.0, ori=0, pos=array([ 0.,  0.]), rgb=array([ 0.,  0.,  0.]), text=u'+', units=u'norm', win=Window(...), wrapWidth=1)
3.6607 	EXP 	Created unnamed ImageStim = ImageStim(autoLog=True, color=array([ 1.,  1.,  1.]), colorSpace='rgb', contrast=1.0, depth=0, flipHoriz=False, flipVert=False, image=None, interpolate=False, mask=None, maskParams=None, name='unnamed ImageStim', opacity=1.0, ori=0.0, pos=array([ 0.,  0.]), size=array([ 960.,  720.]), texRes=128, units=u'norm', win=Window(...))
3.6636 	EXP 	Created fixation_text = TextStim(alignHoriz='center', alignVert='center', antialias=True, autoLog=True, bold=False, color='black', colorSpace='named', contrast=1.0, depth=-1.0, flipHoriz=False, flipVert=False, font='Arial', fontFiles=[], height=0.3, italic=False, name='fixation_text', opacity=1.0, ori=0, pos=array([ 0.,  0.]), rgb=array([ 0.,  0.,  0.]), text=u'+', units=u'norm', win=Window(...), wrapWidth=1)
3.6756 	EXP 	Created thankyou_text = TextStim(alignHoriz='center', alignVert='center', antialias=True, autoLog=True, bold=False, color='black', colorSpace='named', contrast=1.0, depth=0.0, flipHoriz=False, flipVert=False, font='Arial', fontFiles=[], height=0.1, italic=False, name='thankyou_text', opacity=1.0, ori=0, pos=array([ 0.,  0.]), rgb=array([ 0.,  0.,  0.]), text=u'End of experiment.\n\nThank you.', units=u'norm', win=Window(...), wrapWidth=1)
3.6823 	EXP 	instructions_text: autoDraw = True
4.0544 	DATA 	Keypress: 3
4.0545 	EXP 	launchScan: vol: 1500  TR: 0.585s  skip: 0  sync: '5'
4.0751 	EXP 	window1: mouseVisible = False
4.0914 	EXP 	instructions_text: autoDraw = False
4.8137 	DATA 	Keypress: 5
4.8137 	EXP 	launchScan: start of scan
4.8205 	EXP 	dummy_text: autoDraw = True
10.8121 	EXP 	Imported Episodic_Encoding/Episodic_ListA.csv as conditions, 22 conditions, 2 params
10.8132 	EXP 	Created sequence: random, trialTypes=22, nReps=1, seed=None
10.8142 	EXP 	New trial (rep=0, index=0): {u'list_AB': u'A', u'wordpair': u'Episodic_Encoding/Episodic_Encoding_ListA/2.jpg'}
10.8365 	EXP 	dummy_text: autoDraw = False
10.8365 	EXP 	dummy_text: autoDraw = False
10.8365 	EXP 	unnamed ImageStim: image = u'Episodic_Encoding/Episodic_Encoding_ListA/2.jpg'
10.8365 	EXP 	unnamed ImageStim: autoDraw = True
14.8294 	EXP 	unnamed ImageStim: autoDraw = False
14.8294 	EXP 	unnamed ImageStim: autoDraw = False
14.8294 	EXP 	fixation_text: autoDraw = True
16.8095 	EXP 	New trial (rep=0, index=1): {u'list_AB': u'A', u'wordpair': u'Episodic_Encoding/Episodic_Encoding_ListA/19.jpg'}
16.8282 	EXP 	fixation_text: autoDraw = False
16.8282 	EXP 	fixation_text: autoDraw = False
16.8282 	EXP 	unnamed ImageStim: image = u'Episodic_Encoding/Episodic_Encoding_ListA/19.jpg'
16.8282 	EXP 	unnamed ImageStim: autoDraw = True
20.8155 	EXP 	unnamed ImageStim: autoDraw = False
20.8155 	EXP 	unnamed ImageStim: autoDraw = False
20.8155 	EXP 	fixation_text: autoDraw = True
24.2922 	EXP 	New trial (rep=0, index=2): {u'list_AB': u'A', u'wordpair': u'Episodic_Encoding/Episodic_Encoding_ListA/7.jpg'}
24.3084 	EXP 	fixation_text: autoDraw = False
24.3084 	EXP 	fixation_text: autoDraw = False
24.3084 	EXP 	unnamed ImageStim: image = u'Episodic_Encoding/Episodic_Encoding_ListA/7.jpg'
24.3084 	EXP 	unnamed ImageStim: autoDraw = True
28.2983 	EXP 	unnamed ImageStim: autoDraw = False
28.2983 	EXP 	unnamed ImageStim: autoDraw = False
28.2983 	EXP 	fixation_text: autoDraw = True
30.2785 	EXP 	New trial (rep=0, index=3): {u'list_AB': u'A', u'wordpair': u'Episodic_Encoding/Episodic_Encoding_ListA/15.jpg'}
30.2951 	EXP 	fixation_text: autoDraw = False
30.2951 	EXP 	fixation_text: autoDraw = False
30.2951 	EXP 	unnamed ImageStim: image = u'Episodic_Encoding/Episodic_Encoding_ListA/15.jpg'
30.2951 	EXP 	unnamed ImageStim: autoDraw = True
34.2844 	EXP 	unnamed ImageStim: autoDraw = False
34.2844 	EXP 	unnamed ImageStim: autoDraw = False
34.2844 	EXP 	fixation_text: autoDraw = True
36.2643 	EXP 	New trial (rep=0, index=4): {u'list_AB': u'A', u'wordpair': u'Episodic_Encoding/Episodic_Encoding_ListA/22.jpg'}
36.2809 	EXP 	fixation_text: autoDraw = False
36.2809 	EXP 	fixation_text: autoDraw = False
36.2809 	EXP 	unnamed ImageStim: image = u'Episodic_Encoding/Episodic_Encoding_ListA/22.jpg'
36.2809 	EXP 	unnamed ImageStim: autoDraw = True
40.2708 	EXP 	unnamed ImageStim: autoDraw = False
40.2708 	EXP 	unnamed ImageStim: autoDraw = False
40.2708 	EXP 	fixation_text: autoDraw = True
43.7473 	EXP 	New trial (rep=0, index=5): {u'list_AB': u'A', u'wordpair': u'Episodic_Encoding/Episodic_Encoding_ListA/3.jpg'}
43.7642 	EXP 	fixation_text: autoDraw = False
43.7642 	EXP 	fixation_text: autoDraw = False
43.7642 	EXP 	unnamed ImageStim: image = u'Episodic_Encoding/Episodic_Encoding_ListA/3.jpg'
43.7642 	EXP 	unnamed ImageStim: autoDraw = True
47.7534 	EXP 	unnamed ImageStim: autoDraw = False
47.7534 	EXP 	unnamed ImageStim: autoDraw = False
47.7534 	EXP 	fixation_text: autoDraw = True
50.2322 	EXP 	New trial (rep=0, index=6): {u'list_AB': u'A', u'wordpair': u'Episodic_Encoding/Episodic_Encoding_ListA/16.jpg'}
50.2484 	EXP 	fixation_text: autoDraw = False
50.2484 	EXP 	fixation_text: autoDraw = False
50.2484 	EXP 	unnamed ImageStim: image = u'Episodic_Encoding/Episodic_Encoding_ListA/16.jpg'
50.2484 	EXP 	unnamed ImageStim: autoDraw = True
54.2385 	EXP 	unnamed ImageStim: autoDraw = False
54.2385 	EXP 	unnamed ImageStim: autoDraw = False
54.2385 	EXP 	fixation_text: autoDraw = True
55.7193 	EXP 	New trial (rep=0, index=7): {u'list_AB': u'A', u'wordpair': u'Episodic_Encoding/Episodic_Encoding_ListA/9.jpg'}
55.7350 	EXP 	fixation_text: autoDraw = False
55.7350 	EXP 	fixation_text: autoDraw = False
55.7350 	EXP 	unnamed ImageStim: image = u'Episodic_Encoding/Episodic_Encoding_ListA/9.jpg'
55.7350 	EXP 	unnamed ImageStim: autoDraw = True
59.7258 	EXP 	unnamed ImageStim: autoDraw = False
59.7258 	EXP 	unnamed ImageStim: autoDraw = False
59.7258 	EXP 	fixation_text: autoDraw = True
62.7035 	EXP 	New trial (rep=0, index=8): {u'list_AB': u'A', u'wordpair': u'Episodic_Encoding/Episodic_Encoding_ListA/18.jpg'}
62.7197 	EXP 	fixation_text: autoDraw = False
62.7197 	EXP 	fixation_text: autoDraw = False
62.7197 	EXP 	unnamed ImageStim: image = u'Episodic_Encoding/Episodic_Encoding_ListA/18.jpg'
62.7197 	EXP 	unnamed ImageStim: autoDraw = True
66.7097 	EXP 	unnamed ImageStim: autoDraw = False
66.7097 	EXP 	unnamed ImageStim: autoDraw = False
66.7097 	EXP 	fixation_text: autoDraw = True
68.6895 	EXP 	New trial (rep=0, index=9): {u'list_AB': u'A', u'wordpair': u'Episodic_Encoding/Episodic_Encoding_ListA/20.jpg'}
68.7081 	EXP 	fixation_text: autoDraw = False
68.7081 	EXP 	fixation_text: autoDraw = False
68.7081 	EXP 	unnamed ImageStim: image = u'Episodic_Encoding/Episodic_Encoding_ListA/20.jpg'
68.7081 	EXP 	unnamed ImageStim: autoDraw = True
72.6958 	EXP 	unnamed ImageStim: autoDraw = False
72.6958 	EXP 	unnamed ImageStim: autoDraw = False
72.6958 	EXP 	fixation_text: autoDraw = True
74.1772 	EXP 	New trial (rep=0, index=10): {u'list_AB': u'A', u'wordpair': u'Episodic_Encoding/Episodic_Encoding_ListA/6.jpg'}
74.1957 	EXP 	fixation_text: autoDraw = False
74.1957 	EXP 	fixation_text: autoDraw = False
74.1957 	EXP 	unnamed ImageStim: image = u'Episodic_Encoding/Episodic_Encoding_ListA/6.jpg'
74.1957 	EXP 	unnamed ImageStim: autoDraw = True
78.1832 	EXP 	unnamed ImageStim: autoDraw = False
78.1832 	EXP 	unnamed ImageStim: autoDraw = False
78.1832 	EXP 	fixation_text: autoDraw = True
79.6640 	EXP 	New trial (rep=0, index=11): {u'list_AB': u'A', u'wordpair': u'Episodic_Encoding/Episodic_Encoding_ListA/17.jpg'}
79.6798 	EXP 	fixation_text: autoDraw = False
79.6798 	EXP 	fixation_text: autoDraw = False
79.6798 	EXP 	unnamed ImageStim: image = u'Episodic_Encoding/Episodic_Encoding_ListA/17.jpg'
79.6798 	EXP 	unnamed ImageStim: autoDraw = True
83.6706 	EXP 	unnamed ImageStim: autoDraw = False
83.6706 	EXP 	unnamed ImageStim: autoDraw = False
83.6706 	EXP 	fixation_text: autoDraw = True
86.1495 	EXP 	New trial (rep=0, index=12): {u'list_AB': u'A', u'wordpair': u'Episodic_Encoding/Episodic_Encoding_ListA/21.jpg'}
86.1678 	EXP 	fixation_text: autoDraw = False
86.1678 	EXP 	fixation_text: autoDraw = False
86.1678 	EXP 	unnamed ImageStim: image = u'Episodic_Encoding/Episodic_Encoding_ListA/21.jpg'
86.1678 	EXP 	unnamed ImageStim: autoDraw = True
90.1555 	EXP 	unnamed ImageStim: autoDraw = False
90.1555 	EXP 	unnamed ImageStim: autoDraw = False
90.1555 	EXP 	fixation_text: autoDraw = True
93.6320 	EXP 	New trial (rep=0, index=13): {u'list_AB': u'A', u'wordpair': u'Episodic_Encoding/Episodic_Encoding_ListA/8.jpg'}
93.6484 	EXP 	fixation_text: autoDraw = False
93.6484 	EXP 	fixation_text: autoDraw = False
93.6484 	EXP 	unnamed ImageStim: image = u'Episodic_Encoding/Episodic_Encoding_ListA/8.jpg'
93.6484 	EXP 	unnamed ImageStim: autoDraw = True
97.6383 	EXP 	unnamed ImageStim: autoDraw = False
97.6383 	EXP 	unnamed ImageStim: autoDraw = False
97.6383 	EXP 	fixation_text: autoDraw = True
100.1170 	EXP 	New trial (rep=0, index=14): {u'list_AB': u'A', u'wordpair': u'Episodic_Encoding/Episodic_Encoding_ListA/11.jpg'}
100.1345 	EXP 	fixation_text: autoDraw = False
100.1345 	EXP 	fixation_text: autoDraw = False
100.1345 	EXP 	unnamed ImageStim: image = u'Episodic_Encoding/Episodic_Encoding_ListA/11.jpg'
100.1345 	EXP 	unnamed ImageStim: autoDraw = True
104.1232 	EXP 	unnamed ImageStim: autoDraw = False
104.1232 	EXP 	unnamed ImageStim: autoDraw = False
104.1232 	EXP 	fixation_text: autoDraw = True
106.6023 	EXP 	New trial (rep=0, index=15): {u'list_AB': u'A', u'wordpair': u'Episodic_Encoding/Episodic_Encoding_ListA/4.jpg'}
106.6197 	EXP 	fixation_text: autoDraw = False
106.6197 	EXP 	fixation_text: autoDraw = False
106.6197 	EXP 	unnamed ImageStim: image = u'Episodic_Encoding/Episodic_Encoding_ListA/4.jpg'
106.6197 	EXP 	unnamed ImageStim: autoDraw = True
110.6084 	EXP 	unnamed ImageStim: autoDraw = False
110.6084 	EXP 	unnamed ImageStim: autoDraw = False
110.6084 	EXP 	fixation_text: autoDraw = True
113.0872 	EXP 	New trial (rep=0, index=16): {u'list_AB': u'A', u'wordpair': u'Episodic_Encoding/Episodic_Encoding_ListA/10.jpg'}
113.1035 	EXP 	fixation_text: autoDraw = False
113.1035 	EXP 	fixation_text: autoDraw = False
113.1035 	EXP 	unnamed ImageStim: image = u'Episodic_Encoding/Episodic_Encoding_ListA/10.jpg'
113.1035 	EXP 	unnamed ImageStim: autoDraw = True
117.0934 	EXP 	unnamed ImageStim: autoDraw = False
117.0934 	EXP 	unnamed ImageStim: autoDraw = False
117.0934 	EXP 	fixation_text: autoDraw = True
119.0736 	EXP 	New trial (rep=0, index=17): {u'list_AB': u'A', u'wordpair': u'Episodic_Encoding/Episodic_Encoding_ListA/5.jpg'}
119.0916 	EXP 	fixation_text: autoDraw = False
119.0916 	EXP 	fixation_text: autoDraw = False
119.0916 	EXP 	unnamed ImageStim: image = u'Episodic_Encoding/Episodic_Encoding_ListA/5.jpg'
119.0916 	EXP 	unnamed ImageStim: autoDraw = True
123.0796 	EXP 	unnamed ImageStim: autoDraw = False
123.0796 	EXP 	unnamed ImageStim: autoDraw = False
123.0796 	EXP 	fixation_text: autoDraw = True
125.5579 	EXP 	New trial (rep=0, index=18): {u'list_AB': u'A', u'wordpair': u'Episodic_Encoding/Episodic_Encoding_ListA/12.jpg'}
125.5760 	EXP 	fixation_text: autoDraw = False
125.5760 	EXP 	fixation_text: autoDraw = False
125.5760 	EXP 	unnamed ImageStim: image = u'Episodic_Encoding/Episodic_Encoding_ListA/12.jpg'
125.5760 	EXP 	unnamed ImageStim: autoDraw = True
129.5646 	EXP 	unnamed ImageStim: autoDraw = False
129.5646 	EXP 	unnamed ImageStim: autoDraw = False
129.5646 	EXP 	fixation_text: autoDraw = True
131.0456 	EXP 	New trial (rep=0, index=19): {u'list_AB': u'A', u'wordpair': u'Episodic_Encoding/Episodic_Encoding_ListA/13.jpg'}
131.0645 	EXP 	fixation_text: autoDraw = False
131.0645 	EXP 	fixation_text: autoDraw = False
131.0645 	EXP 	unnamed ImageStim: image = u'Episodic_Encoding/Episodic_Encoding_ListA/13.jpg'
131.0645 	EXP 	unnamed ImageStim: autoDraw = True
135.0520 	EXP 	unnamed ImageStim: autoDraw = False
135.0520 	EXP 	unnamed ImageStim: autoDraw = False
135.0520 	EXP 	fixation_text: autoDraw = True
137.5309 	EXP 	New trial (rep=0, index=20): {u'list_AB': u'A', u'wordpair': u'\u201cEpisodic_Encoding/Episodic_Encoding_ListA/1.jpg\u201d'}
137.5313 	ERROR 	Couldn't find image file '“Episodic_Encoding/Episodic_Encoding_ListA/1.jpg”'; check path?
