1.1915 	WARNING 	pyo audio lib was requested but not loaded: No module named pyo
1.8036 	INFO 	Loaded monitor calibration from ['2017_05_17 09:51']
1.8054 	WARNING 	User requested fullscreen with size [1920 1080], but screen is actually [1366, 768]. Using actual size
2.4711 	EXP 	Created window1 = Window(allowGUI=False, allowStencil=False, autoLog=True, bitsMode=UNKNOWN, blendMode='avg', color=array([ 1.,  1.,  1.]), colorSpace='rgb', fullscr=UNKNOWN, gamma=None, lms=UNKNOWN, monitor=<psychopy.monitors.calibTools.Monitor object at 0xa67cc40c>, name='window1', pos=[0, 0], screen=0, size=array([1366,  768]), stereo=False, units=u'norm', useFBO=True, useRetina=False, viewOri=0.0, viewPos=None, viewScale=None, waitBlanking=True, winType='pyglet')
2.4713 	EXP 	window1: recordFrameIntervals = False
2.6346 	EXP 	window1: recordFrameIntervals = True
2.8180 	EXP 	window1: recordFrameIntervals = False
2.9732 	EXP 	Created instructions_text = TextStim(alignHoriz='center', alignVert='center', antialias=True, autoLog=True, bold=False, color='black', colorSpace='named', contrast=1.0, depth=0.0, flipHoriz=False, flipVert=False, font='Arial', fontFiles=[], height=0.075, italic=False, name='instructions_text', opacity=1.0, ori=0, pos=array([ 0.,  0.]), rgb=array([ 0.,  0.,  0.]), text=unicode(...), units=u'norm', win=Window(...), wrapWidth=1)
2.9790 	EXP 	Created dummy_text = TextStim(alignHoriz='center', alignVert='center', antialias=True, autoLog=True, bold=False, color='black', colorSpace='named', contrast=1.0, depth=0.0, flipHoriz=False, flipVert=False, font='Arial', fontFiles=[], height=0.3, italic=False, name='dummy_text', opacity=1.0, ori=0, pos=array([ 0.,  0.]), rgb=array([ 0.,  0.,  0.]), text=u'+', units=u'norm', win=Window(...), wrapWidth=1)
2.9814 	EXP 	Created stimList = ImageStim(autoLog=True, color=array([ 1.,  1.,  1.]), colorSpace='rgb', contrast=1.0, depth=0, flipHoriz=False, flipVert=False, image=None, interpolate=False, mask=None, maskParams=None, name='stimList', opacity=1.0, ori=0.0, pos=array([ 0.,  0.]), size=array([ 960.,  720.]), texRes=128, units=u'norm', win=Window(...))
2.9843 	EXP 	Created fixation_text = TextStim(alignHoriz='center', alignVert='center', antialias=True, autoLog=True, bold=False, color='black', colorSpace='named', contrast=1.0, depth=-1.0, flipHoriz=False, flipVert=False, font='Arial', fontFiles=[], height=0.3, italic=False, name='fixation_text', opacity=1.0, ori=0, pos=array([ 0.,  0.]), rgb=array([ 0.,  0.,  0.]), text=u'+', units=u'norm', win=Window(...), wrapWidth=1)
2.9961 	EXP 	Created thankyou_text = TextStim(alignHoriz='center', alignVert='center', antialias=True, autoLog=True, bold=False, color='black', colorSpace='named', contrast=1.0, depth=0.0, flipHoriz=False, flipVert=False, font='Arial', fontFiles=[], height=0.1, italic=False, name='thankyou_text', opacity=1.0, ori=0, pos=array([ 0.,  0.]), rgb=array([ 0.,  0.,  0.]), text=u'End of experiment.\n\nThank you.', units=u'norm', win=Window(...), wrapWidth=1)
3.0035 	EXP 	instructions_text: autoDraw = True
3.5495 	DATA 	Keypress: 1
3.5497 	EXP 	launchScan: vol: 1500  TR: 0.585s  skip: 0  sync: '5'
3.5861 	EXP 	window1: mouseVisible = False
3.6084 	EXP 	instructions_text: autoDraw = False
4.2779 	DATA 	Keypress: 5
4.2779 	EXP 	launchScan: start of scan
4.2909 	EXP 	dummy_text: autoDraw = True
10.2894 	EXP 	Imported Episodic_Encoding/Episodic_ListA.csv as conditions, 22 conditions, 2 params
10.2903 	EXP 	Created sequence: random, trialTypes=22, nReps=1, seed=None
10.2912 	EXP 	New trial (rep=0, index=0): {u'list_AB': u'A', u'wordpair': u'Episodic_Encoding/Episodic_Encoding_ListA/16.jpg'}
10.3123 	EXP 	dummy_text: autoDraw = False
10.3123 	EXP 	dummy_text: autoDraw = False
10.3123 	EXP 	stimList: image = u'Episodic_Encoding/Episodic_Encoding_ListA/16.jpg'
10.3123 	EXP 	stimList: autoDraw = True
14.3076 	EXP 	stimList: autoDraw = False
14.3076 	EXP 	fixation_text: autoDraw = True
16.7861 	EXP 	New trial (rep=0, index=1): {u'list_AB': u'A', u'wordpair': u'Episodic_Encoding/Episodic_Encoding_ListA/22.jpg'}
16.8019 	EXP 	fixation_text: autoDraw = False
16.8019 	EXP 	fixation_text: autoDraw = False
16.8019 	EXP 	stimList: image = u'Episodic_Encoding/Episodic_Encoding_ListA/22.jpg'
16.8019 	EXP 	stimList: autoDraw = True
20.7927 	EXP 	stimList: autoDraw = False
20.7927 	EXP 	stimList: autoDraw = False
20.7927 	EXP 	fixation_text: autoDraw = True
23.2715 	EXP 	New trial (rep=0, index=2): {u'list_AB': u'A', u'wordpair': u'Episodic_Encoding/Episodic_Encoding_ListA/4.jpg'}
23.2881 	EXP 	fixation_text: autoDraw = False
23.2881 	EXP 	fixation_text: autoDraw = False
23.2881 	EXP 	stimList: image = u'Episodic_Encoding/Episodic_Encoding_ListA/4.jpg'
23.2881 	EXP 	stimList: autoDraw = True
27.2777 	EXP 	stimList: autoDraw = False
27.2777 	EXP 	stimList: autoDraw = False
27.2777 	EXP 	fixation_text: autoDraw = True
28.7590 	EXP 	New trial (rep=0, index=3): {u'list_AB': u'A', u'wordpair': u'Episodic_Encoding/Episodic_Encoding_ListA/18.jpg'}
28.7776 	EXP 	fixation_text: autoDraw = False
28.7776 	EXP 	fixation_text: autoDraw = False
28.7776 	EXP 	stimList: image = u'Episodic_Encoding/Episodic_Encoding_ListA/18.jpg'
28.7776 	EXP 	stimList: autoDraw = True
32.7651 	EXP 	stimList: autoDraw = False
32.7651 	EXP 	stimList: autoDraw = False
32.7651 	EXP 	fixation_text: autoDraw = True
34.7449 	EXP 	New trial (rep=0, index=4): {u'list_AB': u'A', u'wordpair': u'Episodic_Encoding/Episodic_Encoding_ListA/5.jpg'}
34.7616 	EXP 	fixation_text: autoDraw = False
34.7616 	EXP 	fixation_text: autoDraw = False
34.7616 	EXP 	stimList: image = u'Episodic_Encoding/Episodic_Encoding_ListA/5.jpg'
34.7616 	EXP 	stimList: autoDraw = True
38.7512 	EXP 	stimList: autoDraw = False
38.7512 	EXP 	stimList: autoDraw = False
38.7512 	EXP 	fixation_text: autoDraw = True
41.2300 	EXP 	New trial (rep=0, index=5): {u'list_AB': u'A', u'wordpair': u'Episodic_Encoding/Episodic_Encoding_ListA/8.jpg'}
41.2494 	EXP 	fixation_text: autoDraw = False
41.2494 	EXP 	fixation_text: autoDraw = False
41.2494 	EXP 	stimList: image = u'Episodic_Encoding/Episodic_Encoding_ListA/8.jpg'
41.2494 	EXP 	stimList: autoDraw = True
45.0208 	DATA 	Keypress: escape
