1.1882 	WARNING 	pyo audio lib was requested but not loaded: No module named pyo
1.9823 	INFO 	Loaded monitor calibration from ['2017_05_17 09:51']
1.9853 	WARNING 	User requested fullscreen with size [1920 1080], but screen is actually [1366, 768]. Using actual size
2.6373 	EXP 	Created window1 = Window(allowGUI=False, allowStencil=False, autoLog=True, bitsMode=UNKNOWN, blendMode='avg', color=array([ 1.,  1.,  1.]), colorSpace='rgb', fullscr=UNKNOWN, gamma=None, lms=UNKNOWN, monitor=<psychopy.monitors.calibTools.Monitor object at 0xa67ef3ec>, name='window1', pos=[0, 0], screen=0, size=array([1366,  768]), stereo=False, units=u'norm', useFBO=True, useRetina=False, viewOri=0.0, viewPos=None, viewScale=None, waitBlanking=True, winType='pyglet')
2.6374 	EXP 	window1: recordFrameIntervals = False
2.8007 	EXP 	window1: recordFrameIntervals = True
2.9840 	EXP 	window1: recordFrameIntervals = False
3.1380 	EXP 	Created instructions_text = TextStim(alignHoriz='center', alignVert='center', antialias=True, autoLog=True, bold=False, color='black', colorSpace='named', contrast=1.0, depth=0.0, flipHoriz=False, flipVert=False, font='Arial', fontFiles=[], height=0.075, italic=False, name='instructions_text', opacity=1.0, ori=0, pos=array([ 0.,  0.]), rgb=array([ 0.,  0.,  0.]), text=unicode(...), units=u'norm', win=Window(...), wrapWidth=1)
3.1437 	EXP 	Created dummy_text = TextStim(alignHoriz='center', alignVert='center', antialias=True, autoLog=True, bold=False, color='black', colorSpace='named', contrast=1.0, depth=0.0, flipHoriz=False, flipVert=False, font='Arial', fontFiles=[], height=0.3, italic=False, name='dummy_text', opacity=1.0, ori=0, pos=array([ 0.,  0.]), rgb=array([ 0.,  0.,  0.]), text=u'+', units=u'norm', win=Window(...), wrapWidth=1)
3.1462 	EXP 	Created stimList = ImageStim(autoLog=True, color=array([ 1.,  1.,  1.]), colorSpace='rgb', contrast=1.0, depth=0, flipHoriz=False, flipVert=False, image=None, interpolate=False, mask=None, maskParams=None, name='stimList', opacity=1.0, ori=0.0, pos=array([ 0.,  0.]), size=array([ 960.,  720.]), texRes=128, units=u'norm', win=Window(...))
3.1490 	EXP 	Created fixation_text = TextStim(alignHoriz='center', alignVert='center', antialias=True, autoLog=True, bold=False, color='black', colorSpace='named', contrast=1.0, depth=-1.0, flipHoriz=False, flipVert=False, font='Arial', fontFiles=[], height=0.3, italic=False, name='fixation_text', opacity=1.0, ori=0, pos=array([ 0.,  0.]), rgb=array([ 0.,  0.,  0.]), text=u'+', units=u'norm', win=Window(...), wrapWidth=1)
3.1608 	EXP 	Created thankyou_text = TextStim(alignHoriz='center', alignVert='center', antialias=True, autoLog=True, bold=False, color='black', colorSpace='named', contrast=1.0, depth=0.0, flipHoriz=False, flipVert=False, font='Arial', fontFiles=[], height=0.1, italic=False, name='thankyou_text', opacity=1.0, ori=0, pos=array([ 0.,  0.]), rgb=array([ 0.,  0.,  0.]), text=u'End of experiment.\n\nThank you.', units=u'norm', win=Window(...), wrapWidth=1)
3.1671 	EXP 	instructions_text: autoDraw = True
3.5508 	DATA 	Keypress: 2
3.5659 	EXP 	launchScan: vol: 1500  TR: 0.585s  skip: 0  sync: '5'
3.6141 	EXP 	window1: mouseVisible = False
3.6418 	EXP 	instructions_text: autoDraw = False
4.3689 	DATA 	Keypress: 5
4.3689 	EXP 	launchScan: start of scan
4.3804 	EXP 	dummy_text: autoDraw = True
10.3733 	EXP 	Imported Episodic_Encoding/Episodic_ListA.csv as conditions, 22 conditions, 2 params
10.3745 	EXP 	Created sequence: random, trialTypes=22, nReps=1, seed=None
10.3762 	EXP 	New trial (rep=0, index=0): {u'list_AB': u'A', u'wordpair': u'Episodic_Encoding/Episodic_Encoding_ListA/15.jpg'}
10.3996 	EXP 	dummy_text: autoDraw = False
10.3996 	EXP 	dummy_text: autoDraw = False
10.3996 	EXP 	stimList: image = u'Episodic_Encoding/Episodic_Encoding_ListA/15.jpg'
10.3996 	EXP 	stimList: autoDraw = True
14.3905 	EXP 	stimList: autoDraw = False
14.3905 	EXP 	fixation_text: autoDraw = True
16.8694 	EXP 	New trial (rep=0, index=1): {u'list_AB': u'A', u'wordpair': u'Episodic_Encoding/Episodic_Encoding_ListA/6.jpg'}
16.8880 	EXP 	fixation_text: autoDraw = False
16.8880 	EXP 	fixation_text: autoDraw = False
16.8880 	EXP 	stimList: image = u'Episodic_Encoding/Episodic_Encoding_ListA/6.jpg'
16.8880 	EXP 	stimList: autoDraw = True
20.8755 	EXP 	stimList: autoDraw = False
20.8755 	EXP 	stimList: autoDraw = False
20.8755 	EXP 	fixation_text: autoDraw = True
23.3543 	EXP 	New trial (rep=0, index=2): {u'list_AB': u'A', u'wordpair': u'Episodic_Encoding/Episodic_Encoding_ListA/7.jpg'}
23.3709 	EXP 	fixation_text: autoDraw = False
23.3709 	EXP 	fixation_text: autoDraw = False
23.3709 	EXP 	stimList: image = u'Episodic_Encoding/Episodic_Encoding_ListA/7.jpg'
23.3709 	EXP 	stimList: autoDraw = True
27.3606 	EXP 	stimList: autoDraw = False
27.3606 	EXP 	stimList: autoDraw = False
27.3606 	EXP 	fixation_text: autoDraw = True
29.3404 	EXP 	New trial (rep=0, index=3): {u'list_AB': u'A', u'wordpair': u'Episodic_Encoding/Episodic_Encoding_ListA/9.jpg'}
29.3598 	EXP 	fixation_text: autoDraw = False
29.3598 	EXP 	fixation_text: autoDraw = False
29.3598 	EXP 	stimList: image = u'Episodic_Encoding/Episodic_Encoding_ListA/9.jpg'
29.3598 	EXP 	stimList: autoDraw = True
33.3467 	EXP 	stimList: autoDraw = False
33.3467 	EXP 	stimList: autoDraw = False
33.3467 	EXP 	fixation_text: autoDraw = True
36.3246 	EXP 	New trial (rep=0, index=4): {u'list_AB': u'A', u'wordpair': u'Episodic_Encoding/Episodic_Encoding_ListA/21.jpg'}
36.3427 	EXP 	fixation_text: autoDraw = False
36.3427 	EXP 	fixation_text: autoDraw = False
36.3427 	EXP 	stimList: image = u'Episodic_Encoding/Episodic_Encoding_ListA/21.jpg'
36.3427 	EXP 	stimList: autoDraw = True
36.9059 	DATA 	Keypress: escape
