1.2406 	WARNING 	pyo audio lib was requested but not loaded: No module named pyo
1.8536 	INFO 	Loaded monitor calibration from ['2017_05_17 09:51']
1.8573 	WARNING 	User requested fullscreen with size [1920 1080], but screen is actually [1366, 768]. Using actual size
2.4952 	EXP 	Created window1 = Window(allowGUI=False, allowStencil=False, autoLog=True, bitsMode=UNKNOWN, blendMode='avg', color=array([ 1.,  1.,  1.]), colorSpace='rgb', fullscr=UNKNOWN, gamma=None, lms=UNKNOWN, monitor=<psychopy.monitors.calibTools.Monitor object at 0xa67f83cc>, name='window1', pos=[0, 0], screen=0, size=array([1366,  768]), stereo=False, units=u'norm', useFBO=True, useRetina=False, viewOri=0.0, viewPos=None, viewScale=None, waitBlanking=True, winType='pyglet')
2.4953 	EXP 	window1: recordFrameIntervals = False
2.6593 	EXP 	window1: recordFrameIntervals = True
2.8425 	EXP 	window1: recordFrameIntervals = False
2.9910 	EXP 	Created instructions_text = TextStim(alignHoriz='center', alignVert='center', antialias=True, autoLog=True, bold=False, color='black', colorSpace='named', contrast=1.0, depth=0.0, flipHoriz=False, flipVert=False, font='Arial', fontFiles=[], height=0.075, italic=False, name='instructions_text', opacity=1.0, ori=0, pos=array([ 0.,  0.]), rgb=array([ 0.,  0.,  0.]), text=unicode(...), units=u'norm', win=Window(...), wrapWidth=1)
2.9968 	EXP 	Created dummy_text = TextStim(alignHoriz='center', alignVert='center', antialias=True, autoLog=True, bold=False, color='black', colorSpace='named', contrast=1.0, depth=0.0, flipHoriz=False, flipVert=False, font='Arial', fontFiles=[], height=0.3, italic=False, name='dummy_text', opacity=1.0, ori=0, pos=array([ 0.,  0.]), rgb=array([ 0.,  0.,  0.]), text=u'+', units=u'norm', win=Window(...), wrapWidth=1)
2.9992 	EXP 	Created stimList = ImageStim(autoLog=True, color=array([ 1.,  1.,  1.]), colorSpace='rgb', contrast=1.0, depth=0, flipHoriz=False, flipVert=False, image=None, interpolate=False, mask=None, maskParams=None, name='stimList', opacity=1.0, ori=0.0, pos=array([ 0.,  0.]), size=array([ 960.,  720.]), texRes=128, units=u'norm', win=Window(...))
3.0021 	EXP 	Created fixation_text = TextStim(alignHoriz='center', alignVert='center', antialias=True, autoLog=True, bold=False, color='black', colorSpace='named', contrast=1.0, depth=-1.0, flipHoriz=False, flipVert=False, font='Arial', fontFiles=[], height=0.3, italic=False, name='fixation_text', opacity=1.0, ori=0, pos=array([ 0.,  0.]), rgb=array([ 0.,  0.,  0.]), text=u'+', units=u'norm', win=Window(...), wrapWidth=1)
3.0141 	EXP 	Created thankyou_text = TextStim(alignHoriz='center', alignVert='center', antialias=True, autoLog=True, bold=False, color='black', colorSpace='named', contrast=1.0, depth=0.0, flipHoriz=False, flipVert=False, font='Arial', fontFiles=[], height=0.1, italic=False, name='thankyou_text', opacity=1.0, ori=0, pos=array([ 0.,  0.]), rgb=array([ 0.,  0.,  0.]), text=u'End of experiment.\n\nThank you.', units=u'norm', win=Window(...), wrapWidth=1)
3.0214 	EXP 	instructions_text: autoDraw = True
3.5412 	DATA 	Keypress: 1
3.5415 	EXP 	launchScan: vol: 1500  TR: 0.585s  skip: 0  sync: '5'
3.5962 	EXP 	window1: mouseVisible = False
3.6256 	EXP 	instructions_text: autoDraw = False
4.1605 	DATA 	Keypress: 5
4.1606 	EXP 	launchScan: start of scan
4.1731 	EXP 	dummy_text: autoDraw = True
10.1640 	EXP 	Imported Episodic_Encoding/Episodic_ListA.csv as conditions, 22 conditions, 2 params
10.1650 	EXP 	Created sequence: random, trialTypes=22, nReps=1, seed=None
10.1658 	EXP 	New trial (rep=0, index=0): {u'list_AB': u'A', u'wordpair': u'Episodic_Encoding/Episodic_Encoding_ListA/20.jpg'}
10.1854 	EXP 	dummy_text: autoDraw = False
10.1854 	EXP 	dummy_text: autoDraw = False
10.1854 	EXP 	stimList: image = '/home/mica/micasoft/python/fMRIBatteryMay2017/tasks/episodic/Episodic_Encoding/Episodic_Encoding_ListA/3.jpg'
10.1854 	EXP 	stimList: autoDraw = True
14.1826 	EXP 	stimList: autoDraw = False
14.1826 	EXP 	stimList: autoDraw = False
14.1826 	EXP 	fixation_text: autoDraw = True
17.1603 	EXP 	New trial (rep=0, index=1): {u'list_AB': u'A', u'wordpair': u'Episodic_Encoding/Episodic_Encoding_ListA/17.jpg'}
17.1760 	EXP 	fixation_text: autoDraw = False
17.1760 	EXP 	fixation_text: autoDraw = False
17.1760 	EXP 	stimList: image = '/home/mica/micasoft/python/fMRIBatteryMay2017/tasks/episodic/Episodic_Encoding/Episodic_Encoding_ListA/3.jpg'
17.1760 	EXP 	stimList: autoDraw = True
21.1664 	EXP 	stimList: autoDraw = False
21.1664 	EXP 	stimList: autoDraw = False
21.1664 	EXP 	fixation_text: autoDraw = True
23.1461 	EXP 	New trial (rep=0, index=2): {u'list_AB': u'A', u'wordpair': u'Episodic_Encoding/Episodic_Encoding_ListA/22.jpg'}
23.1619 	EXP 	fixation_text: autoDraw = False
23.1619 	EXP 	fixation_text: autoDraw = False
23.1619 	EXP 	stimList: image = '/home/mica/micasoft/python/fMRIBatteryMay2017/tasks/episodic/Episodic_Encoding/Episodic_Encoding_ListA/3.jpg'
23.1619 	EXP 	stimList: autoDraw = True
27.1528 	EXP 	stimList: autoDraw = False
27.1528 	EXP 	stimList: autoDraw = False
27.1528 	EXP 	fixation_text: autoDraw = True
28.6338 	EXP 	New trial (rep=0, index=3): {u'list_AB': u'A', u'wordpair': u'Episodic_Encoding/Episodic_Encoding_ListA/15.jpg'}
28.6494 	EXP 	fixation_text: autoDraw = False
28.6494 	EXP 	fixation_text: autoDraw = False
28.6494 	EXP 	stimList: image = '/home/mica/micasoft/python/fMRIBatteryMay2017/tasks/episodic/Episodic_Encoding/Episodic_Encoding_ListA/3.jpg'
28.6494 	EXP 	stimList: autoDraw = True
32.6401 	EXP 	stimList: autoDraw = False
32.6401 	EXP 	stimList: autoDraw = False
32.6401 	EXP 	fixation_text: autoDraw = True
33.9220 	DATA 	Keypress: escape
