1.1966 	WARNING 	pyo audio lib was requested but not loaded: No module named pyo
1.8365 	INFO 	Loaded monitor calibration from ['2017_05_17 09:51']
1.8385 	WARNING 	User requested fullscreen with size [1920 1080], but screen is actually [1366, 768]. Using actual size
2.4531 	EXP 	Created window1 = Window(allowGUI=False, allowStencil=False, autoLog=True, bitsMode=UNKNOWN, blendMode='avg', color=array([ 1.,  1.,  1.]), colorSpace='rgb', fullscr=UNKNOWN, gamma=None, lms=UNKNOWN, monitor=<psychopy.monitors.calibTools.Monitor object at 0xa67be3ec>, name='window1', pos=[0, 0], screen=0, size=array([1366,  768]), stereo=False, units=u'norm', useFBO=True, useRetina=False, viewOri=0.0, viewPos=None, viewScale=None, waitBlanking=True, winType='pyglet')
2.4532 	EXP 	window1: recordFrameIntervals = False
2.6164 	EXP 	window1: recordFrameIntervals = True
2.7999 	EXP 	window1: recordFrameIntervals = False
2.9461 	EXP 	Created instructions_text = TextStim(alignHoriz='center', alignVert='center', antialias=True, autoLog=True, bold=False, color='black', colorSpace='named', contrast=1.0, depth=0.0, flipHoriz=False, flipVert=False, font='Arial', fontFiles=[], height=0.075, italic=False, name='instructions_text', opacity=1.0, ori=0, pos=array([ 0.,  0.]), rgb=array([ 0.,  0.,  0.]), text=unicode(...), units=u'norm', win=Window(...), wrapWidth=1)
2.9519 	EXP 	Created dummy_text = TextStim(alignHoriz='center', alignVert='center', antialias=True, autoLog=True, bold=False, color='black', colorSpace='named', contrast=1.0, depth=0.0, flipHoriz=False, flipVert=False, font='Arial', fontFiles=[], height=0.3, italic=False, name='dummy_text', opacity=1.0, ori=0, pos=array([ 0.,  0.]), rgb=array([ 0.,  0.,  0.]), text=u'+', units=u'norm', win=Window(...), wrapWidth=1)
2.9543 	EXP 	Created stimList = ImageStim(autoLog=True, color=array([ 1.,  1.,  1.]), colorSpace='rgb', contrast=1.0, depth=0, flipHoriz=False, flipVert=False, image=None, interpolate=False, mask=None, maskParams=None, name='stimList', opacity=1.0, ori=0.0, pos=array([ 0.,  0.]), size=array([ 960.,  720.]), texRes=128, units=u'norm', win=Window(...))
2.9572 	EXP 	Created fixation_text = TextStim(alignHoriz='center', alignVert='center', antialias=True, autoLog=True, bold=False, color='black', colorSpace='named', contrast=1.0, depth=-1.0, flipHoriz=False, flipVert=False, font='Arial', fontFiles=[], height=0.3, italic=False, name='fixation_text', opacity=1.0, ori=0, pos=array([ 0.,  0.]), rgb=array([ 0.,  0.,  0.]), text=u'+', units=u'norm', win=Window(...), wrapWidth=1)
2.9692 	EXP 	Created thankyou_text = TextStim(alignHoriz='center', alignVert='center', antialias=True, autoLog=True, bold=False, color='black', colorSpace='named', contrast=1.0, depth=0.0, flipHoriz=False, flipVert=False, font='Arial', fontFiles=[], height=0.1, italic=False, name='thankyou_text', opacity=1.0, ori=0, pos=array([ 0.,  0.]), rgb=array([ 0.,  0.,  0.]), text=u'End of experiment.\n\nThank you.', units=u'norm', win=Window(...), wrapWidth=1)
2.9740 	EXP 	instructions_text: autoDraw = True
3.5810 	DATA 	Keypress: 1
3.5813 	EXP 	launchScan: vol: 1500  TR: 0.585s  skip: 0  sync: '5'
3.6203 	EXP 	window1: mouseVisible = False
3.6452 	EXP 	instructions_text: autoDraw = False
4.3681 	DATA 	Keypress: 5
4.3681 	EXP 	launchScan: start of scan
4.3807 	EXP 	dummy_text: autoDraw = True
10.3728 	EXP 	Imported Episodic_Encoding/Episodic_ListA.csv as conditions, 22 conditions, 2 params
10.3741 	EXP 	Created sequence: random, trialTypes=22, nReps=1, seed=None
10.3752 	EXP 	New trial (rep=0, index=0): {u'list_AB': u'A', u'wordpair': u'Episodic_Encoding/Episodic_Encoding_ListA/22.jpg'}
10.3993 	EXP 	dummy_text: autoDraw = False
10.3993 	EXP 	dummy_text: autoDraw = False
10.3993 	EXP 	stimList: image = u'Episodic_Encoding/Episodic_Encoding_ListA/22.jpg'
10.3993 	EXP 	stimList: autoDraw = True
14.3890 	EXP 	stimList: autoDraw = False
14.3890 	EXP 	stimList: autoDraw = False
14.3890 	EXP 	fixation_text: autoDraw = True
16.3691 	EXP 	New trial (rep=0, index=1): {u'list_AB': u'A', u'wordpair': u'Episodic_Encoding/Episodic_Encoding_ListA/14.jpg'}
16.3868 	EXP 	fixation_text: autoDraw = False
16.3868 	EXP 	fixation_text: autoDraw = False
16.3868 	EXP 	stimList: image = u'Episodic_Encoding/Episodic_Encoding_ListA/14.jpg'
16.3868 	EXP 	stimList: autoDraw = True
20.3752 	EXP 	stimList: autoDraw = False
20.3752 	EXP 	stimList: autoDraw = False
20.3752 	EXP 	fixation_text: autoDraw = True
23.3530 	EXP 	New trial (rep=0, index=2): {u'list_AB': u'A', u'wordpair': u'Episodic_Encoding/Episodic_Encoding_ListA/1.jpg'}
23.3713 	EXP 	fixation_text: autoDraw = False
23.3713 	EXP 	fixation_text: autoDraw = False
23.3713 	EXP 	stimList: image = u'Episodic_Encoding/Episodic_Encoding_ListA/1.jpg'
23.3713 	EXP 	stimList: autoDraw = True
27.3591 	EXP 	stimList: autoDraw = False
27.3591 	EXP 	stimList: autoDraw = False
27.3591 	EXP 	fixation_text: autoDraw = True
28.8404 	EXP 	New trial (rep=0, index=3): {u'list_AB': u'A', u'wordpair': u'Episodic_Encoding/Episodic_Encoding_ListA/11.jpg'}
28.8561 	EXP 	fixation_text: autoDraw = False
28.8561 	EXP 	fixation_text: autoDraw = False
28.8561 	EXP 	stimList: image = u'Episodic_Encoding/Episodic_Encoding_ListA/11.jpg'
28.8561 	EXP 	stimList: autoDraw = True
32.8465 	EXP 	stimList: autoDraw = False
32.8465 	EXP 	stimList: autoDraw = False
32.8465 	EXP 	fixation_text: autoDraw = True
34.3280 	EXP 	New trial (rep=0, index=4): {u'list_AB': u'A', u'wordpair': u'Episodic_Encoding/Episodic_Encoding_ListA/5.jpg'}
34.3455 	EXP 	fixation_text: autoDraw = False
34.3455 	EXP 	fixation_text: autoDraw = False
34.3455 	EXP 	stimList: image = u'Episodic_Encoding/Episodic_Encoding_ListA/5.jpg'
34.3455 	EXP 	stimList: autoDraw = True
38.3338 	EXP 	stimList: autoDraw = False
38.3338 	EXP 	stimList: autoDraw = False
38.3338 	EXP 	fixation_text: autoDraw = True
39.8149 	EXP 	New trial (rep=0, index=5): {u'list_AB': u'A', u'wordpair': u'Episodic_Encoding/Episodic_Encoding_ListA/7.jpg'}
39.8334 	EXP 	fixation_text: autoDraw = False
39.8334 	EXP 	fixation_text: autoDraw = False
39.8334 	EXP 	stimList: image = u'Episodic_Encoding/Episodic_Encoding_ListA/7.jpg'
39.8334 	EXP 	stimList: autoDraw = True
43.8210 	EXP 	stimList: autoDraw = False
43.8210 	EXP 	stimList: autoDraw = False
43.8210 	EXP 	fixation_text: autoDraw = True
46.6156 	DATA 	Keypress: escape
