1.1808 	WARNING 	pyo audio lib was requested but not loaded: No module named pyo
1.7866 	INFO 	Loaded monitor calibration from ['2017_05_17 09:51']
1.7892 	WARNING 	User requested fullscreen with size [1920 1080], but screen is actually [1366, 768]. Using actual size
2.4222 	EXP 	Created window1 = Window(allowGUI=False, allowStencil=False, autoLog=True, bitsMode=UNKNOWN, blendMode='avg', color=array([ 1.,  1.,  1.]), colorSpace='rgb', fullscr=UNKNOWN, gamma=None, lms=UNKNOWN, monitor=<psychopy.monitors.calibTools.Monitor object at 0xa67a63ec>, name='window1', pos=[0, 0], screen=0, size=array([1366,  768]), stereo=False, units=u'norm', useFBO=True, useRetina=False, viewOri=0.0, viewPos=None, viewScale=None, waitBlanking=True, winType='pyglet')
2.4222 	EXP 	window1: recordFrameIntervals = False
2.5880 	EXP 	window1: recordFrameIntervals = True
2.7714 	EXP 	window1: recordFrameIntervals = False
2.9173 	EXP 	Created instructions_text = TextStim(alignHoriz='center', alignVert='center', antialias=True, autoLog=True, bold=False, color='black', colorSpace='named', contrast=1.0, depth=0.0, flipHoriz=False, flipVert=False, font='Arial', fontFiles=[], height=0.075, italic=False, name='instructions_text', opacity=1.0, ori=0, pos=array([ 0.,  0.]), rgb=array([ 0.,  0.,  0.]), text=unicode(...), units=u'norm', win=Window(...), wrapWidth=1)
2.9231 	EXP 	Created dummy_text = TextStim(alignHoriz='center', alignVert='center', antialias=True, autoLog=True, bold=False, color='black', colorSpace='named', contrast=1.0, depth=0.0, flipHoriz=False, flipVert=False, font='Arial', fontFiles=[], height=0.3, italic=False, name='dummy_text', opacity=1.0, ori=0, pos=array([ 0.,  0.]), rgb=array([ 0.,  0.,  0.]), text=u'+', units=u'norm', win=Window(...), wrapWidth=1)
2.9256 	EXP 	Created stimList = ImageStim(autoLog=True, color=array([ 1.,  1.,  1.]), colorSpace='rgb', contrast=1.0, depth=0, flipHoriz=False, flipVert=False, image=None, interpolate=False, mask=None, maskParams=None, name='stimList', opacity=1.0, ori=0.0, pos=array([ 0.,  0.]), size=array([ 960.,  720.]), texRes=128, units=u'norm', win=Window(...))
2.9442 	EXP 	Created fixation_text = TextStim(alignHoriz='center', alignVert='center', antialias=True, autoLog=True, bold=False, color='black', colorSpace='named', contrast=1.0, depth=-1.0, flipHoriz=False, flipVert=False, font='Arial', fontFiles=[], height=0.3, italic=False, name='fixation_text', opacity=1.0, ori=0, pos=array([ 0.,  0.]), rgb=array([ 0.,  0.,  0.]), text=u'+', units=u'norm', win=Window(...), wrapWidth=1)
2.9769 	EXP 	Created thankyou_text = TextStim(alignHoriz='center', alignVert='center', antialias=True, autoLog=True, bold=False, color='black', colorSpace='named', contrast=1.0, depth=0.0, flipHoriz=False, flipVert=False, font='Arial', fontFiles=[], height=0.1, italic=False, name='thankyou_text', opacity=1.0, ori=0, pos=array([ 0.,  0.]), rgb=array([ 0.,  0.,  0.]), text=u'End of experiment.\n\nThank you.', units=u'norm', win=Window(...), wrapWidth=1)
2.9846 	EXP 	instructions_text: autoDraw = True
3.5694 	DATA 	Keypress: 3
3.5696 	EXP 	launchScan: vol: 1500  TR: 0.585s  skip: 0  sync: '5'
3.6246 	EXP 	window1: mouseVisible = False
3.6545 	EXP 	instructions_text: autoDraw = False
4.1044 	DATA 	Keypress: 5
4.1045 	EXP 	launchScan: start of scan
4.1187 	EXP 	dummy_text: autoDraw = True
10.1084 	EXP 	Imported Episodic_Encoding/Episodic_ListA.csv as conditions, 22 conditions, 2 params
10.1092 	EXP 	Created sequence: random, trialTypes=22, nReps=1, seed=None
10.1099 	EXP 	New trial (rep=0, index=0): {u'list_AB': u'A', u'wordpair': u'Episodic_Encoding/Episodic_Encoding_ListA/9.jpg'}
10.1283 	EXP 	dummy_text: autoDraw = False
10.1283 	EXP 	dummy_text: autoDraw = False
10.1283 	EXP 	stimList: image = u'Episodic_Encoding/Episodic_Encoding_ListA/9.jpg'
10.1283 	EXP 	stimList: autoDraw = True
14.1278 	EXP 	stimList: autoDraw = False
14.1278 	EXP 	fixation_text: autoDraw = True
15.6091 	EXP 	New trial (rep=0, index=1): {u'list_AB': u'A', u'wordpair': u'Episodic_Encoding/Episodic_Encoding_ListA/8.jpg'}
15.6291 	EXP 	fixation_text: autoDraw = False
15.6291 	EXP 	fixation_text: autoDraw = False
15.6291 	EXP 	stimList: image = u'Episodic_Encoding/Episodic_Encoding_ListA/8.jpg'
15.6291 	EXP 	stimList: autoDraw = True
19.6152 	EXP 	stimList: autoDraw = False
19.6152 	EXP 	stimList: autoDraw = False
19.6152 	EXP 	fixation_text: autoDraw = True
21.0962 	EXP 	New trial (rep=0, index=2): {u'list_AB': u'A', u'wordpair': u'Episodic_Encoding/Episodic_Encoding_ListA/7.jpg'}
21.1124 	EXP 	fixation_text: autoDraw = False
21.1124 	EXP 	fixation_text: autoDraw = False
21.1124 	EXP 	stimList: image = u'Episodic_Encoding/Episodic_Encoding_ListA/7.jpg'
21.1124 	EXP 	stimList: autoDraw = True
25.1026 	EXP 	stimList: autoDraw = False
25.1026 	EXP 	stimList: autoDraw = False
25.1026 	EXP 	fixation_text: autoDraw = True
28.5791 	EXP 	New trial (rep=0, index=3): {u'list_AB': u'A', u'wordpair': u'Episodic_Encoding/Episodic_Encoding_ListA/3.jpg'}
28.5971 	EXP 	fixation_text: autoDraw = False
28.5971 	EXP 	fixation_text: autoDraw = False
28.5971 	EXP 	stimList: image = u'Episodic_Encoding/Episodic_Encoding_ListA/3.jpg'
28.5971 	EXP 	stimList: autoDraw = True
32.5853 	EXP 	stimList: autoDraw = False
32.5853 	EXP 	stimList: autoDraw = False
32.5853 	EXP 	fixation_text: autoDraw = True
34.0664 	EXP 	New trial (rep=0, index=4): {u'list_AB': u'A', u'wordpair': u'Episodic_Encoding/Episodic_Encoding_ListA/19.jpg'}
34.0827 	EXP 	fixation_text: autoDraw = False
34.0827 	EXP 	fixation_text: autoDraw = False
34.0827 	EXP 	stimList: image = u'Episodic_Encoding/Episodic_Encoding_ListA/19.jpg'
34.0827 	EXP 	stimList: autoDraw = True
38.0726 	EXP 	stimList: autoDraw = False
38.0726 	EXP 	stimList: autoDraw = False
38.0726 	EXP 	fixation_text: autoDraw = True
41.0503 	EXP 	New trial (rep=0, index=5): {u'list_AB': u'A', u'wordpair': u'Episodic_Encoding/Episodic_Encoding_ListA/15.jpg'}
41.0680 	EXP 	fixation_text: autoDraw = False
41.0680 	EXP 	fixation_text: autoDraw = False
41.0680 	EXP 	stimList: image = u'Episodic_Encoding/Episodic_Encoding_ListA/15.jpg'
41.0680 	EXP 	stimList: autoDraw = True
45.0564 	EXP 	stimList: autoDraw = False
45.0564 	EXP 	stimList: autoDraw = False
45.0564 	EXP 	fixation_text: autoDraw = True
48.5329 	EXP 	New trial (rep=0, index=6): {u'list_AB': u'A', u'wordpair': u'Episodic_Encoding/Episodic_Encoding_ListA/21.jpg'}
48.5486 	EXP 	fixation_text: autoDraw = False
48.5486 	EXP 	fixation_text: autoDraw = False
48.5486 	EXP 	stimList: image = u'Episodic_Encoding/Episodic_Encoding_ListA/21.jpg'
48.5486 	EXP 	stimList: autoDraw = True
52.5392 	EXP 	stimList: autoDraw = False
52.5392 	EXP 	stimList: autoDraw = False
52.5392 	EXP 	fixation_text: autoDraw = True
55.5168 	EXP 	New trial (rep=0, index=7): {u'list_AB': u'A', u'wordpair': u'Episodic_Encoding/Episodic_Encoding_ListA/16.jpg'}
55.5330 	EXP 	fixation_text: autoDraw = False
55.5330 	EXP 	fixation_text: autoDraw = False
55.5330 	EXP 	stimList: image = u'Episodic_Encoding/Episodic_Encoding_ListA/16.jpg'
55.5330 	EXP 	stimList: autoDraw = True
59.5231 	EXP 	stimList: autoDraw = False
59.5231 	EXP 	stimList: autoDraw = False
59.5231 	EXP 	fixation_text: autoDraw = True
61.5028 	EXP 	New trial (rep=0, index=8): {u'list_AB': u'A', u'wordpair': u'Episodic_Encoding/Episodic_Encoding_ListA/22.jpg'}
61.5185 	EXP 	fixation_text: autoDraw = False
61.5185 	EXP 	fixation_text: autoDraw = False
61.5185 	EXP 	stimList: image = u'Episodic_Encoding/Episodic_Encoding_ListA/22.jpg'
61.5185 	EXP 	stimList: autoDraw = True
65.5093 	EXP 	stimList: autoDraw = False
65.5093 	EXP 	stimList: autoDraw = False
65.5093 	EXP 	fixation_text: autoDraw = True
68.4870 	EXP 	New trial (rep=0, index=9): {u'list_AB': u'A', u'wordpair': u'Episodic_Encoding/Episodic_Encoding_ListA/12.jpg'}
68.5054 	EXP 	fixation_text: autoDraw = False
68.5054 	EXP 	fixation_text: autoDraw = False
68.5054 	EXP 	stimList: image = u'Episodic_Encoding/Episodic_Encoding_ListA/12.jpg'
68.5054 	EXP 	stimList: autoDraw = True
72.4932 	EXP 	stimList: autoDraw = False
72.4932 	EXP 	stimList: autoDraw = False
72.4932 	EXP 	fixation_text: autoDraw = True
74.4727 	EXP 	New trial (rep=0, index=10): {u'list_AB': u'A', u'wordpair': u'Episodic_Encoding/Episodic_Encoding_ListA/11.jpg'}
74.4886 	EXP 	fixation_text: autoDraw = False
74.4886 	EXP 	fixation_text: autoDraw = False
74.4886 	EXP 	stimList: image = u'Episodic_Encoding/Episodic_Encoding_ListA/11.jpg'
74.4886 	EXP 	stimList: autoDraw = True
78.4793 	EXP 	stimList: autoDraw = False
78.4793 	EXP 	stimList: autoDraw = False
78.4793 	EXP 	fixation_text: autoDraw = True
81.9560 	EXP 	New trial (rep=0, index=11): {u'list_AB': u'A', u'wordpair': u'Episodic_Encoding/Episodic_Encoding_ListA/18.jpg'}
81.9733 	EXP 	fixation_text: autoDraw = False
81.9733 	EXP 	fixation_text: autoDraw = False
81.9733 	EXP 	stimList: image = u'Episodic_Encoding/Episodic_Encoding_ListA/18.jpg'
81.9733 	EXP 	stimList: autoDraw = True
85.9621 	EXP 	stimList: autoDraw = False
85.9621 	EXP 	stimList: autoDraw = False
85.9621 	EXP 	fixation_text: autoDraw = True
87.4430 	EXP 	New trial (rep=0, index=12): {u'list_AB': u'A', u'wordpair': u'Episodic_Encoding/Episodic_Encoding_ListA/17.jpg'}
87.4586 	EXP 	fixation_text: autoDraw = False
87.4586 	EXP 	fixation_text: autoDraw = False
87.4586 	EXP 	stimList: image = u'Episodic_Encoding/Episodic_Encoding_ListA/17.jpg'
87.4586 	EXP 	stimList: autoDraw = True
91.4494 	EXP 	stimList: autoDraw = False
91.4494 	EXP 	stimList: autoDraw = False
91.4494 	EXP 	fixation_text: autoDraw = True
94.9257 	EXP 	New trial (rep=0, index=13): {u'list_AB': u'A', u'wordpair': u'Episodic_Encoding/Episodic_Encoding_ListA/6.jpg'}
94.9414 	EXP 	fixation_text: autoDraw = False
94.9414 	EXP 	fixation_text: autoDraw = False
94.9414 	EXP 	stimList: image = u'Episodic_Encoding/Episodic_Encoding_ListA/6.jpg'
94.9414 	EXP 	stimList: autoDraw = True
98.9321 	EXP 	stimList: autoDraw = False
98.9321 	EXP 	stimList: autoDraw = False
98.9321 	EXP 	fixation_text: autoDraw = True
102.4083 	EXP 	New trial (rep=0, index=14): {u'list_AB': u'A', u'wordpair': u'Episodic_Encoding/Episodic_Encoding_ListA/5.jpg'}
102.4241 	EXP 	fixation_text: autoDraw = False
102.4241 	EXP 	fixation_text: autoDraw = False
102.4241 	EXP 	stimList: image = u'Episodic_Encoding/Episodic_Encoding_ListA/5.jpg'
102.4241 	EXP 	stimList: autoDraw = True
106.4147 	EXP 	stimList: autoDraw = False
106.4147 	EXP 	stimList: autoDraw = False
106.4147 	EXP 	fixation_text: autoDraw = True
108.3950 	EXP 	New trial (rep=0, index=15): {u'list_AB': u'A', u'wordpair': u'Episodic_Encoding/Episodic_Encoding_ListA/4.jpg'}
108.4135 	EXP 	fixation_text: autoDraw = False
108.4135 	EXP 	fixation_text: autoDraw = False
108.4135 	EXP 	stimList: image = u'Episodic_Encoding/Episodic_Encoding_ListA/4.jpg'
108.4135 	EXP 	stimList: autoDraw = True
112.4011 	EXP 	stimList: autoDraw = False
112.4011 	EXP 	stimList: autoDraw = False
112.4011 	EXP 	fixation_text: autoDraw = True
114.8797 	EXP 	New trial (rep=0, index=16): {u'list_AB': u'A', u'wordpair': u'Episodic_Encoding/Episodic_Encoding_ListA/10.jpg'}
114.8956 	EXP 	fixation_text: autoDraw = False
114.8956 	EXP 	fixation_text: autoDraw = False
114.8956 	EXP 	stimList: image = u'Episodic_Encoding/Episodic_Encoding_ListA/10.jpg'
114.8956 	EXP 	stimList: autoDraw = True
118.8861 	EXP 	stimList: autoDraw = False
118.8861 	EXP 	stimList: autoDraw = False
118.8861 	EXP 	fixation_text: autoDraw = True
120.3672 	EXP 	New trial (rep=0, index=17): {u'list_AB': u'A', u'wordpair': u'Episodic_Encoding/Episodic_Encoding_ListA/1.jpg'}
120.3856 	EXP 	fixation_text: autoDraw = False
120.3856 	EXP 	fixation_text: autoDraw = False
120.3856 	EXP 	stimList: image = u'Episodic_Encoding/Episodic_Encoding_ListA/1.jpg'
120.3856 	EXP 	stimList: autoDraw = True
124.3735 	EXP 	stimList: autoDraw = False
124.3735 	EXP 	stimList: autoDraw = False
124.3735 	EXP 	fixation_text: autoDraw = True
126.8522 	EXP 	New trial (rep=0, index=18): {u'list_AB': u'A', u'wordpair': u'Episodic_Encoding/Episodic_Encoding_ListA/2.jpg'}
126.8686 	EXP 	fixation_text: autoDraw = False
126.8686 	EXP 	fixation_text: autoDraw = False
126.8686 	EXP 	stimList: image = u'Episodic_Encoding/Episodic_Encoding_ListA/2.jpg'
126.8686 	EXP 	stimList: autoDraw = True
130.8585 	EXP 	stimList: autoDraw = False
130.8585 	EXP 	stimList: autoDraw = False
130.8585 	EXP 	fixation_text: autoDraw = True
132.3391 	EXP 	New trial (rep=0, index=19): {u'list_AB': u'A', u'wordpair': u'Episodic_Encoding/Episodic_Encoding_ListA/20.jpg'}
132.3549 	EXP 	fixation_text: autoDraw = False
132.3549 	EXP 	fixation_text: autoDraw = False
132.3549 	EXP 	stimList: image = u'Episodic_Encoding/Episodic_Encoding_ListA/20.jpg'
132.3549 	EXP 	stimList: autoDraw = True
136.3458 	EXP 	stimList: autoDraw = False
136.3458 	EXP 	stimList: autoDraw = False
136.3458 	EXP 	fixation_text: autoDraw = True
137.8272 	EXP 	New trial (rep=0, index=20): {u'list_AB': u'A', u'wordpair': u'Episodic_Encoding/Episodic_Encoding_ListA/13.jpg'}
137.8448 	EXP 	fixation_text: autoDraw = False
137.8448 	EXP 	fixation_text: autoDraw = False
137.8448 	EXP 	stimList: image = u'Episodic_Encoding/Episodic_Encoding_ListA/13.jpg'
137.8448 	EXP 	stimList: autoDraw = True
141.8332 	EXP 	stimList: autoDraw = False
141.8332 	EXP 	stimList: autoDraw = False
141.8332 	EXP 	fixation_text: autoDraw = True
144.8110 	EXP 	New trial (rep=0, index=21): {u'list_AB': u'A', u'wordpair': u'Episodic_Encoding/Episodic_Encoding_ListA/14.jpg'}
144.8290 	EXP 	fixation_text: autoDraw = False
144.8290 	EXP 	fixation_text: autoDraw = False
144.8290 	EXP 	stimList: image = u'Episodic_Encoding/Episodic_Encoding_ListA/14.jpg'
144.8290 	EXP 	stimList: autoDraw = True
148.8171 	EXP 	stimList: autoDraw = False
148.8171 	EXP 	stimList: autoDraw = False
148.8171 	EXP 	fixation_text: autoDraw = True
151.3112 	EXP 	fixation_text: autoDraw = False
151.3112 	EXP 	fixation_text: autoDraw = False
151.3112 	EXP 	thankyou_text: autoDraw = True
156.2893 	INFO 	saved data to u'/home/mica/micasoft/python/fMRIBatteryMay2017/tasks/episodic/Episodic_Encoding/_Episodic Encoding Task_2017_Nov_15_1324.csv'
156.3024 	INFO 	saved data to /home/mica/micasoft/python/fMRIBatteryMay2017/tasks/episodic/Episodic_Encoding/_Episodic Encoding Task_2017_Nov_15_1324.psydat
156.3083 	EXP 	window1: mouseVisible = True
