1.2099 	WARNING 	pyo audio lib was requested but not loaded: No module named pyo
1.9020 	INFO 	Loaded monitor calibration from ['2017_05_17 09:51']
1.9046 	WARNING 	User requested fullscreen with size [1920 1080], but screen is actually [1366, 768]. Using actual size
2.5358 	EXP 	Created window1 = Window(allowGUI=False, allowStencil=False, autoLog=True, bitsMode=UNKNOWN, blendMode='avg', color=array([ 1.,  1.,  1.]), colorSpace='rgb', fullscr=UNKNOWN, gamma=None, lms=UNKNOWN, monitor=<psychopy.monitors.calibTools.Monitor object at 0xa67a53ec>, name='window1', pos=[0, 0], screen=0, size=array([1366,  768]), stereo=False, units=u'norm', useFBO=True, useRetina=False, viewOri=0.0, viewPos=None, viewScale=None, waitBlanking=True, winType='pyglet')
2.5359 	EXP 	window1: recordFrameIntervals = False
2.6994 	EXP 	window1: recordFrameIntervals = True
2.8828 	EXP 	window1: recordFrameIntervals = False
3.0332 	EXP 	Created instructions_text = TextStim(alignHoriz='center', alignVert='center', antialias=True, autoLog=True, bold=False, color='black', colorSpace='named', contrast=1.0, depth=0.0, flipHoriz=False, flipVert=False, font='Arial', fontFiles=[], height=0.075, italic=False, name='instructions_text', opacity=1.0, ori=0, pos=array([ 0.,  0.]), rgb=array([ 0.,  0.,  0.]), text=unicode(...), units=u'norm', win=Window(...), wrapWidth=1)
3.0390 	EXP 	Created dummy_text = TextStim(alignHoriz='center', alignVert='center', antialias=True, autoLog=True, bold=False, color='black', colorSpace='named', contrast=1.0, depth=0.0, flipHoriz=False, flipVert=False, font='Arial', fontFiles=[], height=0.3, italic=False, name='dummy_text', opacity=1.0, ori=0, pos=array([ 0.,  0.]), rgb=array([ 0.,  0.,  0.]), text=u'+', units=u'norm', win=Window(...), wrapWidth=1)
3.0413 	EXP 	Created stimList = ImageStim(autoLog=True, color=array([ 1.,  1.,  1.]), colorSpace='rgb', contrast=1.0, depth=0, flipHoriz=False, flipVert=False, image=None, interpolate=False, mask=None, maskParams=None, name='stimList', opacity=1.0, ori=0.0, pos=array([ 0.,  0.]), size=array([ 1920.,  1080.]), texRes=128, units=u'norm', win=Window(...))
3.0442 	EXP 	Created fixation_text = TextStim(alignHoriz='center', alignVert='center', antialias=True, autoLog=True, bold=False, color='black', colorSpace='named', contrast=1.0, depth=-1.0, flipHoriz=False, flipVert=False, font='Arial', fontFiles=[], height=0.3, italic=False, name='fixation_text', opacity=1.0, ori=0, pos=array([ 0.,  0.]), rgb=array([ 0.,  0.,  0.]), text=u'+', units=u'norm', win=Window(...), wrapWidth=1)
3.0559 	EXP 	Created thankyou_text = TextStim(alignHoriz='center', alignVert='center', antialias=True, autoLog=True, bold=False, color='black', colorSpace='named', contrast=1.0, depth=0.0, flipHoriz=False, flipVert=False, font='Arial', fontFiles=[], height=0.1, italic=False, name='thankyou_text', opacity=1.0, ori=0, pos=array([ 0.,  0.]), rgb=array([ 0.,  0.,  0.]), text=u'End of experiment.\n\nThank you.', units=u'norm', win=Window(...), wrapWidth=1)
3.0634 	EXP 	instructions_text: autoDraw = True
3.0638 	DATA 	Keypress: 1
3.0639 	EXP 	launchScan: vol: 1500  TR: 0.585s  skip: 0  sync: '5'
3.0842 	EXP 	window1: mouseVisible = False
3.1017 	EXP 	instructions_text: autoDraw = False
4.0252 	DATA 	Keypress: 5
4.0252 	EXP 	launchScan: start of scan
4.0376 	EXP 	dummy_text: autoDraw = True
10.0393 	EXP 	Imported Episodic_Encoding/Episodic_ListA.csv as conditions, 22 conditions, 2 params
10.0405 	EXP 	Created sequence: random, trialTypes=22, nReps=1, seed=None
10.0421 	EXP 	New trial (rep=0, index=0): {u'list_AB': u'A', u'wordpair': u'Episodic_Encoding/Episodic_Encoding_ListA/11.jpg'}
10.0638 	EXP 	dummy_text: autoDraw = False
10.0638 	EXP 	stimList: image = u'Episodic_Encoding/Episodic_Encoding_ListA/11.jpg'
10.0638 	EXP 	stimList: autoDraw = True
14.0565 	EXP 	stimList: autoDraw = False
14.0565 	EXP 	fixation_text: autoDraw = True
16.0367 	EXP 	New trial (rep=0, index=1): {u'list_AB': u'A', u'wordpair': u'Episodic_Encoding/Episodic_Encoding_ListA/1.jpg'}
16.0582 	EXP 	fixation_text: autoDraw = False
16.0582 	EXP 	fixation_text: autoDraw = False
16.0582 	EXP 	stimList: image = u'Episodic_Encoding/Episodic_Encoding_ListA/1.jpg'
16.0582 	EXP 	stimList: autoDraw = True
20.0427 	EXP 	stimList: autoDraw = False
20.0427 	EXP 	stimList: autoDraw = False
20.0427 	EXP 	fixation_text: autoDraw = True
22.0229 	EXP 	New trial (rep=0, index=2): {u'list_AB': u'A', u'wordpair': u'Episodic_Encoding/Episodic_Encoding_ListA/21.jpg'}
22.0400 	EXP 	fixation_text: autoDraw = False
22.0400 	EXP 	fixation_text: autoDraw = False
22.0400 	EXP 	stimList: image = u'Episodic_Encoding/Episodic_Encoding_ListA/21.jpg'
22.0400 	EXP 	stimList: autoDraw = True
26.0289 	EXP 	stimList: autoDraw = False
26.0289 	EXP 	stimList: autoDraw = False
26.0289 	EXP 	fixation_text: autoDraw = True
28.0087 	EXP 	New trial (rep=0, index=3): {u'list_AB': u'A', u'wordpair': u'Episodic_Encoding/Episodic_Encoding_ListA/12.jpg'}
28.0266 	EXP 	fixation_text: autoDraw = False
28.0266 	EXP 	fixation_text: autoDraw = False
28.0266 	EXP 	stimList: image = u'Episodic_Encoding/Episodic_Encoding_ListA/12.jpg'
28.0266 	EXP 	stimList: autoDraw = True
32.0150 	EXP 	stimList: autoDraw = False
32.0150 	EXP 	stimList: autoDraw = False
32.0150 	EXP 	fixation_text: autoDraw = True
34.4943 	EXP 	New trial (rep=0, index=4): {u'list_AB': u'A', u'wordpair': u'Episodic_Encoding/Episodic_Encoding_ListA/6.jpg'}
34.5106 	EXP 	fixation_text: autoDraw = False
34.5106 	EXP 	fixation_text: autoDraw = False
34.5106 	EXP 	stimList: image = u'Episodic_Encoding/Episodic_Encoding_ListA/6.jpg'
34.5106 	EXP 	stimList: autoDraw = True
38.5001 	EXP 	stimList: autoDraw = False
38.5001 	EXP 	stimList: autoDraw = False
38.5001 	EXP 	fixation_text: autoDraw = True
39.9816 	EXP 	New trial (rep=0, index=5): {u'list_AB': u'A', u'wordpair': u'Episodic_Encoding/Episodic_Encoding_ListA/5.jpg'}
39.9991 	EXP 	fixation_text: autoDraw = False
39.9991 	EXP 	fixation_text: autoDraw = False
39.9991 	EXP 	stimList: image = u'Episodic_Encoding/Episodic_Encoding_ListA/5.jpg'
39.9991 	EXP 	stimList: autoDraw = True
43.9874 	EXP 	stimList: autoDraw = False
43.9874 	EXP 	stimList: autoDraw = False
43.9874 	EXP 	fixation_text: autoDraw = True
46.4664 	EXP 	New trial (rep=0, index=6): {u'list_AB': u'A', u'wordpair': u'Episodic_Encoding/Episodic_Encoding_ListA/7.jpg'}
46.4824 	EXP 	fixation_text: autoDraw = False
46.4824 	EXP 	fixation_text: autoDraw = False
46.4824 	EXP 	stimList: image = u'Episodic_Encoding/Episodic_Encoding_ListA/7.jpg'
46.4824 	EXP 	stimList: autoDraw = True
50.4725 	EXP 	stimList: autoDraw = False
50.4725 	EXP 	stimList: autoDraw = False
50.4725 	EXP 	fixation_text: autoDraw = True
52.9513 	EXP 	New trial (rep=0, index=7): {u'list_AB': u'A', u'wordpair': u'Episodic_Encoding/Episodic_Encoding_ListA/15.jpg'}
52.9671 	EXP 	fixation_text: autoDraw = False
52.9671 	EXP 	fixation_text: autoDraw = False
52.9671 	EXP 	stimList: image = u'Episodic_Encoding/Episodic_Encoding_ListA/15.jpg'
52.9671 	EXP 	stimList: autoDraw = True
56.9575 	EXP 	stimList: autoDraw = False
56.9575 	EXP 	stimList: autoDraw = False
56.9575 	EXP 	fixation_text: autoDraw = True
59.9349 	EXP 	New trial (rep=0, index=8): {u'list_AB': u'A', u'wordpair': u'Episodic_Encoding/Episodic_Encoding_ListA/16.jpg'}
59.9506 	EXP 	fixation_text: autoDraw = False
59.9506 	EXP 	fixation_text: autoDraw = False
59.9506 	EXP 	stimList: image = u'Episodic_Encoding/Episodic_Encoding_ListA/16.jpg'
59.9506 	EXP 	stimList: autoDraw = True
63.9414 	EXP 	stimList: autoDraw = False
63.9414 	EXP 	stimList: autoDraw = False
63.9414 	EXP 	fixation_text: autoDraw = True
67.4183 	EXP 	New trial (rep=0, index=9): {u'list_AB': u'A', u'wordpair': u'Episodic_Encoding/Episodic_Encoding_ListA/19.jpg'}
67.4365 	EXP 	fixation_text: autoDraw = False
67.4365 	EXP 	fixation_text: autoDraw = False
67.4365 	EXP 	stimList: image = u'Episodic_Encoding/Episodic_Encoding_ListA/19.jpg'
67.4365 	EXP 	stimList: autoDraw = True
71.4241 	EXP 	stimList: autoDraw = False
71.4241 	EXP 	stimList: autoDraw = False
71.4241 	EXP 	fixation_text: autoDraw = True
73.9031 	EXP 	New trial (rep=0, index=10): {u'list_AB': u'A', u'wordpair': u'Episodic_Encoding/Episodic_Encoding_ListA/9.jpg'}
73.9194 	EXP 	fixation_text: autoDraw = False
73.9194 	EXP 	fixation_text: autoDraw = False
73.9194 	EXP 	stimList: image = u'Episodic_Encoding/Episodic_Encoding_ListA/9.jpg'
73.9194 	EXP 	stimList: autoDraw = True
77.9092 	EXP 	stimList: autoDraw = False
77.9092 	EXP 	stimList: autoDraw = False
77.9092 	EXP 	fixation_text: autoDraw = True
79.8892 	EXP 	New trial (rep=0, index=11): {u'list_AB': u'A', u'wordpair': u'Episodic_Encoding/Episodic_Encoding_ListA/10.jpg'}
79.9075 	EXP 	fixation_text: autoDraw = False
79.9075 	EXP 	fixation_text: autoDraw = False
79.9075 	EXP 	stimList: image = u'Episodic_Encoding/Episodic_Encoding_ListA/10.jpg'
79.9075 	EXP 	stimList: autoDraw = True
83.8953 	EXP 	stimList: autoDraw = False
83.8953 	EXP 	stimList: autoDraw = False
83.8953 	EXP 	fixation_text: autoDraw = True
85.3765 	EXP 	New trial (rep=0, index=12): {u'list_AB': u'A', u'wordpair': u'Episodic_Encoding/Episodic_Encoding_ListA/18.jpg'}
85.3944 	EXP 	fixation_text: autoDraw = False
85.3944 	EXP 	fixation_text: autoDraw = False
85.3944 	EXP 	stimList: image = u'Episodic_Encoding/Episodic_Encoding_ListA/18.jpg'
85.3944 	EXP 	stimList: autoDraw = True
89.3827 	EXP 	stimList: autoDraw = False
89.3827 	EXP 	stimList: autoDraw = False
89.3827 	EXP 	fixation_text: autoDraw = True
92.8588 	EXP 	New trial (rep=0, index=13): {u'list_AB': u'A', u'wordpair': u'Episodic_Encoding/Episodic_Encoding_ListA/2.jpg'}
92.8746 	EXP 	fixation_text: autoDraw = False
92.8746 	EXP 	fixation_text: autoDraw = False
92.8746 	EXP 	stimList: image = u'Episodic_Encoding/Episodic_Encoding_ListA/2.jpg'
92.8746 	EXP 	stimList: autoDraw = True
96.8654 	EXP 	stimList: autoDraw = False
96.8654 	EXP 	stimList: autoDraw = False
96.8654 	EXP 	fixation_text: autoDraw = True
100.3423 	EXP 	New trial (rep=0, index=14): {u'list_AB': u'A', u'wordpair': u'Episodic_Encoding/Episodic_Encoding_ListA/8.jpg'}
100.3597 	EXP 	fixation_text: autoDraw = False
100.3597 	EXP 	fixation_text: autoDraw = False
100.3597 	EXP 	stimList: image = u'Episodic_Encoding/Episodic_Encoding_ListA/8.jpg'
100.3597 	EXP 	stimList: autoDraw = True
104.3482 	EXP 	stimList: autoDraw = False
104.3482 	EXP 	stimList: autoDraw = False
104.3482 	EXP 	fixation_text: autoDraw = True
105.8292 	EXP 	New trial (rep=0, index=15): {u'list_AB': u'A', u'wordpair': u'Episodic_Encoding/Episodic_Encoding_ListA/14.jpg'}
105.8479 	EXP 	fixation_text: autoDraw = False
105.8479 	EXP 	fixation_text: autoDraw = False
105.8479 	EXP 	stimList: image = u'Episodic_Encoding/Episodic_Encoding_ListA/14.jpg'
105.8479 	EXP 	stimList: autoDraw = True
109.8355 	EXP 	stimList: autoDraw = False
109.8355 	EXP 	stimList: autoDraw = False
109.8355 	EXP 	fixation_text: autoDraw = True
112.3145 	EXP 	New trial (rep=0, index=16): {u'list_AB': u'A', u'wordpair': u'Episodic_Encoding/Episodic_Encoding_ListA/17.jpg'}
112.3314 	EXP 	fixation_text: autoDraw = False
112.3314 	EXP 	fixation_text: autoDraw = False
112.3314 	EXP 	stimList: image = u'Episodic_Encoding/Episodic_Encoding_ListA/17.jpg'
112.3314 	EXP 	stimList: autoDraw = True
116.3206 	EXP 	stimList: autoDraw = False
116.3206 	EXP 	stimList: autoDraw = False
116.3206 	EXP 	fixation_text: autoDraw = True
118.7994 	EXP 	New trial (rep=0, index=17): {u'list_AB': u'A', u'wordpair': u'Episodic_Encoding/Episodic_Encoding_ListA/3.jpg'}
118.8153 	EXP 	fixation_text: autoDraw = False
118.8153 	EXP 	fixation_text: autoDraw = False
118.8153 	EXP 	stimList: image = u'Episodic_Encoding/Episodic_Encoding_ListA/3.jpg'
118.8153 	EXP 	stimList: autoDraw = True
122.8055 	EXP 	stimList: autoDraw = False
122.8055 	EXP 	stimList: autoDraw = False
122.8055 	EXP 	fixation_text: autoDraw = True
125.2844 	EXP 	New trial (rep=0, index=18): {u'list_AB': u'A', u'wordpair': u'Episodic_Encoding/Episodic_Encoding_ListA/4.jpg'}
125.2999 	EXP 	fixation_text: autoDraw = False
125.2999 	EXP 	fixation_text: autoDraw = False
125.2999 	EXP 	stimList: image = u'Episodic_Encoding/Episodic_Encoding_ListA/4.jpg'
125.2999 	EXP 	stimList: autoDraw = True
129.2906 	EXP 	stimList: autoDraw = False
129.2906 	EXP 	stimList: autoDraw = False
129.2906 	EXP 	fixation_text: autoDraw = True
131.2707 	EXP 	New trial (rep=0, index=19): {u'list_AB': u'A', u'wordpair': u'Episodic_Encoding/Episodic_Encoding_ListA/22.jpg'}
131.2871 	EXP 	fixation_text: autoDraw = False
131.2871 	EXP 	fixation_text: autoDraw = False
131.2871 	EXP 	stimList: image = u'Episodic_Encoding/Episodic_Encoding_ListA/22.jpg'
131.2871 	EXP 	stimList: autoDraw = True
135.2768 	EXP 	stimList: autoDraw = False
135.2768 	EXP 	stimList: autoDraw = False
135.2768 	EXP 	fixation_text: autoDraw = True
138.7533 	EXP 	New trial (rep=0, index=20): {u'list_AB': u'A', u'wordpair': u'Episodic_Encoding/Episodic_Encoding_ListA/20.jpg'}
138.7716 	EXP 	fixation_text: autoDraw = False
138.7716 	EXP 	fixation_text: autoDraw = False
138.7716 	EXP 	stimList: image = u'Episodic_Encoding/Episodic_Encoding_ListA/20.jpg'
138.7716 	EXP 	stimList: autoDraw = True
142.7595 	EXP 	stimList: autoDraw = False
142.7595 	EXP 	stimList: autoDraw = False
142.7595 	EXP 	fixation_text: autoDraw = True
144.7395 	EXP 	New trial (rep=0, index=21): {u'list_AB': u'A', u'wordpair': u'Episodic_Encoding/Episodic_Encoding_ListA/13.jpg'}
144.7557 	EXP 	fixation_text: autoDraw = False
144.7557 	EXP 	fixation_text: autoDraw = False
144.7557 	EXP 	stimList: image = u'Episodic_Encoding/Episodic_Encoding_ListA/13.jpg'
144.7557 	EXP 	stimList: autoDraw = True
148.7457 	EXP 	stimList: autoDraw = False
148.7457 	EXP 	stimList: autoDraw = False
148.7457 	EXP 	fixation_text: autoDraw = True
151.2398 	EXP 	fixation_text: autoDraw = False
151.2398 	EXP 	fixation_text: autoDraw = False
151.2398 	EXP 	thankyou_text: autoDraw = True
156.2194 	INFO 	saved data to u'/home/mica/micasoft/python/fMRIBatteryMay2017/tasks/episodic/Episodic_Encoding/_Episodic Encoding Task_2017_Nov_15_1346.csv'
156.2365 	INFO 	saved data to /home/mica/micasoft/python/fMRIBatteryMay2017/tasks/episodic/Episodic_Encoding/_Episodic Encoding Task_2017_Nov_15_1346.psydat
156.2438 	EXP 	window1: mouseVisible = True
