1.2043 	WARNING 	pyo audio lib was requested but not loaded: No module named pyo
1.9000 	INFO 	Loaded monitor calibration from ['2017_05_17 09:51']
1.9010 	WARNING 	User requested fullscreen with size [1920 1080], but screen is actually [1366, 768]. Using actual size
2.5588 	EXP 	Created window1 = Window(allowGUI=False, allowStencil=False, autoLog=True, bitsMode=UNKNOWN, blendMode='avg', color=array([ 1.,  1.,  1.]), colorSpace='rgb', fullscr=UNKNOWN, gamma=None, lms=UNKNOWN, monitor=<psychopy.monitors.calibTools.Monitor object at 0xa67ef3ec>, name='window1', pos=[0, 0], screen=0, size=array([1366,  768]), stereo=False, units=u'norm', useFBO=True, useRetina=False, viewOri=0.0, viewPos=None, viewScale=None, waitBlanking=True, winType='pyglet')
2.5589 	EXP 	window1: recordFrameIntervals = False
2.7229 	EXP 	window1: recordFrameIntervals = True
2.9062 	EXP 	window1: recordFrameIntervals = False
3.0366 	EXP 	Created instructions_text = TextStim(alignHoriz='center', alignVert='center', antialias=True, autoLog=True, bold=False, color='black', colorSpace='named', contrast=1.0, depth=0.0, flipHoriz=False, flipVert=False, font='Arial', fontFiles=[], height=0.075, italic=False, name='instructions_text', opacity=1.0, ori=0, pos=array([ 0.,  0.]), rgb=array([ 0.,  0.,  0.]), text=unicode(...), units=u'norm', win=Window(...), wrapWidth=1)
3.0423 	EXP 	Created dummy_text = TextStim(alignHoriz='center', alignVert='center', antialias=True, autoLog=True, bold=False, color='black', colorSpace='named', contrast=1.0, depth=0.0, flipHoriz=False, flipVert=False, font='Arial', fontFiles=[], height=0.3, italic=False, name='dummy_text', opacity=1.0, ori=0, pos=array([ 0.,  0.]), rgb=array([ 0.,  0.,  0.]), text=u'+', units=u'norm', win=Window(...), wrapWidth=1)
3.0448 	EXP 	Created stimList = ImageStim(autoLog=True, color=array([ 1.,  1.,  1.]), colorSpace='rgb', contrast=1.0, depth=0, flipHoriz=False, flipVert=False, image=None, interpolate=False, mask=None, maskParams=None, name='stimList', opacity=1.0, ori=0.0, pos=array([ 0.,  0.]), size=array([ 960.,  720.]), texRes=128, units=u'norm', win=Window(...))
3.0477 	EXP 	Created fixation_text = TextStim(alignHoriz='center', alignVert='center', antialias=True, autoLog=True, bold=False, color='black', colorSpace='named', contrast=1.0, depth=-1.0, flipHoriz=False, flipVert=False, font='Arial', fontFiles=[], height=0.3, italic=False, name='fixation_text', opacity=1.0, ori=0, pos=array([ 0.,  0.]), rgb=array([ 0.,  0.,  0.]), text=u'+', units=u'norm', win=Window(...), wrapWidth=1)
3.0597 	EXP 	Created thankyou_text = TextStim(alignHoriz='center', alignVert='center', antialias=True, autoLog=True, bold=False, color='black', colorSpace='named', contrast=1.0, depth=0.0, flipHoriz=False, flipVert=False, font='Arial', fontFiles=[], height=0.1, italic=False, name='thankyou_text', opacity=1.0, ori=0, pos=array([ 0.,  0.]), rgb=array([ 0.,  0.,  0.]), text=u'End of experiment.\n\nThank you.', units=u'norm', win=Window(...), wrapWidth=1)
3.0657 	EXP 	instructions_text: autoDraw = True
3.3554 	DATA 	Keypress: 3
3.3556 	EXP 	launchScan: vol: 1500  TR: 0.585s  skip: 0  sync: '5'
3.4111 	EXP 	window1: mouseVisible = False
3.4409 	EXP 	instructions_text: autoDraw = False
3.8340 	DATA 	Keypress: 5
3.8341 	EXP 	launchScan: start of scan
3.8467 	EXP 	dummy_text: autoDraw = True
9.8468 	EXP 	Imported Episodic_Encoding/Episodic_ListA.csv as conditions, 22 conditions, 2 params
9.8479 	EXP 	Created sequence: random, trialTypes=22, nReps=1, seed=None
9.8489 	EXP 	New trial (rep=0, index=0): {u'list_AB': u'A', u'banana': u'Episodic_Encoding/Episodic_Encoding_ListA/16.jpg'}
9.8718 	EXP 	dummy_text: autoDraw = False
9.8718 	EXP 	dummy_text: autoDraw = False
9.8718 	EXP 	stimList: image = u'Episodic_Encoding/Episodic_Encoding_ListA/16.jpg'
9.8718 	EXP 	stimList: autoDraw = True
13.8638 	EXP 	stimList: autoDraw = False
13.8638 	EXP 	fixation_text: autoDraw = True
16.3424 	EXP 	New trial (rep=0, index=1): {u'list_AB': u'A', u'banana': u'Episodic_Encoding/Episodic_Encoding_ListA/6.jpg'}
16.3581 	EXP 	fixation_text: autoDraw = False
16.3581 	EXP 	fixation_text: autoDraw = False
16.3581 	EXP 	stimList: image = u'Episodic_Encoding/Episodic_Encoding_ListA/6.jpg'
16.3581 	EXP 	stimList: autoDraw = True
20.3489 	EXP 	stimList: autoDraw = False
20.3489 	EXP 	stimList: autoDraw = False
20.3489 	EXP 	fixation_text: autoDraw = True
22.8277 	EXP 	New trial (rep=0, index=2): {u'list_AB': u'A', u'banana': u'Episodic_Encoding/Episodic_Encoding_ListA/1.jpg'}
22.8496 	EXP 	fixation_text: autoDraw = False
22.8496 	EXP 	fixation_text: autoDraw = False
22.8496 	EXP 	stimList: image = u'Episodic_Encoding/Episodic_Encoding_ListA/1.jpg'
22.8496 	EXP 	stimList: autoDraw = True
24.2573 	DATA 	Keypress: escape
