1.2426 	WARNING 	pyo audio lib was requested but not loaded: No module named pyo
1.9759 	INFO 	Loaded monitor calibration from ['2017_05_17 09:51']
1.9775 	WARNING 	User requested fullscreen with size [1920 1080], but screen is actually [1366, 768]. Using actual size
2.5883 	EXP 	Created window1 = Window(allowGUI=False, allowStencil=False, autoLog=True, bitsMode=UNKNOWN, blendMode='avg', color=array([ 1.,  1.,  1.]), colorSpace='rgb', fullscr=UNKNOWN, gamma=None, lms=UNKNOWN, monitor=<psychopy.monitors.calibTools.Monitor object at 0xa67763ec>, name='window1', pos=[0, 0], screen=0, size=array([1366,  768]), stereo=False, units=u'norm', useFBO=True, useRetina=False, viewOri=0.0, viewPos=None, viewScale=None, waitBlanking=True, winType='pyglet')
2.5884 	EXP 	window1: recordFrameIntervals = False
2.7520 	EXP 	window1: recordFrameIntervals = True
2.9355 	EXP 	window1: recordFrameIntervals = False
3.0814 	EXP 	Created instructions_text = TextStim(alignHoriz='center', alignVert='center', antialias=True, autoLog=True, bold=False, color='black', colorSpace='named', contrast=1.0, depth=0.0, flipHoriz=False, flipVert=False, font='Arial', fontFiles=[], height=0.075, italic=False, name='instructions_text', opacity=1.0, ori=0, pos=array([ 0.,  0.]), rgb=array([ 0.,  0.,  0.]), text=unicode(...), units=u'norm', win=Window(...), wrapWidth=1)
3.0872 	EXP 	Created dummy_text = TextStim(alignHoriz='center', alignVert='center', antialias=True, autoLog=True, bold=False, color='black', colorSpace='named', contrast=1.0, depth=0.0, flipHoriz=False, flipVert=False, font='Arial', fontFiles=[], height=0.3, italic=False, name='dummy_text', opacity=1.0, ori=0, pos=array([ 0.,  0.]), rgb=array([ 0.,  0.,  0.]), text=u'+', units=u'norm', win=Window(...), wrapWidth=1)
3.0891 	EXP 	Created stimList = ImageStim(autoLog=True, color=array([ 1.,  1.,  1.]), colorSpace='rgb', contrast=1.0, depth=0, flipHoriz=False, flipVert=False, image=None, interpolate=False, mask=None, maskParams=None, name='stimList', opacity=1.0, ori=0.0, pos=array([ 0.,  0.]), size=array([ 1920.,  1080.]), texRes=128, units=u'norm', win=Window(...))
3.0919 	EXP 	Created fixation_text = TextStim(alignHoriz='center', alignVert='center', antialias=True, autoLog=True, bold=False, color='black', colorSpace='named', contrast=1.0, depth=-1.0, flipHoriz=False, flipVert=False, font='Arial', fontFiles=[], height=0.3, italic=False, name='fixation_text', opacity=1.0, ori=0, pos=array([ 0.,  0.]), rgb=array([ 0.,  0.,  0.]), text=u'+', units=u'norm', win=Window(...), wrapWidth=1)
3.1038 	EXP 	Created thankyou_text = TextStim(alignHoriz='center', alignVert='center', antialias=True, autoLog=True, bold=False, color='black', colorSpace='named', contrast=1.0, depth=0.0, flipHoriz=False, flipVert=False, font='Arial', fontFiles=[], height=0.1, italic=False, name='thankyou_text', opacity=1.0, ori=0, pos=array([ 0.,  0.]), rgb=array([ 0.,  0.,  0.]), text=u'End of experiment.\n\nThank you.', units=u'norm', win=Window(...), wrapWidth=1)
3.1087 	EXP 	instructions_text: autoDraw = True
3.3679 	DATA 	Keypress: 1
3.3681 	EXP 	launchScan: vol: 1500  TR: 0.585s  skip: 0  sync: '5'
3.4151 	EXP 	window1: mouseVisible = False
3.4420 	EXP 	instructions_text: autoDraw = False
3.8776 	DATA 	Keypress: 5
3.8776 	EXP 	launchScan: start of scan
3.8902 	EXP 	dummy_text: autoDraw = True
9.8922 	EXP 	Imported Episodic_Encoding/Episodic_ListA.csv as conditions, 22 conditions, 2 params
9.8934 	EXP 	Created sequence: random, trialTypes=22, nReps=1, seed=None
9.8950 	EXP 	New trial (rep=0, index=0): {u'list_AB': u'A', u'wordpair': u'Episodic_Encoding/Episodic_Encoding_ListA/21.jpg'}
9.9174 	EXP 	dummy_text: autoDraw = False
9.9174 	EXP 	stimList: image = u'Episodic_Encoding/Episodic_Encoding_ListA/21.jpg'
9.9174 	EXP 	stimList: autoDraw = True
13.9095 	EXP 	stimList: autoDraw = False
13.9095 	EXP 	fixation_text: autoDraw = True
15.3905 	EXP 	New trial (rep=0, index=1): {u'list_AB': u'A', u'wordpair': u'Episodic_Encoding/Episodic_Encoding_ListA/4.jpg'}
15.4100 	EXP 	fixation_text: autoDraw = False
15.4100 	EXP 	fixation_text: autoDraw = False
15.4100 	EXP 	stimList: image = u'Episodic_Encoding/Episodic_Encoding_ListA/4.jpg'
15.4100 	EXP 	stimList: autoDraw = True
19.3968 	EXP 	stimList: autoDraw = False
19.3968 	EXP 	stimList: autoDraw = False
19.3968 	EXP 	fixation_text: autoDraw = True
21.3766 	EXP 	New trial (rep=0, index=2): {u'list_AB': u'A', u'wordpair': u'Episodic_Encoding/Episodic_Encoding_ListA/18.jpg'}
21.3922 	EXP 	fixation_text: autoDraw = False
21.3922 	EXP 	fixation_text: autoDraw = False
21.3922 	EXP 	stimList: image = u'Episodic_Encoding/Episodic_Encoding_ListA/18.jpg'
21.3922 	EXP 	stimList: autoDraw = True
25.3830 	EXP 	stimList: autoDraw = False
25.3830 	EXP 	stimList: autoDraw = False
25.3830 	EXP 	fixation_text: autoDraw = True
28.8592 	EXP 	New trial (rep=0, index=3): {u'list_AB': u'A', u'wordpair': u'Episodic_Encoding/Episodic_Encoding_ListA/7.jpg'}
28.8750 	EXP 	fixation_text: autoDraw = False
28.8750 	EXP 	fixation_text: autoDraw = False
28.8750 	EXP 	stimList: image = u'Episodic_Encoding/Episodic_Encoding_ListA/7.jpg'
28.8750 	EXP 	stimList: autoDraw = True
32.8656 	EXP 	stimList: autoDraw = False
32.8656 	EXP 	stimList: autoDraw = False
32.8656 	EXP 	fixation_text: autoDraw = True
36.3422 	EXP 	New trial (rep=0, index=4): {u'list_AB': u'A', u'wordpair': u'Episodic_Encoding/Episodic_Encoding_ListA/11.jpg'}
36.3619 	EXP 	fixation_text: autoDraw = False
36.3619 	EXP 	fixation_text: autoDraw = False
36.3619 	EXP 	stimList: image = u'Episodic_Encoding/Episodic_Encoding_ListA/11.jpg'
36.3619 	EXP 	stimList: autoDraw = True
40.3484 	EXP 	stimList: autoDraw = False
40.3484 	EXP 	stimList: autoDraw = False
40.3484 	EXP 	fixation_text: autoDraw = True
42.3284 	EXP 	New trial (rep=0, index=5): {u'list_AB': u'A', u'wordpair': u'Episodic_Encoding/Episodic_Encoding_ListA/16.jpg'}
42.3446 	EXP 	fixation_text: autoDraw = False
42.3446 	EXP 	fixation_text: autoDraw = False
42.3446 	EXP 	stimList: image = u'Episodic_Encoding/Episodic_Encoding_ListA/16.jpg'
42.3446 	EXP 	stimList: autoDraw = True
46.3347 	EXP 	stimList: autoDraw = False
46.3347 	EXP 	stimList: autoDraw = False
46.3347 	EXP 	fixation_text: autoDraw = True
49.3124 	EXP 	New trial (rep=0, index=6): {u'list_AB': u'A', u'wordpair': u'Episodic_Encoding/Episodic_Encoding_ListA/14.jpg'}
49.3301 	EXP 	fixation_text: autoDraw = False
49.3301 	EXP 	fixation_text: autoDraw = False
49.3301 	EXP 	stimList: image = u'Episodic_Encoding/Episodic_Encoding_ListA/14.jpg'
49.3301 	EXP 	stimList: autoDraw = True
53.3185 	EXP 	stimList: autoDraw = False
53.3185 	EXP 	stimList: autoDraw = False
53.3185 	EXP 	fixation_text: autoDraw = True
56.7953 	EXP 	New trial (rep=0, index=7): {u'list_AB': u'A', u'wordpair': u'Episodic_Encoding/Episodic_Encoding_ListA/22.jpg'}
56.8116 	EXP 	fixation_text: autoDraw = False
56.8116 	EXP 	fixation_text: autoDraw = False
56.8116 	EXP 	stimList: image = u'Episodic_Encoding/Episodic_Encoding_ListA/22.jpg'
56.8116 	EXP 	stimList: autoDraw = True
60.8013 	EXP 	stimList: autoDraw = False
60.8013 	EXP 	stimList: autoDraw = False
60.8013 	EXP 	fixation_text: autoDraw = True
64.2781 	EXP 	New trial (rep=0, index=8): {u'list_AB': u'A', u'wordpair': u'Episodic_Encoding/Episodic_Encoding_ListA/8.jpg'}
64.2959 	EXP 	fixation_text: autoDraw = False
64.2959 	EXP 	fixation_text: autoDraw = False
64.2959 	EXP 	stimList: image = u'Episodic_Encoding/Episodic_Encoding_ListA/8.jpg'
64.2959 	EXP 	stimList: autoDraw = True
68.2839 	EXP 	stimList: autoDraw = False
68.2839 	EXP 	stimList: autoDraw = False
68.2839 	EXP 	fixation_text: autoDraw = True
71.7606 	EXP 	New trial (rep=0, index=9): {u'list_AB': u'A', u'wordpair': u'Episodic_Encoding/Episodic_Encoding_ListA/10.jpg'}
71.7761 	EXP 	fixation_text: autoDraw = False
71.7761 	EXP 	fixation_text: autoDraw = False
71.7761 	EXP 	stimList: image = u'Episodic_Encoding/Episodic_Encoding_ListA/10.jpg'
71.7761 	EXP 	stimList: autoDraw = True
75.7668 	EXP 	stimList: autoDraw = False
75.7668 	EXP 	stimList: autoDraw = False
75.7668 	EXP 	fixation_text: autoDraw = True
79.2434 	EXP 	New trial (rep=0, index=10): {u'list_AB': u'A', u'wordpair': u'Episodic_Encoding/Episodic_Encoding_ListA/15.jpg'}
79.2591 	EXP 	fixation_text: autoDraw = False
79.2591 	EXP 	fixation_text: autoDraw = False
79.2591 	EXP 	stimList: image = u'Episodic_Encoding/Episodic_Encoding_ListA/15.jpg'
79.2591 	EXP 	stimList: autoDraw = True
83.2495 	EXP 	stimList: autoDraw = False
83.2495 	EXP 	stimList: autoDraw = False
83.2495 	EXP 	fixation_text: autoDraw = True
85.7283 	EXP 	New trial (rep=0, index=11): {u'list_AB': u'A', u'wordpair': u'Episodic_Encoding/Episodic_Encoding_ListA/13.jpg'}
85.7448 	EXP 	fixation_text: autoDraw = False
85.7448 	EXP 	fixation_text: autoDraw = False
85.7448 	EXP 	stimList: image = u'Episodic_Encoding/Episodic_Encoding_ListA/13.jpg'
85.7448 	EXP 	stimList: autoDraw = True
89.7345 	EXP 	stimList: autoDraw = False
89.7345 	EXP 	stimList: autoDraw = False
89.7345 	EXP 	fixation_text: autoDraw = True
91.7148 	EXP 	New trial (rep=0, index=12): {u'list_AB': u'A', u'wordpair': u'Episodic_Encoding/Episodic_Encoding_ListA/3.jpg'}
91.7314 	EXP 	fixation_text: autoDraw = False
91.7314 	EXP 	fixation_text: autoDraw = False
91.7314 	EXP 	stimList: image = u'Episodic_Encoding/Episodic_Encoding_ListA/3.jpg'
91.7314 	EXP 	stimList: autoDraw = True
95.7206 	EXP 	stimList: autoDraw = False
95.7206 	EXP 	stimList: autoDraw = False
95.7206 	EXP 	fixation_text: autoDraw = True
99.1972 	EXP 	New trial (rep=0, index=13): {u'list_AB': u'A', u'wordpair': u'Episodic_Encoding/Episodic_Encoding_ListA/9.jpg'}
99.2156 	EXP 	fixation_text: autoDraw = False
99.2156 	EXP 	fixation_text: autoDraw = False
99.2156 	EXP 	stimList: image = u'Episodic_Encoding/Episodic_Encoding_ListA/9.jpg'
99.2156 	EXP 	stimList: autoDraw = True
103.2034 	EXP 	stimList: autoDraw = False
103.2034 	EXP 	stimList: autoDraw = False
103.2034 	EXP 	fixation_text: autoDraw = True
106.1811 	EXP 	New trial (rep=0, index=14): {u'list_AB': u'A', u'wordpair': u'Episodic_Encoding/Episodic_Encoding_ListA/19.jpg'}
106.1968 	EXP 	fixation_text: autoDraw = False
106.1968 	EXP 	fixation_text: autoDraw = False
106.1968 	EXP 	stimList: image = u'Episodic_Encoding/Episodic_Encoding_ListA/19.jpg'
106.1968 	EXP 	stimList: autoDraw = True
110.1873 	EXP 	stimList: autoDraw = False
110.1873 	EXP 	stimList: autoDraw = False
110.1873 	EXP 	fixation_text: autoDraw = True
111.6686 	EXP 	New trial (rep=0, index=15): {u'list_AB': u'A', u'wordpair': u'Episodic_Encoding/Episodic_Encoding_ListA/20.jpg'}
111.6846 	EXP 	fixation_text: autoDraw = False
111.6846 	EXP 	fixation_text: autoDraw = False
111.6846 	EXP 	stimList: image = u'Episodic_Encoding/Episodic_Encoding_ListA/20.jpg'
111.6846 	EXP 	stimList: autoDraw = True
115.6746 	EXP 	stimList: autoDraw = False
115.6746 	EXP 	stimList: autoDraw = False
115.6746 	EXP 	fixation_text: autoDraw = True
117.6549 	EXP 	New trial (rep=0, index=16): {u'list_AB': u'A', u'wordpair': u'Episodic_Encoding/Episodic_Encoding_ListA/12.jpg'}
117.6733 	EXP 	fixation_text: autoDraw = False
117.6733 	EXP 	fixation_text: autoDraw = False
117.6733 	EXP 	stimList: image = u'Episodic_Encoding/Episodic_Encoding_ListA/12.jpg'
117.6733 	EXP 	stimList: autoDraw = True
121.6608 	EXP 	stimList: autoDraw = False
121.6608 	EXP 	stimList: autoDraw = False
121.6608 	EXP 	fixation_text: autoDraw = True
123.1420 	EXP 	New trial (rep=0, index=17): {u'list_AB': u'A', u'wordpair': u'Episodic_Encoding/Episodic_Encoding_ListA/2.jpg'}
123.1608 	EXP 	fixation_text: autoDraw = False
123.1608 	EXP 	fixation_text: autoDraw = False
123.1608 	EXP 	stimList: image = u'Episodic_Encoding/Episodic_Encoding_ListA/2.jpg'
123.1608 	EXP 	stimList: autoDraw = True
127.1481 	EXP 	stimList: autoDraw = False
127.1481 	EXP 	stimList: autoDraw = False
127.1481 	EXP 	fixation_text: autoDraw = True
129.6272 	EXP 	New trial (rep=0, index=18): {u'list_AB': u'A', u'wordpair': u'Episodic_Encoding/Episodic_Encoding_ListA/1.jpg'}
129.6488 	EXP 	fixation_text: autoDraw = False
129.6488 	EXP 	fixation_text: autoDraw = False
129.6488 	EXP 	stimList: image = u'Episodic_Encoding/Episodic_Encoding_ListA/1.jpg'
129.6488 	EXP 	stimList: autoDraw = True
133.6332 	EXP 	stimList: autoDraw = False
133.6332 	EXP 	stimList: autoDraw = False
133.6332 	EXP 	fixation_text: autoDraw = True
135.6132 	EXP 	New trial (rep=0, index=19): {u'list_AB': u'A', u'wordpair': u'Episodic_Encoding/Episodic_Encoding_ListA/6.jpg'}
135.6309 	EXP 	fixation_text: autoDraw = False
135.6309 	EXP 	fixation_text: autoDraw = False
135.6309 	EXP 	stimList: image = u'Episodic_Encoding/Episodic_Encoding_ListA/6.jpg'
135.6309 	EXP 	stimList: autoDraw = True
139.6194 	EXP 	stimList: autoDraw = False
139.6194 	EXP 	stimList: autoDraw = False
139.6194 	EXP 	fixation_text: autoDraw = True
143.0960 	EXP 	New trial (rep=0, index=20): {u'list_AB': u'A', u'wordpair': u'Episodic_Encoding/Episodic_Encoding_ListA/5.jpg'}
143.1125 	EXP 	fixation_text: autoDraw = False
143.1125 	EXP 	fixation_text: autoDraw = False
143.1125 	EXP 	stimList: image = u'Episodic_Encoding/Episodic_Encoding_ListA/5.jpg'
143.1125 	EXP 	stimList: autoDraw = True
147.1021 	EXP 	stimList: autoDraw = False
147.1021 	EXP 	stimList: autoDraw = False
147.1021 	EXP 	fixation_text: autoDraw = True
148.5834 	EXP 	New trial (rep=0, index=21): {u'list_AB': u'A', u'wordpair': u'Episodic_Encoding/Episodic_Encoding_ListA/17.jpg'}
148.5990 	EXP 	fixation_text: autoDraw = False
148.5990 	EXP 	fixation_text: autoDraw = False
148.5990 	EXP 	stimList: image = u'Episodic_Encoding/Episodic_Encoding_ListA/17.jpg'
148.5990 	EXP 	stimList: autoDraw = True
152.5895 	EXP 	stimList: autoDraw = False
152.5895 	EXP 	stimList: autoDraw = False
152.5895 	EXP 	fixation_text: autoDraw = True
155.0836 	EXP 	fixation_text: autoDraw = False
155.0836 	EXP 	fixation_text: autoDraw = False
155.0836 	EXP 	thankyou_text: autoDraw = True
160.0619 	INFO 	saved data to u'/home/mica/micasoft/python/fMRIBatteryMay2017/tasks/episodic/Episodic_Encoding/_Episodic Encoding Task_2017_Nov_15_1339.csv'
160.0749 	INFO 	saved data to /home/mica/micasoft/python/fMRIBatteryMay2017/tasks/episodic/Episodic_Encoding/_Episodic Encoding Task_2017_Nov_15_1339.psydat
160.0810 	EXP 	window1: mouseVisible = True
