1.2991 	WARNING 	pyo audio lib was requested but not loaded: No module named pyo
1.9186 	INFO 	Loaded monitor calibration from ['2017_05_17 09:51']
1.9210 	WARNING 	User requested fullscreen with size [1920 1080], but screen is actually [1366, 768]. Using actual size
2.5619 	EXP 	Created window1 = Window(allowGUI=False, allowStencil=False, autoLog=True, bitsMode=UNKNOWN, blendMode='avg', color=array([ 1.,  1.,  1.]), colorSpace='rgb', fullscr=UNKNOWN, gamma=None, lms=UNKNOWN, monitor=<psychopy.monitors.calibTools.Monitor object at 0xa67873ec>, name='window1', pos=[0, 0], screen=0, size=array([1366,  768]), stereo=False, units=u'norm', useFBO=True, useRetina=False, viewOri=0.0, viewPos=None, viewScale=None, waitBlanking=True, winType='pyglet')
2.5619 	EXP 	window1: recordFrameIntervals = False
2.7271 	EXP 	window1: recordFrameIntervals = True
2.9106 	EXP 	window1: recordFrameIntervals = False
3.0558 	EXP 	Created instructions_text = TextStim(alignHoriz='center', alignVert='center', antialias=True, autoLog=True, bold=False, color='black', colorSpace='named', contrast=1.0, depth=0.0, flipHoriz=False, flipVert=False, font='Arial', fontFiles=[], height=0.075, italic=False, name='instructions_text', opacity=1.0, ori=0, pos=array([ 0.,  0.]), rgb=array([ 0.,  0.,  0.]), text=unicode(...), units=u'norm', win=Window(...), wrapWidth=1)
3.0616 	EXP 	Created dummy_text = TextStim(alignHoriz='center', alignVert='center', antialias=True, autoLog=True, bold=False, color='black', colorSpace='named', contrast=1.0, depth=0.0, flipHoriz=False, flipVert=False, font='Arial', fontFiles=[], height=0.3, italic=False, name='dummy_text', opacity=1.0, ori=0, pos=array([ 0.,  0.]), rgb=array([ 0.,  0.,  0.]), text=u'+', units=u'norm', win=Window(...), wrapWidth=1)
3.0641 	EXP 	Created stimList = ImageStim(autoLog=True, color=array([ 1.,  1.,  1.]), colorSpace='rgb', contrast=1.0, depth=0, flipHoriz=False, flipVert=False, image=None, interpolate=False, mask=None, maskParams=None, name='stimList', opacity=1.0, ori=0.0, pos=array([ 0.,  0.]), size=array([ 960.,  720.]), texRes=128, units=u'norm', win=Window(...))
3.0669 	EXP 	Created fixation_text = TextStim(alignHoriz='center', alignVert='center', antialias=True, autoLog=True, bold=False, color='black', colorSpace='named', contrast=1.0, depth=-1.0, flipHoriz=False, flipVert=False, font='Arial', fontFiles=[], height=0.3, italic=False, name='fixation_text', opacity=1.0, ori=0, pos=array([ 0.,  0.]), rgb=array([ 0.,  0.,  0.]), text=u'+', units=u'norm', win=Window(...), wrapWidth=1)
3.0788 	EXP 	Created thankyou_text = TextStim(alignHoriz='center', alignVert='center', antialias=True, autoLog=True, bold=False, color='black', colorSpace='named', contrast=1.0, depth=0.0, flipHoriz=False, flipVert=False, font='Arial', fontFiles=[], height=0.1, italic=False, name='thankyou_text', opacity=1.0, ori=0, pos=array([ 0.,  0.]), rgb=array([ 0.,  0.,  0.]), text=u'End of experiment.\n\nThank you.', units=u'norm', win=Window(...), wrapWidth=1)
3.0855 	EXP 	instructions_text: autoDraw = True
3.6257 	DATA 	Keypress: 4
3.6260 	EXP 	launchScan: vol: 1500  TR: 0.585s  skip: 0  sync: '5'
3.6767 	EXP 	window1: mouseVisible = False
3.7052 	EXP 	instructions_text: autoDraw = False
3.8439 	DATA 	Keypress: 5
3.8440 	EXP 	launchScan: start of scan
3.8581 	EXP 	dummy_text: autoDraw = True
9.8508 	EXP 	Imported Episodic_Encoding/Episodic_ListA.csv as conditions, 22 conditions, 2 params
9.8523 	EXP 	Created sequence: random, trialTypes=22, nReps=1, seed=None
9.8540 	EXP 	New trial (rep=0, index=0): {u'list_AB': u'A', u'wordpair': u'Episodic_Encoding_ListA/20.jpg'}
9.8544 	ERROR 	Couldn't find image file 'Episodic_Encoding_ListA/20.jpg'; check path?
1.1664 	WARNING 	pyo audio lib was requested but not loaded: No module named pyo
1.7784 	INFO 	Loaded monitor calibration from ['2017_05_17 09:51']
1.7795 	WARNING 	User requested fullscreen with size [1920 1080], but screen is actually [1366, 768]. Using actual size
2.3892 	EXP 	Created window1 = Window(allowGUI=False, allowStencil=False, autoLog=True, bitsMode=UNKNOWN, blendMode='avg', color=array([ 1.,  1.,  1.]), colorSpace='rgb', fullscr=UNKNOWN, gamma=None, lms=UNKNOWN, monitor=<psychopy.monitors.calibTools.Monitor object at 0xa678c3ec>, name='window1', pos=[0, 0], screen=0, size=array([1366,  768]), stereo=False, units=u'norm', useFBO=True, useRetina=False, viewOri=0.0, viewPos=None, viewScale=None, waitBlanking=True, winType='pyglet')
2.3893 	EXP 	window1: recordFrameIntervals = False
2.5528 	EXP 	window1: recordFrameIntervals = True
2.7362 	EXP 	window1: recordFrameIntervals = False
2.8867 	EXP 	Created instructions_text = TextStim(alignHoriz='center', alignVert='center', antialias=True, autoLog=True, bold=False, color='black', colorSpace='named', contrast=1.0, depth=0.0, flipHoriz=False, flipVert=False, font='Arial', fontFiles=[], height=0.075, italic=False, name='instructions_text', opacity=1.0, ori=0, pos=array([ 0.,  0.]), rgb=array([ 0.,  0.,  0.]), text=unicode(...), units=u'norm', win=Window(...), wrapWidth=1)
2.8923 	EXP 	Created dummy_text = TextStim(alignHoriz='center', alignVert='center', antialias=True, autoLog=True, bold=False, color='black', colorSpace='named', contrast=1.0, depth=0.0, flipHoriz=False, flipVert=False, font='Arial', fontFiles=[], height=0.3, italic=False, name='dummy_text', opacity=1.0, ori=0, pos=array([ 0.,  0.]), rgb=array([ 0.,  0.,  0.]), text=u'+', units=u'norm', win=Window(...), wrapWidth=1)
2.8948 	EXP 	Created stimList = ImageStim(autoLog=True, color=array([ 1.,  1.,  1.]), colorSpace='rgb', contrast=1.0, depth=0, flipHoriz=False, flipVert=False, image=None, interpolate=False, mask=None, maskParams=None, name='stimList', opacity=1.0, ori=0.0, pos=array([ 0.,  0.]), size=array([ 960.,  720.]), texRes=128, units=u'norm', win=Window(...))
2.8976 	EXP 	Created fixation_text = TextStim(alignHoriz='center', alignVert='center', antialias=True, autoLog=True, bold=False, color='black', colorSpace='named', contrast=1.0, depth=-1.0, flipHoriz=False, flipVert=False, font='Arial', fontFiles=[], height=0.3, italic=False, name='fixation_text', opacity=1.0, ori=0, pos=array([ 0.,  0.]), rgb=array([ 0.,  0.,  0.]), text=u'+', units=u'norm', win=Window(...), wrapWidth=1)
2.9095 	EXP 	Created thankyou_text = TextStim(alignHoriz='center', alignVert='center', antialias=True, autoLog=True, bold=False, color='black', colorSpace='named', contrast=1.0, depth=0.0, flipHoriz=False, flipVert=False, font='Arial', fontFiles=[], height=0.1, italic=False, name='thankyou_text', opacity=1.0, ori=0, pos=array([ 0.,  0.]), rgb=array([ 0.,  0.,  0.]), text=u'End of experiment.\n\nThank you.', units=u'norm', win=Window(...), wrapWidth=1)
2.9155 	EXP 	instructions_text: autoDraw = True
3.5342 	DATA 	Keypress: 1
3.5344 	EXP 	launchScan: vol: 1500  TR: 0.585s  skip: 0  sync: '5'
3.5725 	EXP 	window1: mouseVisible = False
3.5975 	EXP 	instructions_text: autoDraw = False
4.4527 	DATA 	Keypress: 5
4.4527 	EXP 	launchScan: start of scan
4.4649 	EXP 	dummy_text: autoDraw = True
10.4571 	EXP 	Imported Episodic_Encoding/Episodic_ListA.csv as conditions, 22 conditions, 2 params
10.4582 	EXP 	Created sequence: random, trialTypes=22, nReps=1, seed=None
10.4591 	EXP 	New trial (rep=0, index=0): {u'list_AB': u'A', u'wordpair': u'Episodic_Encoding/Episodic_Encoding_ListA/6.jpg'}
10.4798 	EXP 	dummy_text: autoDraw = False
10.4798 	EXP 	dummy_text: autoDraw = False
10.4798 	EXP 	stimList: image = u'Episodic_Encoding/Episodic_Encoding_ListA/6.jpg'
10.4798 	EXP 	stimList: autoDraw = True
14.4751 	EXP 	stimList: autoDraw = False
14.4751 	EXP 	fixation_text: autoDraw = True
16.9543 	EXP 	New trial (rep=0, index=1): {u'list_AB': u'A', u'wordpair': u'Episodic_Encoding/Episodic_Encoding_ListA/14.jpg'}
16.9757 	EXP 	fixation_text: autoDraw = False
16.9757 	EXP 	fixation_text: autoDraw = False
16.9757 	EXP 	stimList: image = u'Episodic_Encoding/Episodic_Encoding_ListA/14.jpg'
16.9757 	EXP 	stimList: autoDraw = True
20.9603 	EXP 	stimList: autoDraw = False
20.9603 	EXP 	stimList: autoDraw = False
20.9603 	EXP 	fixation_text: autoDraw = True
22.9401 	EXP 	New trial (rep=0, index=2): {u'list_AB': u'A', u'wordpair': u'Episodic_Encoding/Episodic_Encoding_ListA/7.jpg'}
22.9559 	EXP 	fixation_text: autoDraw = False
22.9559 	EXP 	fixation_text: autoDraw = False
22.9559 	EXP 	stimList: image = u'Episodic_Encoding/Episodic_Encoding_ListA/7.jpg'
22.9559 	EXP 	stimList: autoDraw = True
26.9464 	EXP 	stimList: autoDraw = False
26.9464 	EXP 	stimList: autoDraw = False
26.9464 	EXP 	fixation_text: autoDraw = True
29.4251 	EXP 	New trial (rep=0, index=3): {u'list_AB': u'A', u'wordpair': u'Episodic_Encoding/Episodic_Encoding_ListA/22.jpg'}
29.4438 	EXP 	fixation_text: autoDraw = False
29.4438 	EXP 	fixation_text: autoDraw = False
29.4438 	EXP 	stimList: image = u'Episodic_Encoding/Episodic_Encoding_ListA/22.jpg'
29.4438 	EXP 	stimList: autoDraw = True
30.5720 	DATA 	Keypress: escape
