1.2066 	WARNING 	pyo audio lib was requested but not loaded: No module named pyo
2.1192 	INFO 	Loaded monitor calibration from ['2017_05_17 09:51']
2.1220 	WARNING 	User requested fullscreen with size [1920 1080], but screen is actually [1366, 768]. Using actual size
2.7721 	EXP 	Created window1 = Window(allowGUI=False, allowStencil=False, autoLog=True, bitsMode=UNKNOWN, blendMode='avg', color=array([ 1.,  1.,  1.]), colorSpace='rgb', fullscr=UNKNOWN, gamma=None, lms=UNKNOWN, monitor=<psychopy.monitors.calibTools.Monitor object at 0xa68493cc>, name='window1', pos=[0, 0], screen=0, size=array([1366,  768]), stereo=False, units=u'norm', useFBO=True, useRetina=False, viewOri=0.0, viewPos=None, viewScale=None, waitBlanking=True, winType='pyglet')
2.7723 	EXP 	window1: recordFrameIntervals = False
2.9354 	EXP 	window1: recordFrameIntervals = True
3.1188 	EXP 	window1: recordFrameIntervals = False
3.2744 	EXP 	Created instructions_text = TextStim(alignHoriz='center', alignVert='center', antialias=True, autoLog=True, bold=False, color='black', colorSpace='named', contrast=1.0, depth=0.0, flipHoriz=False, flipVert=False, font='Arial', fontFiles=[], height=0.075, italic=False, name='instructions_text', opacity=1.0, ori=0, pos=array([ 0.,  0.]), rgb=array([ 0.,  0.,  0.]), text=unicode(...), units=u'norm', win=Window(...), wrapWidth=1)
3.2801 	EXP 	Created dummy_text = TextStim(alignHoriz='center', alignVert='center', antialias=True, autoLog=True, bold=False, color='black', colorSpace='named', contrast=1.0, depth=0.0, flipHoriz=False, flipVert=False, font='Arial', fontFiles=[], height=0.3, italic=False, name='dummy_text', opacity=1.0, ori=0, pos=array([ 0.,  0.]), rgb=array([ 0.,  0.,  0.]), text=u'+', units=u'norm', win=Window(...), wrapWidth=1)
3.2822 	EXP 	Created stimList = ImageStim(autoLog=True, color=array([ 1.,  1.,  1.]), colorSpace='rgb', contrast=1.0, depth=0, flipHoriz=False, flipVert=False, image=None, interpolate=False, mask=None, maskParams=None, name='stimList', opacity=1.0, ori=0.0, pos=array([ 0.,  0.]), size=array([ 960.,  720.]), texRes=128, units=u'norm', win=Window(...))
3.2850 	EXP 	Created fixation_text = TextStim(alignHoriz='center', alignVert='center', antialias=True, autoLog=True, bold=False, color='black', colorSpace='named', contrast=1.0, depth=-1.0, flipHoriz=False, flipVert=False, font='Arial', fontFiles=[], height=0.3, italic=False, name='fixation_text', opacity=1.0, ori=0, pos=array([ 0.,  0.]), rgb=array([ 0.,  0.,  0.]), text=u'+', units=u'norm', win=Window(...), wrapWidth=1)
3.2969 	EXP 	Created thankyou_text = TextStim(alignHoriz='center', alignVert='center', antialias=True, autoLog=True, bold=False, color='black', colorSpace='named', contrast=1.0, depth=0.0, flipHoriz=False, flipVert=False, font='Arial', fontFiles=[], height=0.1, italic=False, name='thankyou_text', opacity=1.0, ori=0, pos=array([ 0.,  0.]), rgb=array([ 0.,  0.,  0.]), text=u'End of experiment.\n\nThank you.', units=u'norm', win=Window(...), wrapWidth=1)
3.3043 	EXP 	instructions_text: autoDraw = True
3.6176 	DATA 	Keypress: s
4.8644 	DATA 	Keypress: w
5.2635 	DATA 	Keypress: f
5.6461 	DATA 	Keypress: g
6.6437 	DATA 	Keypress: 1
6.6439 	EXP 	launchScan: vol: 1500  TR: 0.585s  skip: 0  sync: '5'
6.6992 	EXP 	window1: mouseVisible = False
6.7290 	EXP 	instructions_text: autoDraw = False
8.6781 	DATA 	Keypress: 5
8.6781 	EXP 	launchScan: start of scan
8.6886 	EXP 	dummy_text: autoDraw = True
14.6818 	EXP 	Imported Episodic_Encoding/Episodic_ListA.csv as conditions, 22 conditions, 2 params
14.6832 	EXP 	Created sequence: random, trialTypes=22, nReps=1, seed=None
14.6843 	EXP 	New trial (rep=0, index=0): {u'list_AB': u'A', u'wordpair': u'Episodic_Encoding/Episodic_Encoding_ListA/20.jpg'}
14.7093 	EXP 	dummy_text: autoDraw = False
14.7093 	EXP 	dummy_text: autoDraw = False
14.7093 	EXP 	stimList: image = '/home/mica/micasoft/python/fMRIBatteryMay2017/tasks/episodic/Episodic_Encoding/Episodic_Encoding_ListA/1.jpg'
14.7093 	EXP 	stimList: autoDraw = True
18.6989 	EXP 	stimList: autoDraw = False
18.6989 	EXP 	fixation_text: autoDraw = True
21.1778 	EXP 	New trial (rep=0, index=1): {u'list_AB': u'A', u'wordpair': u'Episodic_Encoding/Episodic_Encoding_ListA/19.jpg'}
21.1950 	EXP 	fixation_text: autoDraw = False
21.1950 	EXP 	fixation_text: autoDraw = False
21.1950 	EXP 	stimList: image = '/home/mica/micasoft/python/fMRIBatteryMay2017/tasks/episodic/Episodic_Encoding/Episodic_Encoding_ListA/1.jpg'
21.1950 	EXP 	stimList: autoDraw = True
21.2270 	DATA 	Keypress: escape
