1.2309 	WARNING 	pyo audio lib was requested but not loaded: No module named pyo
2.4799 	INFO 	Loaded monitor calibration from ['2017_05_17 09:51']
2.4826 	WARNING 	User requested fullscreen with size [1920 1080], but screen is actually [1366, 768]. Using actual size
3.1401 	EXP 	Created window1 = Window(allowGUI=False, allowStencil=False, autoLog=True, bitsMode=UNKNOWN, blendMode='avg', color=array([ 1.,  1.,  1.]), colorSpace='rgb', fullscr=UNKNOWN, gamma=None, lms=UNKNOWN, monitor=<psychopy.monitors.calibTools.Monitor object at 0xa6816c6c>, name='window1', pos=[0, 0], screen=0, size=array([1366,  768]), stereo=False, units=u'norm', useFBO=True, useRetina=False, viewOri=0.0, viewPos=None, viewScale=None, waitBlanking=True, winType='pyglet')
3.1402 	EXP 	window1: recordFrameIntervals = False
3.3045 	EXP 	window1: recordFrameIntervals = True
3.4878 	EXP 	window1: recordFrameIntervals = False
3.6108 	EXP 	Created instructions_text = TextStim(alignHoriz='center', alignVert='center', antialias=True, autoLog=True, bold=False, color='black', colorSpace='named', contrast=1.0, depth=0.0, flipHoriz=False, flipVert=False, font='Arial', fontFiles=[], height=0.075, italic=False, name='instructions_text', opacity=1.0, ori=0, pos=array([ 0.,  0.]), rgb=array([ 0.,  0.,  0.]), text=unicode(...), units=u'norm', win=Window(...), wrapWidth=1)
3.6164 	EXP 	Created dummy_text = TextStim(alignHoriz='center', alignVert='center', antialias=True, autoLog=True, bold=False, color='black', colorSpace='named', contrast=1.0, depth=0.0, flipHoriz=False, flipVert=False, font='Arial', fontFiles=[], height=0.3, italic=False, name='dummy_text', opacity=1.0, ori=0, pos=array([ 0.,  0.]), rgb=array([ 0.,  0.,  0.]), text=u'+', units=u'norm', win=Window(...), wrapWidth=1)
3.6189 	EXP 	Created stimList = ImageStim(autoLog=True, color=array([ 1.,  1.,  1.]), colorSpace='rgb', contrast=1.0, depth=0, flipHoriz=False, flipVert=False, image=None, interpolate=False, mask=None, maskParams=None, name='stimList', opacity=1.0, ori=0.0, pos=array([ 0.,  0.]), size=array([ 960.,  720.]), texRes=128, units=u'norm', win=Window(...))
3.6217 	EXP 	Created fixation_text = TextStim(alignHoriz='center', alignVert='center', antialias=True, autoLog=True, bold=False, color='black', colorSpace='named', contrast=1.0, depth=-1.0, flipHoriz=False, flipVert=False, font='Arial', fontFiles=[], height=0.3, italic=False, name='fixation_text', opacity=1.0, ori=0, pos=array([ 0.,  0.]), rgb=array([ 0.,  0.,  0.]), text=u'+', units=u'norm', win=Window(...), wrapWidth=1)
3.6336 	EXP 	Created thankyou_text = TextStim(alignHoriz='center', alignVert='center', antialias=True, autoLog=True, bold=False, color='black', colorSpace='named', contrast=1.0, depth=0.0, flipHoriz=False, flipVert=False, font='Arial', fontFiles=[], height=0.1, italic=False, name='thankyou_text', opacity=1.0, ori=0, pos=array([ 0.,  0.]), rgb=array([ 0.,  0.,  0.]), text=u'End of experiment.\n\nThank you.', units=u'norm', win=Window(...), wrapWidth=1)
3.6405 	EXP 	instructions_text: autoDraw = True
4.0869 	DATA 	Keypress: 4
4.0872 	EXP 	launchScan: vol: 1500  TR: 0.585s  skip: 0  sync: '5'
4.1352 	EXP 	window1: mouseVisible = False
4.1628 	EXP 	instructions_text: autoDraw = False
4.5660 	DATA 	Keypress: 5
4.5661 	EXP 	launchScan: start of scan
4.5783 	EXP 	dummy_text: autoDraw = True
10.5781 	EXP 	Imported Episodic_Encoding/Episodic_ListA.csv as conditions, 22 conditions, 2 params
10.5795 	EXP 	Created sequence: random, trialTypes=22, nReps=1, seed=None
10.5813 	EXP 	New trial (rep=0, index=0): {u'list_AB': u'A', u'wordpair': u'Episodic_Encoding/Episodic_Encoding_ListA/10.jpg'}
10.6062 	EXP 	dummy_text: autoDraw = False
10.6062 	EXP 	dummy_text: autoDraw = False
10.6062 	EXP 	stimList: image = '/home/mica/micasoft/python/fMRIBatteryMay2017/tasks/episodic/Episodic_Encoding/Episodic_Encoding_ListA/1.jpg'
10.6062 	EXP 	stimList: autoDraw = True
14.5952 	EXP 	stimList: autoDraw = False
14.5952 	EXP 	fixation_text: autoDraw = True
18.0717 	EXP 	New trial (rep=0, index=1): {u'list_AB': u'A', u'wordpair': u'Episodic_Encoding/Episodic_Encoding_ListA/6.jpg'}
18.0883 	EXP 	fixation_text: autoDraw = False
18.0883 	EXP 	fixation_text: autoDraw = False
18.0883 	EXP 	stimList: image = '/home/mica/micasoft/python/fMRIBatteryMay2017/tasks/episodic/Episodic_Encoding/Episodic_Encoding_ListA/1.jpg'
18.0883 	EXP 	stimList: autoDraw = True
18.7863 	DATA 	Keypress: escape
