1.1924 	WARNING 	pyo audio lib was requested but not loaded: No module named pyo
2.1487 	INFO 	Loaded monitor calibration from ['2017_05_17 09:51']
2.1498 	WARNING 	User requested fullscreen with size [1920 1080], but screen is actually [1366, 768]. Using actual size
2.7473 	EXP 	Created window1 = Window(allowGUI=False, allowStencil=False, autoLog=True, bitsMode=UNKNOWN, blendMode='avg', color=array([ 1.,  1.,  1.]), colorSpace='rgb', fullscr=UNKNOWN, gamma=None, lms=UNKNOWN, monitor=<psychopy.monitors.calibTools.Monitor object at 0xa67633ec>, name='window1', pos=[0, 0], screen=0, size=array([1366,  768]), stereo=False, units=u'norm', useFBO=True, useRetina=False, viewOri=0.0, viewPos=None, viewScale=None, waitBlanking=True, winType='pyglet')
2.7474 	EXP 	window1: recordFrameIntervals = False
2.9109 	EXP 	window1: recordFrameIntervals = True
3.0944 	EXP 	window1: recordFrameIntervals = False
3.2456 	EXP 	Created instructions_text = TextStim(alignHoriz='center', alignVert='center', antialias=True, autoLog=True, bold=False, color='black', colorSpace='named', contrast=1.0, depth=0.0, flipHoriz=False, flipVert=False, font='Arial', fontFiles=[], height=0.075, italic=False, name='instructions_text', opacity=1.0, ori=0, pos=array([ 0.,  0.]), rgb=array([ 0.,  0.,  0.]), text=unicode(...), units=u'norm', win=Window(...), wrapWidth=1)
3.2514 	EXP 	Created dummy_text = TextStim(alignHoriz='center', alignVert='center', antialias=True, autoLog=True, bold=False, color='black', colorSpace='named', contrast=1.0, depth=0.0, flipHoriz=False, flipVert=False, font='Arial', fontFiles=[], height=0.3, italic=False, name='dummy_text', opacity=1.0, ori=0, pos=array([ 0.,  0.]), rgb=array([ 0.,  0.,  0.]), text=u'+', units=u'norm', win=Window(...), wrapWidth=1)
3.2535 	EXP 	Created stimList = ImageStim(autoLog=True, color=array([ 1.,  1.,  1.]), colorSpace='rgb', contrast=1.0, depth=0, flipHoriz=False, flipVert=False, image=None, interpolate=False, mask=None, maskParams=None, name='stimList', opacity=1.0, ori=0.0, pos=array([ 0.,  0.]), size=array([ 960.,  720.]), texRes=128, units=u'norm', win=Window(...))
3.2563 	EXP 	Created fixation_text = TextStim(alignHoriz='center', alignVert='center', antialias=True, autoLog=True, bold=False, color='black', colorSpace='named', contrast=1.0, depth=-1.0, flipHoriz=False, flipVert=False, font='Arial', fontFiles=[], height=0.3, italic=False, name='fixation_text', opacity=1.0, ori=0, pos=array([ 0.,  0.]), rgb=array([ 0.,  0.,  0.]), text=u'+', units=u'norm', win=Window(...), wrapWidth=1)
3.2681 	EXP 	Created thankyou_text = TextStim(alignHoriz='center', alignVert='center', antialias=True, autoLog=True, bold=False, color='black', colorSpace='named', contrast=1.0, depth=0.0, flipHoriz=False, flipVert=False, font='Arial', fontFiles=[], height=0.1, italic=False, name='thankyou_text', opacity=1.0, ori=0, pos=array([ 0.,  0.]), rgb=array([ 0.,  0.,  0.]), text=u'End of experiment.\n\nThank you.', units=u'norm', win=Window(...), wrapWidth=1)
3.2741 	EXP 	instructions_text: autoDraw = True
3.8926 	DATA 	Keypress: 1
3.8929 	EXP 	launchScan: vol: 1500  TR: 0.585s  skip: 0  sync: '5'
3.9400 	EXP 	window1: mouseVisible = False
3.9676 	EXP 	instructions_text: autoDraw = False
4.7037 	DATA 	Keypress: 5
4.7037 	EXP 	launchScan: start of scan
4.7106 	EXP 	dummy_text: autoDraw = True
10.7150 	EXP 	Imported Episodic_Encoding/Episodic_ListA.csv as conditions, 22 conditions, 2 params
10.7160 	EXP 	Created sequence: random, trialTypes=22, nReps=1, seed=None
10.7173 	EXP 	New trial (rep=0, index=0): {u'list_AB': u'A', u'wordpair': u'Episodic_Encoding_ListA/15.jpg'}
10.7176 	ERROR 	Couldn't find image file 'Episodic_Encoding_ListA/15.jpg'; check path?
1.1807 	WARNING 	pyo audio lib was requested but not loaded: No module named pyo
2.1050 	INFO 	Loaded monitor calibration from ['2017_05_17 09:51']
2.1074 	WARNING 	User requested fullscreen with size [1920 1080], but screen is actually [1366, 768]. Using actual size
2.7624 	EXP 	Created window1 = Window(allowGUI=False, allowStencil=False, autoLog=True, bitsMode=UNKNOWN, blendMode='avg', color=array([ 1.,  1.,  1.]), colorSpace='rgb', fullscr=UNKNOWN, gamma=None, lms=UNKNOWN, monitor=<psychopy.monitors.calibTools.Monitor object at 0xa683d3ec>, name='window1', pos=[0, 0], screen=0, size=array([1366,  768]), stereo=False, units=u'norm', useFBO=True, useRetina=False, viewOri=0.0, viewPos=None, viewScale=None, waitBlanking=True, winType='pyglet')
2.7625 	EXP 	window1: recordFrameIntervals = False
2.9258 	EXP 	window1: recordFrameIntervals = True
3.1091 	EXP 	window1: recordFrameIntervals = False
3.2551 	EXP 	Created instructions_text = TextStim(alignHoriz='center', alignVert='center', antialias=True, autoLog=True, bold=False, color='black', colorSpace='named', contrast=1.0, depth=0.0, flipHoriz=False, flipVert=False, font='Arial', fontFiles=[], height=0.075, italic=False, name='instructions_text', opacity=1.0, ori=0, pos=array([ 0.,  0.]), rgb=array([ 0.,  0.,  0.]), text=unicode(...), units=u'norm', win=Window(...), wrapWidth=1)
3.2608 	EXP 	Created dummy_text = TextStim(alignHoriz='center', alignVert='center', antialias=True, autoLog=True, bold=False, color='black', colorSpace='named', contrast=1.0, depth=0.0, flipHoriz=False, flipVert=False, font='Arial', fontFiles=[], height=0.3, italic=False, name='dummy_text', opacity=1.0, ori=0, pos=array([ 0.,  0.]), rgb=array([ 0.,  0.,  0.]), text=u'+', units=u'norm', win=Window(...), wrapWidth=1)
3.2633 	EXP 	Created stimList = ImageStim(autoLog=True, color=array([ 1.,  1.,  1.]), colorSpace='rgb', contrast=1.0, depth=0, flipHoriz=False, flipVert=False, image=None, interpolate=False, mask=None, maskParams=None, name='stimList', opacity=1.0, ori=0.0, pos=array([ 0.,  0.]), size=array([ 960.,  720.]), texRes=128, units=u'norm', win=Window(...))
3.2662 	EXP 	Created fixation_text = TextStim(alignHoriz='center', alignVert='center', antialias=True, autoLog=True, bold=False, color='black', colorSpace='named', contrast=1.0, depth=-1.0, flipHoriz=False, flipVert=False, font='Arial', fontFiles=[], height=0.3, italic=False, name='fixation_text', opacity=1.0, ori=0, pos=array([ 0.,  0.]), rgb=array([ 0.,  0.,  0.]), text=u'+', units=u'norm', win=Window(...), wrapWidth=1)
3.2780 	EXP 	Created thankyou_text = TextStim(alignHoriz='center', alignVert='center', antialias=True, autoLog=True, bold=False, color='black', colorSpace='named', contrast=1.0, depth=0.0, flipHoriz=False, flipVert=False, font='Arial', fontFiles=[], height=0.1, italic=False, name='thankyou_text', opacity=1.0, ori=0, pos=array([ 0.,  0.]), rgb=array([ 0.,  0.,  0.]), text=u'End of experiment.\n\nThank you.', units=u'norm', win=Window(...), wrapWidth=1)
3.2853 	EXP 	instructions_text: autoDraw = True
3.7578 	DATA 	Keypress: 1
3.7580 	EXP 	launchScan: vol: 1500  TR: 0.585s  skip: 0  sync: '5'
3.8084 	EXP 	window1: mouseVisible = False
3.8371 	EXP 	instructions_text: autoDraw = False
4.2931 	DATA 	Keypress: 5
4.2931 	EXP 	launchScan: start of scan
4.3058 	EXP 	dummy_text: autoDraw = True
10.2980 	EXP 	Imported Episodic_Encoding/Episodic_ListA.csv as conditions, 22 conditions, 2 params
10.2990 	EXP 	Created sequence: random, trialTypes=22, nReps=1, seed=None
10.3004 	EXP 	New trial (rep=0, index=0): {u'list_AB': u'A', u'wordpair': u'Episodic_Encoding_ListA/14.jpg'}
10.3007 	ERROR 	Couldn't find image file 'Episodic_Encoding_ListA/14.jpg'; check path?
1.2280 	WARNING 	pyo audio lib was requested but not loaded: No module named pyo
2.0200 	INFO 	Loaded monitor calibration from ['2017_05_17 09:51']
2.0216 	WARNING 	User requested fullscreen with size [1920 1080], but screen is actually [1366, 768]. Using actual size
2.6346 	EXP 	Created window1 = Window(allowGUI=False, allowStencil=False, autoLog=True, bitsMode=UNKNOWN, blendMode='avg', color=array([ 1.,  1.,  1.]), colorSpace='rgb', fullscr=UNKNOWN, gamma=None, lms=UNKNOWN, monitor=<psychopy.monitors.calibTools.Monitor object at 0xa68163ec>, name='window1', pos=[0, 0], screen=0, size=array([1366,  768]), stereo=False, units=u'norm', useFBO=True, useRetina=False, viewOri=0.0, viewPos=None, viewScale=None, waitBlanking=True, winType='pyglet')
2.6347 	EXP 	window1: recordFrameIntervals = False
2.7981 	EXP 	window1: recordFrameIntervals = True
2.8159 	DATA 	Keypress: 1
2.9816 	EXP 	window1: recordFrameIntervals = False
3.1286 	EXP 	Created instructions_text = TextStim(alignHoriz='center', alignVert='center', antialias=True, autoLog=True, bold=False, color='black', colorSpace='named', contrast=1.0, depth=0.0, flipHoriz=False, flipVert=False, font='Arial', fontFiles=[], height=0.075, italic=False, name='instructions_text', opacity=1.0, ori=0, pos=array([ 0.,  0.]), rgb=array([ 0.,  0.,  0.]), text=unicode(...), units=u'norm', win=Window(...), wrapWidth=1)
3.1342 	EXP 	Created dummy_text = TextStim(alignHoriz='center', alignVert='center', antialias=True, autoLog=True, bold=False, color='black', colorSpace='named', contrast=1.0, depth=0.0, flipHoriz=False, flipVert=False, font='Arial', fontFiles=[], height=0.3, italic=False, name='dummy_text', opacity=1.0, ori=0, pos=array([ 0.,  0.]), rgb=array([ 0.,  0.,  0.]), text=u'+', units=u'norm', win=Window(...), wrapWidth=1)
3.1368 	EXP 	Created stimList = ImageStim(autoLog=True, color=array([ 1.,  1.,  1.]), colorSpace='rgb', contrast=1.0, depth=0, flipHoriz=False, flipVert=False, image=None, interpolate=False, mask=None, maskParams=None, name='stimList', opacity=1.0, ori=0.0, pos=array([ 0.,  0.]), size=array([ 960.,  720.]), texRes=128, units=u'norm', win=Window(...))
3.1396 	EXP 	Created fixation_text = TextStim(alignHoriz='center', alignVert='center', antialias=True, autoLog=True, bold=False, color='black', colorSpace='named', contrast=1.0, depth=-1.0, flipHoriz=False, flipVert=False, font='Arial', fontFiles=[], height=0.3, italic=False, name='fixation_text', opacity=1.0, ori=0, pos=array([ 0.,  0.]), rgb=array([ 0.,  0.,  0.]), text=u'+', units=u'norm', win=Window(...), wrapWidth=1)
3.1515 	EXP 	Created thankyou_text = TextStim(alignHoriz='center', alignVert='center', antialias=True, autoLog=True, bold=False, color='black', colorSpace='named', contrast=1.0, depth=0.0, flipHoriz=False, flipVert=False, font='Arial', fontFiles=[], height=0.1, italic=False, name='thankyou_text', opacity=1.0, ori=0, pos=array([ 0.,  0.]), rgb=array([ 0.,  0.,  0.]), text=u'End of experiment.\n\nThank you.', units=u'norm', win=Window(...), wrapWidth=1)
3.1591 	EXP 	instructions_text: autoDraw = True
4.0458 	DATA 	Keypress: 5
5.6918 	DATA 	Keypress: 1
5.6921 	EXP 	launchScan: vol: 1500  TR: 0.585s  skip: 0  sync: '5'
5.7391 	EXP 	window1: mouseVisible = False
5.7664 	EXP 	instructions_text: autoDraw = False
6.0842 	DATA 	Keypress: 5
6.0842 	EXP 	launchScan: start of scan
6.0950 	EXP 	dummy_text: autoDraw = True
12.0987 	EXP 	Imported Episodic_Encoding/Episodic_ListA.csv as conditions, 22 conditions, 2 params
12.0997 	EXP 	Created sequence: random, trialTypes=22, nReps=1, seed=None
12.1010 	EXP 	New trial (rep=0, index=0): {u'list_AB': u'A', u'wordpair': u'Episodic_Encoding_ListA/16.jpg'}
12.1014 	ERROR 	Couldn't find image file 'Episodic_Encoding_ListA/16.jpg'; check path?
