1.1767 	WARNING 	pyo audio lib was requested but not loaded: No module named pyo
1.9429 	INFO 	Loaded monitor calibration from ['2017_05_17 09:51']
1.9452 	WARNING 	User requested fullscreen with size [1920 1080], but screen is actually [1366, 768]. Using actual size
2.5604 	EXP 	Created window1 = Window(allowGUI=False, allowStencil=False, autoLog=True, bitsMode=UNKNOWN, blendMode='avg', color=array([ 1.,  1.,  1.]), colorSpace='rgb', fullscr=UNKNOWN, gamma=None, lms=UNKNOWN, monitor=<psychopy.monitors.calibTools.Monitor object at 0xa680c32c>, name='window1', pos=[0, 0], screen=0, size=array([1366,  768]), stereo=False, units=u'norm', useFBO=True, useRetina=False, viewOri=0.0, viewPos=None, viewScale=None, waitBlanking=True, winType='pyglet')
2.5605 	EXP 	window1: recordFrameIntervals = False
2.7241 	EXP 	window1: recordFrameIntervals = True
2.9073 	EXP 	window1: recordFrameIntervals = False
3.0309 	EXP 	Created instructions_text = TextStim(alignHoriz='center', alignVert='center', antialias=True, autoLog=True, bold=False, color='black', colorSpace='named', contrast=1.0, depth=0.0, flipHoriz=False, flipVert=False, font='Arial', fontFiles=[], height=0.075, italic=False, name='instructions_text', opacity=1.0, ori=0, pos=array([ 0.,  0.]), rgb=array([ 0.,  0.,  0.]), text=unicode(...), units=u'norm', win=Window(...), wrapWidth=1)
3.0367 	EXP 	Created dummy_text = TextStim(alignHoriz='center', alignVert='center', antialias=True, autoLog=True, bold=False, color='black', colorSpace='named', contrast=1.0, depth=0.0, flipHoriz=False, flipVert=False, font='Arial', fontFiles=[], height=0.3, italic=False, name='dummy_text', opacity=1.0, ori=0, pos=array([ 0.,  0.]), rgb=array([ 0.,  0.,  0.]), text=u'+', units=u'norm', win=Window(...), wrapWidth=1)
3.0391 	EXP 	Created stimPic = ImageStim(autoLog=True, color=array([ 1.,  1.,  1.]), colorSpace='rgb', contrast=1.0, depth=0, flipHoriz=False, flipVert=False, image=None, interpolate=False, mask=None, maskParams=None, name='stimPic', opacity=1.0, ori=0.0, pos=array([ 0.,  0.]), size=array([ 960.,  720.]), texRes=128, units=u'norm', win=Window(...))
3.0419 	EXP 	Created fixation_text = TextStim(alignHoriz='center', alignVert='center', antialias=True, autoLog=True, bold=False, color='black', colorSpace='named', contrast=1.0, depth=-1.0, flipHoriz=False, flipVert=False, font='Arial', fontFiles=[], height=0.3, italic=False, name='fixation_text', opacity=1.0, ori=0, pos=array([ 0.,  0.]), rgb=array([ 0.,  0.,  0.]), text=u'+', units=u'norm', win=Window(...), wrapWidth=1)
3.0538 	EXP 	Created thankyou_text = TextStim(alignHoriz='center', alignVert='center', antialias=True, autoLog=True, bold=False, color='black', colorSpace='named', contrast=1.0, depth=0.0, flipHoriz=False, flipVert=False, font='Arial', fontFiles=[], height=0.1, italic=False, name='thankyou_text', opacity=1.0, ori=0, pos=array([ 0.,  0.]), rgb=array([ 0.,  0.,  0.]), text=u'End of experiment.\n\nThank you.', units=u'norm', win=Window(...), wrapWidth=1)
3.0579 	EXP 	instructions_text: autoDraw = True
3.9050 	DATA 	Keypress: 1
3.9052 	EXP 	launchScan: vol: 1500  TR: 0.585s  skip: 0  sync: '5'
3.9434 	EXP 	window1: mouseVisible = False
3.9670 	EXP 	instructions_text: autoDraw = False
4.5297 	DATA 	Keypress: 5
4.5298 	EXP 	launchScan: start of scan
4.5408 	EXP 	dummy_text: autoDraw = True
10.5441 	EXP 	Imported Episodic_Encoding/Episodic_ListA.csv as conditions, 22 conditions, 2 params
10.5451 	EXP 	Created sequence: random, trialTypes=22, nReps=1, seed=None
10.5462 	EXP 	New trial (rep=0, index=0): {u'list_AB': u'A', u'wordpair': u'Episodic_Encoding/Episodic_Encoding_ListA/8.jpg'}
10.5641 	EXP 	dummy_text: autoDraw = False
10.5641 	EXP 	stimPic: image = u'Episodic_Encoding/Episodic_Encoding_ListA/8.jpg'
10.5641 	EXP 	stimPic: autoDraw = True
14.5632 	EXP 	stimPic: autoDraw = False
14.5632 	EXP 	fixation_text: autoDraw = True
17.5413 	EXP 	New trial (rep=0, index=1): {u'list_AB': u'A', u'wordpair': u'Episodic_Encoding/Episodic_Encoding_ListA/4.jpg'}
17.5582 	EXP 	fixation_text: autoDraw = False
17.5582 	EXP 	fixation_text: autoDraw = False
17.5582 	EXP 	stimPic: image = u'Episodic_Encoding/Episodic_Encoding_ListA/4.jpg'
17.5582 	EXP 	stimPic: autoDraw = True
21.5471 	EXP 	stimPic: autoDraw = False
21.5471 	EXP 	stimPic: autoDraw = False
21.5471 	EXP 	fixation_text: autoDraw = True
25.0235 	EXP 	New trial (rep=0, index=2): {u'list_AB': u'A', u'wordpair': u'Episodic_Encoding/Episodic_Encoding_ListA/16.jpg'}
25.0393 	EXP 	fixation_text: autoDraw = False
25.0393 	EXP 	fixation_text: autoDraw = False
25.0393 	EXP 	stimPic: image = u'Episodic_Encoding/Episodic_Encoding_ListA/16.jpg'
25.0393 	EXP 	stimPic: autoDraw = True
29.0299 	EXP 	stimPic: autoDraw = False
29.0299 	EXP 	stimPic: autoDraw = False
29.0299 	EXP 	fixation_text: autoDraw = True
31.0097 	EXP 	New trial (rep=0, index=3): {u'list_AB': u'A', u'wordpair': u'Episodic_Encoding/Episodic_Encoding_ListA/11.jpg'}
31.0255 	EXP 	fixation_text: autoDraw = False
31.0255 	EXP 	fixation_text: autoDraw = False
31.0255 	EXP 	stimPic: image = u'Episodic_Encoding/Episodic_Encoding_ListA/11.jpg'
31.0255 	EXP 	stimPic: autoDraw = True
35.0162 	EXP 	stimPic: autoDraw = False
35.0162 	EXP 	stimPic: autoDraw = False
35.0162 	EXP 	fixation_text: autoDraw = True
37.9937 	EXP 	New trial (rep=0, index=4): {u'list_AB': u'A', u'wordpair': u'Episodic_Encoding/Episodic_Encoding_ListA/12.jpg'}
38.0094 	EXP 	fixation_text: autoDraw = False
38.0094 	EXP 	fixation_text: autoDraw = False
38.0094 	EXP 	stimPic: image = u'Episodic_Encoding/Episodic_Encoding_ListA/12.jpg'
38.0094 	EXP 	stimPic: autoDraw = True
42.0000 	EXP 	stimPic: autoDraw = False
42.0000 	EXP 	stimPic: autoDraw = False
42.0000 	EXP 	fixation_text: autoDraw = True
43.4809 	EXP 	New trial (rep=0, index=5): {u'list_AB': u'A', u'wordpair': u'Episodic_Encoding/Episodic_Encoding_ListA/3.jpg'}
43.4967 	EXP 	fixation_text: autoDraw = False
43.4967 	EXP 	fixation_text: autoDraw = False
43.4967 	EXP 	stimPic: image = u'Episodic_Encoding/Episodic_Encoding_ListA/3.jpg'
43.4967 	EXP 	stimPic: autoDraw = True
47.4874 	EXP 	stimPic: autoDraw = False
47.4874 	EXP 	stimPic: autoDraw = False
47.4874 	EXP 	fixation_text: autoDraw = True
48.9682 	EXP 	New trial (rep=0, index=6): {u'list_AB': u'A', u'wordpair': u'Episodic_Encoding/Episodic_Encoding_ListA/18.jpg'}
48.9840 	EXP 	fixation_text: autoDraw = False
48.9840 	EXP 	fixation_text: autoDraw = False
48.9840 	EXP 	stimPic: image = u'Episodic_Encoding/Episodic_Encoding_ListA/18.jpg'
48.9840 	EXP 	stimPic: autoDraw = True
52.9748 	EXP 	stimPic: autoDraw = False
52.9748 	EXP 	stimPic: autoDraw = False
52.9748 	EXP 	fixation_text: autoDraw = True
56.4510 	EXP 	New trial (rep=0, index=7): {u'list_AB': u'A', u'wordpair': u'Episodic_Encoding/Episodic_Encoding_ListA/17.jpg'}
56.4667 	EXP 	fixation_text: autoDraw = False
56.4667 	EXP 	fixation_text: autoDraw = False
56.4667 	EXP 	stimPic: image = u'Episodic_Encoding/Episodic_Encoding_ListA/17.jpg'
56.4667 	EXP 	stimPic: autoDraw = True
58.4625 	DATA 	Keypress: escape
