1.2178 	WARNING 	pyo audio lib was requested but not loaded: No module named pyo
2.6415 	INFO 	Loaded monitor calibration from ['2017_05_17 09:51']
2.6441 	WARNING 	User requested fullscreen with size [1920 1080], but screen is actually [1366, 768]. Using actual size
3.3191 	EXP 	Created window1 = Window(allowGUI=False, allowStencil=False, autoLog=True, bitsMode=UNKNOWN, blendMode='avg', color=array([ 1.,  1.,  1.]), colorSpace='rgb', fullscr=UNKNOWN, gamma=None, lms=UNKNOWN, monitor=<psychopy.monitors.calibTools.Monitor object at 0xa4c1a0ec>, name='window1', pos=[0, 0], screen=0, size=array([1366,  768]), stereo=False, units=u'norm', useFBO=True, useRetina=False, viewOri=0.0, viewPos=None, viewScale=None, waitBlanking=True, winType='pyglet')
3.3192 	EXP 	window1: recordFrameIntervals = False
3.4826 	EXP 	window1: recordFrameIntervals = True
3.7655 	EXP 	window1: recordFrameIntervals = False
3.8607 	EXP 	Created instructions_text = TextStim(alignHoriz='center', alignVert='center', antialias=True, autoLog=True, bold=False, color='black', colorSpace='named', contrast=1.0, depth=0.0, flipHoriz=False, flipVert=False, font='Arial', fontFiles=[], height=0.075, italic=False, name='instructions_text', opacity=1.0, ori=0, pos=array([ 0.,  0.]), rgb=array([ 0.,  0.,  0.]), text=unicode(...), units=u'norm', win=Window(...), wrapWidth=1)
3.8667 	EXP 	Created dummy_text = TextStim(alignHoriz='center', alignVert='center', antialias=True, autoLog=True, bold=False, color='black', colorSpace='named', contrast=1.0, depth=0.0, flipHoriz=False, flipVert=False, font='Arial', fontFiles=[], height=0.3, italic=False, name='dummy_text', opacity=1.0, ori=0, pos=array([ 0.,  0.]), rgb=array([ 0.,  0.,  0.]), text=u'+', units=u'norm', win=Window(...), wrapWidth=1)
3.8700 	EXP 	Created stimList = ImageStim(autoLog=True, color=array([ 1.,  1.,  1.]), colorSpace='rgb', contrast=1.0, depth=0, flipHoriz=False, flipVert=False, image=None, interpolate=False, mask=None, maskParams=None, name='stimList', opacity=1.0, ori=0.0, pos=array([ 0.,  0.]), size=array([ 960.,  720.]), texRes=128, units=u'norm', win=Window(...))
3.8744 	EXP 	Created fixation_text = TextStim(alignHoriz='center', alignVert='center', antialias=True, autoLog=True, bold=False, color='black', colorSpace='named', contrast=1.0, depth=-1.0, flipHoriz=False, flipVert=False, font='Arial', fontFiles=[], height=0.3, italic=False, name='fixation_text', opacity=1.0, ori=0, pos=array([ 0.,  0.]), rgb=array([ 0.,  0.,  0.]), text=u'+', units=u'norm', win=Window(...), wrapWidth=1)
3.8876 	EXP 	Created thankyou_text = TextStim(alignHoriz='center', alignVert='center', antialias=True, autoLog=True, bold=False, color='black', colorSpace='named', contrast=1.0, depth=0.0, flipHoriz=False, flipVert=False, font='Arial', fontFiles=[], height=0.1, italic=False, name='thankyou_text', opacity=1.0, ori=0, pos=array([ 0.,  0.]), rgb=array([ 0.,  0.,  0.]), text=u'End of experiment.\n\nThank you.', units=u'norm', win=Window(...), wrapWidth=1)
3.8935 	EXP 	instructions_text: autoDraw = True
4.8795 	DATA 	Keypress: 3
4.8797 	EXP 	launchScan: vol: 1500  TR: 0.585s  skip: 0  sync: '5'
4.9139 	EXP 	window1: mouseVisible = False
4.9323 	EXP 	instructions_text: autoDraw = False
5.6885 	DATA 	Keypress: 5
5.6885 	EXP 	launchScan: start of scan
5.6961 	EXP 	dummy_text: autoDraw = True
11.6866 	EXP 	Imported Episodic_Encoding/Episodic_ListA.csv as conditions, 22 conditions, 2 params
11.6874 	EXP 	Created sequence: random, trialTypes=22, nReps=1, seed=None
11.6880 	EXP 	New trial (rep=0, index=0): {u'list_AB': u'A', u'wordpair': u'Episodic_Encoding/Episodic_Encoding_ListA/16.jpg'}
11.7061 	EXP 	dummy_text: autoDraw = False
11.7061 	EXP 	dummy_text: autoDraw = False
11.7061 	EXP 	stimList: image = u'Episodic_Encoding/Episodic_Encoding_ListA/16.jpg'
11.7061 	EXP 	stimList: autoDraw = True
15.7043 	EXP 	stimList: autoDraw = False
15.7043 	EXP 	stimList: autoDraw = False
15.7043 	EXP 	fixation_text: autoDraw = True
17.6841 	EXP 	New trial (rep=0, index=1): {u'list_AB': u'A', u'wordpair': u'Episodic_Encoding/Episodic_Encoding_ListA/8.jpg'}
17.7041 	EXP 	fixation_text: autoDraw = False
17.7041 	EXP 	fixation_text: autoDraw = False
17.7041 	EXP 	stimList: image = u'Episodic_Encoding/Episodic_Encoding_ListA/8.jpg'
17.7041 	EXP 	stimList: autoDraw = True
21.6903 	EXP 	stimList: autoDraw = False
21.6903 	EXP 	stimList: autoDraw = False
21.6903 	EXP 	fixation_text: autoDraw = True
25.1665 	EXP 	New trial (rep=0, index=2): {u'list_AB': u'A', u'wordpair': u'Episodic_Encoding/Episodic_Encoding_ListA/15.jpg'}
25.1824 	EXP 	fixation_text: autoDraw = False
25.1824 	EXP 	fixation_text: autoDraw = False
25.1824 	EXP 	stimList: image = u'Episodic_Encoding/Episodic_Encoding_ListA/15.jpg'
25.1824 	EXP 	stimList: autoDraw = True
27.6603 	DATA 	Keypress: escape
