1.2542 	WARNING 	pyo audio lib was requested but not loaded: No module named pyo
3.3522 	INFO 	Loaded monitor calibration from ['2017_05_17 09:51']
3.3550 	WARNING 	User requested fullscreen with size [1920 1080], but screen is actually [1366, 768]. Using actual size
3.9876 	EXP 	Created window1 = Window(allowGUI=False, allowStencil=False, autoLog=True, bitsMode=UNKNOWN, blendMode='avg', color=array([ 1.,  1.,  1.]), colorSpace='rgb', fullscr=UNKNOWN, gamma=None, lms=UNKNOWN, monitor=<psychopy.monitors.calibTools.Monitor object at 0xa676d3cc>, name='window1', pos=[0, 0], screen=0, size=array([1366,  768]), stereo=False, units=u'norm', useFBO=True, useRetina=False, viewOri=0.0, viewPos=None, viewScale=None, waitBlanking=True, winType='pyglet')
3.9877 	EXP 	window1: recordFrameIntervals = False
4.1509 	EXP 	window1: recordFrameIntervals = True
4.3343 	EXP 	window1: recordFrameIntervals = False
4.4791 	EXP 	Created instructions_text = TextStim(alignHoriz='center', alignVert='center', antialias=True, autoLog=True, bold=False, color='black', colorSpace='named', contrast=1.0, depth=0.0, flipHoriz=False, flipVert=False, font='Arial', fontFiles=[], height=0.075, italic=False, name='instructions_text', opacity=1.0, ori=0, pos=array([ 0.,  0.]), rgb=array([ 0.,  0.,  0.]), text=unicode(...), units=u'norm', win=Window(...), wrapWidth=1)
4.4848 	EXP 	Created dummy_text = TextStim(alignHoriz='center', alignVert='center', antialias=True, autoLog=True, bold=False, color='black', colorSpace='named', contrast=1.0, depth=0.0, flipHoriz=False, flipVert=False, font='Arial', fontFiles=[], height=0.3, italic=False, name='dummy_text', opacity=1.0, ori=0, pos=array([ 0.,  0.]), rgb=array([ 0.,  0.,  0.]), text=u'+', units=u'norm', win=Window(...), wrapWidth=1)
4.4869 	EXP 	Created stimPic = ImageStim(autoLog=True, color=array([ 1.,  1.,  1.]), colorSpace='rgb', contrast=1.0, depth=0, flipHoriz=False, flipVert=False, image=None, interpolate=False, mask=None, maskParams=None, name='stimPic', opacity=1.0, ori=0.0, pos=array([ 0.,  0.]), size=array([ 960.,  720.]), texRes=128, units=u'norm', win=Window(...))
4.4896 	EXP 	Created fixation_text = TextStim(alignHoriz='center', alignVert='center', antialias=True, autoLog=True, bold=False, color='black', colorSpace='named', contrast=1.0, depth=-1.0, flipHoriz=False, flipVert=False, font='Arial', fontFiles=[], height=0.3, italic=False, name='fixation_text', opacity=1.0, ori=0, pos=array([ 0.,  0.]), rgb=array([ 0.,  0.,  0.]), text=u'+', units=u'norm', win=Window(...), wrapWidth=1)
4.5014 	EXP 	Created thankyou_text = TextStim(alignHoriz='center', alignVert='center', antialias=True, autoLog=True, bold=False, color='black', colorSpace='named', contrast=1.0, depth=0.0, flipHoriz=False, flipVert=False, font='Arial', fontFiles=[], height=0.1, italic=False, name='thankyou_text', opacity=1.0, ori=0, pos=array([ 0.,  0.]), rgb=array([ 0.,  0.,  0.]), text=u'End of experiment.\n\nThank you.', units=u'norm', win=Window(...), wrapWidth=1)
4.5062 	EXP 	instructions_text: autoDraw = True
5.4153 	DATA 	Keypress: 1
5.4155 	EXP 	launchScan: vol: 1500  TR: 0.585s  skip: 0  sync: '5'
5.4708 	EXP 	window1: mouseVisible = False
5.4991 	EXP 	instructions_text: autoDraw = False
6.5049 	DATA 	Keypress: 5
6.5050 	EXP 	launchScan: start of scan
6.5159 	EXP 	dummy_text: autoDraw = True
12.5051 	EXP 	Imported Episodic_Encoding/Episodic_ListA.csv as conditions, 22 conditions, 2 params
12.5064 	EXP 	Created sequence: random, trialTypes=22, nReps=1, seed=None
12.5082 	EXP 	New trial (rep=0, index=0): {u'list_AB': u'A', u'wordpair': u'Episodic_Encoding/Episodic_Encoding_ListA/15.jpg'}
12.5267 	EXP 	dummy_text: autoDraw = False
12.5267 	EXP 	dummy_text: autoDraw = False
12.5267 	EXP 	stimPic: image = u'Episodic_Encoding/Episodic_Encoding_ListA/15.jpg'
12.5267 	EXP 	stimPic: autoDraw = True
16.5222 	EXP 	stimPic: autoDraw = False
16.5222 	EXP 	stimPic: autoDraw = False
16.5222 	EXP 	fixation_text: autoDraw = True
18.5018 	EXP 	New trial (rep=0, index=1): {u'list_AB': u'A', u'wordpair': u'Episodic_Encoding/Episodic_Encoding_ListA/9.jpg'}
18.5177 	EXP 	fixation_text: autoDraw = False
18.5177 	EXP 	fixation_text: autoDraw = False
18.5177 	EXP 	stimPic: image = u'Episodic_Encoding/Episodic_Encoding_ListA/9.jpg'
18.5177 	EXP 	stimPic: autoDraw = True
22.5084 	EXP 	stimPic: autoDraw = False
22.5084 	EXP 	stimPic: autoDraw = False
22.5084 	EXP 	fixation_text: autoDraw = True
25.4860 	EXP 	New trial (rep=0, index=2): {u'list_AB': u'A', u'wordpair': u'Episodic_Encoding/Episodic_Encoding_ListA/18.jpg'}
25.5019 	EXP 	fixation_text: autoDraw = False
25.5019 	EXP 	fixation_text: autoDraw = False
25.5019 	EXP 	stimPic: image = u'Episodic_Encoding/Episodic_Encoding_ListA/18.jpg'
25.5019 	EXP 	stimPic: autoDraw = True
29.4923 	EXP 	stimPic: autoDraw = False
29.4923 	EXP 	stimPic: autoDraw = False
29.4923 	EXP 	fixation_text: autoDraw = True
32.4697 	EXP 	New trial (rep=0, index=3): {u'list_AB': u'A', u'wordpair': u'Episodic_Encoding/Episodic_Encoding_ListA/6.jpg'}
32.4855 	EXP 	fixation_text: autoDraw = False
32.4855 	EXP 	fixation_text: autoDraw = False
32.4855 	EXP 	stimPic: image = u'Episodic_Encoding/Episodic_Encoding_ListA/6.jpg'
32.4855 	EXP 	stimPic: autoDraw = True
36.4762 	EXP 	stimPic: autoDraw = False
36.4762 	EXP 	stimPic: autoDraw = False
36.4762 	EXP 	fixation_text: autoDraw = True
37.1079 	DATA 	Keypress: escape
