1.1887 	WARNING 	pyo audio lib was requested but not loaded: No module named pyo
1.8696 	INFO 	Loaded monitor calibration from ['2017_05_17 09:51']
1.8710 	WARNING 	User requested fullscreen with size [1920 1080], but screen is actually [1366, 768]. Using actual size
2.4768 	EXP 	Created window1 = Window(allowGUI=False, allowStencil=False, autoLog=True, bitsMode=UNKNOWN, blendMode='avg', color=array([ 1.,  1.,  1.]), colorSpace='rgb', fullscr=UNKNOWN, gamma=None, lms=UNKNOWN, monitor=<psychopy.monitors.calibTools.Monitor object at 0xa685740c>, name='window1', pos=[0, 0], screen=0, size=array([1366,  768]), stereo=False, units=u'norm', useFBO=True, useRetina=False, viewOri=0.0, viewPos=None, viewScale=None, waitBlanking=True, winType='pyglet')
2.4769 	EXP 	window1: recordFrameIntervals = False
2.6404 	EXP 	window1: recordFrameIntervals = True
2.8238 	EXP 	window1: recordFrameIntervals = False
2.9707 	EXP 	Created instructions_text = TextStim(alignHoriz='center', alignVert='center', antialias=True, autoLog=True, bold=False, color='black', colorSpace='named', contrast=1.0, depth=0.0, flipHoriz=False, flipVert=False, font='Arial', fontFiles=[], height=0.075, italic=False, name='instructions_text', opacity=1.0, ori=0, pos=array([ 0.,  0.]), rgb=array([ 0.,  0.,  0.]), text=unicode(...), units=u'norm', win=Window(...), wrapWidth=1)
2.9764 	EXP 	Created dummy_text = TextStim(alignHoriz='center', alignVert='center', antialias=True, autoLog=True, bold=False, color='black', colorSpace='named', contrast=1.0, depth=0.0, flipHoriz=False, flipVert=False, font='Arial', fontFiles=[], height=0.3, italic=False, name='dummy_text', opacity=1.0, ori=0, pos=array([ 0.,  0.]), rgb=array([ 0.,  0.,  0.]), text=u'+', units=u'norm', win=Window(...), wrapWidth=1)
2.9785 	EXP 	Created stimList = ImageStim(autoLog=True, color=array([ 1.,  1.,  1.]), colorSpace='rgb', contrast=1.0, depth=0, flipHoriz=False, flipVert=False, image=None, interpolate=False, mask=None, maskParams=None, name='stimList', opacity=1.0, ori=0.0, pos=array([ 0.,  0.]), size=array([ 960.,  720.]), texRes=128, units=u'norm', win=Window(...))
2.9812 	EXP 	Created fixation_text = TextStim(alignHoriz='center', alignVert='center', antialias=True, autoLog=True, bold=False, color='black', colorSpace='named', contrast=1.0, depth=-1.0, flipHoriz=False, flipVert=False, font='Arial', fontFiles=[], height=0.3, italic=False, name='fixation_text', opacity=1.0, ori=0, pos=array([ 0.,  0.]), rgb=array([ 0.,  0.,  0.]), text=u'+', units=u'norm', win=Window(...), wrapWidth=1)
2.9931 	EXP 	Created thankyou_text = TextStim(alignHoriz='center', alignVert='center', antialias=True, autoLog=True, bold=False, color='black', colorSpace='named', contrast=1.0, depth=0.0, flipHoriz=False, flipVert=False, font='Arial', fontFiles=[], height=0.1, italic=False, name='thankyou_text', opacity=1.0, ori=0, pos=array([ 0.,  0.]), rgb=array([ 0.,  0.,  0.]), text=u'End of experiment.\n\nThank you.', units=u'norm', win=Window(...), wrapWidth=1)
3.0006 	EXP 	instructions_text: autoDraw = True
3.4059 	DATA 	Keypress: 1
3.4062 	EXP 	launchScan: vol: 1500  TR: 0.585s  skip: 0  sync: '5'
3.4569 	EXP 	window1: mouseVisible = False
3.4855 	EXP 	instructions_text: autoDraw = False
3.8988 	DATA 	Keypress: 5
3.8988 	EXP 	launchScan: start of scan
3.9113 	EXP 	dummy_text: autoDraw = True
9.9133 	EXP 	Imported Episodic_Encoding/Episodic_ListA.csv as conditions, 22 conditions, 2 params
9.9144 	EXP 	Created sequence: random, trialTypes=22, nReps=1, seed=None
9.9158 	EXP 	New trial (rep=0, index=0): {u'list_AB': u'A', u'wordpair': u'Episodic_Encoding/Episodic_Encoding_ListA/10.jpg'}
9.9429 	EXP 	dummy_text: autoDraw = False
9.9429 	EXP 	stimList: autoDraw = True
13.9308 	EXP 	stimList: autoDraw = False
13.9308 	EXP 	fixation_text: autoDraw = True
16.9084 	EXP 	New trial (rep=0, index=1): {u'list_AB': u'A', u'wordpair': u'Episodic_Encoding/Episodic_Encoding_ListA/22.jpg'}
16.9251 	EXP 	fixation_text: autoDraw = False
16.9251 	EXP 	fixation_text: autoDraw = False
16.9251 	EXP 	stimList: autoDraw = True
20.9148 	EXP 	stimList: autoDraw = False
20.9148 	EXP 	stimList: autoDraw = False
20.9148 	EXP 	fixation_text: autoDraw = True
23.8923 	EXP 	New trial (rep=0, index=2): {u'list_AB': u'A', u'wordpair': u'Episodic_Encoding/Episodic_Encoding_ListA/15.jpg'}
23.9079 	EXP 	fixation_text: autoDraw = False
23.9079 	EXP 	fixation_text: autoDraw = False
23.9079 	EXP 	stimList: autoDraw = True
27.8987 	EXP 	stimList: autoDraw = False
27.8987 	EXP 	stimList: autoDraw = False
27.8987 	EXP 	fixation_text: autoDraw = True
28.6319 	DATA 	Keypress: escape
