1.2370 	WARNING 	pyo audio lib was requested but not loaded: No module named pyo
2.2994 	INFO 	Loaded monitor calibration from ['2017_05_17 09:51']
2.3017 	WARNING 	User requested fullscreen with size [1920 1080], but screen is actually [1366, 768]. Using actual size
2.9187 	EXP 	Created window1 = Window(allowGUI=False, allowStencil=False, autoLog=True, bitsMode=UNKNOWN, blendMode='avg', color=array([ 1.,  1.,  1.]), colorSpace='rgb', fullscr=UNKNOWN, gamma=None, lms=UNKNOWN, monitor=<psychopy.monitors.calibTools.Monitor object at 0xa677042c>, name='window1', pos=[0, 0], screen=0, size=array([1366,  768]), stereo=False, units=u'norm', useFBO=True, useRetina=False, viewOri=0.0, viewPos=None, viewScale=None, waitBlanking=True, winType='pyglet')
2.9188 	EXP 	window1: recordFrameIntervals = False
3.0829 	EXP 	window1: recordFrameIntervals = True
3.2660 	EXP 	window1: recordFrameIntervals = False
3.3795 	EXP 	Created instructions_text = TextStim(alignHoriz='center', alignVert='center', antialias=True, autoLog=True, bold=False, color='black', colorSpace='named', contrast=1.0, depth=0.0, flipHoriz=False, flipVert=False, font='Arial', fontFiles=[], height=0.075, italic=False, name='instructions_text', opacity=1.0, ori=0, pos=array([ 0.,  0.]), rgb=array([ 0.,  0.,  0.]), text=unicode(...), units=u'norm', win=Window(...), wrapWidth=1)
3.3853 	EXP 	Created dummy_text = TextStim(alignHoriz='center', alignVert='center', antialias=True, autoLog=True, bold=False, color='black', colorSpace='named', contrast=1.0, depth=0.0, flipHoriz=False, flipVert=False, font='Arial', fontFiles=[], height=0.3, italic=False, name='dummy_text', opacity=1.0, ori=0, pos=array([ 0.,  0.]), rgb=array([ 0.,  0.,  0.]), text=u'+', units=u'norm', win=Window(...), wrapWidth=1)
3.3877 	EXP 	Created stimPic = ImageStim(autoLog=True, color=array([ 1.,  1.,  1.]), colorSpace='rgb', contrast=1.0, depth=0, flipHoriz=False, flipVert=False, image=None, interpolate=False, mask=None, maskParams=None, name='stimPic', opacity=1.0, ori=0.0, pos=array([ 0.,  0.]), size=array([ 960.,  720.]), texRes=128, units=u'norm', win=Window(...))
3.3906 	EXP 	Created fixation_text = TextStim(alignHoriz='center', alignVert='center', antialias=True, autoLog=True, bold=False, color='black', colorSpace='named', contrast=1.0, depth=-1.0, flipHoriz=False, flipVert=False, font='Arial', fontFiles=[], height=0.3, italic=False, name='fixation_text', opacity=1.0, ori=0, pos=array([ 0.,  0.]), rgb=array([ 0.,  0.,  0.]), text=u'+', units=u'norm', win=Window(...), wrapWidth=1)
3.4024 	EXP 	Created thankyou_text = TextStim(alignHoriz='center', alignVert='center', antialias=True, autoLog=True, bold=False, color='black', colorSpace='named', contrast=1.0, depth=0.0, flipHoriz=False, flipVert=False, font='Arial', fontFiles=[], height=0.1, italic=False, name='thankyou_text', opacity=1.0, ori=0, pos=array([ 0.,  0.]), rgb=array([ 0.,  0.,  0.]), text=u'End of experiment.\n\nThank you.', units=u'norm', win=Window(...), wrapWidth=1)
3.4085 	EXP 	instructions_text: autoDraw = True
3.8489 	DATA 	Keypress: 2
3.8491 	EXP 	launchScan: vol: 1500  TR: 0.585s  skip: 0  sync: '5'
3.8995 	EXP 	window1: mouseVisible = False
3.9268 	EXP 	instructions_text: autoDraw = False
4.6478 	DATA 	Keypress: 5
4.6478 	EXP 	launchScan: start of scan
4.6631 	EXP 	dummy_text: autoDraw = True
10.6537 	EXP 	Imported Episodic_Encoding/Episodic_ListA.csv as conditions, 22 conditions, 2 params
10.6545 	EXP 	Created sequence: random, trialTypes=22, nReps=1, seed=None
10.6556 	EXP 	New trial (rep=0, index=0): {u'list_AB': u'A', u'wordpair': u'Episodic_Encoding/Episodic_Encoding_ListA/11.jpg'}
10.6729 	EXP 	dummy_text: autoDraw = False
10.6729 	EXP 	dummy_text: autoDraw = False
10.6729 	EXP 	stimPic: image = u'Episodic_Encoding/Episodic_Encoding_ListA/11.jpg'
10.6729 	EXP 	stimPic: autoDraw = True
14.6732 	EXP 	stimPic: autoDraw = False
14.6732 	EXP 	fixation_text: autoDraw = True
16.1539 	EXP 	New trial (rep=0, index=1): {u'list_AB': u'A', u'wordpair': u'Episodic_Encoding/Episodic_Encoding_ListA/8.jpg'}
16.1695 	EXP 	fixation_text: autoDraw = False
16.1695 	EXP 	fixation_text: autoDraw = False
16.1695 	EXP 	stimPic: image = u'Episodic_Encoding/Episodic_Encoding_ListA/8.jpg'
16.1695 	EXP 	stimPic: autoDraw = True
20.1606 	EXP 	stimPic: autoDraw = False
20.1606 	EXP 	stimPic: autoDraw = False
20.1606 	EXP 	fixation_text: autoDraw = True
23.6372 	EXP 	New trial (rep=0, index=2): {u'list_AB': u'A', u'wordpair': u'Episodic_Encoding/Episodic_Encoding_ListA/17.jpg'}
23.6541 	EXP 	fixation_text: autoDraw = False
23.6541 	EXP 	fixation_text: autoDraw = False
23.6541 	EXP 	stimPic: image = u'Episodic_Encoding/Episodic_Encoding_ListA/17.jpg'
23.6541 	EXP 	stimPic: autoDraw = True
27.6431 	EXP 	stimPic: autoDraw = False
27.6431 	EXP 	stimPic: autoDraw = False
27.6431 	EXP 	fixation_text: autoDraw = True
29.6228 	EXP 	New trial (rep=0, index=3): {u'list_AB': u'A', u'wordpair': u'Episodic_Encoding/Episodic_Encoding_ListA/7.jpg'}
29.6385 	EXP 	fixation_text: autoDraw = False
29.6385 	EXP 	fixation_text: autoDraw = False
29.6385 	EXP 	stimPic: image = u'Episodic_Encoding/Episodic_Encoding_ListA/7.jpg'
29.6385 	EXP 	stimPic: autoDraw = True
32.3497 	DATA 	Keypress: escape
