1.1885 	WARNING 	pyo audio lib was requested but not loaded: No module named pyo
3.1470 	INFO 	Loaded monitor calibration from ['2017_05_17 09:51']
3.1497 	WARNING 	User requested fullscreen with size [1920 1080], but screen is actually [1366, 768]. Using actual size
3.7623 	EXP 	Created window1 = Window(allowGUI=False, allowStencil=False, autoLog=True, bitsMode=UNKNOWN, blendMode='avg', color=array([ 1.,  1.,  1.]), colorSpace='rgb', fullscr=UNKNOWN, gamma=None, lms=UNKNOWN, monitor=<psychopy.monitors.calibTools.Monitor object at 0xa67de3ec>, name='window1', pos=[0, 0], screen=0, size=array([1366,  768]), stereo=False, units=u'norm', useFBO=True, useRetina=False, viewOri=0.0, viewPos=None, viewScale=None, waitBlanking=True, winType='pyglet')
3.7624 	EXP 	window1: recordFrameIntervals = False
3.9260 	EXP 	window1: recordFrameIntervals = True
4.1093 	EXP 	window1: recordFrameIntervals = False
4.2660 	EXP 	Created instructions_text = TextStim(alignHoriz='center', alignVert='center', antialias=True, autoLog=True, bold=False, color='black', colorSpace='named', contrast=1.0, depth=0.0, flipHoriz=False, flipVert=False, font='Arial', fontFiles=[], height=0.075, italic=False, name='instructions_text', opacity=1.0, ori=0, pos=array([ 0.,  0.]), rgb=array([ 0.,  0.,  0.]), text=unicode(...), units=u'norm', win=Window(...), wrapWidth=1)
4.2718 	EXP 	Created dummy_text = TextStim(alignHoriz='center', alignVert='center', antialias=True, autoLog=True, bold=False, color='black', colorSpace='named', contrast=1.0, depth=0.0, flipHoriz=False, flipVert=False, font='Arial', fontFiles=[], height=0.3, italic=False, name='dummy_text', opacity=1.0, ori=0, pos=array([ 0.,  0.]), rgb=array([ 0.,  0.,  0.]), text=u'+', units=u'norm', win=Window(...), wrapWidth=1)
4.2743 	EXP 	Created stimList = ImageStim(autoLog=True, color=array([ 1.,  1.,  1.]), colorSpace='rgb', contrast=1.0, depth=0, flipHoriz=False, flipVert=False, image=None, interpolate=False, mask=None, maskParams=None, name='stimList', opacity=1.0, ori=0.0, pos=array([ 0.,  0.]), size=array([ 960.,  720.]), texRes=128, units=u'norm', win=Window(...))
4.2771 	EXP 	Created fixation_text = TextStim(alignHoriz='center', alignVert='center', antialias=True, autoLog=True, bold=False, color='black', colorSpace='named', contrast=1.0, depth=-1.0, flipHoriz=False, flipVert=False, font='Arial', fontFiles=[], height=0.3, italic=False, name='fixation_text', opacity=1.0, ori=0, pos=array([ 0.,  0.]), rgb=array([ 0.,  0.,  0.]), text=u'+', units=u'norm', win=Window(...), wrapWidth=1)
4.2889 	EXP 	Created thankyou_text = TextStim(alignHoriz='center', alignVert='center', antialias=True, autoLog=True, bold=False, color='black', colorSpace='named', contrast=1.0, depth=0.0, flipHoriz=False, flipVert=False, font='Arial', fontFiles=[], height=0.1, italic=False, name='thankyou_text', opacity=1.0, ori=0, pos=array([ 0.,  0.]), rgb=array([ 0.,  0.,  0.]), text=u'End of experiment.\n\nThank you.', units=u'norm', win=Window(...), wrapWidth=1)
4.2962 	EXP 	instructions_text: autoDraw = True
5.1402 	DATA 	Keypress: 1
5.1404 	EXP 	launchScan: vol: 1500  TR: 0.585s  skip: 0  sync: '5'
5.1812 	EXP 	window1: mouseVisible = False
5.2070 	EXP 	instructions_text: autoDraw = False
6.0029 	DATA 	Keypress: 5
6.0029 	EXP 	launchScan: start of scan
6.0155 	EXP 	dummy_text: autoDraw = True
12.0138 	EXP 	Imported Episodic_Encoding/Episodic_ListA.csv as conditions, 22 conditions, 2 params
12.0150 	EXP 	Created sequence: random, trialTypes=22, nReps=1, seed=None
12.0160 	EXP 	New trial (rep=0, index=0): {u'list_AB': u'A', u'wordpair': u'Episodic_Encoding/Episodic_Encoding_ListA/11.jpg'}
12.0384 	EXP 	dummy_text: autoDraw = False
12.0384 	EXP 	dummy_text: autoDraw = False
12.0384 	EXP 	stimList: image = u'Episodic_Encoding/Episodic_Encoding_ListA/11.jpg'
12.0384 	EXP 	stimList: autoDraw = True
16.0312 	EXP 	stimList: autoDraw = False
16.0312 	EXP 	fixation_text: autoDraw = True
17.5125 	EXP 	New trial (rep=0, index=1): {u'list_AB': u'A', u'wordpair': u'Episodic_Encoding/Episodic_Encoding_ListA/10.jpg'}
17.5303 	EXP 	fixation_text: autoDraw = False
17.5303 	EXP 	fixation_text: autoDraw = False
17.5303 	EXP 	stimList: image = u'Episodic_Encoding/Episodic_Encoding_ListA/10.jpg'
17.5303 	EXP 	stimList: autoDraw = True
21.5185 	EXP 	stimList: autoDraw = False
21.5185 	EXP 	stimList: autoDraw = False
21.5185 	EXP 	fixation_text: autoDraw = True
23.4983 	EXP 	New trial (rep=0, index=2): {u'list_AB': u'A', u'wordpair': u'Episodic_Encoding/Episodic_Encoding_ListA/15.jpg'}
23.5139 	EXP 	fixation_text: autoDraw = False
23.5139 	EXP 	fixation_text: autoDraw = False
23.5139 	EXP 	stimList: image = u'Episodic_Encoding/Episodic_Encoding_ListA/15.jpg'
23.5139 	EXP 	stimList: autoDraw = True
27.5047 	EXP 	stimList: autoDraw = False
27.5047 	EXP 	stimList: autoDraw = False
27.5047 	EXP 	fixation_text: autoDraw = True
29.9837 	EXP 	New trial (rep=0, index=3): {u'list_AB': u'A', u'wordpair': u'Episodic_Encoding/Episodic_Encoding_ListA/5.jpg'}
30.0019 	EXP 	fixation_text: autoDraw = False
30.0019 	EXP 	fixation_text: autoDraw = False
30.0019 	EXP 	stimList: image = u'Episodic_Encoding/Episodic_Encoding_ListA/5.jpg'
30.0019 	EXP 	stimList: autoDraw = True
33.9898 	EXP 	stimList: autoDraw = False
33.9898 	EXP 	stimList: autoDraw = False
33.9898 	EXP 	fixation_text: autoDraw = True
37.4662 	EXP 	New trial (rep=0, index=4): {u'list_AB': u'A', u'wordpair': u'Episodic_Encoding/Episodic_Encoding_ListA/1.jpg'}
37.4887 	EXP 	fixation_text: autoDraw = False
37.4887 	EXP 	fixation_text: autoDraw = False
37.4887 	EXP 	stimList: image = u'Episodic_Encoding/Episodic_Encoding_ListA/1.jpg'
37.4887 	EXP 	stimList: autoDraw = True
41.4725 	EXP 	stimList: autoDraw = False
41.4725 	EXP 	stimList: autoDraw = False
41.4725 	EXP 	fixation_text: autoDraw = True
44.4501 	EXP 	New trial (rep=0, index=5): {u'list_AB': u'A', u'wordpair': u'Episodic_Encoding/Episodic_Encoding_ListA/16.jpg'}
44.4697 	EXP 	fixation_text: autoDraw = False
44.4697 	EXP 	fixation_text: autoDraw = False
44.4697 	EXP 	stimList: image = u'Episodic_Encoding/Episodic_Encoding_ListA/16.jpg'
44.4697 	EXP 	stimList: autoDraw = True
48.4564 	EXP 	stimList: autoDraw = False
48.4564 	EXP 	stimList: autoDraw = False
48.4564 	EXP 	fixation_text: autoDraw = True
50.9355 	EXP 	New trial (rep=0, index=6): {u'list_AB': u'A', u'wordpair': u'Episodic_Encoding/Episodic_Encoding_ListA/19.jpg'}
50.9530 	EXP 	fixation_text: autoDraw = False
50.9530 	EXP 	fixation_text: autoDraw = False
50.9530 	EXP 	stimList: image = u'Episodic_Encoding/Episodic_Encoding_ListA/19.jpg'
50.9530 	EXP 	stimList: autoDraw = True
54.4099 	DATA 	Keypress: escape
