11.0601 	EXP 	Created window1 = Window(allowGUI=True, allowStencil=False, autoLog=True, bitsMode=UNKNOWN, blendMode='avg', color=array([ 0.7,  0.7,  0.7]), colorSpace='rgb', fullscr=UNKNOWN, gamma=None, lms=UNKNOWN, monitor=<psychopy.monitors.calibTools.Monitor object at 0x14721BF0>, name='window1', pos=[171, 0], screen=0, size=array([1024,  768]), stereo=False, units='pix', useFBO=False, useRetina=False, viewOri=0.0, viewPos=None, viewScale=None, waitBlanking=True, winType='pyglet')
11.2234 	EXP 	Created message = TextStim(alignHoriz='center', alignVert='center', antialias=True, autoLog=True, bold=False, color='black', colorSpace='named', contrast=1.0, depth=0, flipHoriz=False, flipVert=False, font=list(...), fontFiles=[], height=62, italic=False, name='message', opacity=1.0, ori=0.0, pos=array([ 0.,  0.]), rgb=array([ 0.,  0.,  0.]), text=u'default text', units='pix', win=Window(...), wrapWidth=900)
11.2616 	EXP 	Created Question = TextStim(alignHoriz='center', alignVert='center', antialias=True, autoLog=True, bold=False, color='black', colorSpace='named', contrast=1.0, depth=0, flipHoriz=False, flipVert=False, font=list(...), fontFiles=[], height=60, italic=False, name='Question', opacity=1.0, ori=0.0, pos=array([   0.,  250.]), rgb=array([ 0.,  0.,  0.]), text=unicode(...), units='pix', win=Window(...), wrapWidth=1300)
11.2846 	EXP 	Created Descriptions = TextStim(alignHoriz='center', alignVert='center', antialias=True, autoLog=True, bold=False, color='black', colorSpace='named', contrast=1.0, depth=0, flipHoriz=False, flipVert=False, font=list(...), fontFiles=[], height=50, italic=False, name='Descriptions', opacity=1.0, ori=0.0, pos=array([  0., -60.]), rgb=array([ 0.,  0.,  0.]), text=unicode(...), units='pix', win=Window(...), wrapWidth=1300)
11.3070 	EXP 	Created RatingScale = TextStim(alignHoriz='center', alignVert='center', antialias=True, autoLog=True, bold=False, color='black', colorSpace='named', contrast=1.0, depth=0, flipHoriz=False, flipVert=False, font=list(...), fontFiles=[], height=45, italic=False, name='RatingScale', opacity=1.0, ori=0.0, pos=array([   0., -120.]), rgb=array([ 0.,  0.,  0.]), text=unicode(...), units='pix', win=Window(...), wrapWidth=1300)
11.3256 	EXP 	Created instruction = TextStim(alignHoriz='center', alignVert='center', antialias=True, autoLog=True, bold=False, color='black', colorSpace='named', contrast=1.0, depth=0, flipHoriz=False, flipVert=False, font=list(...), fontFiles=[], height=30, italic=False, name='instruction', opacity=1.0, ori=0.0, pos=array([-50.,   0.]), rgb=array([ 0.,  0.,  0.]), text=u'default text', units='pix', win=Window(...), wrapWidth=900)
11.3325 	EXP 	Created fixation = TextStim(alignHoriz='center', alignVert='center', antialias=True, autoLog=True, bold=False, color='black', colorSpace='named', contrast=1.0, depth=0, flipHoriz=False, flipVert=False, font='', fontFiles=[], height=50, italic=False, name='fixation', opacity=1.0, ori=0.0, pos=array([ 0.,  0.]), rgb=array([ 0.,  0.,  0.]), text=u'+', units='pix', win=Window(...), wrapWidth=500)
11.3455 	EXP 	Created encodeleft = TextStim(alignHoriz='right', alignVert='center', antialias=True, autoLog=True, bold=False, color='black', colorSpace='named', contrast=1.0, depth=0, flipHoriz=False, flipVert=False, font='', fontFiles=[], height=50, italic=False, name='encodeleft', opacity=1.0, ori=0.0, pos=array([-25.,   0.]), rgb=array([ 0.,  0.,  0.]), text=u'+', units='pix', win=Window(...), wrapWidth=1000)
11.3491 	EXP 	Created encoderight = TextStim(alignHoriz='left', alignVert='center', antialias=True, autoLog=True, bold=False, color='black', colorSpace='named', contrast=1.0, depth=0, flipHoriz=False, flipVert=False, font='', fontFiles=[], height=50, italic=False, name='encoderight', opacity=1.0, ori=0.0, pos=array([ 25.,   0.]), rgb=array([ 0.,  0.,  0.]), text=u'+', units='pix', win=Window(...), wrapWidth=1000)
11.3541 	EXP 	Created encodedash = TextStim(alignHoriz='center', alignVert='center', antialias=True, autoLog=True, bold=False, color='black', colorSpace='named', contrast=1.0, depth=0, flipHoriz=False, flipVert=False, font='', fontFiles=[], height=50, italic=False, name='encodedash', opacity=1.0, ori=0.0, pos=array([ 0.,  0.]), rgb=array([ 0.,  0.,  0.]), text=u'-', units='pix', win=Window(...), wrapWidth=1000)
11.3595 	EXP 	Created target on screen = TextStim(alignHoriz='left', alignVert='center', antialias=True, autoLog=True, bold=False, color='black', colorSpace='named', contrast=1.0, depth=0, flipHoriz=False, flipVert=False, font=list(...), fontFiles=[], height=50, italic=False, name='target on screen', opacity=1.0, ori=0.0, pos=array([-300.,  250.]), rgb=array([ 0.,  0.,  0.]), text=u'test', units='pix', win=Window(...), wrapWidth=1000)
11.3688 	EXP 	Created feedback on screen = TextStim(alignHoriz='center', alignVert='center', antialias=True, autoLog=True, bold=False, color='red', colorSpace='named', contrast=1.0, depth=0, flipHoriz=False, flipVert=False, font=list(...), fontFiles=[], height=50, italic=False, name='feedback on screen', opacity=1.0, ori=0.0, pos=array([-300.,  250.]), rgb=array([ 255.,    0.,    0.]), text=u'feedback', units='pix', win=Window(...), wrapWidth=500)
11.3889 	EXP 	Created feedback: correct ans = TextStim(alignHoriz='center', alignVert='center', antialias=True, autoLog=True, bold=False, color='black', colorSpace='named', contrast=1.0, depth=0, flipHoriz=False, flipVert=False, font=list(...), fontFiles=[], height=42, italic=False, name='feedback: correct ans', opacity=1.0, ori=0.0, pos=array([   0.,  100.]), rgb=array([ 0.,  0.,  0.]), text=u'The correct answer is', units='pix', win=Window(...), wrapWidth=1100)
11.3937 	EXP 	Created show correct ans = TextStim(alignHoriz='center', alignVert='center', antialias=True, autoLog=True, bold=False, color='blue', colorSpace='named', contrast=1.0, depth=0, flipHoriz=False, flipVert=False, font=list(...), fontFiles=[], height=50, italic=False, name='show correct ans', opacity=1.0, ori=0.0, pos=array([ 0.,  0.]), rgb=array([   0.,    0.,  255.]), text=u'feedback', units='pix', win=Window(...), wrapWidth=500)
11.3977 	EXP 	Created target on screen = TextStim(alignHoriz='left', alignVert='center', antialias=True, autoLog=True, bold=False, color='black', colorSpace='named', contrast=1.0, depth=0, flipHoriz=False, flipVert=False, font=list(...), fontFiles=[], height=50, italic=False, name='target on screen', opacity=1.0, ori=0.0, pos=array([-300.,  250.]), rgb=array([ 0.,  0.,  0.]), text=u'test', units='pix', win=Window(...), wrapWidth=1000)
11.4023 	EXP 	Created feedback on screen = TextStim(alignHoriz='center', alignVert='center', antialias=True, autoLog=True, bold=False, color='red', colorSpace='named', contrast=1.0, depth=0, flipHoriz=False, flipVert=False, font=list(...), fontFiles=[], height=50, italic=False, name='feedback on screen', opacity=1.0, ori=0.0, pos=array([-300.,  250.]), rgb=array([ 255.,    0.,    0.]), text=u'feedback', units='pix', win=Window(...), wrapWidth=500)
11.4132 	EXP 	Created feedback: correct ans = TextStim(alignHoriz='center', alignVert='center', antialias=True, autoLog=True, bold=False, color='black', colorSpace='named', contrast=1.0, depth=0, flipHoriz=False, flipVert=False, font=list(...), fontFiles=[], height=50, italic=False, name='feedback: correct ans', opacity=1.0, ori=0.0, pos=array([   0.,  100.]), rgb=array([ 0.,  0.,  0.]), text=u'The correct answer is', units='pix', win=Window(...), wrapWidth=1100)
11.4178 	EXP 	Created show correct ans = TextStim(alignHoriz='center', alignVert='center', antialias=True, autoLog=True, bold=False, color='blue', colorSpace='named', contrast=1.0, depth=0, flipHoriz=False, flipVert=False, font=list(...), fontFiles=[], height=50, italic=False, name='show correct ans', opacity=1.0, ori=0.0, pos=array([ 0.,  0.]), rgb=array([   0.,    0.,  255.]), text=u'feedback', units='pix', win=Window(...), wrapWidth=500)
11.5482 	EXP 	instruction: text = "Welcome to this experiment!\n\nIn this task you will be presented with a number of word pairs.\n\nPlease try to learn these word pairs to the best of your ability as you will be tested on them at a later stage.\n\nTo help you remember the pairs, please try to think of associations between the words themselves. For instance, if the word pair was 'tiger-shoe' you might try to picture in your mind a tiger wearing a shoe.\n\nPress any button to start the task.\n\n"
12.8379 	DATA 	Keypress: space
13.0109 	DATA 	Keypress: space
15.0494 	DATA 	Mouse: Left button down, pos=(329,630)
15.0849 	DATA 	Mouse:  Left button up, pos=(329,632)
15.0850 	DATA 	Mouse: Left button down, pos=(329,632)
15.0958 	DATA 	Mouse:  Left button up, pos=(329,632)
15.3880 	DATA 	Keypress: space
15.9153 	DATA 	Keypress: 1
15.9326 	EXP 	instruction: text = 'Ready...'
17.4642 	EXP 	Created topMsg = TextStim(alignHoriz='center', alignVert='center', antialias=True, autoLog=True, bold=False, color='#000000', colorSpace='hex', contrast=1.0, depth=0, flipHoriz=False, flipVert=False, font='', fontFiles=[], height=20, italic=False, name='topMsg', opacity=1.0, ori=0.0, pos=array([   0.,  100.]), rgb=array([0, 0, 0]), text=u'Waiting for scanner to start...', units='pix', win=Window(...), wrapWidth=500)
17.4811 	EXP 	Display WaitingForScanner
18.5883 	DATA 	Keypress: 4
18.7932 	DATA 	Keypress: 5
18.8022 	EXP 	fixation cross on screen
19.8414 	EXP 	encodeleft: text = 'wax'
19.8414 	EXP 	encoderight: text = 'steak'
24.6528 	DATA 	Keypress: 2
24.6538 	DATA 	Keypress: 1
24.6547 	DATA 	Keypress: 1
24.6556 	DATA 	Keypress: q
24.6566 	DATA 	Keypress: escape
24.6574 	DATA 	Keypress: q
24.6581 	DATA 	Keypress: escape
24.6588 	DATA 	Keypress: q
24.6595 	DATA 	Keypress: escape
24.6602 	DATA 	Keypress: escape
24.6608 	DATA 	Keypress: escape
24.6612 	DATA 	Keypress: q
24.6618 	DATA 	Keypress: q
24.8613 	EXP 	fixation cross on screen
