9.2895 	WARNING 	User requested fullscreen with size [1280  720], but screen is actually [2560, 1440]. Using actual size
10.5708 	EXP 	Created window1 = Window(allowGUI=False, allowStencil=False, autoLog=True, bitsMode=UNKNOWN, blendMode='avg', color=array([ 0.7,  0.7,  0.7]), colorSpace='rgb', fullscr=UNKNOWN, gamma=None, lms=UNKNOWN, monitor=<psychopy.monitors.calibTools.Monitor object at 0x7f577effb110>, name='window1', pos=[0, 0], screen=0, size=array([2560, 1440]), stereo=False, units='pix', useFBO=False, useRetina=False, viewOri=0.0, viewPos=None, viewScale=None, waitBlanking=True, winType='pyglet')
10.7156 	EXP 	Created message = TextStim(alignHoriz='center', alignVert='center', antialias=True, autoLog=True, bold=False, color='black', colorSpace='named', contrast=1.0, depth=0, flipHoriz=False, flipVert=False, font=list(...), fontFiles=[], height=62, italic=False, name='message', opacity=1.0, ori=0.0, pos=array([ 0.,  0.]), rgb=array([ 0.,  0.,  0.]), text=u'default text', units='pix', win=Window(...), wrapWidth=1100)
10.7586 	EXP 	Created Question = TextStim(alignHoriz='center', alignVert='center', antialias=True, autoLog=True, bold=False, color='black', colorSpace='named', contrast=1.0, depth=0, flipHoriz=False, flipVert=False, font=list(...), fontFiles=[], height=60, italic=False, name='Question', opacity=1.0, ori=0.0, pos=array([   0.,  250.]), rgb=array([ 0.,  0.,  0.]), text=unicode(...), units='pix', win=Window(...), wrapWidth=1300)
10.7931 	EXP 	Created Descriptions = TextStim(alignHoriz='center', alignVert='center', antialias=True, autoLog=True, bold=False, color='black', colorSpace='named', contrast=1.0, depth=0, flipHoriz=False, flipVert=False, font=list(...), fontFiles=[], height=50, italic=False, name='Descriptions', opacity=1.0, ori=0.0, pos=array([  0., -60.]), rgb=array([ 0.,  0.,  0.]), text=unicode(...), units='pix', win=Window(...), wrapWidth=1300)
10.8213 	EXP 	Created RatingScale = TextStim(alignHoriz='center', alignVert='center', antialias=True, autoLog=True, bold=False, color='black', colorSpace='named', contrast=1.0, depth=0, flipHoriz=False, flipVert=False, font=list(...), fontFiles=[], height=45, italic=False, name='RatingScale', opacity=1.0, ori=0.0, pos=array([   0., -120.]), rgb=array([ 0.,  0.,  0.]), text=unicode(...), units='pix', win=Window(...), wrapWidth=1300)
10.8572 	EXP 	Created instruction = TextStim(alignHoriz='center', alignVert='center', antialias=True, autoLog=True, bold=False, color='black', colorSpace='named', contrast=1.0, depth=0, flipHoriz=False, flipVert=False, font=list(...), fontFiles=[], height=30, italic=False, name='instruction', opacity=1.0, ori=0.0, pos=array([-50.,   0.]), rgb=array([ 0.,  0.,  0.]), text=u'default text', units='pix', win=Window(...), wrapWidth=1100)
10.8632 	EXP 	Created fixation = TextStim(alignHoriz='center', alignVert='center', antialias=True, autoLog=True, bold=False, color='black', colorSpace='named', contrast=1.0, depth=0, flipHoriz=False, flipVert=False, font=list(...), fontFiles=[], height=62, italic=False, name='fixation', opacity=1.0, ori=0.0, pos=array([ 0.,  0.]), rgb=array([ 0.,  0.,  0.]), text=u'+', units='pix', win=Window(...), wrapWidth=500)
10.8722 	EXP 	Created Encoding word pair = TextStim(alignHoriz='center', alignVert='center', antialias=True, autoLog=True, bold=False, color='black', colorSpace='named', contrast=1.0, depth=0, flipHoriz=False, flipVert=False, font=list(...), fontFiles=[], height=62, italic=False, name='Encoding word pair', opacity=1.0, ori=0.0, pos=array([ 0.,  0.]), rgb=array([ 0.,  0.,  0.]), text=u'default text', units='pix', win=Window(...), wrapWidth=1100)
10.8787 	EXP 	Created target on screen = TextStim(alignHoriz='left', alignVert='center', antialias=True, autoLog=True, bold=False, color='black', colorSpace='named', contrast=1.0, depth=0, flipHoriz=False, flipVert=False, font=list(...), fontFiles=[], height=62, italic=False, name='target on screen', opacity=1.0, ori=0.0, pos=array([-300.,  250.]), rgb=array([ 0.,  0.,  0.]), text=u'test', units='pix', win=Window(...), wrapWidth=1000)
10.8883 	EXP 	Created feedback on screen = TextStim(alignHoriz='center', alignVert='center', antialias=True, autoLog=True, bold=False, color='red', colorSpace='named', contrast=1.0, depth=0, flipHoriz=False, flipVert=False, font=list(...), fontFiles=[], height=62, italic=False, name='feedback on screen', opacity=1.0, ori=0.0, pos=array([-300.,  250.]), rgb=array([ 255.,    0.,    0.]), text=u'feedback', units='pix', win=Window(...), wrapWidth=500)
10.9147 	EXP 	Created feedback: correct ans = TextStim(alignHoriz='center', alignVert='center', antialias=True, autoLog=True, bold=False, color='black', colorSpace='named', contrast=1.0, depth=0, flipHoriz=False, flipVert=False, font=list(...), fontFiles=[], height=42, italic=False, name='feedback: correct ans', opacity=1.0, ori=0.0, pos=array([   0.,  100.]), rgb=array([ 0.,  0.,  0.]), text=u'The correct answer is', units='pix', win=Window(...), wrapWidth=1100)
10.9211 	EXP 	Created show correct ans = TextStim(alignHoriz='center', alignVert='center', antialias=True, autoLog=True, bold=False, color='blue', colorSpace='named', contrast=1.0, depth=0, flipHoriz=False, flipVert=False, font=list(...), fontFiles=[], height=62, italic=False, name='show correct ans', opacity=1.0, ori=0.0, pos=array([ 0.,  0.]), rgb=array([   0.,    0.,  255.]), text=u'feedback', units='pix', win=Window(...), wrapWidth=500)
10.9262 	EXP 	Created target on screen = TextStim(alignHoriz='left', alignVert='center', antialias=True, autoLog=True, bold=False, color='black', colorSpace='named', contrast=1.0, depth=0, flipHoriz=False, flipVert=False, font=list(...), fontFiles=[], height=62, italic=False, name='target on screen', opacity=1.0, ori=0.0, pos=array([-300.,  250.]), rgb=array([ 0.,  0.,  0.]), text=u'test', units='pix', win=Window(...), wrapWidth=1000)
10.9328 	EXP 	Created feedback on screen = TextStim(alignHoriz='center', alignVert='center', antialias=True, autoLog=True, bold=False, color='red', colorSpace='named', contrast=1.0, depth=0, flipHoriz=False, flipVert=False, font=list(...), fontFiles=[], height=62, italic=False, name='feedback on screen', opacity=1.0, ori=0.0, pos=array([-300.,  250.]), rgb=array([ 255.,    0.,    0.]), text=u'feedback', units='pix', win=Window(...), wrapWidth=500)
10.9426 	EXP 	Created feedback: correct ans = TextStim(alignHoriz='center', alignVert='center', antialias=True, autoLog=True, bold=False, color='black', colorSpace='named', contrast=1.0, depth=0, flipHoriz=False, flipVert=False, font=list(...), fontFiles=[], height=42, italic=False, name='feedback: correct ans', opacity=1.0, ori=0.0, pos=array([   0.,  100.]), rgb=array([ 0.,  0.,  0.]), text=u'The correct answer is', units='pix', win=Window(...), wrapWidth=1100)
10.9489 	EXP 	Created show correct ans = TextStim(alignHoriz='center', alignVert='center', antialias=True, autoLog=True, bold=False, color='blue', colorSpace='named', contrast=1.0, depth=0, flipHoriz=False, flipVert=False, font=list(...), fontFiles=[], height=62, italic=False, name='show correct ans', opacity=1.0, ori=0.0, pos=array([ 0.,  0.]), rgb=array([   0.,    0.,  255.]), text=u'feedback', units='pix', win=Window(...), wrapWidth=500)
11.2192 	EXP 	instruction: text = "Welcome to this experiment!\n\nIn this task you will be presented with a number of word pairs.\n\nPlease try to learn these word pairs to the best of your ability as you will be tested on them at a later stage.\n\nTo help you remember the pairs, please try to think of associations between the words themselves. For instance, if the word pair was 'tiger-shoe' you might try to picture in your mind a tiger wearing a shoe.\n\nPress RETURN to start the task.\n\n"
12.1866 	DATA 	Keypress: space
12.6661 	DATA 	Keypress: return
12.7037 	EXP 	instruction: text = 'Ready...'
14.0556 	DATA 	Keypress: return
14.0558 	DATA 	Keypress: space
14.2884 	EXP 	fixation cross on screen
15.0900 	DATA 	Keypress: 2
15.0901 	DATA 	Keypress: 1
15.0903 	DATA 	Keypress: 1
15.3227 	EXP 	Encoding word pair: text = 'chocolate - siren'
20.3604 	EXP 	fixation cross on screen
21.3946 	EXP 	Encoding word pair: text = 'pond - update'
26.4322 	EXP 	fixation cross on screen
27.4664 	EXP 	Encoding word pair: text = 'door - mole'
32.5051 	EXP 	fixation cross on screen
33.5385 	EXP 	Encoding word pair: text = 'plate - lip'
38.5799 	EXP 	fixation cross on screen
39.6142 	EXP 	Encoding word pair: text = 'note - jam'
44.6518 	EXP 	fixation cross on screen
45.6860 	EXP 	Encoding word pair: text = 'mud - folder'
50.7404 	EXP 	fixation cross on screen
51.7748 	EXP 	Encoding word pair: text = 'jail - pearl'
56.8123 	EXP 	fixation cross on screen
57.8464 	EXP 	Encoding word pair: text = 'puzzle - dice'
62.8841 	EXP 	fixation cross on screen
63.9183 	EXP 	Encoding word pair: text = 'hammer - carrots'
68.9562 	EXP 	fixation cross on screen
69.9913 	EXP 	Encoding word pair: text = 'lawn - shower'
75.0280 	EXP 	fixation cross on screen
76.0622 	EXP 	Encoding word pair: text = 'doll - teapot'
81.0998 	EXP 	fixation cross on screen
82.1341 	EXP 	Encoding word pair: text = 'wool - blackboard'
87.1718 	EXP 	fixation cross on screen
88.2060 	EXP 	Encoding word pair: text = 'nut - statue'
93.2437 	EXP 	fixation cross on screen
94.2788 	EXP 	Encoding word pair: text = 'bean - velvet'
99.3156 	EXP 	fixation cross on screen
100.3500 	EXP 	Encoding word pair: text = 'monkey - rhythm'
105.3874 	EXP 	fixation cross on screen
106.4216 	EXP 	Encoding word pair: text = 'milk - inch'
111.4593 	EXP 	fixation cross on screen
112.4936 	EXP 	Encoding word pair: text = 'wax - steak'
117.5313 	EXP 	fixation cross on screen
118.5654 	EXP 	Encoding word pair: text = 'lemon - lice'
123.6033 	EXP 	fixation cross on screen
124.6374 	EXP 	Encoding word pair: text = 'grass - stethoscope'
129.6750 	EXP 	fixation cross on screen
130.7093 	EXP 	Encoding word pair: text = 'blouse - problem'
135.7469 	EXP 	fixation cross on screen
136.7811 	EXP 	Encoding word pair: text = 'castle - valve'
141.8188 	EXP 	fixation cross on screen
142.8530 	EXP 	Encoding word pair: text = 'mouth - waves'
147.8907 	EXP 	fixation cross on screen
148.9416 	EXP 	Encoding word pair: text = 'song - camel'
153.9793 	EXP 	fixation cross on screen
155.0135 	EXP 	Encoding word pair: text = 'shampoo - pleat'
160.0512 	EXP 	fixation cross on screen
161.0854 	EXP 	Encoding word pair: text = 'wallet - wicker'
166.1230 	EXP 	fixation cross on screen
167.1573 	EXP 	Encoding word pair: text = 'ship - thorn'
172.1951 	EXP 	fixation cross on screen
173.2292 	EXP 	Encoding word pair: text = 'sting - olive'
178.2668 	EXP 	fixation cross on screen
179.3010 	EXP 	Encoding word pair: text = 'ice - loaf'
184.3387 	EXP 	fixation cross on screen
185.3729 	EXP 	Encoding word pair: text = 'knife - crayon'
190.4106 	EXP 	fixation cross on screen
191.4448 	EXP 	Encoding word pair: text = 'honey - shield'
196.4824 	EXP 	fixation cross on screen
197.5166 	EXP 	Encoding word pair: text = 'heaven - mosquito'
202.5543 	EXP 	fixation cross on screen
203.5886 	EXP 	Encoding word pair: text = 'nail - axe'
208.6264 	EXP 	fixation cross on screen
209.6616 	EXP 	Encoding word pair: text = 'date - celery'
214.6981 	EXP 	fixation cross on screen
215.7323 	EXP 	Encoding word pair: text = 'hound - cloak'
220.7701 	EXP 	fixation cross on screen
221.8210 	EXP 	Encoding word pair: text = 'travel - butcher'
226.8587 	EXP 	fixation cross on screen
227.8927 	EXP 	Encoding word pair: text = 'cheddar - flame'
232.9305 	EXP 	fixation cross on screen
233.9647 	EXP 	Encoding word pair: text = 'string - moat'
239.0024 	EXP 	fixation cross on screen
240.0366 	EXP 	Encoding word pair: text = 'rain - mayonnaise'
245.0743 	EXP 	fixation cross on screen
246.1252 	EXP 	Encoding word pair: text = 'rope - sky'
251.1629 	EXP 	fixation cross on screen
252.1971 	EXP 	Encoding word pair: text = 'insect - typewriter'
257.2347 	EXP 	fixation cross on screen
258.2690 	EXP 	Encoding word pair: text = 'lettuce - landscape'
263.3067 	EXP 	fixation cross on screen
264.3409 	EXP 	Encoding word pair: text = 'apple - flute'
269.3785 	EXP 	fixation cross on screen
270.4128 	EXP 	Encoding word pair: text = 'shoe - vessel'
275.4504 	EXP 	fixation cross on screen
276.4847 	EXP 	Encoding word pair: text = 'smoke - violin'
281.5223 	EXP 	fixation cross on screen
282.5565 	EXP 	Encoding word pair: text = 'stone - paw'
287.5942 	EXP 	fixation cross on screen
288.6284 	EXP 	Encoding word pair: text = 'rock - hair'
293.6660 	EXP 	fixation cross on screen
294.7004 	EXP 	Encoding word pair: text = 'day - horizon'
299.7381 	EXP 	fixation cross on screen
300.7723 	EXP 	Encoding word pair: text = 'paper - whale'
305.8098 	EXP 	fixation cross on screen
306.8441 	EXP 	Encoding word pair: text = 'dress - branch'
311.8818 	EXP 	fixation cross on screen
312.9170 	EXP 	Encoding word pair: text = 'sleep - wagon'
317.9536 	EXP 	fixation cross on screen
318.9878 	EXP 	Encoding word pair: text = 'planet - needle'
324.0258 	EXP 	fixation cross on screen
325.0606 	EXP 	Encoding word pair: text = 'mountain - oregano'
330.0973 	EXP 	fixation cross on screen
331.1316 	EXP 	Encoding word pair: text = 'stereo - steel'
336.1693 	EXP 	fixation cross on screen
337.2036 	EXP 	Encoding word pair: text = 'god - shears'
342.2412 	EXP 	fixation cross on screen
343.2754 	EXP 	Encoding word pair: text = 'salad - mission'
348.3131 	EXP 	fixation cross on screen
349.3476 	EXP 	Encoding word pair: text = 'saw - skunk'
354.3849 	EXP 	fixation cross on screen
355.4192 	EXP 	Encoding word pair: text = 'fork - cob'
360.4568 	EXP 	fixation cross on screen
361.4910 	EXP 	Encoding word pair: text = 'carpet - prison'
366.5288 	EXP 	fixation cross on screen
367.5796 	EXP 	Encoding word pair: text = 'bee - curtain'
372.6172 	EXP 	fixation cross on screen
373.6514 	EXP 	Encoding word pair: text = 'bomb - bucket'
378.6891 	EXP 	fixation cross on screen
379.7234 	EXP 	Encoding word pair: text = 'soap - fuel'
384.7610 	EXP 	fixation cross on screen
385.7952 	EXP 	Encoding word pair: text = 'past - proof'
390.8329 	EXP 	fixation cross on screen
391.8839 	EXP 	Encoding word pair: text = 'leaves - gift'
396.9214 	EXP 	fixation cross on screen
397.9724 	EXP 	Encoding word pair: text = 'painter - kettle'
403.0101 	EXP 	fixation cross on screen
404.0443 	EXP 	Encoding word pair: text = 'lock - king'
409.0820 	EXP 	fixation cross on screen
410.1161 	EXP 	Encoding word pair: text = 'car - potato'
415.1537 	EXP 	fixation cross on screen
416.1880 	EXP 	Encoding word pair: text = 'table - candle'
421.2258 	EXP 	fixation cross on screen
422.2600 	EXP 	Encoding word pair: text = 'armour - umbrella'
427.2977 	EXP 	fixation cross on screen
428.3319 	EXP 	Encoding word pair: text = 'ladder - grill'
433.3695 	EXP 	fixation cross on screen
434.4037 	EXP 	Encoding word pair: text = 'ball - vanilla'
439.4414 	EXP 	fixation cross on screen
440.4925 	EXP 	Encoding word pair: text = 'light - blender'
445.5299 	EXP 	fixation cross on screen
446.5642 	EXP 	Encoding word pair: text = 'chair - tweezers'
451.6018 	EXP 	fixation cross on screen
452.6360 	EXP 	Encoding word pair: text = 'wine - highway'
457.6739 	EXP 	fixation cross on screen
458.7080 	EXP 	Encoding word pair: text = 'sugar - crown'
463.7456 	EXP 	fixation cross on screen
464.7799 	EXP 	Encoding word pair: text = 'night - granite'
469.8174 	EXP 	fixation cross on screen
470.8516 	EXP 	Encoding word pair: text = 'circus - cravat'
475.8893 	EXP 	fixation cross on screen
476.9236 	EXP 	Encoding word pair: text = 'pill - cake'
481.9612 	EXP 	fixation cross on screen
482.9954 	EXP 	Encoding word pair: text = 'plan - hole'
488.0331 	EXP 	fixation cross on screen
489.0674 	EXP 	Encoding word pair: text = 'shrimp - candy'
494.1064 	EXP 	fixation cross on screen
495.1392 	EXP 	Encoding word pair: text = 'horse - gear'
500.4104 	EXP 	instruction: text = 'The first part of the experiment is over.\n\nDuring this second part, your memory for the word pairs will now be tested.\n\nYou will be presented with one word from each pair on the left side of the screen.\nTry to use this word as a cue to recall the other word from the pair and type it into the space provided. Press return when you have typed in your answer.\n\nPlease be as accurate as you can as the words MUST be spelled correctly. If you make a mistake, you can use the backspace button to correct it before hitting return.\nYou will have 10 seconds to make each response. You will be informed of the correct word if you are incorrect.\n\nDepending on your performance, you may need to do this test again, so it is important to try to relearn anything you get wrong. \n\nPress RETURN to start the task.\n\n'
500.4436 	EXP 	instruction: text = 'Ready...'
502.1785 	EXP 	fixation: pos = (-300, 250)
502.1785 	EXP 	fixation cross on screen
503.7133 	EXP 	target on screen: text = 'wax - '
503.9536 	DATA 	Mouse: Left button down, pos=(735,683)
504.0476 	DATA 	Mouse:  Left button up, pos=(736,683)
508.4964 	DATA 	Keypress: k
508.4965 	DATA 	Keypress: j
508.5341 	EXP 	target on screen: text = 'wax - k'
508.5417 	DATA 	Keypress: u
508.5675 	EXP 	target on screen: text = 'wax - kj'
508.5753 	DATA 	Keypress: g
508.6008 	EXP 	target on screen: text = 'wax - kju'
508.6342 	EXP 	target on screen: text = 'wax - kjug'
508.6345 	DATA 	Keypress: j
508.6675 	EXP 	target on screen: text = 'wax - kjugj'
508.6678 	DATA 	Keypress: j
508.7033 	EXP 	target on screen: text = 'wax - kjugjj'
508.7277 	DATA 	Keypress: h
508.7677 	EXP 	target on screen: text = 'wax - kjugjjh'
509.0160 	DATA 	Keypress: k
509.0514 	EXP 	target on screen: text = 'wax - kjugjjhk'
509.0518 	DATA 	Keypress: g
509.0845 	EXP 	target on screen: text = 'wax - kjugjjhkg'
509.1439 	DATA 	Keypress: k
509.1846 	EXP 	target on screen: text = 'wax - kjugjjhkgk'
509.1850 	DATA 	Keypress: j
509.2180 	EXP 	target on screen: text = 'wax - kjugjjhkgkj'
509.3039 	DATA 	Keypress: g
509.3348 	EXP 	target on screen: text = 'wax - kjugjjhkgkjg'
509.4051 	DATA 	Keypress: k
509.4052 	DATA 	Keypress: j
509.4515 	EXP 	target on screen: text = 'wax - kjugjjhkgkjgk'
509.4850 	EXP 	target on screen: text = 'wax - kjugjjhkgkjgkj'
509.5198 	DATA 	Keypress: g
509.5517 	EXP 	target on screen: text = 'wax - kjugjjhkgkjgkjg'
509.7039 	DATA 	Keypress: h
509.7527 	EXP 	target on screen: text = 'wax - kjugjjhkgkjgkjgh'
509.8159 	DATA 	Keypress: h
509.8160 	DATA 	Keypress: j
509.8519 	EXP 	target on screen: text = 'wax - kjugjjhkgkjgkjghh'
509.8853 	EXP 	target on screen: text = 'wax - kjugjjhkgkjgkjghhj'
510.0160 	DATA 	Keypress: space
510.0524 	EXP 	target on screen: text = 'wax - kjugjjhkgkjgkjghhjspace'
510.6318 	DATA 	Keypress: return
510.6693 	EXP 	target on screen: text = 'kjugjjhkgkjgkjghhjspace'
510.7194 	EXP 	feedback on screen: text = 'Wrong!'
510.7194 	EXP 	show correct ans: text = 'steak'
513.5222 	DATA 	Keypress: return
513.5223 	DATA 	Keypress: lctrl
513.5224 	DATA 	Keypress: c
513.5225 	DATA 	Keypress: escape
513.7553 	EXP 	fixation cross on screen
515.0571 	DATA 	Keypress: q
515.0572 	DATA 	Keypress: q
515.0573 	DATA 	Keypress: q
515.0574 	DATA 	Keypress: escape
515.2000 	DATA 	Keypress: q
515.2932 	EXP 	target on screen: text = 'leaves - '
515.2936 	DATA 	Keypress: escape
