7.7787 	WARNING 	User requested fullscreen with size [1024  768], but screen is actually [1366, 768]. Using actual size
8.4229 	EXP 	Created window1 = Window(allowGUI=False, allowStencil=False, autoLog=True, bitsMode=UNKNOWN, blendMode='avg', color=array([ 0.7,  0.7,  0.7]), colorSpace='rgb', fullscr=UNKNOWN, gamma=None, lms=UNKNOWN, monitor=<psychopy.monitors.calibTools.Monitor object at 0xa778652c>, name='window1', pos=[0, 0], screen=0, size=array([1366,  768]), stereo=False, units='pix', useFBO=False, useRetina=False, viewOri=0.0, viewPos=None, viewScale=None, waitBlanking=True, winType='pyglet')
8.5507 	EXP 	Created message = TextStim(alignHoriz='center', alignVert='center', antialias=True, autoLog=True, bold=False, color='black', colorSpace='named', contrast=1.0, depth=0, flipHoriz=False, flipVert=False, font=list(...), fontFiles=[], height=62, italic=False, name='message', opacity=1.0, ori=0.0, pos=array([ 0.,  0.]), rgb=array([ 0.,  0.,  0.]), text=u'default text', units='pix', win=Window(...), wrapWidth=900)
8.5688 	EXP 	Created Question = TextStim(alignHoriz='center', alignVert='center', antialias=True, autoLog=True, bold=False, color='black', colorSpace='named', contrast=1.0, depth=0, flipHoriz=False, flipVert=False, font=list(...), fontFiles=[], height=60, italic=False, name='Question', opacity=1.0, ori=0.0, pos=array([   0.,  250.]), rgb=array([ 0.,  0.,  0.]), text=unicode(...), units='pix', win=Window(...), wrapWidth=1300)
8.5811 	EXP 	Created Descriptions = TextStim(alignHoriz='center', alignVert='center', antialias=True, autoLog=True, bold=False, color='black', colorSpace='named', contrast=1.0, depth=0, flipHoriz=False, flipVert=False, font=list(...), fontFiles=[], height=50, italic=False, name='Descriptions', opacity=1.0, ori=0.0, pos=array([  0., -60.]), rgb=array([ 0.,  0.,  0.]), text=unicode(...), units='pix', win=Window(...), wrapWidth=1300)
8.5931 	EXP 	Created RatingScale = TextStim(alignHoriz='center', alignVert='center', antialias=True, autoLog=True, bold=False, color='black', colorSpace='named', contrast=1.0, depth=0, flipHoriz=False, flipVert=False, font=list(...), fontFiles=[], height=45, italic=False, name='RatingScale', opacity=1.0, ori=0.0, pos=array([   0., -120.]), rgb=array([ 0.,  0.,  0.]), text=unicode(...), units='pix', win=Window(...), wrapWidth=1300)
8.6032 	EXP 	Created instruction = TextStim(alignHoriz='center', alignVert='center', antialias=True, autoLog=True, bold=False, color='black', colorSpace='named', contrast=1.0, depth=0, flipHoriz=False, flipVert=False, font=list(...), fontFiles=[], height=30, italic=False, name='instruction', opacity=1.0, ori=0.0, pos=array([-50.,   0.]), rgb=array([ 0.,  0.,  0.]), text=u'default text', units='pix', win=Window(...), wrapWidth=900)
8.6083 	EXP 	Created fixation = TextStim(alignHoriz='center', alignVert='center', antialias=True, autoLog=True, bold=False, color='black', colorSpace='named', contrast=1.0, depth=0, flipHoriz=False, flipVert=False, font='', fontFiles=[], height=50, italic=False, name='fixation', opacity=1.0, ori=0.0, pos=array([ 0.,  0.]), rgb=array([ 0.,  0.,  0.]), text=u'+', units='pix', win=Window(...), wrapWidth=500)
8.6109 	EXP 	Created encodeleft = TextStim(alignHoriz='right', alignVert='center', antialias=True, autoLog=True, bold=False, color='black', colorSpace='named', contrast=1.0, depth=0, flipHoriz=False, flipVert=False, font='', fontFiles=[], height=50, italic=False, name='encodeleft', opacity=1.0, ori=0.0, pos=array([-25.,   0.]), rgb=array([ 0.,  0.,  0.]), text=u'+', units='pix', win=Window(...), wrapWidth=1000)
8.6138 	EXP 	Created encoderight = TextStim(alignHoriz='left', alignVert='center', antialias=True, autoLog=True, bold=False, color='black', colorSpace='named', contrast=1.0, depth=0, flipHoriz=False, flipVert=False, font='', fontFiles=[], height=50, italic=False, name='encoderight', opacity=1.0, ori=0.0, pos=array([ 25.,   0.]), rgb=array([ 0.,  0.,  0.]), text=u'+', units='pix', win=Window(...), wrapWidth=1000)
8.6168 	EXP 	Created encodedash = TextStim(alignHoriz='center', alignVert='center', antialias=True, autoLog=True, bold=False, color='black', colorSpace='named', contrast=1.0, depth=0, flipHoriz=False, flipVert=False, font='', fontFiles=[], height=50, italic=False, name='encodedash', opacity=1.0, ori=0.0, pos=array([ 0.,  0.]), rgb=array([ 0.,  0.,  0.]), text=u'-', units='pix', win=Window(...), wrapWidth=1000)
8.6203 	EXP 	Created target on screen = TextStim(alignHoriz='left', alignVert='center', antialias=True, autoLog=True, bold=False, color='black', colorSpace='named', contrast=1.0, depth=0, flipHoriz=False, flipVert=False, font=list(...), fontFiles=[], height=50, italic=False, name='target on screen', opacity=1.0, ori=0.0, pos=array([-300.,  250.]), rgb=array([ 0.,  0.,  0.]), text=u'test', units='pix', win=Window(...), wrapWidth=1000)
8.6255 	EXP 	Created feedback on screen = TextStim(alignHoriz='center', alignVert='center', antialias=True, autoLog=True, bold=False, color='red', colorSpace='named', contrast=1.0, depth=0, flipHoriz=False, flipVert=False, font=list(...), fontFiles=[], height=50, italic=False, name='feedback on screen', opacity=1.0, ori=0.0, pos=array([-300.,  250.]), rgb=array([ 255.,    0.,    0.]), text=u'feedback', units='pix', win=Window(...), wrapWidth=500)
8.6364 	EXP 	Created feedback: correct ans = TextStim(alignHoriz='center', alignVert='center', antialias=True, autoLog=True, bold=False, color='black', colorSpace='named', contrast=1.0, depth=0, flipHoriz=False, flipVert=False, font=list(...), fontFiles=[], height=42, italic=False, name='feedback: correct ans', opacity=1.0, ori=0.0, pos=array([   0.,  100.]), rgb=array([ 0.,  0.,  0.]), text=u'The correct answer is', units='pix', win=Window(...), wrapWidth=1100)
8.6402 	EXP 	Created show correct ans = TextStim(alignHoriz='center', alignVert='center', antialias=True, autoLog=True, bold=False, color='blue', colorSpace='named', contrast=1.0, depth=0, flipHoriz=False, flipVert=False, font=list(...), fontFiles=[], height=50, italic=False, name='show correct ans', opacity=1.0, ori=0.0, pos=array([ 0.,  0.]), rgb=array([   0.,    0.,  255.]), text=u'feedback', units='pix', win=Window(...), wrapWidth=500)
8.6432 	EXP 	Created target on screen = TextStim(alignHoriz='left', alignVert='center', antialias=True, autoLog=True, bold=False, color='black', colorSpace='named', contrast=1.0, depth=0, flipHoriz=False, flipVert=False, font=list(...), fontFiles=[], height=50, italic=False, name='target on screen', opacity=1.0, ori=0.0, pos=array([-300.,  250.]), rgb=array([ 0.,  0.,  0.]), text=u'test', units='pix', win=Window(...), wrapWidth=1000)
8.6470 	EXP 	Created feedback on screen = TextStim(alignHoriz='center', alignVert='center', antialias=True, autoLog=True, bold=False, color='red', colorSpace='named', contrast=1.0, depth=0, flipHoriz=False, flipVert=False, font=list(...), fontFiles=[], height=50, italic=False, name='feedback on screen', opacity=1.0, ori=0.0, pos=array([-300.,  250.]), rgb=array([ 255.,    0.,    0.]), text=u'feedback', units='pix', win=Window(...), wrapWidth=500)
8.6537 	EXP 	Created feedback: correct ans = TextStim(alignHoriz='center', alignVert='center', antialias=True, autoLog=True, bold=False, color='black', colorSpace='named', contrast=1.0, depth=0, flipHoriz=False, flipVert=False, font=list(...), fontFiles=[], height=50, italic=False, name='feedback: correct ans', opacity=1.0, ori=0.0, pos=array([   0.,  100.]), rgb=array([ 0.,  0.,  0.]), text=u'The correct answer is', units='pix', win=Window(...), wrapWidth=1100)
8.6575 	EXP 	Created show correct ans = TextStim(alignHoriz='center', alignVert='center', antialias=True, autoLog=True, bold=False, color='blue', colorSpace='named', contrast=1.0, depth=0, flipHoriz=False, flipVert=False, font=list(...), fontFiles=[], height=50, italic=False, name='show correct ans', opacity=1.0, ori=0.0, pos=array([ 0.,  0.]), rgb=array([   0.,    0.,  255.]), text=u'feedback', units='pix', win=Window(...), wrapWidth=500)
8.7203 	EXP 	instruction: text = "Welcome to this experiment!\n\nIn this task you will be presented with a number of word pairs.\n\nPlease try to learn these word pairs to the best of your ability as you will be tested on them at a later stage.\n\nTo help you remember the pairs, please try to think of associations between the words themselves. For instance, if the word pair was 'tiger-shoe' you might try to picture in your mind a tiger wearing a shoe.\n\nPress any button to start the task.\n\n"
17.8250 	DATA 	Keypress: 1
17.8309 	EXP 	instruction: text = 'Ready...'
19.2433 	EXP 	Created topMsg = TextStim(alignHoriz='center', alignVert='center', antialias=True, autoLog=True, bold=False, color='#000000', colorSpace='hex', contrast=1.0, depth=0, flipHoriz=False, flipVert=False, font='', fontFiles=[], height=20, italic=False, name='topMsg', opacity=1.0, ori=0.0, pos=array([   0.,  100.]), rgb=array([0, 0, 0]), text=u'Waiting for scanner to start...', units='pix', win=Window(...), wrapWidth=500)
19.2454 	EXP 	Display WaitingForScanner
20.7390 	DATA 	Keypress: 5
20.7418 	EXP 	fixation cross on screen
21.7533 	EXP 	encodeleft: text = 'ladder'
21.7533 	EXP 	encoderight: text = 'grill'
26.7603 	EXP 	fixation cross on screen
27.7720 	EXP 	encodeleft: text = 'bomb'
27.7720 	EXP 	encoderight: text = 'bucket'
32.7789 	EXP 	fixation cross on screen
33.7897 	EXP 	encodeleft: text = 'stone'
33.7897 	EXP 	encoderight: text = 'paw'
38.7968 	EXP 	fixation cross on screen
39.8070 	EXP 	encodeleft: text = 'song'
39.8070 	EXP 	encoderight: text = 'camel'
44.8139 	EXP 	fixation cross on screen
45.8243 	EXP 	encodeleft: text = 'sleep'
45.8243 	EXP 	encoderight: text = 'wagon'
50.8314 	EXP 	fixation cross on screen
51.8415 	EXP 	encodeleft: text = 'plate'
51.8415 	EXP 	encoderight: text = 'lip'
56.8485 	EXP 	fixation cross on screen
57.8591 	EXP 	encodeleft: text = 'hound'
57.8591 	EXP 	encoderight: text = 'cloak'
62.8661 	EXP 	fixation cross on screen
63.8761 	EXP 	encodeleft: text = 'wine'
63.8761 	EXP 	encoderight: text = 'highway'
68.8831 	EXP 	fixation cross on screen
69.8941 	EXP 	encodeleft: text = 'rain'
69.8941 	EXP 	encoderight: text = 'mayonnaise'
74.9011 	EXP 	fixation cross on screen
75.9113 	EXP 	encodeleft: text = 'ship'
75.9113 	EXP 	encoderight: text = 'thorn'
80.9184 	EXP 	fixation cross on screen
81.9293 	EXP 	encodeleft: text = 'painter'
81.9293 	EXP 	encoderight: text = 'kettle'
86.9364 	EXP 	fixation cross on screen
87.9463 	EXP 	encodeleft: text = 'nut'
87.9463 	EXP 	encoderight: text = 'statue'
92.9533 	EXP 	fixation cross on screen
93.9628 	EXP 	encodeleft: text = 'milk'
93.9628 	EXP 	encoderight: text = 'inch'
98.9698 	EXP 	fixation cross on screen
99.9820 	EXP 	encodeleft: text = 'table'
99.9820 	EXP 	encoderight: text = 'candle'
104.9890 	EXP 	fixation cross on screen
105.9984 	EXP 	encodeleft: text = 'plan'
105.9984 	EXP 	encoderight: text = 'hole'
111.0053 	EXP 	fixation cross on screen
112.0146 	EXP 	encodeleft: text = 'rope'
112.0146 	EXP 	encoderight: text = 'sky'
117.0216 	EXP 	fixation cross on screen
118.0316 	EXP 	encodeleft: text = 'sting'
118.0316 	EXP 	encoderight: text = 'olive'
123.0386 	EXP 	fixation cross on screen
124.0492 	EXP 	encodeleft: text = 'wool'
124.0492 	EXP 	encoderight: text = 'blackboard'
129.0563 	EXP 	fixation cross on screen
130.0664 	EXP 	encodeleft: text = 'pond'
130.0664 	EXP 	encoderight: text = 'update'
135.0733 	EXP 	fixation cross on screen
136.0837 	EXP 	encodeleft: text = 'salad'
136.0837 	EXP 	encoderight: text = 'mission'
141.0907 	EXP 	fixation cross on screen
142.1009 	EXP 	encodeleft: text = 'paper'
142.1009 	EXP 	encoderight: text = 'whale'
147.1079 	EXP 	fixation cross on screen
148.1180 	EXP 	encodeleft: text = 'bean'
148.1180 	EXP 	encoderight: text = 'velvet'
153.1251 	EXP 	fixation cross on screen
154.1356 	EXP 	encodeleft: text = 'day'
154.1356 	EXP 	encoderight: text = 'horizon'
159.1427 	EXP 	fixation cross on screen
160.1533 	EXP 	encodeleft: text = 'knife'
160.1533 	EXP 	encoderight: text = 'crayon'
165.1604 	EXP 	fixation cross on screen
166.1697 	EXP 	encodeleft: text = 'nail'
166.1697 	EXP 	encoderight: text = 'axe'
170.9754 	DATA 	Keypress: escape
170.9758 	DATA 	Keypress: escape
170.9761 	DATA 	Keypress: q
171.1766 	EXP 	fixation cross on screen
