4.6466 	EXP 	Created window1 = Window(allowGUI=False, allowStencil=False, autoLog=True, bitsMode=UNKNOWN, blendMode='avg', color=array([ 0.7,  0.7,  0.7]), colorSpace='rgb', fullscr=UNKNOWN, gamma=None, lms=UNKNOWN, monitor=<psychopy.monitors.calibTools.Monitor object at 0x14290FF0>, name='window1', pos=[0, 0], screen=0, size=array([1024,  768]), stereo=False, units='pix', useFBO=False, useRetina=False, viewOri=0.0, viewPos=None, viewScale=None, waitBlanking=True, winType='pyglet')
4.8322 	EXP 	Created message = TextStim(alignHoriz='center', alignVert='center', antialias=True, autoLog=True, bold=False, color='black', colorSpace='named', contrast=1.0, depth=0, flipHoriz=False, flipVert=False, font=list(...), fontFiles=[], height=62, italic=False, name='message', opacity=1.0, ori=0.0, pos=array([ 0.,  0.]), rgb=array([ 0.,  0.,  0.]), text=u'default text', units='pix', win=Window(...), wrapWidth=900)
4.8724 	EXP 	Created Question = TextStim(alignHoriz='center', alignVert='center', antialias=True, autoLog=True, bold=False, color='black', colorSpace='named', contrast=1.0, depth=0, flipHoriz=False, flipVert=False, font=list(...), fontFiles=[], height=60, italic=False, name='Question', opacity=1.0, ori=0.0, pos=array([   0.,  250.]), rgb=array([ 0.,  0.,  0.]), text=unicode(...), units='pix', win=Window(...), wrapWidth=1300)
4.8964 	EXP 	Created Descriptions = TextStim(alignHoriz='center', alignVert='center', antialias=True, autoLog=True, bold=False, color='black', colorSpace='named', contrast=1.0, depth=0, flipHoriz=False, flipVert=False, font=list(...), fontFiles=[], height=50, italic=False, name='Descriptions', opacity=1.0, ori=0.0, pos=array([  0., -60.]), rgb=array([ 0.,  0.,  0.]), text=unicode(...), units='pix', win=Window(...), wrapWidth=1300)
4.9188 	EXP 	Created RatingScale = TextStim(alignHoriz='center', alignVert='center', antialias=True, autoLog=True, bold=False, color='black', colorSpace='named', contrast=1.0, depth=0, flipHoriz=False, flipVert=False, font=list(...), fontFiles=[], height=45, italic=False, name='RatingScale', opacity=1.0, ori=0.0, pos=array([   0., -120.]), rgb=array([ 0.,  0.,  0.]), text=unicode(...), units='pix', win=Window(...), wrapWidth=1300)
4.9363 	EXP 	Created instruction = TextStim(alignHoriz='center', alignVert='center', antialias=True, autoLog=True, bold=False, color='black', colorSpace='named', contrast=1.0, depth=0, flipHoriz=False, flipVert=False, font=list(...), fontFiles=[], height=30, italic=False, name='instruction', opacity=1.0, ori=0.0, pos=array([-50.,   0.]), rgb=array([ 0.,  0.,  0.]), text=u'default text', units='pix', win=Window(...), wrapWidth=900)
4.9428 	EXP 	Created fixation = TextStim(alignHoriz='center', alignVert='center', antialias=True, autoLog=True, bold=False, color='black', colorSpace='named', contrast=1.0, depth=0, flipHoriz=False, flipVert=False, font='', fontFiles=[], height=50, italic=False, name='fixation', opacity=1.0, ori=0.0, pos=array([ 0.,  0.]), rgb=array([ 0.,  0.,  0.]), text=u'+', units='pix', win=Window(...), wrapWidth=500)
4.9554 	EXP 	Created encodeleft = TextStim(alignHoriz='right', alignVert='center', antialias=True, autoLog=True, bold=False, color='black', colorSpace='named', contrast=1.0, depth=0, flipHoriz=False, flipVert=False, font='', fontFiles=[], height=50, italic=False, name='encodeleft', opacity=1.0, ori=0.0, pos=array([-25.,   0.]), rgb=array([ 0.,  0.,  0.]), text=u'+', units='pix', win=Window(...), wrapWidth=1000)
4.9592 	EXP 	Created encoderight = TextStim(alignHoriz='left', alignVert='center', antialias=True, autoLog=True, bold=False, color='black', colorSpace='named', contrast=1.0, depth=0, flipHoriz=False, flipVert=False, font='', fontFiles=[], height=50, italic=False, name='encoderight', opacity=1.0, ori=0.0, pos=array([ 25.,   0.]), rgb=array([ 0.,  0.,  0.]), text=u'+', units='pix', win=Window(...), wrapWidth=1000)
4.9657 	EXP 	Created encodedash = TextStim(alignHoriz='center', alignVert='center', antialias=True, autoLog=True, bold=False, color='black', colorSpace='named', contrast=1.0, depth=0, flipHoriz=False, flipVert=False, font='', fontFiles=[], height=50, italic=False, name='encodedash', opacity=1.0, ori=0.0, pos=array([ 0.,  0.]), rgb=array([ 0.,  0.,  0.]), text=u'-', units='pix', win=Window(...), wrapWidth=1000)
4.9733 	EXP 	Created target on screen = TextStim(alignHoriz='left', alignVert='center', antialias=True, autoLog=True, bold=False, color='black', colorSpace='named', contrast=1.0, depth=0, flipHoriz=False, flipVert=False, font=list(...), fontFiles=[], height=50, italic=False, name='target on screen', opacity=1.0, ori=0.0, pos=array([-300.,  250.]), rgb=array([ 0.,  0.,  0.]), text=u'test', units='pix', win=Window(...), wrapWidth=1000)
4.9834 	EXP 	Created feedback on screen = TextStim(alignHoriz='center', alignVert='center', antialias=True, autoLog=True, bold=False, color='red', colorSpace='named', contrast=1.0, depth=0, flipHoriz=False, flipVert=False, font=list(...), fontFiles=[], height=50, italic=False, name='feedback on screen', opacity=1.0, ori=0.0, pos=array([-300.,  250.]), rgb=array([ 255.,    0.,    0.]), text=u'feedback', units='pix', win=Window(...), wrapWidth=500)
5.0039 	EXP 	Created feedback: correct ans = TextStim(alignHoriz='center', alignVert='center', antialias=True, autoLog=True, bold=False, color='black', colorSpace='named', contrast=1.0, depth=0, flipHoriz=False, flipVert=False, font=list(...), fontFiles=[], height=42, italic=False, name='feedback: correct ans', opacity=1.0, ori=0.0, pos=array([   0.,  100.]), rgb=array([ 0.,  0.,  0.]), text=u'The correct answer is', units='pix', win=Window(...), wrapWidth=1100)
5.0087 	EXP 	Created show correct ans = TextStim(alignHoriz='center', alignVert='center', antialias=True, autoLog=True, bold=False, color='blue', colorSpace='named', contrast=1.0, depth=0, flipHoriz=False, flipVert=False, font=list(...), fontFiles=[], height=50, italic=False, name='show correct ans', opacity=1.0, ori=0.0, pos=array([ 0.,  0.]), rgb=array([   0.,    0.,  255.]), text=u'feedback', units='pix', win=Window(...), wrapWidth=500)
5.0128 	EXP 	Created target on screen = TextStim(alignHoriz='left', alignVert='center', antialias=True, autoLog=True, bold=False, color='black', colorSpace='named', contrast=1.0, depth=0, flipHoriz=False, flipVert=False, font=list(...), fontFiles=[], height=50, italic=False, name='target on screen', opacity=1.0, ori=0.0, pos=array([-300.,  250.]), rgb=array([ 0.,  0.,  0.]), text=u'test', units='pix', win=Window(...), wrapWidth=1000)
5.0177 	EXP 	Created feedback on screen = TextStim(alignHoriz='center', alignVert='center', antialias=True, autoLog=True, bold=False, color='red', colorSpace='named', contrast=1.0, depth=0, flipHoriz=False, flipVert=False, font=list(...), fontFiles=[], height=50, italic=False, name='feedback on screen', opacity=1.0, ori=0.0, pos=array([-300.,  250.]), rgb=array([ 255.,    0.,    0.]), text=u'feedback', units='pix', win=Window(...), wrapWidth=500)
5.0291 	EXP 	Created feedback: correct ans = TextStim(alignHoriz='center', alignVert='center', antialias=True, autoLog=True, bold=False, color='black', colorSpace='named', contrast=1.0, depth=0, flipHoriz=False, flipVert=False, font=list(...), fontFiles=[], height=50, italic=False, name='feedback: correct ans', opacity=1.0, ori=0.0, pos=array([   0.,  100.]), rgb=array([ 0.,  0.,  0.]), text=u'The correct answer is', units='pix', win=Window(...), wrapWidth=1100)
5.0341 	EXP 	Created show correct ans = TextStim(alignHoriz='center', alignVert='center', antialias=True, autoLog=True, bold=False, color='blue', colorSpace='named', contrast=1.0, depth=0, flipHoriz=False, flipVert=False, font=list(...), fontFiles=[], height=50, italic=False, name='show correct ans', opacity=1.0, ori=0.0, pos=array([ 0.,  0.]), rgb=array([   0.,    0.,  255.]), text=u'feedback', units='pix', win=Window(...), wrapWidth=500)
5.1541 	EXP 	instruction: text = "Welcome to this experiment!\n\nIn this task you will be presented with a number of word pairs.\n\nPlease try to learn these word pairs to the best of your ability as you will be tested on them at a later stage.\n\nTo help you remember the pairs, please try to think of associations between the words themselves. For instance, if the word pair was 'tiger-shoe' you might try to picture in your mind a tiger wearing a shoe.\n\nPress any button to start the task.\n\n"
6.1097 	DATA 	Keypress: space
6.6129 	DATA 	Keypress: 1
6.6346 	EXP 	instruction: text = 'Ready...'
8.0445 	EXP 	Created topMsg = TextStim(alignHoriz='center', alignVert='center', antialias=True, autoLog=True, bold=False, color='#000000', colorSpace='hex', contrast=1.0, depth=0, flipHoriz=False, flipVert=False, font='', fontFiles=[], height=20, italic=False, name='topMsg', opacity=1.0, ori=0.0, pos=array([   0.,  100.]), rgb=array([0, 0, 0]), text=u'Waiting for scanner to start...', units='pix', win=Window(...), wrapWidth=500)
8.0512 	EXP 	Display WaitingForScanner
8.9758 	DATA 	Keypress: 5
8.9906 	EXP 	fixation cross on screen
10.0242 	EXP 	encodeleft: text = 'shoe'
10.0242 	EXP 	encoderight: text = 'vessel'
15.0410 	EXP 	fixation cross on screen
16.0741 	EXP 	encodeleft: text = 'grass'
16.0741 	EXP 	encoderight: text = 'stethoscope'
21.0741 	EXP 	fixation cross on screen
22.0906 	EXP 	encodeleft: text = 'lemon'
22.0906 	EXP 	encoderight: text = 'lice'
27.0907 	EXP 	fixation cross on screen
28.1152 	EXP 	encodeleft: text = 'shrimp'
28.1152 	EXP 	encoderight: text = 'candy'
33.1318 	EXP 	fixation cross on screen
34.1651 	EXP 	encodeleft: text = 'mouth'
34.1651 	EXP 	encoderight: text = 'waves'
39.1828 	EXP 	fixation cross on screen
40.2161 	EXP 	encodeleft: text = 'hammer'
40.2161 	EXP 	encoderight: text = 'carrots'
45.2327 	EXP 	fixation cross on screen
46.2661 	EXP 	encodeleft: text = 'heaven'
46.2661 	EXP 	encoderight: text = 'mosquito'
51.2658 	EXP 	fixation cross on screen
52.3001 	EXP 	encodeleft: text = 'lettuce'
52.3001 	EXP 	encoderight: text = 'landscape'
57.3167 	EXP 	fixation cross on screen
58.3335 	EXP 	encodeleft: text = 'castle'
58.3335 	EXP 	encoderight: text = 'valve'
63.3501 	EXP 	fixation cross on screen
64.3834 	EXP 	encodeleft: text = 'ball'
64.3834 	EXP 	encoderight: text = 'vanilla'
69.4001 	EXP 	fixation cross on screen
70.4335 	EXP 	encodeleft: text = 'rain'
70.4335 	EXP 	encoderight: text = 'mayonnaise'
75.4501 	EXP 	fixation cross on screen
76.4707 	EXP 	encodeleft: text = 'light'
76.4707 	EXP 	encoderight: text = 'blender'
81.4870 	EXP 	fixation cross on screen
82.5059 	EXP 	encodeleft: text = 'table'
82.5059 	EXP 	encoderight: text = 'candle'
87.5227 	EXP 	fixation cross on screen
88.5559 	EXP 	encodeleft: text = 'blouse'
88.5559 	EXP 	encoderight: text = 'problem'
93.5559 	EXP 	fixation cross on screen
94.5896 	EXP 	encodeleft: text = 'god'
94.5896 	EXP 	encoderight: text = 'shears'
99.6059 	EXP 	fixation cross on screen
100.6264 	EXP 	encodeleft: text = 'chair'
100.6264 	EXP 	encoderight: text = 'tweezers'
105.6430 	EXP 	fixation cross on screen
106.6763 	EXP 	encodeleft: text = 'leaves'
106.6763 	EXP 	encoderight: text = 'gift'
111.6763 	EXP 	fixation cross on screen
112.7097 	EXP 	encodeleft: text = 'stone'
112.7097 	EXP 	encoderight: text = 'paw'
117.7263 	EXP 	fixation cross on screen
118.7471 	DATA 	Keypress: q
118.7597 	EXP 	encodeleft: text = 'lawn'
118.7597 	EXP 	encoderight: text = 'shower'
123.5662 	DATA 	Keypress: escape
123.5672 	DATA 	Keypress: q
123.5677 	DATA 	Keypress: escape
123.5690 	DATA 	Keypress: escape
123.5699 	DATA 	Keypress: q
123.5704 	DATA 	Keypress: escape
123.7469 	DATA 	Keypress: q
123.7764 	EXP 	fixation cross on screen
123.7767 	DATA 	Keypress: escape
