8.4497 	WARNING 	User requested fullscreen with size [1024  768], but screen is actually [1366, 768]. Using actual size
9.1378 	EXP 	Created window1 = Window(allowGUI=False, allowStencil=False, autoLog=True, bitsMode=UNKNOWN, blendMode='avg', color=array([ 0.7,  0.7,  0.7]), colorSpace='rgb', fullscr=UNKNOWN, gamma=None, lms=UNKNOWN, monitor=<psychopy.monitors.calibTools.Monitor object at 0xa77db50c>, name='window1', pos=[0, 0], screen=0, size=array([1366,  768]), stereo=False, units='pix', useFBO=False, useRetina=False, viewOri=0.0, viewPos=None, viewScale=None, waitBlanking=True, winType='pyglet')
9.2244 	EXP 	Created message = TextStim(alignHoriz='center', alignVert='center', antialias=True, autoLog=True, bold=False, color='black', colorSpace='named', contrast=1.0, depth=0, flipHoriz=False, flipVert=False, font=list(...), fontFiles=[], height=62, italic=False, name='message', opacity=1.0, ori=0.0, pos=array([ 0.,  0.]), rgb=array([ 0.,  0.,  0.]), text=u'default text', units='pix', win=Window(...), wrapWidth=900)
9.2424 	EXP 	Created Question = TextStim(alignHoriz='center', alignVert='center', antialias=True, autoLog=True, bold=False, color='black', colorSpace='named', contrast=1.0, depth=0, flipHoriz=False, flipVert=False, font=list(...), fontFiles=[], height=60, italic=False, name='Question', opacity=1.0, ori=0.0, pos=array([   0.,  250.]), rgb=array([ 0.,  0.,  0.]), text=unicode(...), units='pix', win=Window(...), wrapWidth=1300)
9.2546 	EXP 	Created Descriptions = TextStim(alignHoriz='center', alignVert='center', antialias=True, autoLog=True, bold=False, color='black', colorSpace='named', contrast=1.0, depth=0, flipHoriz=False, flipVert=False, font=list(...), fontFiles=[], height=50, italic=False, name='Descriptions', opacity=1.0, ori=0.0, pos=array([  0., -60.]), rgb=array([ 0.,  0.,  0.]), text=unicode(...), units='pix', win=Window(...), wrapWidth=1300)
9.2666 	EXP 	Created RatingScale = TextStim(alignHoriz='center', alignVert='center', antialias=True, autoLog=True, bold=False, color='black', colorSpace='named', contrast=1.0, depth=0, flipHoriz=False, flipVert=False, font=list(...), fontFiles=[], height=45, italic=False, name='RatingScale', opacity=1.0, ori=0.0, pos=array([   0., -120.]), rgb=array([ 0.,  0.,  0.]), text=unicode(...), units='pix', win=Window(...), wrapWidth=1300)
9.2765 	EXP 	Created instruction = TextStim(alignHoriz='center', alignVert='center', antialias=True, autoLog=True, bold=False, color='black', colorSpace='named', contrast=1.0, depth=0, flipHoriz=False, flipVert=False, font=list(...), fontFiles=[], height=30, italic=False, name='instruction', opacity=1.0, ori=0.0, pos=array([-50.,   0.]), rgb=array([ 0.,  0.,  0.]), text=u'default text', units='pix', win=Window(...), wrapWidth=900)
9.2815 	EXP 	Created fixation = TextStim(alignHoriz='center', alignVert='center', antialias=True, autoLog=True, bold=False, color='black', colorSpace='named', contrast=1.0, depth=0, flipHoriz=False, flipVert=False, font='', fontFiles=[], height=50, italic=False, name='fixation', opacity=1.0, ori=0.0, pos=array([ 0.,  0.]), rgb=array([ 0.,  0.,  0.]), text=u'+', units='pix', win=Window(...), wrapWidth=500)
9.2841 	EXP 	Created encodeleft = TextStim(alignHoriz='right', alignVert='center', antialias=True, autoLog=True, bold=False, color='black', colorSpace='named', contrast=1.0, depth=0, flipHoriz=False, flipVert=False, font='', fontFiles=[], height=50, italic=False, name='encodeleft', opacity=1.0, ori=0.0, pos=array([-25.,   0.]), rgb=array([ 0.,  0.,  0.]), text=u'+', units='pix', win=Window(...), wrapWidth=1000)
9.2870 	EXP 	Created encoderight = TextStim(alignHoriz='left', alignVert='center', antialias=True, autoLog=True, bold=False, color='black', colorSpace='named', contrast=1.0, depth=0, flipHoriz=False, flipVert=False, font='', fontFiles=[], height=50, italic=False, name='encoderight', opacity=1.0, ori=0.0, pos=array([ 25.,   0.]), rgb=array([ 0.,  0.,  0.]), text=u'+', units='pix', win=Window(...), wrapWidth=1000)
9.2901 	EXP 	Created encodedash = TextStim(alignHoriz='center', alignVert='center', antialias=True, autoLog=True, bold=False, color='black', colorSpace='named', contrast=1.0, depth=0, flipHoriz=False, flipVert=False, font='', fontFiles=[], height=50, italic=False, name='encodedash', opacity=1.0, ori=0.0, pos=array([ 0.,  0.]), rgb=array([ 0.,  0.,  0.]), text=u'-', units='pix', win=Window(...), wrapWidth=1000)
9.2936 	EXP 	Created target on screen = TextStim(alignHoriz='left', alignVert='center', antialias=True, autoLog=True, bold=False, color='black', colorSpace='named', contrast=1.0, depth=0, flipHoriz=False, flipVert=False, font=list(...), fontFiles=[], height=50, italic=False, name='target on screen', opacity=1.0, ori=0.0, pos=array([-300.,  250.]), rgb=array([ 0.,  0.,  0.]), text=u'test', units='pix', win=Window(...), wrapWidth=1000)
9.2988 	EXP 	Created feedback on screen = TextStim(alignHoriz='center', alignVert='center', antialias=True, autoLog=True, bold=False, color='red', colorSpace='named', contrast=1.0, depth=0, flipHoriz=False, flipVert=False, font=list(...), fontFiles=[], height=50, italic=False, name='feedback on screen', opacity=1.0, ori=0.0, pos=array([-300.,  250.]), rgb=array([ 255.,    0.,    0.]), text=u'feedback', units='pix', win=Window(...), wrapWidth=500)
9.3096 	EXP 	Created feedback: correct ans = TextStim(alignHoriz='center', alignVert='center', antialias=True, autoLog=True, bold=False, color='black', colorSpace='named', contrast=1.0, depth=0, flipHoriz=False, flipVert=False, font=list(...), fontFiles=[], height=42, italic=False, name='feedback: correct ans', opacity=1.0, ori=0.0, pos=array([   0.,  100.]), rgb=array([ 0.,  0.,  0.]), text=u'The correct answer is', units='pix', win=Window(...), wrapWidth=1100)
9.3133 	EXP 	Created show correct ans = TextStim(alignHoriz='center', alignVert='center', antialias=True, autoLog=True, bold=False, color='blue', colorSpace='named', contrast=1.0, depth=0, flipHoriz=False, flipVert=False, font=list(...), fontFiles=[], height=50, italic=False, name='show correct ans', opacity=1.0, ori=0.0, pos=array([ 0.,  0.]), rgb=array([   0.,    0.,  255.]), text=u'feedback', units='pix', win=Window(...), wrapWidth=500)
9.3163 	EXP 	Created target on screen = TextStim(alignHoriz='left', alignVert='center', antialias=True, autoLog=True, bold=False, color='black', colorSpace='named', contrast=1.0, depth=0, flipHoriz=False, flipVert=False, font=list(...), fontFiles=[], height=50, italic=False, name='target on screen', opacity=1.0, ori=0.0, pos=array([-300.,  250.]), rgb=array([ 0.,  0.,  0.]), text=u'test', units='pix', win=Window(...), wrapWidth=1000)
9.3201 	EXP 	Created feedback on screen = TextStim(alignHoriz='center', alignVert='center', antialias=True, autoLog=True, bold=False, color='red', colorSpace='named', contrast=1.0, depth=0, flipHoriz=False, flipVert=False, font=list(...), fontFiles=[], height=50, italic=False, name='feedback on screen', opacity=1.0, ori=0.0, pos=array([-300.,  250.]), rgb=array([ 255.,    0.,    0.]), text=u'feedback', units='pix', win=Window(...), wrapWidth=500)
9.3266 	EXP 	Created feedback: correct ans = TextStim(alignHoriz='center', alignVert='center', antialias=True, autoLog=True, bold=False, color='black', colorSpace='named', contrast=1.0, depth=0, flipHoriz=False, flipVert=False, font=list(...), fontFiles=[], height=50, italic=False, name='feedback: correct ans', opacity=1.0, ori=0.0, pos=array([   0.,  100.]), rgb=array([ 0.,  0.,  0.]), text=u'The correct answer is', units='pix', win=Window(...), wrapWidth=1100)
9.3303 	EXP 	Created show correct ans = TextStim(alignHoriz='center', alignVert='center', antialias=True, autoLog=True, bold=False, color='blue', colorSpace='named', contrast=1.0, depth=0, flipHoriz=False, flipVert=False, font=list(...), fontFiles=[], height=50, italic=False, name='show correct ans', opacity=1.0, ori=0.0, pos=array([ 0.,  0.]), rgb=array([   0.,    0.,  255.]), text=u'feedback', units='pix', win=Window(...), wrapWidth=500)
9.4185 	EXP 	instruction: text = "Welcome to this experiment!\n\nIn this task you will be presented with a number of word pairs.\n\nPlease try to learn these word pairs to the best of your ability as you will be tested on them at a later stage.\n\nTo help you remember the pairs, please try to think of associations between the words themselves. For instance, if the word pair was 'tiger-shoe' you might try to picture in your mind a tiger wearing a shoe.\n\nPress any button to start the task.\n\n"
14.1880 	DATA 	Keypress: j
14.8412 	DATA 	Keypress: space
15.1485 	DATA 	Keypress: k
15.4011 	DATA 	Keypress: h
15.5993 	DATA 	Keypress: l
15.8046 	DATA 	Keypress: l
16.0093 	DATA 	Keypress: k
16.2459 	DATA 	Keypress: j
16.4431 	DATA 	Keypress: j
16.4890 	DATA 	Keypress: l
16.6554 	DATA 	Keypress: l
16.6778 	DATA 	Keypress: k
16.8257 	DATA 	Keypress: j
16.9443 	DATA 	Keypress: l
17.0145 	DATA 	Keypress: k
17.1226 	DATA 	Keypress: j
17.2013 	DATA 	Keypress: l
17.3178 	DATA 	Keypress: j
17.4271 	DATA 	Keypress: l
17.4272 	DATA 	Keypress: k
17.7678 	DATA 	Keypress: l
17.7679 	DATA 	Keypress: k
17.8526 	DATA 	Keypress: j
17.9465 	DATA 	Keypress: l
17.9689 	DATA 	Keypress: k
18.0302 	DATA 	Keypress: j
18.1564 	DATA 	Keypress: apostrophe
18.1565 	DATA 	Keypress: semicolon
18.2230 	DATA 	Keypress: k
18.4159 	DATA 	Keypress: k
18.4160 	DATA 	Keypress: d
18.5077 	DATA 	Keypress: f
18.6198 	DATA 	Keypress: j
18.6205 	DATA 	Keypress: d
18.6205 	DATA 	Keypress: s
18.6871 	DATA 	Keypress: f
18.7266 	DATA 	Keypress: l
18.7561 	DATA 	Keypress: k
18.8499 	DATA 	Keypress: j
18.8723 	DATA 	Keypress: f
19.0479 	DATA 	Keypress: j
19.1182 	DATA 	Keypress: l
19.1405 	DATA 	Keypress: k
19.1832 	DATA 	Keypress: d
19.1833 	DATA 	Keypress: s
19.2574 	DATA 	Keypress: a
19.2580 	DATA 	Keypress: j
19.2581 	DATA 	Keypress: f
19.3339 	DATA 	Keypress: l
19.3340 	DATA 	Keypress: k
19.4271 	DATA 	Keypress: j
19.5854 	DATA 	Keypress: j
19.6999 	DATA 	Keypress: l
19.7444 	DATA 	Keypress: k
19.7445 	DATA 	Keypress: f
19.7968 	DATA 	Keypress: j
19.9403 	DATA 	Keypress: l
19.9404 	DATA 	Keypress: k
19.9408 	DATA 	Keypress: f
19.9855 	DATA 	Keypress: j
20.0455 	DATA 	Keypress: d
20.0457 	DATA 	Keypress: s
20.1343 	DATA 	Keypress: f
20.1787 	DATA 	Keypress: j
20.2532 	DATA 	Keypress: s
20.2582 	DATA 	Keypress: a
20.5373 	DATA 	Keypress: j
20.5374 	DATA 	Keypress: f
20.6270 	DATA 	Keypress: s
20.6271 	DATA 	Keypress: a
20.7226 	DATA 	Keypress: j
20.8516 	DATA 	Keypress: semicolon
20.8519 	DATA 	Keypress: l
20.9649 	DATA 	Keypress: j
21.0679 	DATA 	Keypress: semicolon
21.0680 	DATA 	Keypress: l
21.1267 	DATA 	Keypress: j
21.1268 	DATA 	Keypress: f
21.1870 	DATA 	Keypress: a
21.2482 	DATA 	Keypress: l
21.2483 	DATA 	Keypress: k
21.3517 	DATA 	Keypress: j
21.4379 	DATA 	Keypress: semicolon
21.4380 	DATA 	Keypress: l
21.4903 	DATA 	Keypress: j
22.0197 	DATA 	Keypress: escape
23.6837 	DATA 	Keypress: escape
24.1439 	DATA 	Keypress: escape
24.4369 	DATA 	Keypress: escape
24.6660 	DATA 	Keypress: escape
24.8553 	DATA 	Keypress: escape
25.0605 	DATA 	Keypress: escape
25.4650 	DATA 	Keypress: escape
25.7180 	DATA 	Keypress: escape
25.9233 	DATA 	Keypress: escape
26.1365 	DATA 	Keypress: escape
26.3338 	DATA 	Keypress: escape
26.5310 	DATA 	Keypress: escape
26.7283 	DATA 	Keypress: escape
26.9256 	DATA 	Keypress: escape
27.1149 	DATA 	Keypress: escape
27.4715 	DATA 	Keypress: q
27.6687 	DATA 	Keypress: q
27.8500 	DATA 	Keypress: q
28.0552 	DATA 	Keypress: q
