4.9430 	WARNING 	User requested fullscreen with size [1024  768], but screen is actually [1366, 768]. Using actual size
5.5457 	EXP 	Created window1 = Window(allowGUI=False, allowStencil=False, autoLog=True, bitsMode=UNKNOWN, blendMode='avg', color=array([ 0.7,  0.7,  0.7]), colorSpace='rgb', fullscr=UNKNOWN, gamma=None, lms=UNKNOWN, monitor=<psychopy.monitors.calibTools.Monitor object at 0xa78073ac>, name='window1', pos=[0, 0], screen=0, size=array([1366,  768]), stereo=False, units='pix', useFBO=False, useRetina=False, viewOri=0.0, viewPos=None, viewScale=None, waitBlanking=True, winType='pyglet')
5.6664 	EXP 	Created message = TextStim(alignHoriz='center', alignVert='center', antialias=True, autoLog=True, bold=False, color='black', colorSpace='named', contrast=1.0, depth=0, flipHoriz=False, flipVert=False, font=list(...), fontFiles=[], height=62, italic=False, name='message', opacity=1.0, ori=0.0, pos=array([ 0.,  0.]), rgb=array([ 0.,  0.,  0.]), text=u'default text', units='pix', win=Window(...), wrapWidth=900)
5.6846 	EXP 	Created Question = TextStim(alignHoriz='center', alignVert='center', antialias=True, autoLog=True, bold=False, color='black', colorSpace='named', contrast=1.0, depth=0, flipHoriz=False, flipVert=False, font=list(...), fontFiles=[], height=60, italic=False, name='Question', opacity=1.0, ori=0.0, pos=array([   0.,  250.]), rgb=array([ 0.,  0.,  0.]), text=unicode(...), units='pix', win=Window(...), wrapWidth=1300)
5.6968 	EXP 	Created Descriptions = TextStim(alignHoriz='center', alignVert='center', antialias=True, autoLog=True, bold=False, color='black', colorSpace='named', contrast=1.0, depth=0, flipHoriz=False, flipVert=False, font=list(...), fontFiles=[], height=50, italic=False, name='Descriptions', opacity=1.0, ori=0.0, pos=array([  0., -60.]), rgb=array([ 0.,  0.,  0.]), text=unicode(...), units='pix', win=Window(...), wrapWidth=1300)
5.7089 	EXP 	Created RatingScale = TextStim(alignHoriz='center', alignVert='center', antialias=True, autoLog=True, bold=False, color='black', colorSpace='named', contrast=1.0, depth=0, flipHoriz=False, flipVert=False, font=list(...), fontFiles=[], height=45, italic=False, name='RatingScale', opacity=1.0, ori=0.0, pos=array([   0., -120.]), rgb=array([ 0.,  0.,  0.]), text=unicode(...), units='pix', win=Window(...), wrapWidth=1300)
5.7190 	EXP 	Created instruction = TextStim(alignHoriz='center', alignVert='center', antialias=True, autoLog=True, bold=False, color='black', colorSpace='named', contrast=1.0, depth=0, flipHoriz=False, flipVert=False, font=list(...), fontFiles=[], height=30, italic=False, name='instruction', opacity=1.0, ori=0.0, pos=array([-50.,   0.]), rgb=array([ 0.,  0.,  0.]), text=u'default text', units='pix', win=Window(...), wrapWidth=900)
5.7240 	EXP 	Created fixation = TextStim(alignHoriz='center', alignVert='center', antialias=True, autoLog=True, bold=False, color='black', colorSpace='named', contrast=1.0, depth=0, flipHoriz=False, flipVert=False, font='', fontFiles=[], height=50, italic=False, name='fixation', opacity=1.0, ori=0.0, pos=array([ 0.,  0.]), rgb=array([ 0.,  0.,  0.]), text=u'+', units='pix', win=Window(...), wrapWidth=500)
5.7267 	EXP 	Created encodeleft = TextStim(alignHoriz='right', alignVert='center', antialias=True, autoLog=True, bold=False, color='black', colorSpace='named', contrast=1.0, depth=0, flipHoriz=False, flipVert=False, font='', fontFiles=[], height=50, italic=False, name='encodeleft', opacity=1.0, ori=0.0, pos=array([-25.,   0.]), rgb=array([ 0.,  0.,  0.]), text=u'+', units='pix', win=Window(...), wrapWidth=1000)
5.7295 	EXP 	Created encoderight = TextStim(alignHoriz='left', alignVert='center', antialias=True, autoLog=True, bold=False, color='black', colorSpace='named', contrast=1.0, depth=0, flipHoriz=False, flipVert=False, font='', fontFiles=[], height=50, italic=False, name='encoderight', opacity=1.0, ori=0.0, pos=array([ 25.,   0.]), rgb=array([ 0.,  0.,  0.]), text=u'+', units='pix', win=Window(...), wrapWidth=1000)
5.7325 	EXP 	Created encodedash = TextStim(alignHoriz='center', alignVert='center', antialias=True, autoLog=True, bold=False, color='black', colorSpace='named', contrast=1.0, depth=0, flipHoriz=False, flipVert=False, font='', fontFiles=[], height=50, italic=False, name='encodedash', opacity=1.0, ori=0.0, pos=array([ 0.,  0.]), rgb=array([ 0.,  0.,  0.]), text=u'-', units='pix', win=Window(...), wrapWidth=1000)
5.7362 	EXP 	Created target on screen = TextStim(alignHoriz='left', alignVert='center', antialias=True, autoLog=True, bold=False, color='black', colorSpace='named', contrast=1.0, depth=0, flipHoriz=False, flipVert=False, font=list(...), fontFiles=[], height=50, italic=False, name='target on screen', opacity=1.0, ori=0.0, pos=array([-300.,  250.]), rgb=array([ 0.,  0.,  0.]), text=u'test', units='pix', win=Window(...), wrapWidth=1000)
5.7414 	EXP 	Created feedback on screen = TextStim(alignHoriz='center', alignVert='center', antialias=True, autoLog=True, bold=False, color='red', colorSpace='named', contrast=1.0, depth=0, flipHoriz=False, flipVert=False, font=list(...), fontFiles=[], height=50, italic=False, name='feedback on screen', opacity=1.0, ori=0.0, pos=array([-300.,  250.]), rgb=array([ 255.,    0.,    0.]), text=u'feedback', units='pix', win=Window(...), wrapWidth=500)
5.7522 	EXP 	Created feedback: correct ans = TextStim(alignHoriz='center', alignVert='center', antialias=True, autoLog=True, bold=False, color='black', colorSpace='named', contrast=1.0, depth=0, flipHoriz=False, flipVert=False, font=list(...), fontFiles=[], height=42, italic=False, name='feedback: correct ans', opacity=1.0, ori=0.0, pos=array([   0.,  100.]), rgb=array([ 0.,  0.,  0.]), text=u'The correct answer is', units='pix', win=Window(...), wrapWidth=1100)
5.7559 	EXP 	Created show correct ans = TextStim(alignHoriz='center', alignVert='center', antialias=True, autoLog=True, bold=False, color='blue', colorSpace='named', contrast=1.0, depth=0, flipHoriz=False, flipVert=False, font=list(...), fontFiles=[], height=50, italic=False, name='show correct ans', opacity=1.0, ori=0.0, pos=array([ 0.,  0.]), rgb=array([   0.,    0.,  255.]), text=u'feedback', units='pix', win=Window(...), wrapWidth=500)
5.7590 	EXP 	Created target on screen = TextStim(alignHoriz='left', alignVert='center', antialias=True, autoLog=True, bold=False, color='black', colorSpace='named', contrast=1.0, depth=0, flipHoriz=False, flipVert=False, font=list(...), fontFiles=[], height=50, italic=False, name='target on screen', opacity=1.0, ori=0.0, pos=array([-300.,  250.]), rgb=array([ 0.,  0.,  0.]), text=u'test', units='pix', win=Window(...), wrapWidth=1000)
5.7628 	EXP 	Created feedback on screen = TextStim(alignHoriz='center', alignVert='center', antialias=True, autoLog=True, bold=False, color='red', colorSpace='named', contrast=1.0, depth=0, flipHoriz=False, flipVert=False, font=list(...), fontFiles=[], height=50, italic=False, name='feedback on screen', opacity=1.0, ori=0.0, pos=array([-300.,  250.]), rgb=array([ 255.,    0.,    0.]), text=u'feedback', units='pix', win=Window(...), wrapWidth=500)
5.7693 	EXP 	Created feedback: correct ans = TextStim(alignHoriz='center', alignVert='center', antialias=True, autoLog=True, bold=False, color='black', colorSpace='named', contrast=1.0, depth=0, flipHoriz=False, flipVert=False, font=list(...), fontFiles=[], height=50, italic=False, name='feedback: correct ans', opacity=1.0, ori=0.0, pos=array([   0.,  100.]), rgb=array([ 0.,  0.,  0.]), text=u'The correct answer is', units='pix', win=Window(...), wrapWidth=1100)
5.7730 	EXP 	Created show correct ans = TextStim(alignHoriz='center', alignVert='center', antialias=True, autoLog=True, bold=False, color='blue', colorSpace='named', contrast=1.0, depth=0, flipHoriz=False, flipVert=False, font=list(...), fontFiles=[], height=50, italic=False, name='show correct ans', opacity=1.0, ori=0.0, pos=array([ 0.,  0.]), rgb=array([   0.,    0.,  255.]), text=u'feedback', units='pix', win=Window(...), wrapWidth=500)
5.8299 	EXP 	instruction: text = "Welcome to this experiment!\n\nIn this task you will be presented with a number of word pairs.\n\nPlease try to learn these word pairs to the best of your ability as you will be tested on them at a later stage.\n\nTo help you remember the pairs, please try to think of associations between the words themselves. For instance, if the word pair was 'tiger-shoe' you might try to picture in your mind a tiger wearing a shoe.\n\nPress any button to start the task.\n\n"
23.1543 	DATA 	Keypress: 2
23.1602 	EXP 	instruction: text = 'Ready...'
24.5226 	EXP 	Created topMsg = TextStim(alignHoriz='center', alignVert='center', antialias=True, autoLog=True, bold=False, color='#000000', colorSpace='hex', contrast=1.0, depth=0, flipHoriz=False, flipVert=False, font='', fontFiles=[], height=20, italic=False, name='topMsg', opacity=1.0, ori=0.0, pos=array([   0.,  100.]), rgb=array([0, 0, 0]), text=u'Waiting for scanner to start...', units='pix', win=Window(...), wrapWidth=500)
24.5253 	EXP 	Display WaitingForScanner
26.8767 	DATA 	Keypress: 5
26.8788 	EXP 	fixation cross on screen
27.8907 	EXP 	encodeleft: text = 'doll'
27.8907 	EXP 	encoderight: text = 'teapot'
32.8978 	EXP 	fixation cross on screen
33.6993 	DATA 	Keypress: escape
33.9084 	EXP 	encodeleft: text = 'horse'
33.9084 	EXP 	encoderight: text = 'gear'
38.7140 	DATA 	Keypress: escape
38.7144 	DATA 	Keypress: escape
38.7148 	DATA 	Keypress: escape
38.7151 	DATA 	Keypress: escape
38.7154 	DATA 	Keypress: escape
38.7157 	DATA 	Keypress: escape
38.7159 	DATA 	Keypress: q
38.7171 	DATA 	Keypress: q
38.7173 	DATA 	Keypress: q
38.9154 	EXP 	fixation cross on screen
