4.8812 	WARNING 	User requested fullscreen with size [1280  720], but screen is actually [2560, 1440]. Using actual size
6.1881 	EXP 	Created window1 = Window(allowGUI=False, allowStencil=False, autoLog=True, bitsMode=UNKNOWN, blendMode='avg', color=array([ 1.,  1.,  1.]), colorSpace='rgb', fullscr=UNKNOWN, gamma=None, lms=UNKNOWN, monitor=<psychopy.monitors.calibTools.Monitor object at 0x7f9ed9e240d0>, name='window1', pos=[0, 0], screen=0, size=array([2560, 1440]), stereo=False, units='pix', useFBO=False, useRetina=False, viewOri=0.0, viewPos=None, viewScale=None, waitBlanking=True, winType='pyglet')
6.3437 	EXP 	Created message = TextStim(alignHoriz='center', alignVert='center', antialias=True, autoLog=True, bold=False, color='black', colorSpace='named', contrast=1.0, depth=0, flipHoriz=False, flipVert=False, font=list(...), fontFiles=[], height=62, italic=False, name='message', opacity=1.0, ori=0.0, pos=array([ 0.,  0.]), rgb=array([ 0.,  0.,  0.]), text=u'default text', units='pix', win=Window(...), wrapWidth=1100)
6.3874 	EXP 	Created Question = TextStim(alignHoriz='center', alignVert='center', antialias=True, autoLog=True, bold=False, color='black', colorSpace='named', contrast=1.0, depth=0, flipHoriz=False, flipVert=False, font=list(...), fontFiles=[], height=60, italic=False, name='Question', opacity=1.0, ori=0.0, pos=array([   0.,  250.]), rgb=array([ 0.,  0.,  0.]), text=unicode(...), units='pix', win=Window(...), wrapWidth=1300)
6.4217 	EXP 	Created Descriptions = TextStim(alignHoriz='center', alignVert='center', antialias=True, autoLog=True, bold=False, color='black', colorSpace='named', contrast=1.0, depth=0, flipHoriz=False, flipVert=False, font=list(...), fontFiles=[], height=50, italic=False, name='Descriptions', opacity=1.0, ori=0.0, pos=array([  0., -60.]), rgb=array([ 0.,  0.,  0.]), text=unicode(...), units='pix', win=Window(...), wrapWidth=1300)
6.4482 	EXP 	Created RatingScale = TextStim(alignHoriz='center', alignVert='center', antialias=True, autoLog=True, bold=False, color='black', colorSpace='named', contrast=1.0, depth=0, flipHoriz=False, flipVert=False, font=list(...), fontFiles=[], height=45, italic=False, name='RatingScale', opacity=1.0, ori=0.0, pos=array([   0., -120.]), rgb=array([ 0.,  0.,  0.]), text=unicode(...), units='pix', win=Window(...), wrapWidth=1300)
6.4781 	EXP 	Created instruction = TextStim(alignHoriz='center', alignVert='center', antialias=True, autoLog=True, bold=False, color='black', colorSpace='named', contrast=1.0, depth=0, flipHoriz=False, flipVert=False, font=list(...), fontFiles=[], height=30, italic=False, name='instruction', opacity=1.0, ori=0.0, pos=array([-50.,   0.]), rgb=array([ 0.,  0.,  0.]), text=u'default text', units='pix', win=Window(...), wrapWidth=1100)
6.4833 	EXP 	Created fixation = TextStim(alignHoriz='center', alignVert='center', antialias=True, autoLog=True, bold=False, color='black', colorSpace='named', contrast=1.0, depth=0, flipHoriz=False, flipVert=False, font=list(...), fontFiles=[], height=62, italic=False, name='fixation', opacity=1.0, ori=0.0, pos=array([ 0.,  0.]), rgb=array([ 0.,  0.,  0.]), text=u'+', units='pix', win=Window(...), wrapWidth=500)
6.4919 	EXP 	Created Encoding word pair = TextStim(alignHoriz='center', alignVert='center', antialias=True, autoLog=True, bold=False, color='black', colorSpace='named', contrast=1.0, depth=0, flipHoriz=False, flipVert=False, font=list(...), fontFiles=[], height=62, italic=False, name='Encoding word pair', opacity=1.0, ori=0.0, pos=array([ 0.,  0.]), rgb=array([ 0.,  0.,  0.]), text=u'default text', units='pix', win=Window(...), wrapWidth=1100)
6.5054 	EXP 	Created target on screen = TextStim(alignHoriz='left', alignVert='center', antialias=True, autoLog=True, bold=False, color='black', colorSpace='named', contrast=1.0, depth=0, flipHoriz=False, flipVert=False, font=list(...), fontFiles=[], height=62, italic=False, name='target on screen', opacity=1.0, ori=0.0, pos=array([-300.,  250.]), rgb=array([ 0.,  0.,  0.]), text=u'test', units='pix', win=Window(...), wrapWidth=1000)
6.5153 	EXP 	Created feedback on screen = TextStim(alignHoriz='center', alignVert='center', antialias=True, autoLog=True, bold=False, color='red', colorSpace='named', contrast=1.0, depth=0, flipHoriz=False, flipVert=False, font=list(...), fontFiles=[], height=62, italic=False, name='feedback on screen', opacity=1.0, ori=0.0, pos=array([-300.,  250.]), rgb=array([ 255.,    0.,    0.]), text=u'feedback', units='pix', win=Window(...), wrapWidth=500)
6.5409 	EXP 	Created feedback: correct ans = TextStim(alignHoriz='center', alignVert='center', antialias=True, autoLog=True, bold=False, color='black', colorSpace='named', contrast=1.0, depth=0, flipHoriz=False, flipVert=False, font=list(...), fontFiles=[], height=42, italic=False, name='feedback: correct ans', opacity=1.0, ori=0.0, pos=array([   0.,  100.]), rgb=array([ 0.,  0.,  0.]), text=u'The correct answer is', units='pix', win=Window(...), wrapWidth=1100)
6.5482 	EXP 	Created show correct ans = TextStim(alignHoriz='center', alignVert='center', antialias=True, autoLog=True, bold=False, color='blue', colorSpace='named', contrast=1.0, depth=0, flipHoriz=False, flipVert=False, font=list(...), fontFiles=[], height=62, italic=False, name='show correct ans', opacity=1.0, ori=0.0, pos=array([ 0.,  0.]), rgb=array([   0.,    0.,  255.]), text=u'feedback', units='pix', win=Window(...), wrapWidth=500)
6.5535 	EXP 	Created target on screen = TextStim(alignHoriz='left', alignVert='center', antialias=True, autoLog=True, bold=False, color='black', colorSpace='named', contrast=1.0, depth=0, flipHoriz=False, flipVert=False, font=list(...), fontFiles=[], height=62, italic=False, name='target on screen', opacity=1.0, ori=0.0, pos=array([-300.,  250.]), rgb=array([ 0.,  0.,  0.]), text=u'test', units='pix', win=Window(...), wrapWidth=1000)
6.5604 	EXP 	Created feedback on screen = TextStim(alignHoriz='center', alignVert='center', antialias=True, autoLog=True, bold=False, color='red', colorSpace='named', contrast=1.0, depth=0, flipHoriz=False, flipVert=False, font=list(...), fontFiles=[], height=62, italic=False, name='feedback on screen', opacity=1.0, ori=0.0, pos=array([-300.,  250.]), rgb=array([ 255.,    0.,    0.]), text=u'feedback', units='pix', win=Window(...), wrapWidth=500)
6.5705 	EXP 	Created feedback: correct ans = TextStim(alignHoriz='center', alignVert='center', antialias=True, autoLog=True, bold=False, color='black', colorSpace='named', contrast=1.0, depth=0, flipHoriz=False, flipVert=False, font=list(...), fontFiles=[], height=42, italic=False, name='feedback: correct ans', opacity=1.0, ori=0.0, pos=array([   0.,  100.]), rgb=array([ 0.,  0.,  0.]), text=u'The correct answer is', units='pix', win=Window(...), wrapWidth=1100)
6.5771 	EXP 	Created show correct ans = TextStim(alignHoriz='center', alignVert='center', antialias=True, autoLog=True, bold=False, color='blue', colorSpace='named', contrast=1.0, depth=0, flipHoriz=False, flipVert=False, font=list(...), fontFiles=[], height=62, italic=False, name='show correct ans', opacity=1.0, ori=0.0, pos=array([ 0.,  0.]), rgb=array([   0.,    0.,  255.]), text=u'feedback', units='pix', win=Window(...), wrapWidth=500)
6.7523 	EXP 	instruction: text = "Welcome to this experiment!\n\nIn this task you will be presented with a number of word pairs.\n\nPlease try to learn these word pairs to the best of your ability as you will be tested on them at a later stage.\n\nTo help you remember the pairs, please try to think of associations between the words themselves. For instance, if the word pair was 'tiger-shoe' you might try to picture in your mind a tiger wearing a shoe.\n\nPress RETURN to start the task.\n\n"
8.9330 	DATA 	Mouse: Left button down, pos=(744,623)
8.9878 	DATA 	Mouse:  Left button up, pos=(755,635)
9.5484 	DATA 	Keypress: return
9.5880 	EXP 	instruction: text = 'Ready...'
10.7396 	DATA 	Keypress: y
10.9726 	EXP 	fixation cross on screen
12.0068 	EXP 	Encoding word pair: text = 'saw - skunk'
17.0445 	EXP 	fixation cross on screen
18.0787 	EXP 	Encoding word pair: text = 'armour - umbrella'
23.1163 	EXP 	fixation cross on screen
24.1509 	EXP 	Encoding word pair: text = 'lettuce - landscape'
29.1887 	EXP 	fixation cross on screen
30.2224 	EXP 	Encoding word pair: text = 'bee - curtain'
35.2627 	EXP 	fixation cross on screen
36.2959 	EXP 	Encoding word pair: text = 'dress - branch'
41.3206 	EXP 	fixation cross on screen
42.3715 	EXP 	Encoding word pair: text = 'rock - hair'
47.4076 	EXP 	fixation cross on screen
48.4420 	EXP 	Encoding word pair: text = 'monkey - rhythm'
53.4760 	EXP 	fixation cross on screen
54.5101 	EXP 	Encoding word pair: text = 'puzzle - dice'
59.5479 	EXP 	fixation cross on screen
60.5821 	EXP 	Encoding word pair: text = 'ball - vanilla'
65.6198 	EXP 	fixation cross on screen
66.6540 	EXP 	Encoding word pair: text = 'song - camel'
71.6926 	EXP 	fixation cross on screen
72.7268 	EXP 	Encoding word pair: text = 'lemon - lice'
77.7636 	EXP 	fixation cross on screen
78.7980 	EXP 	Encoding word pair: text = 'travel - butcher'
83.8353 	EXP 	fixation cross on screen
84.8696 	EXP 	Encoding word pair: text = 'hound - cloak'
89.9077 	EXP 	fixation cross on screen
90.9415 	EXP 	Encoding word pair: text = 'wool - blackboard'
95.9962 	EXP 	fixation cross on screen
97.0298 	EXP 	Encoding word pair: text = 'insect - typewriter'
102.0675 	EXP 	fixation cross on screen
103.1042 	EXP 	Encoding word pair: text = 'pond - update'
108.1447 	EXP 	fixation cross on screen
109.1789 	EXP 	Encoding word pair: text = 'ladder - grill'
114.2165 	EXP 	fixation cross on screen
115.2508 	EXP 	Encoding word pair: text = 'painter - kettle'
120.2885 	EXP 	fixation cross on screen
121.3394 	EXP 	Encoding word pair: text = 'salad - mission'
126.3770 	EXP 	fixation cross on screen
127.4112 	EXP 	Encoding word pair: text = 'wax - steak'
132.4499 	EXP 	fixation cross on screen
133.4830 	EXP 	Encoding word pair: text = 'door - mole'
138.5208 	EXP 	fixation cross on screen
139.5550 	EXP 	Encoding word pair: text = 'shampoo - pleat'
144.5926 	EXP 	fixation cross on screen
145.6255 	EXP 	Encoding word pair: text = 'heaven - mosquito'
150.6646 	EXP 	fixation cross on screen
151.6987 	EXP 	Encoding word pair: text = 'pill - cake'
156.5040 	DATA 	Keypress: lctrl
156.5041 	DATA 	Keypress: lalt
156.7543 	EXP 	fixation cross on screen
157.5565 	DATA 	Mouse: Left button down, pos=(2541,943)
157.5565 	DATA 	Mouse:  Left button up, pos=(2541,943)
157.7869 	EXP 	Encoding word pair: text = 'plate - lip'
162.8247 	EXP 	fixation cross on screen
163.8744 	EXP 	Encoding word pair: text = 'rope - sky'
168.9135 	EXP 	fixation cross on screen
169.9477 	EXP 	Encoding word pair: text = 'jail - pearl'
174.9853 	EXP 	fixation cross on screen
176.0196 	EXP 	Encoding word pair: text = 'ice - loaf'
181.0572 	EXP 	fixation cross on screen
182.0914 	EXP 	Encoding word pair: text = 'stone - paw'
187.1291 	EXP 	fixation cross on screen
188.1638 	EXP 	Encoding word pair: text = 'stereo - steel'
193.2176 	EXP 	fixation cross on screen
194.2562 	EXP 	Encoding word pair: text = 'day - horizon'
199.2895 	EXP 	fixation cross on screen
200.3236 	EXP 	Encoding word pair: text = 'blouse - problem'
205.3612 	EXP 	fixation cross on screen
206.3954 	EXP 	Encoding word pair: text = 'mud - folder'
211.4334 	EXP 	fixation cross on screen
212.4676 	EXP 	Encoding word pair: text = 'shrimp - candy'
217.5051 	EXP 	fixation cross on screen
218.5395 	EXP 	Encoding word pair: text = 'bean - velvet'
223.5771 	EXP 	fixation cross on screen
224.6281 	EXP 	Encoding word pair: text = 'god - shears'
229.6655 	EXP 	fixation cross on screen
230.6997 	EXP 	Encoding word pair: text = 'night - granite'
235.7374 	EXP 	fixation cross on screen
236.7718 	EXP 	Encoding word pair: text = 'string - moat'
241.8064 	EXP 	fixation cross on screen
242.8410 	EXP 	Encoding word pair: text = 'light - blender'
247.8785 	EXP 	fixation cross on screen
248.9119 	EXP 	Encoding word pair: text = 'past - proof'
253.9505 	EXP 	fixation cross on screen
254.9849 	EXP 	Encoding word pair: text = 'circus - cravat'
260.0251 	EXP 	fixation cross on screen
261.0760 	EXP 	Encoding word pair: text = 'grass - stethoscope'
266.1138 	EXP 	fixation cross on screen
267.1477 	EXP 	Encoding word pair: text = 'castle - valve'
272.1858 	EXP 	fixation cross on screen
273.2199 	EXP 	Encoding word pair: text = 'car - potato'
278.2613 	EXP 	fixation cross on screen
279.3085 	EXP 	Encoding word pair: text = 'milk - inch'
284.3460 	EXP 	fixation cross on screen
285.3970 	EXP 	Encoding word pair: text = 'doll - teapot'
290.4346 	EXP 	fixation cross on screen
291.4691 	EXP 	Encoding word pair: text = 'paper - whale'
296.5067 	EXP 	fixation cross on screen
297.5408 	EXP 	Encoding word pair: text = 'wallet - wicker'
302.5785 	EXP 	fixation cross on screen
303.6128 	EXP 	Encoding word pair: text = 'date - celery'
308.6505 	EXP 	fixation cross on screen
309.7016 	EXP 	Encoding word pair: text = 'note - jam'
314.7389 	EXP 	fixation cross on screen
315.7730 	EXP 	Encoding word pair: text = 'soap - fuel'
320.8094 	EXP 	fixation cross on screen
321.8618 	EXP 	Encoding word pair: text = 'lawn - shower'
326.8994 	EXP 	fixation cross on screen
327.9336 	EXP 	Encoding word pair: text = 'knife - crayon'
332.9714 	EXP 	fixation cross on screen
334.0056 	EXP 	Encoding word pair: text = 'chair - tweezers'
339.0420 	EXP 	fixation cross on screen
340.0748 	EXP 	Encoding word pair: text = 'hammer - carrots'
345.1151 	EXP 	fixation cross on screen
346.1488 	EXP 	Encoding word pair: text = 'honey - shield'
351.1866 	EXP 	fixation cross on screen
352.2380 	EXP 	Encoding word pair: text = 'carpet - prison'
357.2743 	EXP 	fixation cross on screen
358.3266 	EXP 	Encoding word pair: text = 'nut - statue'
363.3643 	EXP 	fixation cross on screen
364.3982 	EXP 	Encoding word pair: text = 'nail - axe'
369.4395 	EXP 	fixation cross on screen
370.4854 	EXP 	Encoding word pair: text = 'sting - olive'
375.5230 	EXP 	fixation cross on screen
376.5572 	EXP 	Encoding word pair: text = 'bomb - bucket'
381.5952 	EXP 	fixation cross on screen
382.6291 	EXP 	Encoding word pair: text = 'table - candle'
387.6668 	EXP 	fixation cross on screen
388.7010 	EXP 	Encoding word pair: text = 'smoke - violin'
393.7387 	EXP 	fixation cross on screen
394.7730 	EXP 	Encoding word pair: text = 'cheddar - flame'
399.8123 	EXP 	fixation cross on screen
400.8450 	EXP 	Encoding word pair: text = 'rain - mayonnaise'
405.8827 	EXP 	fixation cross on screen
406.9168 	EXP 	Encoding word pair: text = 'leaves - gift'
411.9558 	EXP 	fixation cross on screen
413.0069 	EXP 	Encoding word pair: text = 'sleep - wagon'
418.0431 	EXP 	fixation cross on screen
419.0773 	EXP 	Encoding word pair: text = 'horse - gear'
424.1152 	EXP 	fixation cross on screen
425.1507 	EXP 	Encoding word pair: text = 'planet - needle'
430.1884 	EXP 	fixation cross on screen
431.2377 	EXP 	Encoding word pair: text = 'chocolate - siren'
436.2769 	EXP 	fixation cross on screen
437.3108 	EXP 	Encoding word pair: text = 'shoe - vessel'
442.3474 	EXP 	fixation cross on screen
443.3831 	EXP 	Encoding word pair: text = 'sugar - crown'
448.4196 	EXP 	fixation cross on screen
449.4701 	EXP 	Encoding word pair: text = 'apple - flute'
454.5096 	EXP 	fixation cross on screen
455.5435 	EXP 	Encoding word pair: text = 'plan - hole'
460.5797 	EXP 	fixation cross on screen
461.6155 	EXP 	Encoding word pair: text = 'ship - thorn'
466.6517 	EXP 	fixation cross on screen
467.6858 	EXP 	Encoding word pair: text = 'wine - highway'
472.7234 	EXP 	fixation cross on screen
473.7630 	EXP 	Encoding word pair: text = 'lock - king'
478.7967 	EXP 	fixation cross on screen
479.8296 	EXP 	Encoding word pair: text = 'mouth - waves'
484.8687 	EXP 	fixation cross on screen
485.9185 	EXP 	Encoding word pair: text = 'fork - cob'
490.9571 	EXP 	fixation cross on screen
491.9915 	EXP 	Encoding word pair: text = 'mountain - oregano'
497.2463 	EXP 	instruction: text = 'The first part of the experiment is over.\n\nDuring this second part, your memory for the word pairs will now be tested.\n\nYou will be presented with one word from each pair on the left side of the screen.\nTry to use this word as a cue to recall the other word from the pair and type it into the space provided. Press return when you have typed in your answer.\n\nPlease be as accurate as you can as the words MUST be spelled correctly. If you make a mistake, you can use the backspace button to correct it before hitting return.\nYou will have 10 seconds to make each response. You will be informed of the correct word if you are incorrect.\n\nDepending on your performance, you may need to do this test again, so it is important to try to relearn anything you get wrong. \n\nPress RETURN to start the task.\n\n'
508.1868 	DATA 	Mouse: Left button down, pos=(457,797)
508.2737 	DATA 	Mouse:  Left button up, pos=(460,796)
512.7865 	DATA 	Keypress: return
512.8263 	EXP 	instruction: text = 'Ready...'
514.3138 	EXP 	fixation: pos = (-300, 250)
514.3138 	EXP 	fixation cross on screen
515.8456 	EXP 	target on screen: text = 'door - '
516.9298 	DATA 	Keypress: k
516.9628 	EXP 	target on screen: text = 'door - k'
517.0178 	DATA 	Keypress: l
517.0633 	EXP 	target on screen: text = 'door - kl'
517.0978 	DATA 	Keypress: h
517.1300 	EXP 	target on screen: text = 'door - klh'
517.2098 	DATA 	Keypress: k
517.2469 	EXP 	target on screen: text = 'door - klhk'
518.6578 	DATA 	Keypress: lctrl
518.6967 	EXP 	target on screen: text = 'door - klhklctrl'
518.6978 	DATA 	Keypress: c
518.7315 	EXP 	target on screen: text = 'door - klhklctrlc'
519.2498 	DATA 	Keypress: lctrl
519.2824 	EXP 	target on screen: text = 'door - klhklctrlclctrl'
519.3058 	DATA 	Keypress: c
519.3491 	EXP 	target on screen: text = 'door - klhklctrlclctrlc'
519.5219 	DATA 	Keypress: lctrl
519.5653 	EXP 	target on screen: text = 'door - klhklctrlclctrlclctrl'
519.6658 	DATA 	Keypress: c
519.7170 	EXP 	target on screen: text = 'door - klhklctrlclctrlclctrlc'
522.6579 	DATA 	Keypress: escape
