4.0049 	WARNING 	User requested fullscreen with size [1024  768], but screen is actually [2560, 1440]. Using actual size
5.3495 	EXP 	Created window1 = Window(allowGUI=False, allowStencil=False, autoLog=True, bitsMode=UNKNOWN, blendMode='avg', color=array([ 1.,  1.,  1.]), colorSpace='rgb', fullscr=UNKNOWN, gamma=None, lms=UNKNOWN, monitor=<psychopy.monitors.calibTools.Monitor object at 0x7f2681fc4f10>, name='window1', pos=[0, 0], screen=0, size=array([2560, 1440]), stereo=False, units=u'norm', useFBO=False, useRetina=False, viewOri=0.0, viewPos=None, viewScale=None, waitBlanking=True, winType='pyglet')
5.5022 	EXP 	Created message = TextStim(alignHoriz='center', alignVert='center', antialias=True, autoLog=True, bold=False, color='black', colorSpace='named', contrast=1.0, depth=0, flipHoriz=False, flipVert=False, font=list(...), fontFiles=[], height=62, italic=False, name='message', opacity=1.0, ori=0.0, pos=array([ 0.,  0.]), rgb=array([ 0.,  0.,  0.]), text=u'default text', units=u'norm', win=Window(...), wrapWidth=1100)
5.5456 	EXP 	Created Question = TextStim(alignHoriz='center', alignVert='center', antialias=True, autoLog=True, bold=False, color='black', colorSpace='named', contrast=1.0, depth=0, flipHoriz=False, flipVert=False, font=list(...), fontFiles=[], height=60, italic=False, name='Question', opacity=1.0, ori=0.0, pos=array([   0.,  250.]), rgb=array([ 0.,  0.,  0.]), text=unicode(...), units=u'norm', win=Window(...), wrapWidth=1300)
5.5806 	EXP 	Created Descriptions = TextStim(alignHoriz='center', alignVert='center', antialias=True, autoLog=True, bold=False, color='black', colorSpace='named', contrast=1.0, depth=0, flipHoriz=False, flipVert=False, font=list(...), fontFiles=[], height=50, italic=False, name='Descriptions', opacity=1.0, ori=0.0, pos=array([  0., -60.]), rgb=array([ 0.,  0.,  0.]), text=unicode(...), units=u'norm', win=Window(...), wrapWidth=1300)
5.6095 	EXP 	Created RatingScale = TextStim(alignHoriz='center', alignVert='center', antialias=True, autoLog=True, bold=False, color='black', colorSpace='named', contrast=1.0, depth=0, flipHoriz=False, flipVert=False, font=list(...), fontFiles=[], height=45, italic=False, name='RatingScale', opacity=1.0, ori=0.0, pos=array([   0., -120.]), rgb=array([ 0.,  0.,  0.]), text=unicode(...), units=u'norm', win=Window(...), wrapWidth=1300)
5.6410 	EXP 	Created instruction = TextStim(alignHoriz='center', alignVert='center', antialias=True, autoLog=True, bold=False, color='black', colorSpace='named', contrast=1.0, depth=0, flipHoriz=False, flipVert=False, font=list(...), fontFiles=[], height=30, italic=False, name='instruction', opacity=1.0, ori=0.0, pos=array([-50.,   0.]), rgb=array([ 0.,  0.,  0.]), text=u'default text', units=u'norm', win=Window(...), wrapWidth=1100)
5.6536 	EXP 	Created fixation = TextStim(alignHoriz='center', alignVert='center', antialias=True, autoLog=True, bold=False, color='black', colorSpace='named', contrast=1.0, depth=0, flipHoriz=False, flipVert=False, font=list(...), fontFiles=[], height=0.3, italic=False, name='fixation', opacity=1.0, ori=0.0, pos=array([ 0.,  0.]), rgb=array([ 0.,  0.,  0.]), text=u'+', units=u'norm', win=Window(...), wrapWidth=1)
5.6621 	EXP 	Created Encoding word pair = TextStim(alignHoriz='center', alignVert='center', antialias=True, autoLog=True, bold=False, color='black', colorSpace='named', contrast=1.0, depth=0, flipHoriz=False, flipVert=False, font=list(...), fontFiles=[], height=62, italic=False, name='Encoding word pair', opacity=1.0, ori=0.0, pos=array([ 0.,  0.]), rgb=array([ 0.,  0.,  0.]), text=u'default text', units=u'norm', win=Window(...), wrapWidth=1100)
5.6682 	EXP 	Created target on screen = TextStim(alignHoriz='left', alignVert='center', antialias=True, autoLog=True, bold=False, color='black', colorSpace='named', contrast=1.0, depth=0, flipHoriz=False, flipVert=False, font=list(...), fontFiles=[], height=62, italic=False, name='target on screen', opacity=1.0, ori=0.0, pos=array([-300.,  250.]), rgb=array([ 0.,  0.,  0.]), text=u'test', units=u'norm', win=Window(...), wrapWidth=1000)
5.6773 	EXP 	Created feedback on screen = TextStim(alignHoriz='center', alignVert='center', antialias=True, autoLog=True, bold=False, color='red', colorSpace='named', contrast=1.0, depth=0, flipHoriz=False, flipVert=False, font=list(...), fontFiles=[], height=62, italic=False, name='feedback on screen', opacity=1.0, ori=0.0, pos=array([-300.,  250.]), rgb=array([ 255.,    0.,    0.]), text=u'feedback', units=u'norm', win=Window(...), wrapWidth=1)
5.7037 	EXP 	Created feedback: correct ans = TextStim(alignHoriz='center', alignVert='center', antialias=True, autoLog=True, bold=False, color='black', colorSpace='named', contrast=1.0, depth=0, flipHoriz=False, flipVert=False, font=list(...), fontFiles=[], height=42, italic=False, name='feedback: correct ans', opacity=1.0, ori=0.0, pos=array([   0.,  100.]), rgb=array([ 0.,  0.,  0.]), text=u'The correct answer is', units=u'norm', win=Window(...), wrapWidth=1100)
5.7105 	EXP 	Created show correct ans = TextStim(alignHoriz='center', alignVert='center', antialias=True, autoLog=True, bold=False, color='blue', colorSpace='named', contrast=1.0, depth=0, flipHoriz=False, flipVert=False, font=list(...), fontFiles=[], height=62, italic=False, name='show correct ans', opacity=1.0, ori=0.0, pos=array([ 0.,  0.]), rgb=array([   0.,    0.,  255.]), text=u'feedback', units=u'norm', win=Window(...), wrapWidth=1)
5.7160 	EXP 	Created target on screen = TextStim(alignHoriz='left', alignVert='center', antialias=True, autoLog=True, bold=False, color='black', colorSpace='named', contrast=1.0, depth=0, flipHoriz=False, flipVert=False, font=list(...), fontFiles=[], height=62, italic=False, name='target on screen', opacity=1.0, ori=0.0, pos=array([-300.,  250.]), rgb=array([ 0.,  0.,  0.]), text=u'test', units=u'norm', win=Window(...), wrapWidth=1000)
5.7230 	EXP 	Created feedback on screen = TextStim(alignHoriz='center', alignVert='center', antialias=True, autoLog=True, bold=False, color='red', colorSpace='named', contrast=1.0, depth=0, flipHoriz=False, flipVert=False, font=list(...), fontFiles=[], height=62, italic=False, name='feedback on screen', opacity=1.0, ori=0.0, pos=array([-300.,  250.]), rgb=array([ 255.,    0.,    0.]), text=u'feedback', units=u'norm', win=Window(...), wrapWidth=1)
5.7332 	EXP 	Created feedback: correct ans = TextStim(alignHoriz='center', alignVert='center', antialias=True, autoLog=True, bold=False, color='black', colorSpace='named', contrast=1.0, depth=0, flipHoriz=False, flipVert=False, font=list(...), fontFiles=[], height=42, italic=False, name='feedback: correct ans', opacity=1.0, ori=0.0, pos=array([   0.,  100.]), rgb=array([ 0.,  0.,  0.]), text=u'The correct answer is', units=u'norm', win=Window(...), wrapWidth=1100)
5.7400 	EXP 	Created show correct ans = TextStim(alignHoriz='center', alignVert='center', antialias=True, autoLog=True, bold=False, color='blue', colorSpace='named', contrast=1.0, depth=0, flipHoriz=False, flipVert=False, font=list(...), fontFiles=[], height=62, italic=False, name='show correct ans', opacity=1.0, ori=0.0, pos=array([ 0.,  0.]), rgb=array([   0.,    0.,  255.]), text=u'feedback', units=u'norm', win=Window(...), wrapWidth=1)
5.9152 	EXP 	instruction: text = "Welcome to this experiment!\n\nIn this task you will be presented with a number of word pairs.\n\nPlease try to learn these word pairs to the best of your ability as you will be tested on them at a later stage.\n\nTo help you remember the pairs, please try to think of associations between the words themselves. For instance, if the word pair was 'tiger-shoe' you might try to picture in your mind a tiger wearing a shoe.\n\nPress RETURN to start the task.\n\n"
9.5978 	DATA 	Keypress: return
9.6350 	EXP 	instruction: text = 'Ready...'
11.1697 	EXP 	fixation cross on screen
11.1700 	DATA 	Keypress: return
11.9707 	DATA 	Keypress: space
12.2041 	EXP 	Encoding word pair: text = 'puzzle - dice'
17.2416 	EXP 	fixation cross on screen
18.2758 	EXP 	Encoding word pair: text = 'plate - lip'
23.0814 	DATA 	Keypress: escape
23.0816 	DATA 	Keypress: lctrl
23.3135 	EXP 	fixation cross on screen
