1.2320 	WARNING 	pyo audio lib was requested but not loaded: No module named pyo
6.1395 	INFO 	---START PARAMETERS---
6.1396 	INFO 	subject: 1
6.1398 	INFO 	session: 1
6.1398 	INFO 	date: Oct_19_2245
6.1398 	INFO 	isPractice: 1
6.1399 	INFO 	blockLengths: [8]
6.1401 	INFO 	randomizeBlocks: 1
6.1401 	INFO 	ITI_min: 4.500000
6.1402 	INFO 	ITI_range: 3.000000
6.1402 	INFO 	flankerDur: 0.080000
6.1403 	INFO 	targetDur: 0.030000
6.1403 	INFO 	respDur: 1
6.1405 	INFO 	blankDur: 0.000000
6.1405 	INFO 	respKeys: ['3', '1']
6.1405 	INFO 	triggerKey: ['5', 't']
6.1406 	INFO 	isFullScreen: 1
6.1406 	INFO 	fixCrossSize: 10.000000
6.1407 	INFO 	rtDeadline: 1.400000
6.1407 	INFO 	rtTooSlowDur: 0.600000
6.1408 	INFO 	---END PARAMETERS---
6.1419 	INFO 	Loaded monitor calibration from ['2017_05_17 09:51']
6.1446 	WARNING 	User requested fullscreen with size [1024  768], but screen is actually [1366, 768]. Using actual size
6.7975 	EXP 	Created win = Window(allowGUI=False, allowStencil=False, autoLog=True, bitsMode=UNKNOWN, blendMode='avg', color=array([ 0.7,  0.7,  0.7]), colorSpace='rgb', fullscr=UNKNOWN, gamma=None, lms=UNKNOWN, monitor=<psychopy.monitors.calibTools.Monitor object at 0xa777d54c>, name='win', pos=[0, 0], screen=0, size=array([1366,  768]), stereo=False, units='pix', useFBO=False, useRetina=False, viewOri=0.0, viewPos=None, viewScale=None, waitBlanking=True, winType='pyglet')
6.9168 	EXP 	Created fixation = TextStim(alignHoriz='center', alignVert='center', antialias=True, autoLog=True, bold=False, color='black', colorSpace='named', contrast=1.0, depth=0, flipHoriz=False, flipVert=False, font='', fontFiles=[], height=62, italic=False, name='fixation', opacity=1.0, ori=0.0, pos=array([ 0.,  0.]), rgb=array([ 0.,  0.,  0.]), text=u'+', units='pix', win=Window(...), wrapWidth=500)
6.9221 	EXP 	Created topMsg = TextStim(alignHoriz='center', alignVert='center', antialias=True, autoLog=True, bold=False, color='#000000', colorSpace='hex', contrast=1.0, depth=0, flipHoriz=False, flipVert=False, font='', fontFiles=[], height=20, italic=False, name='topMsg', opacity=1.0, ori=0.0, pos=array([   0.,  100.]), rgb=array([0, 0, 0]), text=u'aaa', units='pix', win=Window(...), wrapWidth=500)
6.9254 	EXP 	Created bottomMsg = TextStim(alignHoriz='center', alignVert='center', antialias=True, autoLog=True, bold=False, color='#000000', colorSpace='hex', contrast=1.0, depth=0, flipHoriz=False, flipVert=False, font='', fontFiles=[], height=20, italic=False, name='bottomMsg', opacity=1.0, ori=0.0, pos=array([   0., -100.]), rgb=array([0, 0, 0]), text=u'bbb', units='pix', win=Window(...), wrapWidth=500)
6.9301 	EXP 	Created target = TextStim(alignHoriz='center', alignVert='center', antialias=True, autoLog=True, bold=False, color='#000000', colorSpace='hex', contrast=1.0, depth=0, flipHoriz=False, flipVert=False, font=[], fontFiles=[], height=62, italic=False, name='target', opacity=1.0, ori=0.0, pos=array([ 0.,  0.]), rgb=array([0, 0, 0]), text=u'\u2190', units='pix', win=Window(...), wrapWidth=500)
6.9330 	EXP 	Created flanker1 = TextStim(alignHoriz='center', alignVert='center', antialias=True, autoLog=True, bold=False, color='#000000', colorSpace='hex', contrast=1.0, depth=0, flipHoriz=False, flipVert=False, font=[], fontFiles=[], height=62, italic=False, name='flanker1', opacity=1.0, ori=0.0, pos=array([-124.,    0.]), rgb=array([0, 0, 0]), text=u'\u2192', units='pix', win=Window(...), wrapWidth=500)
6.9355 	EXP 	Created flanker2 = TextStim(alignHoriz='center', alignVert='center', antialias=True, autoLog=True, bold=False, color='#000000', colorSpace='hex', contrast=1.0, depth=0, flipHoriz=False, flipVert=False, font=[], fontFiles=[], height=62, italic=False, name='flanker2', opacity=1.0, ori=0.0, pos=array([-62.,   0.]), rgb=array([0, 0, 0]), text=u'\u2192', units='pix', win=Window(...), wrapWidth=500)
6.9380 	EXP 	Created flanker3 = TextStim(alignHoriz='center', alignVert='center', antialias=True, autoLog=True, bold=False, color='#000000', colorSpace='hex', contrast=1.0, depth=0, flipHoriz=False, flipVert=False, font=[], fontFiles=[], height=62, italic=False, name='flanker3', opacity=1.0, ori=0.0, pos=array([ 62.,   0.]), rgb=array([0, 0, 0]), text=u'\u2192', units='pix', win=Window(...), wrapWidth=500)
6.9406 	EXP 	Created flanker4 = TextStim(alignHoriz='center', alignVert='center', antialias=True, autoLog=True, bold=False, color='#000000', colorSpace='hex', contrast=1.0, depth=0, flipHoriz=False, flipVert=False, font=[], fontFiles=[], height=62, italic=False, name='flanker4', opacity=1.0, ori=0.0, pos=array([ 124.,    0.]), rgb=array([0, 0, 0]), text=u'\u2192', units='pix', win=Window(...), wrapWidth=500)
6.9487 	EXP 	Created tooSlow = TextStim(alignHoriz='center', alignVert='center', antialias=True, autoLog=True, bold=False, color='red', colorSpace='named', contrast=1.0, depth=0, flipHoriz=False, flipVert=False, font='', fontFiles=[], height=30, italic=False, name='tooSlow', opacity=1.0, ori=0.0, pos=array([ 0.,  0.]), rgb=array([ 255.,    0.,    0.]), text=u'Too Slow!', units='pix', win=Window(...), wrapWidth=500)
6.9771 	EXP 	topMsg: text = 'Keep your eyes on the cross at the center of the screen when it appears. You will then see a series of arrows.'
6.9771 	EXP 	bottomMsg: text = 'Press any key to continue.'
6.9771 	EXP 	Display Instructions1
9.1903 	DATA 	Keypress: d
9.2092 	EXP 	topMsg: text = 'Using your right hand, press the left button whenever the middle arrow points left and right button when it points right.'
9.2092 	EXP 	bottomMsg: text = 'Press any key to continue.'
9.2092 	EXP 	Display Instructions2
10.8292 	DATA 	Keypress: d
10.8499 	EXP 	topMsg: text = "If you answer too slowly, you'll see a message reminding you to speed up. Please respond as accurately as possible without being slower than this deadline."
10.8499 	EXP 	bottomMsg: text = 'Press any key to continue.'
10.8499 	EXP 	Display Instructions3
11.3211 	DATA 	Keypress: d
11.3329 	EXP 	topMsg: text = ' '
11.3329 	EXP 	bottomMsg: text = "When you're ready to begin, press any key."
11.3329 	EXP 	Display Instructions4
12.7929 	DATA 	Keypress: d
12.8008 	EXP 	topMsg: text = 'Waiting for scanner to start...'
12.8008 	EXP 	bottomMsg: text = ''
12.8008 	EXP 	Display WaitingForScanner
14.6874 	DATA 	Keypress: 5
14.6898 	EXP 	Display Fixation
14.6898 	EXP 	---START EXPERIMENT---
14.6899 	EXP 	Start Block 0
14.6915 	EXP 	Display Fixation
21.7659 	EXP 	flanker1: text = u'\u2192'
21.7659 	EXP 	flanker2: text = u'\u2192'
21.7659 	EXP 	flanker3: text = u'\u2192'
21.7659 	EXP 	flanker4: text = u'\u2192'
21.7659 	EXP 	Display RightFlankers
21.8493 	EXP 	target: text = u'\u2190'
21.8493 	EXP 	Display LeftTarget
21.8826 	EXP 	Display Blank
23.2553 	EXP 	Display TooSlow
23.8802 	EXP 	topMsg: text = 'Whoops! That was incorrect. Press the LEFT button whenever the middle arrow points LEFT and the RIGHT button when it points RIGHT.'
23.8802 	EXP 	bottomMsg: text = 'Press any key to continue.'
23.8802 	EXP 	Display Feedback
30.1524 	DATA 	Keypress: space
30.1543 	EXP 	Display Fixation
30.1567 	EXP 	flanker1: text = u'\u2192'
30.1567 	EXP 	flanker2: text = u'\u2192'
30.1567 	EXP 	flanker3: text = u'\u2192'
30.1567 	EXP 	flanker4: text = u'\u2192'
30.1567 	EXP 	Display RightFlankers
30.2423 	EXP 	target: text = u'\u2192'
30.2423 	EXP 	Display RightTarget
30.2759 	EXP 	Display Blank
31.6478 	EXP 	Display TooSlow
32.2507 	EXP 	topMsg: text = 'Whoops! That was incorrect. Press the LEFT button whenever the middle arrow points LEFT and the RIGHT button when it points RIGHT.'
32.2507 	EXP 	bottomMsg: text = 'Press any key to continue.'
32.2507 	EXP 	Display Feedback
33.0069 	DATA 	Keypress: escape
33.0092 	EXP 	Display Fixation
37.1723 	EXP 	flanker1: text = u'\u2192'
37.1723 	EXP 	flanker2: text = u'\u2192'
37.1723 	EXP 	flanker3: text = u'\u2192'
37.1723 	EXP 	flanker4: text = u'\u2192'
37.1723 	EXP 	Display RightFlankers
37.2579 	EXP 	target: text = u'\u2190'
37.2579 	EXP 	Display LeftTarget
37.2912 	EXP 	Display Blank
38.6215 	DATA 	Keypress: escape
38.6628 	EXP 	Display TooSlow
39.2629 	EXP 	win: mouseVisible = True
