1.2401 	WARNING 	pyo audio lib was requested but not loaded: No module named pyo
2.3995 	INFO 	---START PARAMETERS---
2.3996 	INFO 	subject: 1
2.3996 	INFO 	session: 1
2.3996 	INFO 	date: May_23_1508
2.3997 	INFO 	isPractice: 1
2.3997 	INFO 	blockLengths: [8]
2.3998 	INFO 	randomizeBlocks: 1
2.3998 	INFO 	ITI_min: 4.500000
2.3998 	INFO 	ITI_range: 3.000000
2.3999 	INFO 	flankerDur: 0.080000
2.3999 	INFO 	targetDur: 0.030000
2.3999 	INFO 	respDur: 1
2.4000 	INFO 	blankDur: 0.000000
2.4000 	INFO 	respKeys: ['3', '1']
2.4001 	INFO 	triggerKey: ['5', 't']
2.4001 	INFO 	isFullScreen: 1
2.4001 	INFO 	fixCrossSize: 10.000000
2.4001 	INFO 	rtDeadline: 1.400000
2.4002 	INFO 	rtTooSlowDur: 0.600000
2.4002 	INFO 	---END PARAMETERS---
2.4012 	INFO 	Loaded monitor calibration from ['2017_05_17 09:51']
2.4040 	WARNING 	User requested fullscreen with size [1024  768], but screen is actually [1366, 768]. Using actual size
3.0360 	EXP 	Created win = Window(allowGUI=False, allowStencil=False, autoLog=True, bitsMode=UNKNOWN, blendMode='avg', color=array([ 0.7,  0.7,  0.7]), colorSpace='rgb', fullscr=UNKNOWN, gamma=None, lms=UNKNOWN, monitor=<psychopy.monitors.calibTools.Monitor object at 0xa785d6ac>, name='win', pos=[0, 0], screen=0, size=array([1366,  768]), stereo=False, units='pix', useFBO=False, useRetina=False, viewOri=0.0, viewPos=None, viewScale=None, waitBlanking=True, winType='pyglet')
3.1503 	EXP 	Created fixation = TextStim(alignHoriz='center', alignVert='center', antialias=True, autoLog=True, bold=False, color='black', colorSpace='named', contrast=1.0, depth=0, flipHoriz=False, flipVert=False, font='', fontFiles=[], height=62, italic=False, name='fixation', opacity=1.0, ori=0.0, pos=array([ 0.,  0.]), rgb=array([ 0.,  0.,  0.]), text=u'+', units='pix', win=Window(...), wrapWidth=500)
3.1557 	EXP 	Created topMsg = TextStim(alignHoriz='center', alignVert='center', antialias=True, autoLog=True, bold=False, color='#000000', colorSpace='hex', contrast=1.0, depth=0, flipHoriz=False, flipVert=False, font='', fontFiles=[], height=20, italic=False, name='topMsg', opacity=1.0, ori=0.0, pos=array([   0.,  100.]), rgb=array([0, 0, 0]), text=u'aaa', units='pix', win=Window(...), wrapWidth=500)
3.1590 	EXP 	Created bottomMsg = TextStim(alignHoriz='center', alignVert='center', antialias=True, autoLog=True, bold=False, color='#000000', colorSpace='hex', contrast=1.0, depth=0, flipHoriz=False, flipVert=False, font='', fontFiles=[], height=20, italic=False, name='bottomMsg', opacity=1.0, ori=0.0, pos=array([   0., -100.]), rgb=array([0, 0, 0]), text=u'bbb', units='pix', win=Window(...), wrapWidth=500)
3.1637 	EXP 	Created target = TextStim(alignHoriz='center', alignVert='center', antialias=True, autoLog=True, bold=False, color='#000000', colorSpace='hex', contrast=1.0, depth=0, flipHoriz=False, flipVert=False, font=[], fontFiles=[], height=62, italic=False, name='target', opacity=1.0, ori=0.0, pos=array([ 0.,  0.]), rgb=array([0, 0, 0]), text=u'\u2190', units='pix', win=Window(...), wrapWidth=500)
3.1666 	EXP 	Created flanker1 = TextStim(alignHoriz='center', alignVert='center', antialias=True, autoLog=True, bold=False, color='#000000', colorSpace='hex', contrast=1.0, depth=0, flipHoriz=False, flipVert=False, font=[], fontFiles=[], height=62, italic=False, name='flanker1', opacity=1.0, ori=0.0, pos=array([-124.,    0.]), rgb=array([0, 0, 0]), text=u'\u2192', units='pix', win=Window(...), wrapWidth=500)
3.1691 	EXP 	Created flanker2 = TextStim(alignHoriz='center', alignVert='center', antialias=True, autoLog=True, bold=False, color='#000000', colorSpace='hex', contrast=1.0, depth=0, flipHoriz=False, flipVert=False, font=[], fontFiles=[], height=62, italic=False, name='flanker2', opacity=1.0, ori=0.0, pos=array([-62.,   0.]), rgb=array([0, 0, 0]), text=u'\u2192', units='pix', win=Window(...), wrapWidth=500)
3.1716 	EXP 	Created flanker3 = TextStim(alignHoriz='center', alignVert='center', antialias=True, autoLog=True, bold=False, color='#000000', colorSpace='hex', contrast=1.0, depth=0, flipHoriz=False, flipVert=False, font=[], fontFiles=[], height=62, italic=False, name='flanker3', opacity=1.0, ori=0.0, pos=array([ 62.,   0.]), rgb=array([0, 0, 0]), text=u'\u2192', units='pix', win=Window(...), wrapWidth=500)
3.1743 	EXP 	Created flanker4 = TextStim(alignHoriz='center', alignVert='center', antialias=True, autoLog=True, bold=False, color='#000000', colorSpace='hex', contrast=1.0, depth=0, flipHoriz=False, flipVert=False, font=[], fontFiles=[], height=62, italic=False, name='flanker4', opacity=1.0, ori=0.0, pos=array([ 124.,    0.]), rgb=array([0, 0, 0]), text=u'\u2192', units='pix', win=Window(...), wrapWidth=500)
3.1823 	EXP 	Created tooSlow = TextStim(alignHoriz='center', alignVert='center', antialias=True, autoLog=True, bold=False, color='red', colorSpace='named', contrast=1.0, depth=0, flipHoriz=False, flipVert=False, font='', fontFiles=[], height=30, italic=False, name='tooSlow', opacity=1.0, ori=0.0, pos=array([ 0.,  0.]), rgb=array([ 255.,    0.,    0.]), text=u'Too Slow!', units='pix', win=Window(...), wrapWidth=500)
3.2092 	EXP 	topMsg: text = 'Keep your eyes on the cross at the center of the screen when it appears. You will then see a series of arrows.'
3.2092 	EXP 	bottomMsg: text = 'Press any key to continue.'
3.2092 	EXP 	Display Instructions1
4.3543 	DATA 	Keypress: space
4.3725 	EXP 	topMsg: text = 'Using your right hand, press the left button whenever the middle arrow points left and right button when it points right.'
4.3725 	EXP 	bottomMsg: text = 'Press any key to continue.'
4.3725 	EXP 	Display Instructions2
4.4954 	DATA 	Keypress: space
4.5153 	EXP 	topMsg: text = "If you answer too slowly, you'll see a message reminding you to speed up. Please respond as accurately as possible without being slower than this deadline."
4.5153 	EXP 	bottomMsg: text = 'Press any key to continue.'
4.5153 	EXP 	Display Instructions3
4.6289 	DATA 	Keypress: space
4.6393 	EXP 	topMsg: text = ' '
4.6393 	EXP 	bottomMsg: text = "When you're ready to begin, press any key."
4.6393 	EXP 	Display Instructions4
4.7385 	DATA 	Keypress: space
4.7456 	EXP 	topMsg: text = 'Waiting for scanner to start...'
4.7456 	EXP 	bottomMsg: text = ''
4.7456 	EXP 	Display WaitingForScanner
5.5391 	DATA 	Keypress: 5
5.5411 	EXP 	Display Fixation
5.5412 	EXP 	---START EXPERIMENT---
5.5412 	EXP 	Start Block 0
5.5443 	EXP 	Display Fixation
12.5447 	EXP 	flanker1: text = u'\u2192'
12.5447 	EXP 	flanker2: text = u'\u2192'
12.5447 	EXP 	flanker3: text = u'\u2192'
12.5447 	EXP 	flanker4: text = u'\u2192'
12.5447 	EXP 	Display RightFlankers
12.6276 	EXP 	target: text = u'\u2190'
12.6276 	EXP 	Display LeftTarget
12.6590 	EXP 	Display Blank
13.1704 	DATA 	Keypress: 1
14.0532 	EXP 	topMsg: text = 'Whoops! That was incorrect. Press the LEFT button whenever the middle arrow points LEFT and the RIGHT button when it points RIGHT.'
14.0532 	EXP 	bottomMsg: text = 'Press any key to continue.'
14.0532 	EXP 	Display Feedback
16.4479 	DATA 	Keypress: space
16.4491 	EXP 	Display Fixation
19.4353 	EXP 	flanker1: text = u'\u2192'
19.4353 	EXP 	flanker2: text = u'\u2192'
19.4353 	EXP 	flanker3: text = u'\u2192'
19.4353 	EXP 	flanker4: text = u'\u2192'
19.4353 	EXP 	Display RightFlankers
19.5172 	EXP 	target: text = u'\u2190'
19.5172 	EXP 	Display LeftTarget
19.5484 	EXP 	Display Blank
20.0755 	DATA 	Keypress: 1
20.9206 	EXP 	topMsg: text = 'Whoops! That was incorrect. Press the LEFT button whenever the middle arrow points LEFT and the RIGHT button when it points RIGHT.'
20.9206 	EXP 	bottomMsg: text = 'Press any key to continue.'
20.9206 	EXP 	Display Feedback
21.4881 	DATA 	Keypress: space
21.4901 	EXP 	Display Fixation
24.2731 	EXP 	flanker1: text = u'\u2192'
24.2731 	EXP 	flanker2: text = u'\u2192'
24.2731 	EXP 	flanker3: text = u'\u2192'
24.2731 	EXP 	flanker4: text = u'\u2192'
24.2731 	EXP 	Display RightFlankers
24.3574 	EXP 	target: text = u'\u2192'
24.3574 	EXP 	Display RightTarget
24.3881 	EXP 	Display Blank
24.8133 	DATA 	Keypress: 1
25.7600 	EXP 	Display Fixation
31.2422 	EXP 	flanker1: text = u'\u2190'
31.2422 	EXP 	flanker2: text = u'\u2190'
31.2422 	EXP 	flanker3: text = u'\u2190'
31.2422 	EXP 	flanker4: text = u'\u2190'
31.2422 	EXP 	Display LeftFlankers
31.3265 	EXP 	target: text = u'\u2190'
31.3265 	EXP 	Display LeftTarget
31.3578 	EXP 	Display Blank
31.7692 	DATA 	Keypress: 3
32.7301 	EXP 	Display Fixation
36.3730 	EXP 	flanker1: text = u'\u2192'
36.3730 	EXP 	flanker2: text = u'\u2192'
36.3730 	EXP 	flanker3: text = u'\u2192'
36.3730 	EXP 	flanker4: text = u'\u2192'
36.3730 	EXP 	Display RightFlankers
36.4579 	EXP 	target: text = u'\u2192'
36.4579 	EXP 	Display RightTarget
36.4896 	EXP 	Display Blank
36.9307 	DATA 	Keypress: 1
37.8615 	EXP 	Display Fixation
41.4835 	DATA 	Keypress: q
41.4849 	EXP 	flanker1: text = u'\u2190'
41.4849 	EXP 	flanker2: text = u'\u2190'
41.4849 	EXP 	flanker3: text = u'\u2190'
41.4849 	EXP 	flanker4: text = u'\u2190'
41.4849 	EXP 	Display LeftFlankers
41.5668 	EXP 	target: text = u'\u2192'
41.5668 	EXP 	Display RightTarget
41.5975 	EXP 	Display Blank
41.8519 	DATA 	Keypress: q
42.9693 	EXP 	Display TooSlow
43.5077 	DATA 	Keypress: q
43.5694 	EXP 	win: mouseVisible = True
