1.1961 	WARNING 	pyo audio lib was requested but not loaded: No module named pyo
3.3707 	INFO 	---START PARAMETERS---
3.3708 	INFO 	subject: 1
3.3708 	INFO 	session: 1
3.3708 	INFO 	date: Oct_19_2335
3.3708 	INFO 	isPractice: 1
3.3709 	INFO 	blockLengths: [8]
3.3709 	INFO 	randomizeBlocks: 1
3.3709 	INFO 	ITI_min: 4.500000
3.3709 	INFO 	ITI_range: 3.000000
3.3709 	INFO 	flankerDur: 0.080000
3.3710 	INFO 	targetDur: 0.030000
3.3710 	INFO 	respDur: 1
3.3710 	INFO 	blankDur: 0.000000
3.3710 	INFO 	respKeys: ['3', '1']
3.3710 	INFO 	triggerKey: ['5', 't']
3.3710 	INFO 	isFullScreen: 1
3.3711 	INFO 	fixCrossSize: 10.000000
3.3711 	INFO 	rtDeadline: 1.400000
3.3711 	INFO 	rtTooSlowDur: 0.600000
3.3711 	INFO 	---END PARAMETERS---
3.3718 	INFO 	Loaded monitor calibration from ['2017_05_17 09:51']
3.3745 	WARNING 	User requested fullscreen with size [1024  768], but screen is actually [1366, 768]. Using actual size
4.0127 	EXP 	Created win = Window(allowGUI=False, allowStencil=False, autoLog=True, bitsMode=UNKNOWN, blendMode='avg', color=array([ 0.7,  0.7,  0.7]), colorSpace='rgb', fullscr=UNKNOWN, gamma=None, lms=UNKNOWN, monitor=<psychopy.monitors.calibTools.Monitor object at 0xa77a754c>, name='win', pos=[0, 0], screen=0, size=array([1366,  768]), stereo=False, units='pix', useFBO=False, useRetina=False, viewOri=0.0, viewPos=None, viewScale=None, waitBlanking=True, winType='pyglet')
4.1238 	EXP 	Created fixation = TextStim(alignHoriz='center', alignVert='center', antialias=True, autoLog=True, bold=False, color='black', colorSpace='named', contrast=1.0, depth=0, flipHoriz=False, flipVert=False, font='', fontFiles=[], height=62, italic=False, name='fixation', opacity=1.0, ori=0.0, pos=array([ 0.,  0.]), rgb=array([ 0.,  0.,  0.]), text=u'+', units='pix', win=Window(...), wrapWidth=500)
4.1290 	EXP 	Created topMsg = TextStim(alignHoriz='center', alignVert='center', antialias=True, autoLog=True, bold=False, color='#000000', colorSpace='hex', contrast=1.0, depth=0, flipHoriz=False, flipVert=False, font='', fontFiles=[], height=20, italic=False, name='topMsg', opacity=1.0, ori=0.0, pos=array([   0.,  100.]), rgb=array([0, 0, 0]), text=u'aaa', units='pix', win=Window(...), wrapWidth=500)
4.1322 	EXP 	Created bottomMsg = TextStim(alignHoriz='center', alignVert='center', antialias=True, autoLog=True, bold=False, color='#000000', colorSpace='hex', contrast=1.0, depth=0, flipHoriz=False, flipVert=False, font='', fontFiles=[], height=20, italic=False, name='bottomMsg', opacity=1.0, ori=0.0, pos=array([   0., -100.]), rgb=array([0, 0, 0]), text=u'bbb', units='pix', win=Window(...), wrapWidth=500)
4.1369 	EXP 	Created target = TextStim(alignHoriz='center', alignVert='center', antialias=True, autoLog=True, bold=False, color='#000000', colorSpace='hex', contrast=1.0, depth=0, flipHoriz=False, flipVert=False, font=[], fontFiles=[], height=62, italic=False, name='target', opacity=1.0, ori=0.0, pos=array([ 0.,  0.]), rgb=array([0, 0, 0]), text=u'\u2190', units='pix', win=Window(...), wrapWidth=500)
4.1398 	EXP 	Created flanker1 = TextStim(alignHoriz='center', alignVert='center', antialias=True, autoLog=True, bold=False, color='#000000', colorSpace='hex', contrast=1.0, depth=0, flipHoriz=False, flipVert=False, font=[], fontFiles=[], height=62, italic=False, name='flanker1', opacity=1.0, ori=0.0, pos=array([-124.,    0.]), rgb=array([0, 0, 0]), text=u'\u2192', units='pix', win=Window(...), wrapWidth=500)
4.1423 	EXP 	Created flanker2 = TextStim(alignHoriz='center', alignVert='center', antialias=True, autoLog=True, bold=False, color='#000000', colorSpace='hex', contrast=1.0, depth=0, flipHoriz=False, flipVert=False, font=[], fontFiles=[], height=62, italic=False, name='flanker2', opacity=1.0, ori=0.0, pos=array([-62.,   0.]), rgb=array([0, 0, 0]), text=u'\u2192', units='pix', win=Window(...), wrapWidth=500)
4.1448 	EXP 	Created flanker3 = TextStim(alignHoriz='center', alignVert='center', antialias=True, autoLog=True, bold=False, color='#000000', colorSpace='hex', contrast=1.0, depth=0, flipHoriz=False, flipVert=False, font=[], fontFiles=[], height=62, italic=False, name='flanker3', opacity=1.0, ori=0.0, pos=array([ 62.,   0.]), rgb=array([0, 0, 0]), text=u'\u2192', units='pix', win=Window(...), wrapWidth=500)
4.1475 	EXP 	Created flanker4 = TextStim(alignHoriz='center', alignVert='center', antialias=True, autoLog=True, bold=False, color='#000000', colorSpace='hex', contrast=1.0, depth=0, flipHoriz=False, flipVert=False, font=[], fontFiles=[], height=62, italic=False, name='flanker4', opacity=1.0, ori=0.0, pos=array([ 124.,    0.]), rgb=array([0, 0, 0]), text=u'\u2192', units='pix', win=Window(...), wrapWidth=500)
4.1555 	EXP 	Created tooSlow = TextStim(alignHoriz='center', alignVert='center', antialias=True, autoLog=True, bold=False, color='red', colorSpace='named', contrast=1.0, depth=0, flipHoriz=False, flipVert=False, font='', fontFiles=[], height=30, italic=False, name='tooSlow', opacity=1.0, ori=0.0, pos=array([ 0.,  0.]), rgb=array([ 255.,    0.,    0.]), text=u'Too Slow!', units='pix', win=Window(...), wrapWidth=500)
4.1838 	EXP 	topMsg: text = 'Keep your eyes on the cross at the center of the screen when it appears. You will then see a series of arrows.'
4.1838 	EXP 	bottomMsg: text = 'Press any key to continue.'
4.1838 	EXP 	Display Instructions1
6.2152 	DATA 	Keypress: space
6.2342 	EXP 	topMsg: text = 'Using your right hand, press the left button whenever the middle arrow points left and right button when it points right.'
6.2342 	EXP 	bottomMsg: text = 'Press any key to continue.'
6.2342 	EXP 	Display Instructions2
7.2415 	DATA 	Keypress: space
7.2629 	EXP 	topMsg: text = "If you answer too slowly, you'll see a message reminding you to speed up. Please respond as accurately as possible without being slower than this deadline."
7.2629 	EXP 	bottomMsg: text = 'Press any key to continue.'
7.2629 	EXP 	Display Instructions3
7.6620 	DATA 	Keypress: space
7.6733 	EXP 	topMsg: text = ' '
7.6733 	EXP 	bottomMsg: text = "When you're ready to begin, press any key."
7.6733 	EXP 	Display Instructions4
8.7682 	DATA 	Keypress: space
8.7769 	EXP 	topMsg: text = 'Waiting for scanner to start...'
8.7769 	EXP 	bottomMsg: text = ''
8.7769 	EXP 	Display WaitingForScanner
10.8368 	DATA 	Keypress: 5
10.8387 	EXP 	Display Fixation
10.8388 	EXP 	---START EXPERIMENT---
10.8388 	EXP 	Start Block 0
10.8431 	EXP 	Display Fixation
17.2748 	DATA 	Keypress: space
17.2749 	DATA 	Keypress: a
17.2749 	DATA 	Keypress: a
17.2764 	EXP 	flanker1: text = u'\u2192'
17.2764 	EXP 	flanker2: text = u'\u2192'
17.2764 	EXP 	flanker3: text = u'\u2192'
17.2764 	EXP 	flanker4: text = u'\u2192'
17.2764 	EXP 	Display RightFlankers
17.3597 	EXP 	target: text = u'\u2190'
17.3597 	EXP 	Display LeftTarget
17.3932 	EXP 	Display Blank
18.7653 	EXP 	Display TooSlow
19.1874 	DATA 	Keypress: space
19.3907 	EXP 	topMsg: text = 'Whoops! That was incorrect. Press the LEFT button whenever the middle arrow points LEFT and the RIGHT button when it points RIGHT.'
19.3907 	EXP 	bottomMsg: text = 'Press any key to continue.'
19.3907 	EXP 	Display Feedback
20.2100 	DATA 	Keypress: a
20.2127 	EXP 	Display Fixation
23.7041 	DATA 	Keypress: escape
23.7056 	EXP 	flanker1: text = u'\u2190'
23.7056 	EXP 	flanker2: text = u'\u2190'
23.7056 	EXP 	flanker3: text = u'\u2190'
23.7056 	EXP 	flanker4: text = u'\u2190'
23.7056 	EXP 	Display LeftFlankers
23.7890 	EXP 	target: text = u'\u2190'
23.7890 	EXP 	Display LeftTarget
23.8226 	EXP 	Display Blank
24.2719 	DATA 	Keypress: escape
24.4771 	DATA 	Keypress: escape
24.6585 	DATA 	Keypress: escape
25.1950 	EXP 	Display TooSlow
25.6690 	DATA 	Keypress: q
25.7952 	EXP 	win: mouseVisible = True
