1.2143 	WARNING 	pyo audio lib was requested but not loaded: No module named pyo
3.1324 	INFO 	---START PARAMETERS---
3.1324 	INFO 	subject: 1
3.1325 	INFO 	session: 1
3.1325 	INFO 	date: May_23_1432
3.1326 	INFO 	isPractice: 0
3.1326 	INFO 	blockLengths: [10, 10]
3.1327 	INFO 	randomizeBlocks: 1
3.1327 	INFO 	ITI_min: 2.500000
3.1327 	INFO 	ITI_range: 1.000000
3.1327 	INFO 	flankerDur: 0.080000
3.1328 	INFO 	targetDur: 0.030000
3.1328 	INFO 	respDur: 1
3.1328 	INFO 	blankDur: 0.000000
3.1329 	INFO 	IBI: 15.000000
3.1329 	INFO 	respKeys: ['3', '1']
3.1329 	INFO 	triggerKey: ['5', 't']
3.1330 	INFO 	isFullScreen: 1
3.1330 	INFO 	fixCrossSize: 10.000000
3.1330 	INFO 	rtDeadline: 1.400000
3.1330 	INFO 	rtTooSlowDur: 0.600000
3.1331 	INFO 	---END PARAMETERS---
3.1340 	INFO 	Loaded monitor calibration from ['2017_05_17 09:51']
3.1364 	WARNING 	User requested fullscreen with size [1024  768], but screen is actually [1366, 768]. Using actual size
3.7515 	EXP 	Created win = Window(allowGUI=False, allowStencil=False, autoLog=True, bitsMode=UNKNOWN, blendMode='avg', color=array([ 0.7,  0.7,  0.7]), colorSpace='rgb', fullscr=UNKNOWN, gamma=None, lms=UNKNOWN, monitor=<psychopy.monitors.calibTools.Monitor object at 0xa779374c>, name='win', pos=[0, 0], screen=0, size=array([1366,  768]), stereo=False, units='pix', useFBO=False, useRetina=False, viewOri=0.0, viewPos=None, viewScale=None, waitBlanking=True, winType='pyglet')
3.8683 	EXP 	Created fixation = TextStim(alignHoriz='center', alignVert='center', antialias=True, autoLog=True, bold=False, color='black', colorSpace='named', contrast=1.0, depth=0, flipHoriz=False, flipVert=False, font='', fontFiles=[], height=62, italic=False, name='fixation', opacity=1.0, ori=0.0, pos=array([ 0.,  0.]), rgb=array([ 0.,  0.,  0.]), text=u'+', units='pix', win=Window(...), wrapWidth=500)
3.8763 	EXP 	Created topMsg = TextStim(alignHoriz='center', alignVert='center', antialias=True, autoLog=True, bold=False, color='#000000', colorSpace='hex', contrast=1.0, depth=0, flipHoriz=False, flipVert=False, font='', fontFiles=[], height=20, italic=False, name='topMsg', opacity=1.0, ori=0.0, pos=array([   0.,  100.]), rgb=array([0, 0, 0]), text=u'aaa', units='pix', win=Window(...), wrapWidth=500)
3.8796 	EXP 	Created bottomMsg = TextStim(alignHoriz='center', alignVert='center', antialias=True, autoLog=True, bold=False, color='#000000', colorSpace='hex', contrast=1.0, depth=0, flipHoriz=False, flipVert=False, font='', fontFiles=[], height=20, italic=False, name='bottomMsg', opacity=1.0, ori=0.0, pos=array([   0., -100.]), rgb=array([0, 0, 0]), text=u'bbb', units='pix', win=Window(...), wrapWidth=500)
3.8843 	EXP 	Created target = TextStim(alignHoriz='center', alignVert='center', antialias=True, autoLog=True, bold=False, color='#000000', colorSpace='hex', contrast=1.0, depth=0, flipHoriz=False, flipVert=False, font=[], fontFiles=[], height=62, italic=False, name='target', opacity=1.0, ori=0.0, pos=array([ 0.,  0.]), rgb=array([0, 0, 0]), text=u'\u2190', units='pix', win=Window(...), wrapWidth=500)
3.8872 	EXP 	Created flanker1 = TextStim(alignHoriz='center', alignVert='center', antialias=True, autoLog=True, bold=False, color='#000000', colorSpace='hex', contrast=1.0, depth=0, flipHoriz=False, flipVert=False, font=[], fontFiles=[], height=62, italic=False, name='flanker1', opacity=1.0, ori=0.0, pos=array([-124.,    0.]), rgb=array([0, 0, 0]), text=u'\u2192', units='pix', win=Window(...), wrapWidth=500)
3.8897 	EXP 	Created flanker2 = TextStim(alignHoriz='center', alignVert='center', antialias=True, autoLog=True, bold=False, color='#000000', colorSpace='hex', contrast=1.0, depth=0, flipHoriz=False, flipVert=False, font=[], fontFiles=[], height=62, italic=False, name='flanker2', opacity=1.0, ori=0.0, pos=array([-62.,   0.]), rgb=array([0, 0, 0]), text=u'\u2192', units='pix', win=Window(...), wrapWidth=500)
3.8922 	EXP 	Created flanker3 = TextStim(alignHoriz='center', alignVert='center', antialias=True, autoLog=True, bold=False, color='#000000', colorSpace='hex', contrast=1.0, depth=0, flipHoriz=False, flipVert=False, font=[], fontFiles=[], height=62, italic=False, name='flanker3', opacity=1.0, ori=0.0, pos=array([ 62.,   0.]), rgb=array([0, 0, 0]), text=u'\u2192', units='pix', win=Window(...), wrapWidth=500)
3.8949 	EXP 	Created flanker4 = TextStim(alignHoriz='center', alignVert='center', antialias=True, autoLog=True, bold=False, color='#000000', colorSpace='hex', contrast=1.0, depth=0, flipHoriz=False, flipVert=False, font=[], fontFiles=[], height=62, italic=False, name='flanker4', opacity=1.0, ori=0.0, pos=array([ 124.,    0.]), rgb=array([0, 0, 0]), text=u'\u2192', units='pix', win=Window(...), wrapWidth=500)
3.9030 	EXP 	Created tooSlow = TextStim(alignHoriz='center', alignVert='center', antialias=True, autoLog=True, bold=False, color='red', colorSpace='named', contrast=1.0, depth=0, flipHoriz=False, flipVert=False, font='', fontFiles=[], height=30, italic=False, name='tooSlow', opacity=1.0, ori=0.0, pos=array([ 0.,  0.]), rgb=array([ 255.,    0.,    0.]), text=u'Too Slow!', units='pix', win=Window(...), wrapWidth=500)
3.9304 	EXP 	topMsg: text = 'Keep your eyes on the cross at the center of the screen when it appears. You will then see a series of arrows.'
3.9304 	EXP 	bottomMsg: text = 'Press any key to continue.'
3.9304 	EXP 	Display Instructions1
4.6054 	DATA 	Keypress: space
4.6237 	EXP 	topMsg: text = 'Using your right hand, press the left button whenever the middle arrow points left and right button when it points right.'
4.6237 	EXP 	bottomMsg: text = 'Press any key to continue.'
4.6237 	EXP 	Display Instructions2
4.8579 	DATA 	Keypress: space
4.8781 	EXP 	topMsg: text = "If you answer too slowly, you'll see a message reminding you to speed up. Please respond as accurately as possible without being slower than this deadline."
4.8781 	EXP 	bottomMsg: text = 'Press any key to continue.'
4.8781 	EXP 	Display Instructions3
5.3578 	DATA 	Keypress: space
5.3684 	EXP 	topMsg: text = ' '
5.3684 	EXP 	bottomMsg: text = "When you're ready to begin, press any key."
5.3684 	EXP 	Display Instructions4
7.2437 	DATA 	Keypress: space
7.2514 	EXP 	topMsg: text = 'Waiting for scanner to start...'
7.2514 	EXP 	bottomMsg: text = ''
7.2514 	EXP 	Display WaitingForScanner
7.5818 	DATA 	Keypress: 5
7.5834 	EXP 	Display Fixation
7.8874 	DATA 	Keypress: lalt
16.9232 	DATA 	Mouse: Left button down, pos=(8,129)
16.9923 	DATA 	Mouse:  Left button up, pos=(8,129)
19.5144 	DATA 	Mouse: Left button down, pos=(379,5)
19.6074 	DATA 	Mouse:  Left button up, pos=(379,5)
21.4515 	DATA 	Keypress: q
21.4983 	DATA 	Keypress: escape
21.6148 	DATA 	Keypress: q
21.6935 	DATA 	Keypress: escape
21.8109 	DATA 	Keypress: q
21.9602 	DATA 	Keypress: escape
22.1016 	DATA 	Keypress: q
22.1484 	DATA 	Keypress: escape
22.3128 	DATA 	Keypress: escape
22.3129 	DATA 	Keypress: q
22.4690 	DATA 	Keypress: q
22.5158 	DATA 	Keypress: escape
22.5835 	EXP 	---START EXPERIMENT---
22.5836 	EXP 	Start Block 0
22.5852 	EXP 	Display Fixation
25.1565 	DATA 	Keypress: q
25.1566 	DATA 	Keypress: escape
25.1567 	DATA 	Keypress: q
25.1567 	DATA 	Keypress: escape
25.1568 	DATA 	Keypress: q
25.1568 	DATA 	Keypress: escape
25.1569 	DATA 	Keypress: q
25.1570 	DATA 	Keypress: escape
25.1571 	DATA 	Keypress: q
25.1571 	DATA 	Keypress: escape
25.1572 	DATA 	Keypress: q
25.1572 	DATA 	Keypress: escape
25.1573 	DATA 	Keypress: q
25.1574 	DATA 	Keypress: escape
25.1574 	DATA 	Keypress: q
25.1575 	DATA 	Keypress: escape
25.1575 	DATA 	Keypress: q
25.1576 	DATA 	Keypress: escape
25.1587 	EXP 	flanker1: text = u'\u2192'
25.1587 	EXP 	flanker2: text = u'\u2192'
25.1587 	EXP 	flanker3: text = u'\u2192'
25.1587 	EXP 	flanker4: text = u'\u2192'
25.1587 	EXP 	Display RightFlankers
25.2431 	EXP 	target: text = u'\u2192'
25.2431 	EXP 	Display RightTarget
25.2739 	EXP 	Display Blank
25.8179 	DATA 	Keypress: q
25.9284 	DATA 	Keypress: escape
26.0611 	DATA 	Keypress: q
26.1545 	DATA 	Keypress: escape
26.6462 	EXP 	Display TooSlow
27.2463 	EXP 	win: mouseVisible = True
