1.1933 	WARNING 	pyo audio lib was requested but not loaded: No module named pyo
3.2259 	INFO 	---START PARAMETERS---
3.2260 	INFO 	subject: 1
3.2261 	INFO 	session: 1
3.2261 	INFO 	date: Oct_04_1919
3.2261 	INFO 	isPractice: 1
3.2262 	INFO 	blockLengths: [8]
3.2262 	INFO 	randomizeBlocks: 1
3.2263 	INFO 	ITI_min: 4.500000
3.2263 	INFO 	ITI_range: 3.000000
3.2263 	INFO 	flankerDur: 0.080000
3.2264 	INFO 	targetDur: 0.030000
3.2264 	INFO 	respDur: 1
3.2264 	INFO 	blankDur: 0.000000
3.2265 	INFO 	respKeys: ['3', '1']
3.2265 	INFO 	triggerKey: ['5', 't']
3.2265 	INFO 	isFullScreen: 1
3.2266 	INFO 	fixCrossSize: 10.000000
3.2266 	INFO 	rtDeadline: 1.400000
3.2267 	INFO 	rtTooSlowDur: 0.600000
3.2267 	INFO 	---END PARAMETERS---
3.2276 	INFO 	Loaded monitor calibration from ['2017_05_17 09:51']
3.2304 	WARNING 	User requested fullscreen with size [1024  768], but screen is actually [1366, 768]. Using actual size
3.8544 	EXP 	Created win = Window(allowGUI=False, allowStencil=False, autoLog=True, bitsMode=UNKNOWN, blendMode='avg', color=array([ 0.7,  0.7,  0.7]), colorSpace='rgb', fullscr=UNKNOWN, gamma=None, lms=UNKNOWN, monitor=<psychopy.monitors.calibTools.Monitor object at 0xa78106ac>, name='win', pos=[0, 0], screen=0, size=array([1366,  768]), stereo=False, units='pix', useFBO=False, useRetina=False, viewOri=0.0, viewPos=None, viewScale=None, waitBlanking=True, winType='pyglet')
3.9631 	EXP 	Created fixation = TextStim(alignHoriz='center', alignVert='center', antialias=True, autoLog=True, bold=False, color='black', colorSpace='named', contrast=1.0, depth=0, flipHoriz=False, flipVert=False, font='', fontFiles=[], height=62, italic=False, name='fixation', opacity=1.0, ori=0.0, pos=array([ 0.,  0.]), rgb=array([ 0.,  0.,  0.]), text=u'+', units='pix', win=Window(...), wrapWidth=500)
3.9683 	EXP 	Created topMsg = TextStim(alignHoriz='center', alignVert='center', antialias=True, autoLog=True, bold=False, color='#000000', colorSpace='hex', contrast=1.0, depth=0, flipHoriz=False, flipVert=False, font='', fontFiles=[], height=20, italic=False, name='topMsg', opacity=1.0, ori=0.0, pos=array([   0.,  100.]), rgb=array([0, 0, 0]), text=u'aaa', units='pix', win=Window(...), wrapWidth=500)
3.9715 	EXP 	Created bottomMsg = TextStim(alignHoriz='center', alignVert='center', antialias=True, autoLog=True, bold=False, color='#000000', colorSpace='hex', contrast=1.0, depth=0, flipHoriz=False, flipVert=False, font='', fontFiles=[], height=20, italic=False, name='bottomMsg', opacity=1.0, ori=0.0, pos=array([   0., -100.]), rgb=array([0, 0, 0]), text=u'bbb', units='pix', win=Window(...), wrapWidth=500)
3.9762 	EXP 	Created target = TextStim(alignHoriz='center', alignVert='center', antialias=True, autoLog=True, bold=False, color='#000000', colorSpace='hex', contrast=1.0, depth=0, flipHoriz=False, flipVert=False, font=[], fontFiles=[], height=62, italic=False, name='target', opacity=1.0, ori=0.0, pos=array([ 0.,  0.]), rgb=array([0, 0, 0]), text=u'\u2190', units='pix', win=Window(...), wrapWidth=500)
3.9791 	EXP 	Created flanker1 = TextStim(alignHoriz='center', alignVert='center', antialias=True, autoLog=True, bold=False, color='#000000', colorSpace='hex', contrast=1.0, depth=0, flipHoriz=False, flipVert=False, font=[], fontFiles=[], height=62, italic=False, name='flanker1', opacity=1.0, ori=0.0, pos=array([-124.,    0.]), rgb=array([0, 0, 0]), text=u'\u2192', units='pix', win=Window(...), wrapWidth=500)
3.9816 	EXP 	Created flanker2 = TextStim(alignHoriz='center', alignVert='center', antialias=True, autoLog=True, bold=False, color='#000000', colorSpace='hex', contrast=1.0, depth=0, flipHoriz=False, flipVert=False, font=[], fontFiles=[], height=62, italic=False, name='flanker2', opacity=1.0, ori=0.0, pos=array([-62.,   0.]), rgb=array([0, 0, 0]), text=u'\u2192', units='pix', win=Window(...), wrapWidth=500)
3.9841 	EXP 	Created flanker3 = TextStim(alignHoriz='center', alignVert='center', antialias=True, autoLog=True, bold=False, color='#000000', colorSpace='hex', contrast=1.0, depth=0, flipHoriz=False, flipVert=False, font=[], fontFiles=[], height=62, italic=False, name='flanker3', opacity=1.0, ori=0.0, pos=array([ 62.,   0.]), rgb=array([0, 0, 0]), text=u'\u2192', units='pix', win=Window(...), wrapWidth=500)
3.9868 	EXP 	Created flanker4 = TextStim(alignHoriz='center', alignVert='center', antialias=True, autoLog=True, bold=False, color='#000000', colorSpace='hex', contrast=1.0, depth=0, flipHoriz=False, flipVert=False, font=[], fontFiles=[], height=62, italic=False, name='flanker4', opacity=1.0, ori=0.0, pos=array([ 124.,    0.]), rgb=array([0, 0, 0]), text=u'\u2192', units='pix', win=Window(...), wrapWidth=500)
3.9948 	EXP 	Created tooSlow = TextStim(alignHoriz='center', alignVert='center', antialias=True, autoLog=True, bold=False, color='red', colorSpace='named', contrast=1.0, depth=0, flipHoriz=False, flipVert=False, font='', fontFiles=[], height=30, italic=False, name='tooSlow', opacity=1.0, ori=0.0, pos=array([ 0.,  0.]), rgb=array([ 255.,    0.,    0.]), text=u'Too Slow!', units='pix', win=Window(...), wrapWidth=500)
4.0217 	EXP 	topMsg: text = 'Keep your eyes on the cross at the center of the screen when it appears. You will then see a series of arrows.'
4.0217 	EXP 	bottomMsg: text = 'Press any key to continue.'
4.0217 	EXP 	Display Instructions1
5.7693 	DATA 	Keypress: space
5.7879 	EXP 	topMsg: text = 'Using your right hand, press the left button whenever the middle arrow points left and right button when it points right.'
5.7879 	EXP 	bottomMsg: text = 'Press any key to continue.'
5.7879 	EXP 	Display Instructions2
7.0974 	DATA 	Keypress: space
7.1180 	EXP 	topMsg: text = "If you answer too slowly, you'll see a message reminding you to speed up. Please respond as accurately as possible without being slower than this deadline."
7.1180 	EXP 	bottomMsg: text = 'Press any key to continue.'
7.1180 	EXP 	Display Instructions3
7.8922 	DATA 	Keypress: space
7.9025 	EXP 	topMsg: text = ' '
7.9025 	EXP 	bottomMsg: text = "When you're ready to begin, press any key."
7.9025 	EXP 	Display Instructions4
9.3722 	DATA 	Keypress: space
9.3796 	EXP 	topMsg: text = 'Waiting for scanner to start...'
9.3796 	EXP 	bottomMsg: text = ''
9.3796 	EXP 	Display WaitingForScanner
10.9054 	DATA 	Keypress: 5
10.9067 	EXP 	Display Fixation
10.9067 	EXP 	---START EXPERIMENT---
10.9068 	EXP 	Start Block 0
10.9188 	EXP 	Display Fixation
15.6848 	EXP 	flanker1: text = u'\u2190'
15.6848 	EXP 	flanker2: text = u'\u2190'
15.6848 	EXP 	flanker3: text = u'\u2190'
15.6848 	EXP 	flanker4: text = u'\u2190'
15.6848 	EXP 	Display LeftFlankers
15.7690 	EXP 	target: text = u'\u2192'
15.7690 	EXP 	Display RightTarget
15.8003 	EXP 	Display Blank
16.1362 	DATA 	Keypress: 1
17.1716 	EXP 	Display Fixation
22.6998 	EXP 	flanker1: text = u'\u2192'
22.6998 	EXP 	flanker2: text = u'\u2192'
22.6998 	EXP 	flanker3: text = u'\u2192'
22.6998 	EXP 	flanker4: text = u'\u2192'
22.6998 	EXP 	Display RightFlankers
22.7842 	EXP 	target: text = u'\u2190'
22.7842 	EXP 	Display LeftTarget
22.8154 	EXP 	Display Blank
22.9068 	DATA 	Keypress: 3
24.1867 	EXP 	Display Fixation
27.8243 	DATA 	Keypress: q
27.8251 	EXP 	flanker1: text = u'\u2192'
27.8251 	EXP 	flanker2: text = u'\u2192'
27.8251 	EXP 	flanker3: text = u'\u2192'
27.8251 	EXP 	flanker4: text = u'\u2192'
27.8251 	EXP 	Display RightFlankers
27.9073 	EXP 	target: text = u'\u2190'
27.9073 	EXP 	Display LeftTarget
27.9384 	EXP 	Display Blank
28.2796 	DATA 	Keypress: q
28.4608 	DATA 	Keypress: q
29.3106 	EXP 	Display TooSlow
29.9107 	EXP 	win: mouseVisible = True
