1.1751 	WARNING 	pyo audio lib was requested but not loaded: No module named pyo
3.8013 	INFO 	---START PARAMETERS---
3.8014 	INFO 	subject: 1
3.8014 	INFO 	session: 1
3.8014 	INFO 	date: Oct_19_2255
3.8014 	INFO 	isPractice: 0
3.8014 	INFO 	blockLengths: [52, 52]
3.8014 	INFO 	randomizeBlocks: 1
3.8015 	INFO 	ITI_min: 4.500000
3.8015 	INFO 	ITI_range: 3.000000
3.8015 	INFO 	flankerDur: 0.080000
3.8015 	INFO 	targetDur: 0.030000
3.8015 	INFO 	respDur: 1
3.8015 	INFO 	blankDur: 0.000000
3.8015 	INFO 	respKeys: ['3', '1']
3.8015 	INFO 	triggerKey: ['5', 't']
3.8015 	INFO 	isFullScreen: 1
3.8016 	INFO 	fixCrossSize: 10.000000
3.8016 	INFO 	rtDeadline: 1.400000
3.8016 	INFO 	rtTooSlowDur: 0.600000
3.8016 	INFO 	---END PARAMETERS---
3.8020 	INFO 	Loaded monitor calibration from ['2017_05_17 09:51']
3.8026 	WARNING 	User requested fullscreen with size [1024  768], but screen is actually [1366, 768]. Using actual size
4.3918 	EXP 	Created win = Window(allowGUI=False, allowStencil=False, autoLog=True, bitsMode=UNKNOWN, blendMode='avg', color=array([ 0.7,  0.7,  0.7]), colorSpace='rgb', fullscr=UNKNOWN, gamma=None, lms=UNKNOWN, monitor=<psychopy.monitors.calibTools.Monitor object at 0xa77e160c>, name='win', pos=[0, 0], screen=0, size=array([1366,  768]), stereo=False, units='pix', useFBO=False, useRetina=False, viewOri=0.0, viewPos=None, viewScale=None, waitBlanking=True, winType='pyglet')
4.5003 	EXP 	Created fixation = TextStim(alignHoriz='center', alignVert='center', antialias=True, autoLog=True, bold=False, color='black', colorSpace='named', contrast=1.0, depth=0, flipHoriz=False, flipVert=False, font='', fontFiles=[], height=62, italic=False, name='fixation', opacity=1.0, ori=0.0, pos=array([ 0.,  0.]), rgb=array([ 0.,  0.,  0.]), text=u'+', units='pix', win=Window(...), wrapWidth=500)
4.5055 	EXP 	Created topMsg = TextStim(alignHoriz='center', alignVert='center', antialias=True, autoLog=True, bold=False, color='#000000', colorSpace='hex', contrast=1.0, depth=0, flipHoriz=False, flipVert=False, font='', fontFiles=[], height=20, italic=False, name='topMsg', opacity=1.0, ori=0.0, pos=array([   0.,  100.]), rgb=array([0, 0, 0]), text=u'aaa', units='pix', win=Window(...), wrapWidth=500)
4.5087 	EXP 	Created bottomMsg = TextStim(alignHoriz='center', alignVert='center', antialias=True, autoLog=True, bold=False, color='#000000', colorSpace='hex', contrast=1.0, depth=0, flipHoriz=False, flipVert=False, font='', fontFiles=[], height=20, italic=False, name='bottomMsg', opacity=1.0, ori=0.0, pos=array([   0., -100.]), rgb=array([0, 0, 0]), text=u'bbb', units='pix', win=Window(...), wrapWidth=500)
4.5134 	EXP 	Created target = TextStim(alignHoriz='center', alignVert='center', antialias=True, autoLog=True, bold=False, color='#000000', colorSpace='hex', contrast=1.0, depth=0, flipHoriz=False, flipVert=False, font=[], fontFiles=[], height=62, italic=False, name='target', opacity=1.0, ori=0.0, pos=array([ 0.,  0.]), rgb=array([0, 0, 0]), text=u'\u2190', units='pix', win=Window(...), wrapWidth=500)
4.5162 	EXP 	Created flanker1 = TextStim(alignHoriz='center', alignVert='center', antialias=True, autoLog=True, bold=False, color='#000000', colorSpace='hex', contrast=1.0, depth=0, flipHoriz=False, flipVert=False, font=[], fontFiles=[], height=62, italic=False, name='flanker1', opacity=1.0, ori=0.0, pos=array([-124.,    0.]), rgb=array([0, 0, 0]), text=u'\u2192', units='pix', win=Window(...), wrapWidth=500)
4.5187 	EXP 	Created flanker2 = TextStim(alignHoriz='center', alignVert='center', antialias=True, autoLog=True, bold=False, color='#000000', colorSpace='hex', contrast=1.0, depth=0, flipHoriz=False, flipVert=False, font=[], fontFiles=[], height=62, italic=False, name='flanker2', opacity=1.0, ori=0.0, pos=array([-62.,   0.]), rgb=array([0, 0, 0]), text=u'\u2192', units='pix', win=Window(...), wrapWidth=500)
4.5212 	EXP 	Created flanker3 = TextStim(alignHoriz='center', alignVert='center', antialias=True, autoLog=True, bold=False, color='#000000', colorSpace='hex', contrast=1.0, depth=0, flipHoriz=False, flipVert=False, font=[], fontFiles=[], height=62, italic=False, name='flanker3', opacity=1.0, ori=0.0, pos=array([ 62.,   0.]), rgb=array([0, 0, 0]), text=u'\u2192', units='pix', win=Window(...), wrapWidth=500)
4.5238 	EXP 	Created flanker4 = TextStim(alignHoriz='center', alignVert='center', antialias=True, autoLog=True, bold=False, color='#000000', colorSpace='hex', contrast=1.0, depth=0, flipHoriz=False, flipVert=False, font=[], fontFiles=[], height=62, italic=False, name='flanker4', opacity=1.0, ori=0.0, pos=array([ 124.,    0.]), rgb=array([0, 0, 0]), text=u'\u2192', units='pix', win=Window(...), wrapWidth=500)
4.5319 	EXP 	Created tooSlow = TextStim(alignHoriz='center', alignVert='center', antialias=True, autoLog=True, bold=False, color='red', colorSpace='named', contrast=1.0, depth=0, flipHoriz=False, flipVert=False, font='', fontFiles=[], height=30, italic=False, name='tooSlow', opacity=1.0, ori=0.0, pos=array([ 0.,  0.]), rgb=array([ 255.,    0.,    0.]), text=u'Too Slow!', units='pix', win=Window(...), wrapWidth=500)
4.5601 	EXP 	topMsg: text = 'Keep your eyes on the cross at the center of the screen when it appears. You will then see a series of arrows.'
4.5601 	EXP 	bottomMsg: text = 'Press any key to continue.'
4.5601 	EXP 	Display Instructions1
6.0125 	DATA 	Keypress: space
6.0311 	EXP 	topMsg: text = 'Using your right hand, press the left button whenever the middle arrow points left and right button when it points right.'
6.0311 	EXP 	bottomMsg: text = 'Press any key to continue.'
6.0311 	EXP 	Display Instructions2
6.7671 	DATA 	Keypress: space
6.7882 	EXP 	topMsg: text = "If you answer too slowly, you'll see a message reminding you to speed up. Please respond as accurately as possible without being slower than this deadline."
6.7882 	EXP 	bottomMsg: text = 'Press any key to continue.'
6.7882 	EXP 	Display Instructions3
7.3708 	DATA 	Keypress: space
7.3824 	EXP 	topMsg: text = ' '
7.3824 	EXP 	bottomMsg: text = "When you're ready to begin, press any key."
7.3824 	EXP 	Display Instructions4
8.4126 	DATA 	Keypress: space
8.4203 	EXP 	topMsg: text = 'Waiting for scanner to start...'
8.4203 	EXP 	bottomMsg: text = ''
8.4203 	EXP 	Display WaitingForScanner
9.9780 	DATA 	Keypress: 5
9.9797 	EXP 	Display Fixation
9.9798 	EXP 	---START EXPERIMENT---
9.9798 	EXP 	Start Block 0
9.9918 	EXP 	Display Fixation
15.1395 	DATA 	Keypress: z
15.1411 	EXP 	flanker1: text = u'\u2192'
15.1411 	EXP 	flanker2: text = u'\u2192'
15.1411 	EXP 	flanker3: text = u'\u2192'
15.1411 	EXP 	flanker4: text = u'\u2192'
15.1411 	EXP 	Display RightFlankers
15.2245 	EXP 	target: text = u'\u2190'
15.2245 	EXP 	Display LeftTarget
15.2579 	EXP 	Display Blank
16.6306 	EXP 	Display TooSlow
17.1438 	DATA 	Keypress: z
17.2324 	EXP 	Display Fixation
20.8158 	DATA 	Keypress: z
20.8159 	DATA 	Keypress: z
20.8159 	DATA 	Keypress: z
20.8160 	DATA 	Keypress: z
20.8161 	DATA 	Keypress: z
20.8161 	DATA 	Keypress: z
20.8162 	DATA 	Keypress: z
20.8163 	DATA 	Keypress: z
20.8164 	DATA 	Keypress: lshift
20.8164 	DATA 	Keypress: percent
20.8165 	DATA 	Keypress: c
20.8178 	EXP 	flanker1: text = u'\u2190'
20.8178 	EXP 	flanker2: text = u'\u2190'
20.8178 	EXP 	flanker3: text = u'\u2190'
20.8178 	EXP 	flanker4: text = u'\u2190'
20.8178 	EXP 	Display LeftFlankers
20.9034 	EXP 	target: text = u'\u2192'
20.9034 	EXP 	Display RightTarget
20.9366 	EXP 	Display Blank
21.7171 	DATA 	Keypress: lshift
21.9337 	DATA 	Keypress: percent
22.1534 	DATA 	Keypress: c
22.3092 	EXP 	Display TooSlow
22.9111 	EXP 	Display Fixation
27.4315 	DATA 	Keypress: lshift
27.4315 	DATA 	Keypress: z
27.4316 	DATA 	Keypress: z
27.4317 	DATA 	Keypress: z
27.4318 	DATA 	Keypress: z
27.4318 	DATA 	Keypress: z
27.4319 	DATA 	Keypress: z
27.4320 	DATA 	Keypress: z
27.4320 	DATA 	Keypress: z
27.4321 	DATA 	Keypress: z
27.4321 	DATA 	Keypress: z
27.4337 	EXP 	flanker1: text = u'\u2190'
27.4337 	EXP 	flanker2: text = u'\u2190'
27.4337 	EXP 	flanker3: text = u'\u2190'
27.4337 	EXP 	flanker4: text = u'\u2190'
27.4337 	EXP 	Display LeftFlankers
27.5171 	EXP 	target: text = u'\u2192'
27.5171 	EXP 	Display RightTarget
27.5507 	EXP 	Display Blank
28.9224 	EXP 	Display TooSlow
29.5250 	EXP 	Display Fixation
34.6379 	DATA 	Keypress: escape
34.6380 	DATA 	Keypress: escape
34.6395 	EXP 	flanker1: text = u'\u2192'
34.6395 	EXP 	flanker2: text = u'\u2192'
34.6395 	EXP 	flanker3: text = u'\u2192'
34.6395 	EXP 	flanker4: text = u'\u2192'
34.6395 	EXP 	Display RightFlankers
34.7251 	EXP 	target: text = u'\u2190'
34.7251 	EXP 	Display LeftTarget
34.7586 	EXP 	Display Blank
35.1456 	DATA 	Keypress: escape
36.1311 	EXP 	Display TooSlow
36.6098 	DATA 	Keypress: escape
36.7313 	EXP 	win: mouseVisible = True
