1.1988 	WARNING 	pyo audio lib was requested but not loaded: No module named pyo
4.1607 	INFO 	---START PARAMETERS---
4.1607 	INFO 	subject: 1
4.1608 	INFO 	session: 1
4.1608 	INFO 	date: May_23_1429
4.1608 	INFO 	isPractice: 0
4.1608 	INFO 	blockLengths: [10, 10]
4.1608 	INFO 	randomizeBlocks: 1
4.1608 	INFO 	ITI_min: 2.500000
4.1608 	INFO 	ITI_range: 1.000000
4.1608 	INFO 	flankerDur: 0.080000
4.1608 	INFO 	targetDur: 0.030000
4.1608 	INFO 	respDur: 1
4.1608 	INFO 	blankDur: 0.000000
4.1609 	INFO 	IBI: 15.000000
4.1609 	INFO 	respKeys: ['3', '1']
4.1609 	INFO 	triggerKey: ['5', 't']
4.1609 	INFO 	isFullScreen: 1
4.1609 	INFO 	fixCrossSize: 10.000000
4.1609 	INFO 	rtDeadline: 1.400000
4.1609 	INFO 	rtTooSlowDur: 0.600000
4.1609 	INFO 	---END PARAMETERS---
4.1612 	INFO 	Loaded monitor calibration from ['2017_05_17 09:51']
4.1622 	WARNING 	User requested fullscreen with size [1024  768], but screen is actually [1366, 768]. Using actual size
4.8048 	EXP 	Created win = Window(allowGUI=False, allowStencil=False, autoLog=True, bitsMode=UNKNOWN, blendMode='avg', color=array([ 0.7,  0.7,  0.7]), colorSpace='rgb', fullscr=UNKNOWN, gamma=None, lms=UNKNOWN, monitor=<psychopy.monitors.calibTools.Monitor object at 0xa783374c>, name='win', pos=[0, 0], screen=0, size=array([1366,  768]), stereo=False, units='pix', useFBO=False, useRetina=False, viewOri=0.0, viewPos=None, viewScale=None, waitBlanking=True, winType='pyglet')
4.9315 	EXP 	Created fixation = TextStim(alignHoriz='center', alignVert='center', antialias=True, autoLog=True, bold=False, color='black', colorSpace='named', contrast=1.0, depth=0, flipHoriz=False, flipVert=False, font='', fontFiles=[], height=62, italic=False, name='fixation', opacity=1.0, ori=0.0, pos=array([ 0.,  0.]), rgb=array([ 0.,  0.,  0.]), text=u'+', units='pix', win=Window(...), wrapWidth=500)
4.9406 	EXP 	Created topMsg = TextStim(alignHoriz='center', alignVert='center', antialias=True, autoLog=True, bold=False, color='#000000', colorSpace='hex', contrast=1.0, depth=0, flipHoriz=False, flipVert=False, font='', fontFiles=[], height=20, italic=False, name='topMsg', opacity=1.0, ori=0.0, pos=array([   0.,  100.]), rgb=array([0, 0, 0]), text=u'aaa', units='pix', win=Window(...), wrapWidth=500)
4.9461 	EXP 	Created bottomMsg = TextStim(alignHoriz='center', alignVert='center', antialias=True, autoLog=True, bold=False, color='#000000', colorSpace='hex', contrast=1.0, depth=0, flipHoriz=False, flipVert=False, font='', fontFiles=[], height=20, italic=False, name='bottomMsg', opacity=1.0, ori=0.0, pos=array([   0., -100.]), rgb=array([0, 0, 0]), text=u'bbb', units='pix', win=Window(...), wrapWidth=500)
4.9538 	EXP 	Created target = TextStim(alignHoriz='center', alignVert='center', antialias=True, autoLog=True, bold=False, color='#000000', colorSpace='hex', contrast=1.0, depth=0, flipHoriz=False, flipVert=False, font=[], fontFiles=[], height=62, italic=False, name='target', opacity=1.0, ori=0.0, pos=array([ 0.,  0.]), rgb=array([0, 0, 0]), text=u'\u2190', units='pix', win=Window(...), wrapWidth=500)
4.9583 	EXP 	Created flanker1 = TextStim(alignHoriz='center', alignVert='center', antialias=True, autoLog=True, bold=False, color='#000000', colorSpace='hex', contrast=1.0, depth=0, flipHoriz=False, flipVert=False, font=[], fontFiles=[], height=62, italic=False, name='flanker1', opacity=1.0, ori=0.0, pos=array([-124.,    0.]), rgb=array([0, 0, 0]), text=u'\u2192', units='pix', win=Window(...), wrapWidth=500)
4.9623 	EXP 	Created flanker2 = TextStim(alignHoriz='center', alignVert='center', antialias=True, autoLog=True, bold=False, color='#000000', colorSpace='hex', contrast=1.0, depth=0, flipHoriz=False, flipVert=False, font=[], fontFiles=[], height=62, italic=False, name='flanker2', opacity=1.0, ori=0.0, pos=array([-62.,   0.]), rgb=array([0, 0, 0]), text=u'\u2192', units='pix', win=Window(...), wrapWidth=500)
4.9661 	EXP 	Created flanker3 = TextStim(alignHoriz='center', alignVert='center', antialias=True, autoLog=True, bold=False, color='#000000', colorSpace='hex', contrast=1.0, depth=0, flipHoriz=False, flipVert=False, font=[], fontFiles=[], height=62, italic=False, name='flanker3', opacity=1.0, ori=0.0, pos=array([ 62.,   0.]), rgb=array([0, 0, 0]), text=u'\u2192', units='pix', win=Window(...), wrapWidth=500)
4.9688 	EXP 	Created flanker4 = TextStim(alignHoriz='center', alignVert='center', antialias=True, autoLog=True, bold=False, color='#000000', colorSpace='hex', contrast=1.0, depth=0, flipHoriz=False, flipVert=False, font=[], fontFiles=[], height=62, italic=False, name='flanker4', opacity=1.0, ori=0.0, pos=array([ 124.,    0.]), rgb=array([0, 0, 0]), text=u'\u2192', units='pix', win=Window(...), wrapWidth=500)
4.9769 	EXP 	Created tooSlow = TextStim(alignHoriz='center', alignVert='center', antialias=True, autoLog=True, bold=False, color='red', colorSpace='named', contrast=1.0, depth=0, flipHoriz=False, flipVert=False, font='', fontFiles=[], height=30, italic=False, name='tooSlow', opacity=1.0, ori=0.0, pos=array([ 0.,  0.]), rgb=array([ 255.,    0.,    0.]), text=u'Too Slow!', units='pix', win=Window(...), wrapWidth=500)
5.0036 	EXP 	topMsg: text = 'Keep your eyes on the cross at the center of the screen when it appears. You will then see a series of arrows.'
5.0036 	EXP 	bottomMsg: text = 'Press any key to continue.'
5.0036 	EXP 	Display Instructions1
5.5294 	DATA 	Keypress: space
5.5475 	EXP 	topMsg: text = 'Using your right hand, press the left button whenever the middle arrow points left and right button when it points right.'
5.5475 	EXP 	bottomMsg: text = 'Press any key to continue.'
5.5475 	EXP 	Display Instructions2
5.6862 	DATA 	Keypress: space
5.7063 	EXP 	topMsg: text = "If you answer too slowly, you'll see a message reminding you to speed up. Please respond as accurately as possible without being slower than this deadline."
5.7063 	EXP 	bottomMsg: text = 'Press any key to continue.'
5.7063 	EXP 	Display Instructions3
5.7957 	DATA 	Keypress: space
5.8062 	EXP 	topMsg: text = ' '
5.8062 	EXP 	bottomMsg: text = "When you're ready to begin, press any key."
5.8062 	EXP 	Display Instructions4
5.9211 	DATA 	Keypress: space
5.9289 	EXP 	topMsg: text = 'Waiting for scanner to start...'
5.9289 	EXP 	bottomMsg: text = ''
5.9289 	EXP 	Display WaitingForScanner
7.3174 	DATA 	Keypress: 5
7.3193 	EXP 	Display Fixation
17.6166 	DATA 	Keypress: lctrl
17.6886 	DATA 	Keypress: c
18.1460 	DATA 	Keypress: lctrl
18.1862 	DATA 	Keypress: c
18.7470 	DATA 	Keypress: lctrl
18.8909 	DATA 	Keypress: c
20.1449 	DATA 	Keypress: escape
20.3738 	DATA 	Keypress: escape
21.5165 	DATA 	Keypress: 5
22.3194 	EXP 	---START EXPERIMENT---
22.3194 	EXP 	Start Block 0
22.3207 	EXP 	Display Fixation
25.2568 	EXP 	flanker1: text = u'\u2190'
25.2568 	EXP 	flanker2: text = u'\u2190'
25.2568 	EXP 	flanker3: text = u'\u2190'
25.2568 	EXP 	flanker4: text = u'\u2190'
25.2568 	EXP 	Display LeftFlankers
25.3392 	EXP 	target: text = u'\u2190'
25.3392 	EXP 	Display LeftTarget
25.3702 	EXP 	Display Blank
25.7891 	DATA 	Keypress: escape
26.1787 	DATA 	Keypress: 5
26.6689 	DATA 	Keypress: escape
26.7417 	EXP 	Display TooSlow
26.9058 	DATA 	Keypress: escape
27.1108 	DATA 	Keypress: escape
27.3418 	EXP 	win: mouseVisible = True
