1.2317 	WARNING 	pyo audio lib was requested but not loaded: No module named pyo
2.5726 	INFO 	---START PARAMETERS---
2.5726 	INFO 	subject: 1
2.5726 	INFO 	session: 1
2.5726 	INFO 	date: May_23_1505
2.5727 	INFO 	isPractice: 0
2.5727 	INFO 	blockLengths: [3, 3]
2.5728 	INFO 	randomizeBlocks: 1
2.5728 	INFO 	ITI_min: 4.500000
2.5728 	INFO 	ITI_range: 3.000000
2.5728 	INFO 	flankerDur: 0.080000
2.5729 	INFO 	targetDur: 0.030000
2.5729 	INFO 	respDur: 1
2.5729 	INFO 	blankDur: 0.000000
2.5729 	INFO 	respKeys: ['3', '1']
2.5730 	INFO 	triggerKey: ['5', 't']
2.5730 	INFO 	isFullScreen: 1
2.5730 	INFO 	fixCrossSize: 10.000000
2.5730 	INFO 	rtDeadline: 1.400000
2.5731 	INFO 	rtTooSlowDur: 0.600000
2.5731 	INFO 	---END PARAMETERS---
2.5750 	INFO 	Loaded monitor calibration from ['2017_05_17 09:51']
2.5767 	WARNING 	User requested fullscreen with size [1024  768], but screen is actually [1366, 768]. Using actual size
3.1706 	EXP 	Created win = Window(allowGUI=False, allowStencil=False, autoLog=True, bitsMode=UNKNOWN, blendMode='avg', color=array([ 0.7,  0.7,  0.7]), colorSpace='rgb', fullscr=UNKNOWN, gamma=None, lms=UNKNOWN, monitor=<psychopy.monitors.calibTools.Monitor object at 0xa784376c>, name='win', pos=[0, 0], screen=0, size=array([1366,  768]), stereo=False, units='pix', useFBO=False, useRetina=False, viewOri=0.0, viewPos=None, viewScale=None, waitBlanking=True, winType='pyglet')
3.2852 	EXP 	Created fixation = TextStim(alignHoriz='center', alignVert='center', antialias=True, autoLog=True, bold=False, color='black', colorSpace='named', contrast=1.0, depth=0, flipHoriz=False, flipVert=False, font='', fontFiles=[], height=62, italic=False, name='fixation', opacity=1.0, ori=0.0, pos=array([ 0.,  0.]), rgb=array([ 0.,  0.,  0.]), text=u'+', units='pix', win=Window(...), wrapWidth=500)
3.2912 	EXP 	Created topMsg = TextStim(alignHoriz='center', alignVert='center', antialias=True, autoLog=True, bold=False, color='#000000', colorSpace='hex', contrast=1.0, depth=0, flipHoriz=False, flipVert=False, font='', fontFiles=[], height=20, italic=False, name='topMsg', opacity=1.0, ori=0.0, pos=array([   0.,  100.]), rgb=array([0, 0, 0]), text=u'aaa', units='pix', win=Window(...), wrapWidth=500)
3.2945 	EXP 	Created bottomMsg = TextStim(alignHoriz='center', alignVert='center', antialias=True, autoLog=True, bold=False, color='#000000', colorSpace='hex', contrast=1.0, depth=0, flipHoriz=False, flipVert=False, font='', fontFiles=[], height=20, italic=False, name='bottomMsg', opacity=1.0, ori=0.0, pos=array([   0., -100.]), rgb=array([0, 0, 0]), text=u'bbb', units='pix', win=Window(...), wrapWidth=500)
3.2993 	EXP 	Created target = TextStim(alignHoriz='center', alignVert='center', antialias=True, autoLog=True, bold=False, color='#000000', colorSpace='hex', contrast=1.0, depth=0, flipHoriz=False, flipVert=False, font=[], fontFiles=[], height=62, italic=False, name='target', opacity=1.0, ori=0.0, pos=array([ 0.,  0.]), rgb=array([0, 0, 0]), text=u'\u2190', units='pix', win=Window(...), wrapWidth=500)
3.3021 	EXP 	Created flanker1 = TextStim(alignHoriz='center', alignVert='center', antialias=True, autoLog=True, bold=False, color='#000000', colorSpace='hex', contrast=1.0, depth=0, flipHoriz=False, flipVert=False, font=[], fontFiles=[], height=62, italic=False, name='flanker1', opacity=1.0, ori=0.0, pos=array([-124.,    0.]), rgb=array([0, 0, 0]), text=u'\u2192', units='pix', win=Window(...), wrapWidth=500)
3.3046 	EXP 	Created flanker2 = TextStim(alignHoriz='center', alignVert='center', antialias=True, autoLog=True, bold=False, color='#000000', colorSpace='hex', contrast=1.0, depth=0, flipHoriz=False, flipVert=False, font=[], fontFiles=[], height=62, italic=False, name='flanker2', opacity=1.0, ori=0.0, pos=array([-62.,   0.]), rgb=array([0, 0, 0]), text=u'\u2192', units='pix', win=Window(...), wrapWidth=500)
3.3071 	EXP 	Created flanker3 = TextStim(alignHoriz='center', alignVert='center', antialias=True, autoLog=True, bold=False, color='#000000', colorSpace='hex', contrast=1.0, depth=0, flipHoriz=False, flipVert=False, font=[], fontFiles=[], height=62, italic=False, name='flanker3', opacity=1.0, ori=0.0, pos=array([ 62.,   0.]), rgb=array([0, 0, 0]), text=u'\u2192', units='pix', win=Window(...), wrapWidth=500)
3.3097 	EXP 	Created flanker4 = TextStim(alignHoriz='center', alignVert='center', antialias=True, autoLog=True, bold=False, color='#000000', colorSpace='hex', contrast=1.0, depth=0, flipHoriz=False, flipVert=False, font=[], fontFiles=[], height=62, italic=False, name='flanker4', opacity=1.0, ori=0.0, pos=array([ 124.,    0.]), rgb=array([0, 0, 0]), text=u'\u2192', units='pix', win=Window(...), wrapWidth=500)
3.3178 	EXP 	Created tooSlow = TextStim(alignHoriz='center', alignVert='center', antialias=True, autoLog=True, bold=False, color='red', colorSpace='named', contrast=1.0, depth=0, flipHoriz=False, flipVert=False, font='', fontFiles=[], height=30, italic=False, name='tooSlow', opacity=1.0, ori=0.0, pos=array([ 0.,  0.]), rgb=array([ 255.,    0.,    0.]), text=u'Too Slow!', units='pix', win=Window(...), wrapWidth=500)
3.3449 	EXP 	topMsg: text = 'Keep your eyes on the cross at the center of the screen when it appears. You will then see a series of arrows.'
3.3449 	EXP 	bottomMsg: text = 'Press any key to continue.'
3.3449 	EXP 	Display Instructions1
3.6061 	DATA 	Keypress: space
3.6242 	EXP 	topMsg: text = 'Using your right hand, press the left button whenever the middle arrow points left and right button when it points right.'
3.6242 	EXP 	bottomMsg: text = 'Press any key to continue.'
3.6242 	EXP 	Display Instructions2
3.7473 	DATA 	Keypress: space
3.7674 	EXP 	topMsg: text = "If you answer too slowly, you'll see a message reminding you to speed up. Please respond as accurately as possible without being slower than this deadline."
3.7674 	EXP 	bottomMsg: text = 'Press any key to continue.'
3.7674 	EXP 	Display Instructions3
3.8728 	DATA 	Keypress: space
3.8843 	EXP 	topMsg: text = ' '
3.8843 	EXP 	bottomMsg: text = "When you're ready to begin, press any key."
3.8843 	EXP 	Display Instructions4
3.9904 	DATA 	Keypress: space
3.9985 	EXP 	topMsg: text = 'Waiting for scanner to start...'
3.9985 	EXP 	bottomMsg: text = ''
3.9985 	EXP 	Display WaitingForScanner
4.5597 	DATA 	Keypress: 5
4.5619 	EXP 	Display Fixation
4.5620 	EXP 	---START EXPERIMENT---
4.5620 	EXP 	Start Block 0
4.5645 	EXP 	Display Fixation
9.3491 	EXP 	flanker1: text = u'\u2190'
9.3491 	EXP 	flanker2: text = u'\u2190'
9.3491 	EXP 	flanker3: text = u'\u2190'
9.3491 	EXP 	flanker4: text = u'\u2190'
9.3491 	EXP 	Display LeftFlankers
9.4313 	EXP 	target: text = u'\u2190'
9.4313 	EXP 	Display LeftTarget
9.4625 	EXP 	Display Blank
9.9685 	DATA 	Keypress: 3
10.8339 	EXP 	Display Fixation
16.4140 	EXP 	flanker1: text = u'\u2190'
16.4140 	EXP 	flanker2: text = u'\u2190'
16.4140 	EXP 	flanker3: text = u'\u2190'
16.4140 	EXP 	flanker4: text = u'\u2190'
16.4140 	EXP 	Display LeftFlankers
16.4968 	EXP 	target: text = u'\u2190'
16.4968 	EXP 	Display LeftTarget
16.5287 	EXP 	Display Blank
16.8832 	DATA 	Keypress: 3
17.9005 	EXP 	Display Fixation
23.2018 	EXP 	flanker1: text = u'\u2190'
23.2018 	EXP 	flanker2: text = u'\u2190'
23.2018 	EXP 	flanker3: text = u'\u2190'
23.2018 	EXP 	flanker4: text = u'\u2190'
23.2018 	EXP 	Display LeftFlankers
23.2864 	EXP 	target: text = u'\u2192'
23.2864 	EXP 	Display RightTarget
23.3172 	EXP 	Display Blank
23.5116 	DATA 	Keypress: 3
23.6759 	DATA 	Keypress: 1
24.6931 	EXP 	topMsg: text = 'Take a break!'
24.6931 	EXP 	Display BreakTime
26.5310 	DATA 	Keypress: space
27.9207 	DATA 	Keypress: 3
28.1413 	DATA 	Keypress: 2
28.3061 	DATA 	Keypress: 1
34.6944 	EXP 	Display Blank
34.6945 	EXP 	Start Block 1
34.7112 	EXP 	Display Fixation
39.2420 	EXP 	flanker1: text = u'\u2192'
39.2420 	EXP 	flanker2: text = u'\u2192'
39.2420 	EXP 	flanker3: text = u'\u2192'
39.2420 	EXP 	flanker4: text = u'\u2192'
39.2420 	EXP 	Display RightFlankers
39.3247 	EXP 	target: text = u'\u2192'
39.3247 	EXP 	Display RightTarget
39.3564 	EXP 	Display Blank
39.5498 	DATA 	Keypress: 3
40.7277 	EXP 	Display Fixation
46.0014 	DATA 	Keypress: q
46.0014 	DATA 	Keypress: 5
46.0015 	DATA 	Keypress: q
46.0016 	DATA 	Keypress: escape
46.0016 	DATA 	Keypress: q
46.0017 	DATA 	Keypress: escape
46.0018 	DATA 	Keypress: q
46.0018 	DATA 	Keypress: escape
46.0032 	EXP 	flanker1: text = u'\u2190'
46.0032 	EXP 	flanker2: text = u'\u2190'
46.0032 	EXP 	flanker3: text = u'\u2190'
46.0032 	EXP 	flanker4: text = u'\u2190'
46.0032 	EXP 	Display LeftFlankers
46.0875 	EXP 	target: text = u'\u2190'
46.0875 	EXP 	Display LeftTarget
46.1184 	EXP 	Display Blank
46.8463 	DATA 	Keypress: q
47.0833 	DATA 	Keypress: escape
47.4908 	EXP 	Display TooSlow
47.5371 	DATA 	Keypress: 5
48.0276 	DATA 	Keypress: escape
48.0909 	EXP 	win: mouseVisible = True
