1.1689 	WARNING 	pyo audio lib was requested but not loaded: No module named pyo
5.9652 	INFO 	---START PARAMETERS---
5.9652 	INFO 	subject: 1
5.9652 	INFO 	session: 1
5.9653 	INFO 	date: May_23_1438
5.9653 	INFO 	isPractice: 0
5.9654 	INFO 	blockLengths: [10, 10]
5.9654 	INFO 	randomizeBlocks: 1
5.9654 	INFO 	ITI_min: 2.500000
5.9654 	INFO 	ITI_range: 1.000000
5.9654 	INFO 	flankerDur: 0.080000
5.9655 	INFO 	targetDur: 0.030000
5.9655 	INFO 	respDur: 1
5.9655 	INFO 	blankDur: 0.000000
5.9655 	INFO 	IBI: 15.000000
5.9655 	INFO 	respKeys: ['3', '1']
5.9655 	INFO 	triggerKey: ['5', 't']
5.9656 	INFO 	isFullScreen: 1
5.9656 	INFO 	fixCrossSize: 10.000000
5.9656 	INFO 	rtDeadline: 1.400000
5.9656 	INFO 	rtTooSlowDur: 0.600000
5.9656 	INFO 	---END PARAMETERS---
5.9664 	INFO 	Loaded monitor calibration from ['2017_05_17 09:51']
5.9682 	WARNING 	User requested fullscreen with size [1024  768], but screen is actually [1366, 768]. Using actual size
6.6357 	EXP 	Created win = Window(allowGUI=False, allowStencil=False, autoLog=True, bitsMode=UNKNOWN, blendMode='avg', color=array([ 0.7,  0.7,  0.7]), colorSpace='rgb', fullscr=UNKNOWN, gamma=None, lms=UNKNOWN, monitor=<psychopy.monitors.calibTools.Monitor object at 0xa77dd7cc>, name='win', pos=[0, 0], screen=0, size=array([1366,  768]), stereo=False, units='pix', useFBO=False, useRetina=False, viewOri=0.0, viewPos=None, viewScale=None, waitBlanking=True, winType='pyglet')
6.7473 	EXP 	Created fixation = TextStim(alignHoriz='center', alignVert='center', antialias=True, autoLog=True, bold=False, color='black', colorSpace='named', contrast=1.0, depth=0, flipHoriz=False, flipVert=False, font='', fontFiles=[], height=62, italic=False, name='fixation', opacity=1.0, ori=0.0, pos=array([ 0.,  0.]), rgb=array([ 0.,  0.,  0.]), text=u'+', units='pix', win=Window(...), wrapWidth=500)
6.7530 	EXP 	Created topMsg = TextStim(alignHoriz='center', alignVert='center', antialias=True, autoLog=True, bold=False, color='#000000', colorSpace='hex', contrast=1.0, depth=0, flipHoriz=False, flipVert=False, font='', fontFiles=[], height=20, italic=False, name='topMsg', opacity=1.0, ori=0.0, pos=array([   0.,  100.]), rgb=array([0, 0, 0]), text=u'aaa', units='pix', win=Window(...), wrapWidth=500)
6.7562 	EXP 	Created bottomMsg = TextStim(alignHoriz='center', alignVert='center', antialias=True, autoLog=True, bold=False, color='#000000', colorSpace='hex', contrast=1.0, depth=0, flipHoriz=False, flipVert=False, font='', fontFiles=[], height=20, italic=False, name='bottomMsg', opacity=1.0, ori=0.0, pos=array([   0., -100.]), rgb=array([0, 0, 0]), text=u'bbb', units='pix', win=Window(...), wrapWidth=500)
6.7609 	EXP 	Created target = TextStim(alignHoriz='center', alignVert='center', antialias=True, autoLog=True, bold=False, color='#000000', colorSpace='hex', contrast=1.0, depth=0, flipHoriz=False, flipVert=False, font=[], fontFiles=[], height=62, italic=False, name='target', opacity=1.0, ori=0.0, pos=array([ 0.,  0.]), rgb=array([0, 0, 0]), text=u'\u2190', units='pix', win=Window(...), wrapWidth=500)
6.7637 	EXP 	Created flanker1 = TextStim(alignHoriz='center', alignVert='center', antialias=True, autoLog=True, bold=False, color='#000000', colorSpace='hex', contrast=1.0, depth=0, flipHoriz=False, flipVert=False, font=[], fontFiles=[], height=62, italic=False, name='flanker1', opacity=1.0, ori=0.0, pos=array([-124.,    0.]), rgb=array([0, 0, 0]), text=u'\u2192', units='pix', win=Window(...), wrapWidth=500)
6.7662 	EXP 	Created flanker2 = TextStim(alignHoriz='center', alignVert='center', antialias=True, autoLog=True, bold=False, color='#000000', colorSpace='hex', contrast=1.0, depth=0, flipHoriz=False, flipVert=False, font=[], fontFiles=[], height=62, italic=False, name='flanker2', opacity=1.0, ori=0.0, pos=array([-62.,   0.]), rgb=array([0, 0, 0]), text=u'\u2192', units='pix', win=Window(...), wrapWidth=500)
6.7687 	EXP 	Created flanker3 = TextStim(alignHoriz='center', alignVert='center', antialias=True, autoLog=True, bold=False, color='#000000', colorSpace='hex', contrast=1.0, depth=0, flipHoriz=False, flipVert=False, font=[], fontFiles=[], height=62, italic=False, name='flanker3', opacity=1.0, ori=0.0, pos=array([ 62.,   0.]), rgb=array([0, 0, 0]), text=u'\u2192', units='pix', win=Window(...), wrapWidth=500)
6.7714 	EXP 	Created flanker4 = TextStim(alignHoriz='center', alignVert='center', antialias=True, autoLog=True, bold=False, color='#000000', colorSpace='hex', contrast=1.0, depth=0, flipHoriz=False, flipVert=False, font=[], fontFiles=[], height=62, italic=False, name='flanker4', opacity=1.0, ori=0.0, pos=array([ 124.,    0.]), rgb=array([0, 0, 0]), text=u'\u2192', units='pix', win=Window(...), wrapWidth=500)
6.7795 	EXP 	Created tooSlow = TextStim(alignHoriz='center', alignVert='center', antialias=True, autoLog=True, bold=False, color='red', colorSpace='named', contrast=1.0, depth=0, flipHoriz=False, flipVert=False, font='', fontFiles=[], height=30, italic=False, name='tooSlow', opacity=1.0, ori=0.0, pos=array([ 0.,  0.]), rgb=array([ 255.,    0.,    0.]), text=u'Too Slow!', units='pix', win=Window(...), wrapWidth=500)
6.8060 	EXP 	topMsg: text = 'Keep your eyes on the cross at the center of the screen when it appears. You will then see a series of arrows.'
6.8060 	EXP 	bottomMsg: text = 'Press any key to continue.'
6.8060 	EXP 	Display Instructions1
7.6770 	DATA 	Keypress: space
7.6959 	EXP 	topMsg: text = 'Using your right hand, press the left button whenever the middle arrow points left and right button when it points right.'
7.6959 	EXP 	bottomMsg: text = 'Press any key to continue.'
7.6959 	EXP 	Display Instructions2
7.8181 	DATA 	Keypress: space
7.8380 	EXP 	topMsg: text = "If you answer too slowly, you'll see a message reminding you to speed up. Please respond as accurately as possible without being slower than this deadline."
7.8380 	EXP 	bottomMsg: text = 'Press any key to continue.'
7.8380 	EXP 	Display Instructions3
7.9595 	DATA 	Keypress: space
7.9714 	EXP 	topMsg: text = ' '
7.9714 	EXP 	bottomMsg: text = "When you're ready to begin, press any key."
7.9714 	EXP 	Display Instructions4
8.0850 	DATA 	Keypress: space
8.0930 	EXP 	topMsg: text = 'Waiting for scanner to start...'
8.0930 	EXP 	bottomMsg: text = ''
8.0930 	EXP 	Display WaitingForScanner
9.5789 	DATA 	Keypress: 5
9.5805 	EXP 	Display Fixation
24.5806 	EXP 	---START EXPERIMENT---
24.5807 	EXP 	Start Block 0
24.5825 	EXP 	Display Fixation
28.0013 	EXP 	flanker1: text = u'\u2192'
28.0013 	EXP 	flanker2: text = u'\u2192'
28.0013 	EXP 	flanker3: text = u'\u2192'
28.0013 	EXP 	flanker4: text = u'\u2192'
28.0013 	EXP 	Display RightFlankers
28.0835 	EXP 	target: text = u'\u2190'
28.0835 	EXP 	Display LeftTarget
28.1148 	EXP 	Display Blank
29.4863 	EXP 	Display TooSlow
30.0875 	EXP 	Display Fixation
30.7929 	EXP 	flanker1: text = u'\u2190'
30.7929 	EXP 	flanker2: text = u'\u2190'
30.7929 	EXP 	flanker3: text = u'\u2190'
30.7929 	EXP 	flanker4: text = u'\u2190'
30.7929 	EXP 	Display LeftFlankers
30.8772 	EXP 	target: text = u'\u2192'
30.8772 	EXP 	Display RightTarget
30.9087 	EXP 	Display Blank
32.2800 	EXP 	Display TooSlow
32.8815 	EXP 	Display Fixation
33.3231 	EXP 	flanker1: text = u'\u2190'
33.3231 	EXP 	flanker2: text = u'\u2190'
33.3231 	EXP 	flanker3: text = u'\u2190'
33.3231 	EXP 	flanker4: text = u'\u2190'
33.3231 	EXP 	Display LeftFlankers
33.4051 	EXP 	target: text = u'\u2192'
33.4051 	EXP 	Display RightTarget
33.4362 	EXP 	Display Blank
34.2295 	DATA 	Keypress: lctrl
34.3335 	DATA 	Keypress: c
34.8076 	EXP 	Display TooSlow
35.2457 	DATA 	Keypress: lctrl
35.3817 	DATA 	Keypress: c
35.4093 	EXP 	Display Fixation
35.8567 	EXP 	flanker1: text = u'\u2192'
35.8567 	EXP 	flanker2: text = u'\u2192'
35.8567 	EXP 	flanker3: text = u'\u2192'
35.8567 	EXP 	flanker4: text = u'\u2192'
35.8567 	EXP 	Display RightFlankers
35.9388 	EXP 	target: text = u'\u2192'
35.9388 	EXP 	Display RightTarget
35.9697 	EXP 	Display Blank
36.5082 	DATA 	Keypress: lctrl
36.5084 	DATA 	Keypress: c
37.1033 	DATA 	Keypress: escape
37.3411 	EXP 	Display TooSlow
37.7390 	DATA 	Keypress: q
37.8646 	DATA 	Keypress: escape
37.9412 	EXP 	win: mouseVisible = True
