1.2469 	WARNING 	pyo audio lib was requested but not loaded: No module named pyo
4.0357 	INFO 	---START PARAMETERS---
4.0357 	INFO 	subject: 1
4.0357 	INFO 	session: 1
4.0358 	INFO 	date: Oct_19_2336
4.0358 	INFO 	isPractice: 1
4.0358 	INFO 	blockLengths: [8]
4.0358 	INFO 	randomizeBlocks: 1
4.0359 	INFO 	ITI_min: 4.500000
4.0359 	INFO 	ITI_range: 3.000000
4.0359 	INFO 	flankerDur: 0.080000
4.0359 	INFO 	targetDur: 0.030000
4.0360 	INFO 	respDur: 1
4.0360 	INFO 	blankDur: 0.000000
4.0360 	INFO 	respKeys: ['3', '1']
4.0361 	INFO 	triggerKey: ['5', 't']
4.0361 	INFO 	isFullScreen: 1
4.0361 	INFO 	fixCrossSize: 10.000000
4.0362 	INFO 	rtDeadline: 1.400000
4.0362 	INFO 	rtTooSlowDur: 0.600000
4.0362 	INFO 	---END PARAMETERS---
4.0377 	INFO 	Loaded monitor calibration from ['2017_05_17 09:51']
4.0407 	WARNING 	User requested fullscreen with size [1024  768], but screen is actually [1366, 768]. Using actual size
4.6359 	EXP 	Created win = Window(allowGUI=False, allowStencil=False, autoLog=True, bitsMode=UNKNOWN, blendMode='avg', color=array([ 0.7,  0.7,  0.7]), colorSpace='rgb', fullscr=UNKNOWN, gamma=None, lms=UNKNOWN, monitor=<psychopy.monitors.calibTools.Monitor object at 0xa77ae54c>, name='win', pos=[0, 0], screen=0, size=array([1366,  768]), stereo=False, units='pix', useFBO=False, useRetina=False, viewOri=0.0, viewPos=None, viewScale=None, waitBlanking=True, winType='pyglet')
4.7503 	EXP 	Created fixation = TextStim(alignHoriz='center', alignVert='center', antialias=True, autoLog=True, bold=False, color='black', colorSpace='named', contrast=1.0, depth=0, flipHoriz=False, flipVert=False, font='', fontFiles=[], height=62, italic=False, name='fixation', opacity=1.0, ori=0.0, pos=array([ 0.,  0.]), rgb=array([ 0.,  0.,  0.]), text=u'+', units='pix', win=Window(...), wrapWidth=500)
4.7558 	EXP 	Created topMsg = TextStim(alignHoriz='center', alignVert='center', antialias=True, autoLog=True, bold=False, color='#000000', colorSpace='hex', contrast=1.0, depth=0, flipHoriz=False, flipVert=False, font='', fontFiles=[], height=20, italic=False, name='topMsg', opacity=1.0, ori=0.0, pos=array([   0.,  100.]), rgb=array([0, 0, 0]), text=u'aaa', units='pix', win=Window(...), wrapWidth=500)
4.7591 	EXP 	Created bottomMsg = TextStim(alignHoriz='center', alignVert='center', antialias=True, autoLog=True, bold=False, color='#000000', colorSpace='hex', contrast=1.0, depth=0, flipHoriz=False, flipVert=False, font='', fontFiles=[], height=20, italic=False, name='bottomMsg', opacity=1.0, ori=0.0, pos=array([   0., -100.]), rgb=array([0, 0, 0]), text=u'bbb', units='pix', win=Window(...), wrapWidth=500)
4.7639 	EXP 	Created target = TextStim(alignHoriz='center', alignVert='center', antialias=True, autoLog=True, bold=False, color='#000000', colorSpace='hex', contrast=1.0, depth=0, flipHoriz=False, flipVert=False, font=[], fontFiles=[], height=62, italic=False, name='target', opacity=1.0, ori=0.0, pos=array([ 0.,  0.]), rgb=array([0, 0, 0]), text=u'\u2190', units='pix', win=Window(...), wrapWidth=500)
4.7668 	EXP 	Created flanker1 = TextStim(alignHoriz='center', alignVert='center', antialias=True, autoLog=True, bold=False, color='#000000', colorSpace='hex', contrast=1.0, depth=0, flipHoriz=False, flipVert=False, font=[], fontFiles=[], height=62, italic=False, name='flanker1', opacity=1.0, ori=0.0, pos=array([-124.,    0.]), rgb=array([0, 0, 0]), text=u'\u2192', units='pix', win=Window(...), wrapWidth=500)
4.7694 	EXP 	Created flanker2 = TextStim(alignHoriz='center', alignVert='center', antialias=True, autoLog=True, bold=False, color='#000000', colorSpace='hex', contrast=1.0, depth=0, flipHoriz=False, flipVert=False, font=[], fontFiles=[], height=62, italic=False, name='flanker2', opacity=1.0, ori=0.0, pos=array([-62.,   0.]), rgb=array([0, 0, 0]), text=u'\u2192', units='pix', win=Window(...), wrapWidth=500)
4.7719 	EXP 	Created flanker3 = TextStim(alignHoriz='center', alignVert='center', antialias=True, autoLog=True, bold=False, color='#000000', colorSpace='hex', contrast=1.0, depth=0, flipHoriz=False, flipVert=False, font=[], fontFiles=[], height=62, italic=False, name='flanker3', opacity=1.0, ori=0.0, pos=array([ 62.,   0.]), rgb=array([0, 0, 0]), text=u'\u2192', units='pix', win=Window(...), wrapWidth=500)
4.7746 	EXP 	Created flanker4 = TextStim(alignHoriz='center', alignVert='center', antialias=True, autoLog=True, bold=False, color='#000000', colorSpace='hex', contrast=1.0, depth=0, flipHoriz=False, flipVert=False, font=[], fontFiles=[], height=62, italic=False, name='flanker4', opacity=1.0, ori=0.0, pos=array([ 124.,    0.]), rgb=array([0, 0, 0]), text=u'\u2192', units='pix', win=Window(...), wrapWidth=500)
4.7827 	EXP 	Created tooSlow = TextStim(alignHoriz='center', alignVert='center', antialias=True, autoLog=True, bold=False, color='red', colorSpace='named', contrast=1.0, depth=0, flipHoriz=False, flipVert=False, font='', fontFiles=[], height=30, italic=False, name='tooSlow', opacity=1.0, ori=0.0, pos=array([ 0.,  0.]), rgb=array([ 255.,    0.,    0.]), text=u'Too Slow!', units='pix', win=Window(...), wrapWidth=500)
4.8112 	EXP 	topMsg: text = 'Keep your eyes on the cross at the center of the screen when it appears. You will then see a series of arrows.'
4.8112 	EXP 	bottomMsg: text = 'Press any key to continue.'
4.8112 	EXP 	Display Instructions1
6.2045 	DATA 	Keypress: space
6.2234 	EXP 	topMsg: text = 'Using your right hand, press the left button whenever the middle arrow points left and right button when it points right.'
6.2234 	EXP 	bottomMsg: text = 'Press any key to continue.'
6.2234 	EXP 	Display Instructions2
6.6564 	DATA 	Keypress: space
6.6777 	EXP 	topMsg: text = "If you answer too slowly, you'll see a message reminding you to speed up. Please respond as accurately as possible without being slower than this deadline."
6.6777 	EXP 	bottomMsg: text = 'Press any key to continue.'
6.6777 	EXP 	Display Instructions3
7.5591 	DATA 	Keypress: a
7.5709 	EXP 	topMsg: text = ' '
7.5709 	EXP 	bottomMsg: text = "When you're ready to begin, press any key."
7.5709 	EXP 	Display Instructions4
8.3304 	DATA 	Keypress: a
8.3384 	EXP 	topMsg: text = 'Waiting for scanner to start...'
8.3384 	EXP 	bottomMsg: text = ''
8.3384 	EXP 	Display WaitingForScanner
9.8442 	DATA 	Keypress: 5
9.8468 	EXP 	Display Fixation
9.8469 	EXP 	---START EXPERIMENT---
9.8469 	EXP 	Start Block 0
9.8552 	EXP 	Display Fixation
16.5705 	DATA 	Keypress: space
16.5706 	DATA 	Keypress: a
16.5707 	DATA 	Keypress: a
16.5707 	DATA 	Keypress: a
16.5721 	EXP 	flanker1: text = u'\u2190'
16.5721 	EXP 	flanker2: text = u'\u2190'
16.5721 	EXP 	flanker3: text = u'\u2190'
16.5721 	EXP 	flanker4: text = u'\u2190'
16.5721 	EXP 	Display LeftFlankers
16.6554 	EXP 	target: text = u'\u2190'
16.6554 	EXP 	Display LeftTarget
16.6886 	EXP 	Display Blank
17.7637 	DATA 	Keypress: q
18.0614 	EXP 	Display TooSlow
18.6615 	EXP 	win: mouseVisible = True
